#
# There is insufficient memory for the Java Runtime Environment to continue.
# Native memory allocation (malloc) failed to allocate 32744 bytes. Error detail: Chunk::new
# Possible reasons:
#   The system is out of physical RAM or swap space
#   This process is running with CompressedOops enabled, and the Java Heap may be blocking the growth of the native heap
# Possible solutions:
#   Reduce memory load on the system
#   Increase physical memory or swap space
#   Check if swap backing store is full
#   Decrease Java heap size (-Xmx/-Xms)
#   Decrease number of Java threads
#   Decrease Java thread stack sizes (-Xss)
#   Set larger code cache with -XX:ReservedCodeCacheSize=
#   JVM is running with Unscaled Compressed Oops mode in which the Java heap is
#     placed in the first 4GB address space. The Java Heap base address is the
#     maximum limit for the native heap growth. Please use -XX:HeapBaseMinAddress
#     to set the Java Heap base and to place the Java Heap above 4GB virtual address.
# This output file may be truncated or incomplete.
#
#  Out of Memory Error (arena.cpp:168), pid=53432, tid=60604
#
# JRE version: OpenJDK Runtime Environment Temurin-21.0.8+9 (21.0.8+9) (build 21.0.8+9-LTS)
# Java VM: OpenJDK 64-Bit Server VM Temurin-21.0.8+9 (21.0.8+9-LTS, mixed mode, sharing, tiered, compressed oops, compressed class ptrs, parallel gc, windows-amd64)
# No core dump will be written. Minidumps are not enabled by default on client versions of Windows
#

---------------  S U M M A R Y ------------

Command Line: --add-modules=ALL-SYSTEM --add-opens=java.base/java.util=ALL-UNNAMED --add-opens=java.base/java.lang=ALL-UNNAMED --add-opens=java.base/sun.nio.fs=ALL-UNNAMED -Declipse.application=org.eclipse.jdt.ls.core.id1 -Dosgi.bundles.defaultStartLevel=4 -Declipse.product=org.eclipse.jdt.ls.core.product -Djava.import.generatesMetadataFilesAtProjectRoot=false -DDetectVMInstallationsJob.disabled=true -Dfile.encoding=utf8 -XX:+UseParallelGC -XX:GCTimeRatio=4 -XX:AdaptiveSizePolicyWeight=90 -Dsun.zip.disableMemoryMapping=true -Xmx2G -Xms100m -Xlog:disable -javaagent:c:\Users\gerar\.vscode\extensions\redhat.java-1.45.0-win32-x64\lombok\lombok-1.18.39-4050.jar c:\Users\gerar\.vscode\extensions\redhat.java-1.45.0-win32-x64\server\plugins\org.eclipse.equinox.launcher_1.7.0.v20250519-0528.jar -configuration c:\Users\gerar\AppData\Roaming\Code\User\globalStorage\redhat.java\1.45.0\config_ss_win -data c:\Users\gerar\AppData\Roaming\Code\User\workspaceStorage\43662f2c530878c830368f2210583480\redhat.java\ss_ws --pipe=\\.\pipe\lsp-3078af5738076e92ebc3ddddd58116c0-sock

Host: AMD Ryzen 3 7320U with Radeon Graphics         , 8 cores, 5G,  Windows 11 , 64 bit Build 22621 (10.0.22621.5415)
Time: Thu Sep 25 13:14:30 2025 Hora estándar central (México) elapsed time: 13.370583 seconds (0d 0h 0m 13s)

---------------  T H R E A D  ---------------

Current thread (0x00000154f31b4230):  JavaThread "C1 CompilerThread0" daemon [_thread_in_native, id=60604, stack(0x0000001000200000,0x0000001000300000) (1024K)]


Current CompileTask:
C1:13370 3784       3       java.net.URI$Parser::parseHierarchical (178 bytes)

Stack: [0x0000001000200000,0x0000001000300000]
Native frames: (J=compiled Java code, j=interpreted, Vv=VM code, C=native code)
V  [jvm.dll+0x6d2449]
V  [jvm.dll+0x8ae341]
V  [jvm.dll+0x8b08be]
V  [jvm.dll+0x8b0fa3]
V  [jvm.dll+0x280c96]
V  [jvm.dll+0xc581d]
V  [jvm.dll+0xc5d53]
V  [jvm.dll+0x18a380]
V  [jvm.dll+0x188ff0]
V  [jvm.dll+0x1837b2]
V  [jvm.dll+0x17dc0e]
V  [jvm.dll+0x16bd80]
V  [jvm.dll+0x154b67]
V  [jvm.dll+0x154438]
V  [jvm.dll+0x154684]
V  [jvm.dll+0x153ab6]
V  [jvm.dll+0x15588d]
V  [jvm.dll+0x257d4d]
V  [jvm.dll+0x2562ea]
V  [jvm.dll+0x3f2d16]
V  [jvm.dll+0x857e6b]
V  [jvm.dll+0x6d0b0d]
C  [ucrtbase.dll+0x29333]
C  [KERNEL32.DLL+0x1259d]
C  [ntdll.dll+0x5af78]


---------------  P R O C E S S  ---------------

Threads class SMR info:
_java_thread_list=0x00000154fca1c0c0, length=39, elements={
0x00000154f320e3a0, 0x00000154f317d0a0, 0x00000154f3180800, 0x00000154f3183f10,
0x00000154f3184e20, 0x00000154f3187fa0, 0x00000154f3190420, 0x00000154f31b32e0,
0x00000154f31b4230, 0x00000154fc4e5ca0, 0x00000154fc75f0f0, 0x00000154fcc98820,
0x00000154fcbc6730, 0x00000154fcbc6d90, 0x00000154fcb55680, 0x00000154fcfb3800,
0x00000154fc47f6f0, 0x00000154fc640cf0, 0x00000154fcc39510, 0x00000154fcc37ad0,
0x00000154fcc39ba0, 0x00000154fcc38e80, 0x00000154fcc3a230, 0x00000154fcc36db0,
0x00000154fcc37440, 0x00000154fcc38160, 0x00000154fcc387f0, 0x00000154fd73fb00,
0x00000154fd741540, 0x00000154fd740820, 0x00000154fd73a5b0, 0x00000154fd740190,
0x00000154fd73c680, 0x00000154fd740eb0, 0x00000154fd73cd10, 0x00000154fd741bd0,
0x00000154fd73ac40, 0x00000154fd73b2d0, 0x00000154fd73b960
}

Java Threads: ( => current thread )
  0x00000154f320e3a0 JavaThread "main"                              [_thread_blocked, id=52312, stack(0x000000107f700000,0x000000107f800000) (1024K)]
  0x00000154f317d0a0 JavaThread "Reference Handler"          daemon [_thread_blocked, id=59900, stack(0x000000107fb00000,0x000000107fc00000) (1024K)]
  0x00000154f3180800 JavaThread "Finalizer"                  daemon [_thread_blocked, id=52060, stack(0x000000107fc00000,0x000000107fd00000) (1024K)]
  0x00000154f3183f10 JavaThread "Signal Dispatcher"          daemon [_thread_blocked, id=58020, stack(0x000000107fd00000,0x000000107fe00000) (1024K)]
  0x00000154f3184e20 JavaThread "Attach Listener"            daemon [_thread_blocked, id=60464, stack(0x000000107fe00000,0x000000107ff00000) (1024K)]
  0x00000154f3187fa0 JavaThread "Service Thread"             daemon [_thread_blocked, id=60512, stack(0x000000107ff00000,0x0000001080000000) (1024K)]
  0x00000154f3190420 JavaThread "Monitor Deflation Thread"   daemon [_thread_blocked, id=60004, stack(0x0000001000000000,0x0000001000100000) (1024K)]
  0x00000154f31b32e0 JavaThread "C2 CompilerThread0"         daemon [_thread_in_native, id=47352, stack(0x0000001000100000,0x0000001000200000) (1024K)]
=>0x00000154f31b4230 JavaThread "C1 CompilerThread0"         daemon [_thread_in_native, id=60604, stack(0x0000001000200000,0x0000001000300000) (1024K)]
  0x00000154fc4e5ca0 JavaThread "Common-Cleaner"             daemon [_thread_blocked, id=60656, stack(0x0000001000300000,0x0000001000400000) (1024K)]
  0x00000154fc75f0f0 JavaThread "Notification Thread"        daemon [_thread_blocked, id=61428, stack(0x0000001000400000,0x0000001000500000) (1024K)]
  0x00000154fcc98820 JavaThread "Active Thread: Equinox Container: 0b434f87-e47d-4acc-a6bd-bee2f3048814"        [_thread_blocked, id=61412, stack(0x0000001000b00000,0x0000001000c00000) (1024K)]
  0x00000154fcbc6730 JavaThread "Framework Event Dispatcher: Equinox Container: 0b434f87-e47d-4acc-a6bd-bee2f3048814" daemon [_thread_blocked, id=61396, stack(0x0000001000c00000,0x0000001000d00000) (1024K)]
  0x00000154fcbc6d90 JavaThread "Start Level: Equinox Container: 0b434f87-e47d-4acc-a6bd-bee2f3048814" daemon [_thread_blocked, id=51520, stack(0x0000001000d00000,0x0000001000e00000) (1024K)]
  0x00000154fcb55680 JavaThread "SCR Component Actor"        daemon [_thread_blocked, id=61344, stack(0x0000001000f00000,0x0000001001000000) (1024K)]
  0x00000154fcfb3800 JavaThread "Worker-JM"                         [_thread_blocked, id=60948, stack(0x0000001001100000,0x0000001001200000) (1024K)]
  0x00000154fc47f6f0 JavaThread "JNA Cleaner"                daemon [_thread_blocked, id=59496, stack(0x0000001001200000,0x0000001001300000) (1024K)]
  0x00000154fc640cf0 JavaThread "Worker-0"                          [_thread_blocked, id=61152, stack(0x0000001001300000,0x0000001001400000) (1024K)]
  0x00000154fcc39510 JavaThread "Worker-1"                          [_thread_blocked, id=58952, stack(0x0000001001400000,0x0000001001500000) (1024K)]
  0x00000154fcc37ad0 JavaThread "Thread-2"                   daemon [_thread_in_native, id=43576, stack(0x0000001001000000,0x0000001001100000) (1024K)]
  0x00000154fcc39ba0 JavaThread "Thread-3"                   daemon [_thread_in_native, id=58652, stack(0x0000001001500000,0x0000001001600000) (1024K)]
  0x00000154fcc38e80 JavaThread "Thread-4"                   daemon [_thread_in_native, id=60488, stack(0x0000001001600000,0x0000001001700000) (1024K)]
  0x00000154fcc3a230 JavaThread "Thread-5"                   daemon [_thread_in_native, id=51080, stack(0x0000001001700000,0x0000001001800000) (1024K)]
  0x00000154fcc36db0 JavaThread "Thread-6"                   daemon [_thread_in_native, id=60888, stack(0x0000001001800000,0x0000001001900000) (1024K)]
  0x00000154fcc37440 JavaThread "Thread-7"                   daemon [_thread_in_native, id=60792, stack(0x0000001001900000,0x0000001001a00000) (1024K)]
  0x00000154fcc38160 JavaThread "Thread-8"                   daemon [_thread_in_native, id=61148, stack(0x0000001001a00000,0x0000001001b00000) (1024K)]
  0x00000154fcc387f0 JavaThread "Thread-9"                   daemon [_thread_in_native, id=60500, stack(0x0000001001b00000,0x0000001001c00000) (1024K)]
  0x00000154fd73fb00 JavaThread "Thread-10"                  daemon [_thread_in_native, id=56040, stack(0x0000001001c00000,0x0000001001d00000) (1024K)]
  0x00000154fd741540 JavaThread "pool-2-thread-1"                   [_thread_blocked, id=61036, stack(0x0000001001d00000,0x0000001001e00000) (1024K)]
  0x00000154fd740820 JavaThread "Worker-2"                          [_thread_blocked, id=60832, stack(0x0000001001e00000,0x0000001001f00000) (1024K)]
  0x00000154fd73a5b0 JavaThread "WorkspaceEventsHandler"            [_thread_blocked, id=57380, stack(0x0000001001f00000,0x0000001002000000) (1024K)]
  0x00000154fd740190 JavaThread "pool-1-thread-1"                   [_thread_in_vm, id=61232, stack(0x0000001002000000,0x0000001002100000) (1024K)]
  0x00000154fd73c680 JavaThread "ForkJoinPool.commonPool-worker-1" daemon [_thread_in_vm, id=61044, stack(0x0000001002100000,0x0000001002200000) (1024K)]
  0x00000154fd740eb0 JavaThread "ForkJoinPool.commonPool-worker-2" daemon [_thread_in_vm, id=61116, stack(0x0000001002200000,0x0000001002300000) (1024K)]
  0x00000154fd73cd10 JavaThread "ForkJoinPool.commonPool-worker-3" daemon [_thread_in_vm, id=60976, stack(0x0000001002300000,0x0000001002400000) (1024K)]
  0x00000154fd741bd0 JavaThread "ForkJoinPool.commonPool-worker-4" daemon [_thread_in_vm, id=60992, stack(0x0000001002400000,0x0000001002500000) (1024K)]
  0x00000154fd73ac40 JavaThread "ForkJoinPool.commonPool-worker-5" daemon [_thread_in_vm, id=60456, stack(0x0000001002500000,0x0000001002600000) (1024K)]
  0x00000154fd73b2d0 JavaThread "ForkJoinPool.commonPool-worker-6" daemon [_thread_in_vm, id=61172, stack(0x0000001002600000,0x0000001002700000) (1024K)]
  0x00000154fd73b960 JavaThread "ForkJoinPool.commonPool-worker-7" daemon [_thread_in_vm, id=60480, stack(0x0000001002700000,0x0000001002800000) (1024K)]
Total: 39

Other Threads:
  0x00000154f3162bb0 VMThread "VM Thread"                           [id=55556, stack(0x000000107fa00000,0x000000107fb00000) (1024K)]
  0x00000154f309ca00 WatcherThread "VM Periodic Task Thread"        [id=58164, stack(0x000000107f900000,0x000000107fa00000) (1024K)]
  0x00000154f322c990 WorkerThread "GC Thread#0"                     [id=60428, stack(0x000000107f800000,0x000000107f900000) (1024K)]
  0x00000154fcc5dc20 WorkerThread "GC Thread#1"                     [id=57612, stack(0x0000001000500000,0x0000001000600000) (1024K)]
  0x00000154fcc5e3d0 WorkerThread "GC Thread#2"                     [id=60636, stack(0x0000001000600000,0x0000001000700000) (1024K)]
  0x00000154fce28af0 WorkerThread "GC Thread#3"                     [id=60532, stack(0x0000001000700000,0x0000001000800000) (1024K)]
  0x00000154fcc65b40 WorkerThread "GC Thread#4"                     [id=60804, stack(0x0000001000800000,0x0000001000900000) (1024K)]
  0x00000154fcc65ee0 WorkerThread "GC Thread#5"                     [id=60828, stack(0x0000001000900000,0x0000001000a00000) (1024K)]
  0x00000154fcc66280 WorkerThread "GC Thread#6"                     [id=60660, stack(0x0000001000a00000,0x0000001000b00000) (1024K)]
  0x00000154fcb552e0 WorkerThread "GC Thread#7"                     [id=61400, stack(0x0000001000e00000,0x0000001000f00000) (1024K)]
Total: 10

Threads with active compile tasks:
C2 CompilerThread0  13426 3762       4       java.lang.invoke.MemberName::getMethodOrFieldType (72 bytes)
C1 CompilerThread0  13427 3784       3       java.net.URI$Parser::parseHierarchical (178 bytes)
Total: 2

VM state: not at safepoint (normal execution)

VM Mutex/Monitor currently owned by a thread: None

Heap address: 0x0000000080000000, size: 2048 MB, Compressed Oops mode: 32-bit

CDS archive(s) mapped at: [0x000001548f000000-0x000001548fba0000-0x000001548fba0000), size 12189696, SharedBaseAddress: 0x000001548f000000, ArchiveRelocationMode: 1.
Compressed class space mapped at: 0x0000015490000000-0x00000154d0000000, reserved size: 1073741824
Narrow klass base: 0x000001548f000000, Narrow klass shift: 0, Narrow klass range: 0x100000000

GC Precious Log:
 CardTable entry size: 512
 CPUs: 8 total, 8 available
 Memory: 5965M
 Large Page Support: Disabled
 NUMA Support: Disabled
 Compressed Oops: Enabled (32-bit)
 Alignments: Space 512K, Generation 512K, Heap 2M
 Heap Min Capacity: 100M
 Heap Initial Capacity: 100M
 Heap Max Capacity: 2G
 Pre-touch: Disabled
 Parallel Workers: 8

Heap:
 PSYoungGen      total 27136K, used 16207K [0x00000000d5580000, 0x00000000d7500000, 0x0000000100000000)
  eden space 22016K, 51% used [0x00000000d5580000,0x00000000d6099820,0x00000000d6b00000)
  from space 5120K, 94% used [0x00000000d6b80000,0x00000000d703a478,0x00000000d7080000)
  to   space 4608K, 0% used [0x00000000d7080000,0x00000000d7080000,0x00000000d7500000)
 ParOldGen       total 68608K, used 9741K [0x0000000080000000, 0x0000000084300000, 0x00000000d5580000)
  object space 68608K, 14% used [0x0000000080000000,0x0000000080983768,0x0000000084300000)
 Metaspace       used 30825K, committed 31616K, reserved 1114112K
  class space    used 3113K, committed 3456K, reserved 1048576K

Card table byte_map: [0x00000154f2bb0000,0x00000154f2fc0000] _byte_map_base: 0x00000154f27b0000

Marking Bits: (ParMarkBitMap*) 0x00007ffa1636a340
 Begin Bits: [0x00000154f66b0000, 0x00000154f86b0000)
 End Bits:   [0x00000154f86b0000, 0x00000154fa6b0000)

Polling page: 0x00000154f1010000

Metaspace:

Usage:
  Non-class:     27.06 MB used.
      Class:      3.04 MB used.
       Both:     30.10 MB used.

Virtual space:
  Non-class space:       64.00 MB reserved,      27.50 MB ( 43%) committed,  1 nodes.
      Class space:        1.00 GB reserved,       3.38 MB ( <1%) committed,  1 nodes.
             Both:        1.06 GB reserved,      30.88 MB (  3%) committed. 

Chunk freelists:
   Non-Class:  4.53 MB
       Class:  12.66 MB
        Both:  17.19 MB

MaxMetaspaceSize: unlimited
CompressedClassSpaceSize: 1.00 GB
Initial GC threshold: 21.00 MB
Current GC threshold: 35.00 MB
CDS: on
 - commit_granule_bytes: 65536.
 - commit_granule_words: 8192.
 - virtual_space_node_default_size: 8388608.
 - enlarge_chunks_in_place: 1.
 - use_allocation_guard: 0.


Internal statistics:

num_allocs_failed_limit: 3.
num_arena_births: 570.
num_arena_deaths: 14.
num_vsnodes_births: 2.
num_vsnodes_deaths: 0.
num_space_committed: 494.
num_space_uncommitted: 0.
num_chunks_returned_to_freelist: 17.
num_chunks_taken_from_freelist: 1795.
num_chunk_merges: 8.
num_chunk_splits: 1139.
num_chunks_enlarged: 746.
num_inconsistent_stats: 0.

CodeHeap 'non-profiled nmethods': size=120000Kb used=1598Kb max_used=1598Kb free=118401Kb
 bounds [0x0000015487ad0000, 0x0000015487d40000, 0x000001548f000000]
CodeHeap 'profiled nmethods': size=120000Kb used=7400Kb max_used=7400Kb free=112599Kb
 bounds [0x0000015480000000, 0x0000015480740000, 0x0000015487530000]
CodeHeap 'non-nmethods': size=5760Kb used=1351Kb max_used=1364Kb free=4408Kb
 bounds [0x0000015487530000, 0x00000154877a0000, 0x0000015487ad0000]
CodeCache: size=245760Kb, used=10349Kb, max_used=10362Kb, free=235408Kb
 total_blobs=4425, nmethods=3780, adapters=551, full_count=0
Compilation: enabled, stopped_count=0, restarted_count=0

Compilation events (20 events):
Event: 13.359 Thread 0x00000154f31b4230 nmethod 3774 0x0000015480733390 code [0x0000015480733540, 0x00000154807336c0]
Event: 13.359 Thread 0x00000154f31b4230 3775       3       java.net.URI::getPath (31 bytes)
Event: 13.359 Thread 0x00000154f31b4230 nmethod 3775 0x0000015480733790 code [0x0000015480733940, 0x0000015480733b70]
Event: 13.359 Thread 0x00000154f31b4230 3776       3       org.eclipse.core.runtime.Path::isAbsolute (13 bytes)
Event: 13.360 Thread 0x00000154f31b4230 nmethod 3776 0x0000015480733c90 code [0x0000015480733e40, 0x0000015480733fb8]
Event: 13.360 Thread 0x00000154f31b4230 3777       3       org.eclipse.core.internal.filesystem.local.LocalFile::toURI (23 bytes)
Event: 13.360 Thread 0x00000154f31b4230 nmethod 3777 0x0000015480734090 code [0x0000015480734260, 0x00000154807345c0]
Event: 13.360 Thread 0x00000154f31b4230 3778       3       com.google.gson.stream.JsonReader::readEscapeCharacter (417 bytes)
Event: 13.361 Thread 0x00000154f31b4230 nmethod 3778 0x0000015480734790 code [0x0000015480734aa0, 0x00000154807358c8]
Event: 13.362 Thread 0x00000154f31b4230 3781       2       jdk.internal.util.ReferencedKeySet::get (27 bytes)
Event: 13.363 Thread 0x00000154f31b4230 nmethod 3781 0x0000015480735d90 code [0x0000015480735fa0, 0x00000154807363c8]
Event: 13.363 Thread 0x00000154f31b4230 3783       2       java.lang.invoke.MethodType::makeImpl (109 bytes)
Event: 13.363 Thread 0x00000154f31b4230 nmethod 3783 0x0000015480736610 code [0x0000015480736880, 0x0000015480737080]
Event: 13.364 Thread 0x00000154f31b4230 3782       3       org.eclipse.core.internal.filesystem.FileStoreUtil::compareSlashFirst (108 bytes)
Event: 13.366 Thread 0x00000154f31b4230 nmethod 3782 0x0000015480737510 code [0x0000015480737860, 0x0000015480738c88]
Event: 13.366 Thread 0x00000154f31b4230 3785       3       java.io.BufferedWriter::implWrite (100 bytes)
Event: 13.366 Thread 0x00000154f31b4230 nmethod 3785 0x0000015480739510 code [0x0000015480739720, 0x0000015480739c38]
Event: 13.366 Thread 0x00000154f31b4230 3786       3       java.io.BufferedWriter::min (9 bytes)
Event: 13.367 Thread 0x00000154f31b4230 nmethod 3786 0x0000015480739e90 code [0x000001548073a040, 0x000001548073a1a8]
Event: 13.367 Thread 0x00000154f31b4230 3784       3       java.net.URI$Parser::parseHierarchical (178 bytes)

GC Heap History (20 events):
Event: 1.854 GC heap before
{Heap before GC invocations=1 (full 0):
 PSYoungGen      total 29696K, used 25600K [0x00000000d5580000, 0x00000000d7680000, 0x0000000100000000)
  eden space 25600K, 100% used [0x00000000d5580000,0x00000000d6e80000,0x00000000d6e80000)
  from space 4096K, 0% used [0x00000000d7280000,0x00000000d7280000,0x00000000d7680000)
  to   space 4096K, 0% used [0x00000000d6e80000,0x00000000d6e80000,0x00000000d7280000)
 ParOldGen       total 68608K, used 0K [0x0000000080000000, 0x0000000084300000, 0x00000000d5580000)
  object space 68608K, 0% used [0x0000000080000000,0x0000000080000000,0x0000000084300000)
 Metaspace       used 4324K, committed 4608K, reserved 1114112K
  class space    used 471K, committed 576K, reserved 1048576K
}
Event: 1.867 GC heap after
{Heap after GC invocations=1 (full 0):
 PSYoungGen      total 29696K, used 3344K [0x00000000d5580000, 0x00000000d7680000, 0x0000000100000000)
  eden space 25600K, 0% used [0x00000000d5580000,0x00000000d5580000,0x00000000d6e80000)
  from space 4096K, 81% used [0x00000000d6e80000,0x00000000d71c40c8,0x00000000d7280000)
  to   space 4096K, 0% used [0x00000000d7280000,0x00000000d7280000,0x00000000d7680000)
 ParOldGen       total 68608K, used 16K [0x0000000080000000, 0x0000000084300000, 0x00000000d5580000)
  object space 68608K, 0% used [0x0000000080000000,0x0000000080004000,0x0000000084300000)
 Metaspace       used 4324K, committed 4608K, reserved 1114112K
  class space    used 471K, committed 576K, reserved 1048576K
}
Event: 2.917 GC heap before
{Heap before GC invocations=2 (full 0):
 PSYoungGen      total 29696K, used 28944K [0x00000000d5580000, 0x00000000d7680000, 0x0000000100000000)
  eden space 25600K, 100% used [0x00000000d5580000,0x00000000d6e80000,0x00000000d6e80000)
  from space 4096K, 81% used [0x00000000d6e80000,0x00000000d71c40c8,0x00000000d7280000)
  to   space 4096K, 0% used [0x00000000d7280000,0x00000000d7280000,0x00000000d7680000)
 ParOldGen       total 68608K, used 16K [0x0000000080000000, 0x0000000084300000, 0x00000000d5580000)
  object space 68608K, 0% used [0x0000000080000000,0x0000000080004000,0x0000000084300000)
 Metaspace       used 8105K, committed 8320K, reserved 1114112K
  class space    used 859K, committed 960K, reserved 1048576K
}
Event: 2.923 GC heap after
{Heap after GC invocations=2 (full 0):
 PSYoungGen      total 29696K, used 4086K [0x00000000d5580000, 0x00000000d7680000, 0x0000000100000000)
  eden space 25600K, 0% used [0x00000000d5580000,0x00000000d5580000,0x00000000d6e80000)
  from space 4096K, 99% used [0x00000000d7280000,0x00000000d767d8b8,0x00000000d7680000)
  to   space 4096K, 0% used [0x00000000d6e80000,0x00000000d6e80000,0x00000000d7280000)
 ParOldGen       total 68608K, used 896K [0x0000000080000000, 0x0000000084300000, 0x00000000d5580000)
  object space 68608K, 1% used [0x0000000080000000,0x00000000800e0030,0x0000000084300000)
 Metaspace       used 8105K, committed 8320K, reserved 1114112K
  class space    used 859K, committed 960K, reserved 1048576K
}
Event: 3.933 GC heap before
{Heap before GC invocations=3 (full 0):
 PSYoungGen      total 29696K, used 29686K [0x00000000d5580000, 0x00000000d7680000, 0x0000000100000000)
  eden space 25600K, 100% used [0x00000000d5580000,0x00000000d6e80000,0x00000000d6e80000)
  from space 4096K, 99% used [0x00000000d7280000,0x00000000d767d8b8,0x00000000d7680000)
  to   space 4096K, 0% used [0x00000000d6e80000,0x00000000d6e80000,0x00000000d7280000)
 ParOldGen       total 68608K, used 896K [0x0000000080000000, 0x0000000084300000, 0x00000000d5580000)
  object space 68608K, 1% used [0x0000000080000000,0x00000000800e0030,0x0000000084300000)
 Metaspace       used 12890K, committed 13376K, reserved 1114112K
  class space    used 1359K, committed 1600K, reserved 1048576K
}
Event: 3.937 GC heap after
{Heap after GC invocations=3 (full 0):
 PSYoungGen      total 29696K, used 4069K [0x00000000d5580000, 0x00000000d7680000, 0x0000000100000000)
  eden space 25600K, 0% used [0x00000000d5580000,0x00000000d5580000,0x00000000d6e80000)
  from space 4096K, 99% used [0x00000000d6e80000,0x00000000d72796d0,0x00000000d7280000)
  to   space 4096K, 0% used [0x00000000d7280000,0x00000000d7280000,0x00000000d7680000)
 ParOldGen       total 68608K, used 2765K [0x0000000080000000, 0x0000000084300000, 0x00000000d5580000)
  object space 68608K, 4% used [0x0000000080000000,0x00000000802b37c8,0x0000000084300000)
 Metaspace       used 12890K, committed 13376K, reserved 1114112K
  class space    used 1359K, committed 1600K, reserved 1048576K
}
Event: 6.730 GC heap before
{Heap before GC invocations=4 (full 0):
 PSYoungGen      total 29696K, used 29574K [0x00000000d5580000, 0x00000000d7680000, 0x0000000100000000)
  eden space 25600K, 99% used [0x00000000d5580000,0x00000000d6e68300,0x00000000d6e80000)
  from space 4096K, 99% used [0x00000000d6e80000,0x00000000d72796d0,0x00000000d7280000)
  to   space 4096K, 0% used [0x00000000d7280000,0x00000000d7280000,0x00000000d7680000)
 ParOldGen       total 68608K, used 2765K [0x0000000080000000, 0x0000000084300000, 0x00000000d5580000)
  object space 68608K, 4% used [0x0000000080000000,0x00000000802b37c8,0x0000000084300000)
 Metaspace       used 16832K, committed 17472K, reserved 1114112K
  class space    used 1772K, committed 2048K, reserved 1048576K
}
Event: 6.733 GC heap after
{Heap after GC invocations=4 (full 0):
 PSYoungGen      total 29696K, used 4094K [0x00000000d5580000, 0x00000000d7680000, 0x0000000100000000)
  eden space 25600K, 0% used [0x00000000d5580000,0x00000000d5580000,0x00000000d6e80000)
  from space 4096K, 99% used [0x00000000d7280000,0x00000000d767f850,0x00000000d7680000)
  to   space 4096K, 0% used [0x00000000d6e80000,0x00000000d6e80000,0x00000000d7280000)
 ParOldGen       total 68608K, used 4702K [0x0000000080000000, 0x0000000084300000, 0x00000000d5580000)
  object space 68608K, 6% used [0x0000000080000000,0x0000000080497890,0x0000000084300000)
 Metaspace       used 16832K, committed 17472K, reserved 1114112K
  class space    used 1772K, committed 2048K, reserved 1048576K
}
Event: 7.877 GC heap before
{Heap before GC invocations=5 (full 0):
 PSYoungGen      total 29696K, used 29694K [0x00000000d5580000, 0x00000000d7680000, 0x0000000100000000)
  eden space 25600K, 100% used [0x00000000d5580000,0x00000000d6e80000,0x00000000d6e80000)
  from space 4096K, 99% used [0x00000000d7280000,0x00000000d767f850,0x00000000d7680000)
  to   space 4096K, 0% used [0x00000000d6e80000,0x00000000d6e80000,0x00000000d7280000)
 ParOldGen       total 68608K, used 4702K [0x0000000080000000, 0x0000000084300000, 0x00000000d5580000)
  object space 68608K, 6% used [0x0000000080000000,0x0000000080497890,0x0000000084300000)
 Metaspace       used 20169K, committed 20864K, reserved 1114112K
  class space    used 2000K, committed 2304K, reserved 1048576K
}
Event: 7.881 GC heap after
{Heap after GC invocations=5 (full 0):
 PSYoungGen      total 29184K, used 4084K [0x00000000d5580000, 0x00000000d7800000, 0x0000000100000000)
  eden space 25088K, 0% used [0x00000000d5580000,0x00000000d5580000,0x00000000d6e00000)
  from space 4096K, 99% used [0x00000000d6e80000,0x00000000d727d0e8,0x00000000d7280000)
  to   space 5120K, 0% used [0x00000000d7300000,0x00000000d7300000,0x00000000d7800000)
 ParOldGen       total 68608K, used 4814K [0x0000000080000000, 0x0000000084300000, 0x00000000d5580000)
  object space 68608K, 7% used [0x0000000080000000,0x00000000804b38a0,0x0000000084300000)
 Metaspace       used 20169K, committed 20864K, reserved 1114112K
  class space    used 2000K, committed 2304K, reserved 1048576K
}
Event: 7.947 GC heap before
{Heap before GC invocations=6 (full 0):
 PSYoungGen      total 29184K, used 10516K [0x00000000d5580000, 0x00000000d7800000, 0x0000000100000000)
  eden space 25088K, 25% used [0x00000000d5580000,0x00000000d5bc82f0,0x00000000d6e00000)
  from space 4096K, 99% used [0x00000000d6e80000,0x00000000d727d0e8,0x00000000d7280000)
  to   space 5120K, 0% used [0x00000000d7300000,0x00000000d7300000,0x00000000d7800000)
 ParOldGen       total 68608K, used 4814K [0x0000000080000000, 0x0000000084300000, 0x00000000d5580000)
  object space 68608K, 7% used [0x0000000080000000,0x00000000804b38a0,0x0000000084300000)
 Metaspace       used 20808K, committed 21504K, reserved 1114112K
  class space    used 2039K, committed 2368K, reserved 1048576K
}
Event: 7.952 GC heap after
{Heap after GC invocations=6 (full 0):
 PSYoungGen      total 29696K, used 5101K [0x00000000d5580000, 0x00000000d7900000, 0x0000000100000000)
  eden space 24576K, 0% used [0x00000000d5580000,0x00000000d5580000,0x00000000d6d80000)
  from space 5120K, 99% used [0x00000000d7300000,0x00000000d77fb678,0x00000000d7800000)
  to   space 5632K, 0% used [0x00000000d6d80000,0x00000000d6d80000,0x00000000d7300000)
 ParOldGen       total 68608K, used 4814K [0x0000000080000000, 0x0000000084300000, 0x00000000d5580000)
  object space 68608K, 7% used [0x0000000080000000,0x00000000804b38a0,0x0000000084300000)
 Metaspace       used 20808K, committed 21504K, reserved 1114112K
  class space    used 2039K, committed 2368K, reserved 1048576K
}
Event: 7.952 GC heap before
{Heap before GC invocations=7 (full 1):
 PSYoungGen      total 29696K, used 5101K [0x00000000d5580000, 0x00000000d7900000, 0x0000000100000000)
  eden space 24576K, 0% used [0x00000000d5580000,0x00000000d5580000,0x00000000d6d80000)
  from space 5120K, 99% used [0x00000000d7300000,0x00000000d77fb678,0x00000000d7800000)
  to   space 5632K, 0% used [0x00000000d6d80000,0x00000000d6d80000,0x00000000d7300000)
 ParOldGen       total 68608K, used 4814K [0x0000000080000000, 0x0000000084300000, 0x00000000d5580000)
  object space 68608K, 7% used [0x0000000080000000,0x00000000804b38a0,0x0000000084300000)
 Metaspace       used 20808K, committed 21504K, reserved 1114112K
  class space    used 2039K, committed 2368K, reserved 1048576K
}
Event: 7.987 GC heap after
{Heap after GC invocations=7 (full 1):
 PSYoungGen      total 29696K, used 0K [0x00000000d5580000, 0x00000000d7900000, 0x0000000100000000)
  eden space 24576K, 0% used [0x00000000d5580000,0x00000000d5580000,0x00000000d6d80000)
  from space 5120K, 0% used [0x00000000d7300000,0x00000000d7300000,0x00000000d7800000)
  to   space 5632K, 0% used [0x00000000d6d80000,0x00000000d6d80000,0x00000000d7300000)
 ParOldGen       total 68608K, used 8888K [0x0000000080000000, 0x0000000084300000, 0x00000000d5580000)
  object space 68608K, 12% used [0x0000000080000000,0x00000000808ae248,0x0000000084300000)
 Metaspace       used 20795K, committed 21504K, reserved 1114112K
  class space    used 2035K, committed 2368K, reserved 1048576K
}
Event: 8.708 GC heap before
{Heap before GC invocations=8 (full 1):
 PSYoungGen      total 29696K, used 24576K [0x00000000d5580000, 0x00000000d7900000, 0x0000000100000000)
  eden space 24576K, 100% used [0x00000000d5580000,0x00000000d6d80000,0x00000000d6d80000)
  from space 5120K, 0% used [0x00000000d7300000,0x00000000d7300000,0x00000000d7800000)
  to   space 5632K, 0% used [0x00000000d6d80000,0x00000000d6d80000,0x00000000d7300000)
 ParOldGen       total 68608K, used 8888K [0x0000000080000000, 0x0000000084300000, 0x00000000d5580000)
  object space 68608K, 12% used [0x0000000080000000,0x00000000808ae248,0x0000000084300000)
 Metaspace       used 22827K, committed 23488K, reserved 1114112K
  class space    used 2205K, committed 2496K, reserved 1048576K
}
Event: 8.711 GC heap after
{Heap after GC invocations=8 (full 1):
 PSYoungGen      total 26624K, used 2408K [0x00000000d5580000, 0x00000000d7400000, 0x0000000100000000)
  eden space 24064K, 0% used [0x00000000d5580000,0x00000000d5580000,0x00000000d6d00000)
  from space 2560K, 94% used [0x00000000d6d80000,0x00000000d6fda2b0,0x00000000d7000000)
  to   space 3584K, 0% used [0x00000000d7080000,0x00000000d7080000,0x00000000d7400000)
 ParOldGen       total 68608K, used 8896K [0x0000000080000000, 0x0000000084300000, 0x00000000d5580000)
  object space 68608K, 12% used [0x0000000080000000,0x00000000808b0248,0x0000000084300000)
 Metaspace       used 22827K, committed 23488K, reserved 1114112K
  class space    used 2205K, committed 2496K, reserved 1048576K
}
Event: 12.435 GC heap before
{Heap before GC invocations=9 (full 1):
 PSYoungGen      total 26624K, used 26472K [0x00000000d5580000, 0x00000000d7400000, 0x0000000100000000)
  eden space 24064K, 100% used [0x00000000d5580000,0x00000000d6d00000,0x00000000d6d00000)
  from space 2560K, 94% used [0x00000000d6d80000,0x00000000d6fda2b0,0x00000000d7000000)
  to   space 3584K, 0% used [0x00000000d7080000,0x00000000d7080000,0x00000000d7400000)
 ParOldGen       total 68608K, used 8896K [0x0000000080000000, 0x0000000084300000, 0x00000000d5580000)
  object space 68608K, 12% used [0x0000000080000000,0x00000000808b0248,0x0000000084300000)
 Metaspace       used 26389K, committed 27200K, reserved 1114112K
  class space    used 2590K, committed 2944K, reserved 1048576K
}
Event: 12.439 GC heap after
{Heap after GC invocations=9 (full 1):
 PSYoungGen      total 26112K, used 3573K [0x00000000d5580000, 0x00000000d7680000, 0x0000000100000000)
  eden space 22528K, 0% used [0x00000000d5580000,0x00000000d5580000,0x00000000d6b80000)
  from space 3584K, 99% used [0x00000000d7080000,0x00000000d73fd5b0,0x00000000d7400000)
  to   space 5120K, 0% used [0x00000000d6b80000,0x00000000d6b80000,0x00000000d7080000)
 ParOldGen       total 68608K, used 9733K [0x0000000080000000, 0x0000000084300000, 0x00000000d5580000)
  object space 68608K, 14% used [0x0000000080000000,0x0000000080981768,0x0000000084300000)
 Metaspace       used 26389K, committed 27200K, reserved 1114112K
  class space    used 2590K, committed 2944K, reserved 1048576K
}
Event: 13.123 GC heap before
{Heap before GC invocations=10 (full 1):
 PSYoungGen      total 26112K, used 26101K [0x00000000d5580000, 0x00000000d7680000, 0x0000000100000000)
  eden space 22528K, 100% used [0x00000000d5580000,0x00000000d6b80000,0x00000000d6b80000)
  from space 3584K, 99% used [0x00000000d7080000,0x00000000d73fd5b0,0x00000000d7400000)
  to   space 5120K, 0% used [0x00000000d6b80000,0x00000000d6b80000,0x00000000d7080000)
 ParOldGen       total 68608K, used 9733K [0x0000000080000000, 0x0000000084300000, 0x00000000d5580000)
  object space 68608K, 14% used [0x0000000080000000,0x0000000080981768,0x0000000084300000)
 Metaspace       used 29459K, committed 30336K, reserved 1114112K
  class space    used 2955K, committed 3328K, reserved 1048576K
}
Event: 13.127 GC heap after
{Heap after GC invocations=10 (full 1):
 PSYoungGen      total 27136K, used 4841K [0x00000000d5580000, 0x00000000d7500000, 0x0000000100000000)
  eden space 22016K, 0% used [0x00000000d5580000,0x00000000d5580000,0x00000000d6b00000)
  from space 5120K, 94% used [0x00000000d6b80000,0x00000000d703a478,0x00000000d7080000)
  to   space 4608K, 0% used [0x00000000d7080000,0x00000000d7080000,0x00000000d7500000)
 ParOldGen       total 68608K, used 9741K [0x0000000080000000, 0x0000000084300000, 0x00000000d5580000)
  object space 68608K, 14% used [0x0000000080000000,0x0000000080983768,0x0000000084300000)
 Metaspace       used 29459K, committed 30336K, reserved 1114112K
  class space    used 2955K, committed 3328K, reserved 1048576K
}

Dll operation events (10 events):
Event: 0.027 Loaded shared library c:\Users\gerar\.vscode\extensions\redhat.java-1.45.0-win32-x64\jre\21.0.8-win32-x86_64\bin\java.dll
Event: 0.166 Loaded shared library c:\Users\gerar\.vscode\extensions\redhat.java-1.45.0-win32-x64\jre\21.0.8-win32-x86_64\bin\zip.dll
Event: 0.205 Loaded shared library C:\Users\gerar\.vscode\extensions\redhat.java-1.45.0-win32-x64\jre\21.0.8-win32-x86_64\bin\instrument.dll
Event: 0.216 Loaded shared library C:\Users\gerar\.vscode\extensions\redhat.java-1.45.0-win32-x64\jre\21.0.8-win32-x86_64\bin\net.dll
Event: 0.231 Loaded shared library C:\Users\gerar\.vscode\extensions\redhat.java-1.45.0-win32-x64\jre\21.0.8-win32-x86_64\bin\nio.dll
Event: 0.238 Loaded shared library C:\Users\gerar\.vscode\extensions\redhat.java-1.45.0-win32-x64\jre\21.0.8-win32-x86_64\bin\zip.dll
Event: 0.278 Loaded shared library C:\Users\gerar\.vscode\extensions\redhat.java-1.45.0-win32-x64\jre\21.0.8-win32-x86_64\bin\jimage.dll
Event: 0.464 Loaded shared library c:\Users\gerar\.vscode\extensions\redhat.java-1.45.0-win32-x64\jre\21.0.8-win32-x86_64\bin\verify.dll
Event: 2.890 Loaded shared library C:\Users\gerar\AppData\Roaming\Code\User\globalStorage\redhat.java\1.45.0\config_ss_win\org.eclipse.equinox.launcher\org.eclipse.equinox.launcher.win32.win32.x86_64_1.2.1400.v20250801-0854\eclipse_11916.dll
Event: 6.384 Loaded shared library C:\Users\gerar\AppData\Local\Temp\jna-98244229\jna14425459577278166282.dll

Deoptimization events (20 events):
Event: 13.342 Thread 0x00000154fd741bd0 Uncommon trap: trap_request=0xffffffde fr.pc=0x0000015487bede2c relative=0x0000000000000b4c
Event: 13.342 Thread 0x00000154fd741bd0 Uncommon trap: reason=class_check action=maybe_recompile pc=0x0000015487bede2c method=java.util.concurrent.ConcurrentHashMap.putVal(Ljava/lang/Object;Ljava/lang/Object;Z)Ljava/lang/Object; @ 242 c2
Event: 13.342 Thread 0x00000154fd741bd0 DEOPT PACKING pc=0x0000015487bede2c sp=0x00000010024fe130
Event: 13.342 Thread 0x00000154fd741bd0 DEOPT UNPACKING pc=0x0000015487583aa2 sp=0x00000010024fe0a0 mode 2
Event: 13.342 Thread 0x00000154fd741bd0 Uncommon trap: trap_request=0xffffff54 fr.pc=0x0000015487bdbb60 relative=0x0000000000004e40
Event: 13.342 Thread 0x00000154fd741bd0 Uncommon trap: reason=speculate_null_assert action=make_not_entrant pc=0x0000015487bdbb60 method=jdk.internal.util.ReferencedKeyMap.internKey(Ljdk/internal/util/ReferencedKeyMap;Ljava/lang/Object;)Ljava/lang/Object; @ 28 c2
Event: 13.342 Thread 0x00000154fd741bd0 DEOPT PACKING pc=0x0000015487bdbb60 sp=0x00000010024fe1e0
Event: 13.342 Thread 0x00000154fd741bd0 DEOPT UNPACKING pc=0x0000015487583aa2 sp=0x00000010024fe0a0 mode 2
Event: 13.342 Thread 0x00000154fd73cd10 Uncommon trap: trap_request=0xffffffde fr.pc=0x0000015487bede2c relative=0x0000000000000b4c
Event: 13.342 Thread 0x00000154fd73cd10 Uncommon trap: reason=class_check action=maybe_recompile pc=0x0000015487bede2c method=java.util.concurrent.ConcurrentHashMap.putVal(Ljava/lang/Object;Ljava/lang/Object;Z)Ljava/lang/Object; @ 242 c2
Event: 13.342 Thread 0x00000154fd73cd10 DEOPT PACKING pc=0x0000015487bede2c sp=0x00000010023fdb60
Event: 13.342 Thread 0x00000154fd73cd10 DEOPT UNPACKING pc=0x0000015487583aa2 sp=0x00000010023fdad0 mode 2
Event: 13.345 Thread 0x00000154fd73c680 Uncommon trap: trap_request=0xffffff45 fr.pc=0x0000015487bedc48 relative=0x0000000000000968
Event: 13.345 Thread 0x00000154fd73c680 Uncommon trap: reason=unstable_if action=reinterpret pc=0x0000015487bedc48 method=java.util.concurrent.ConcurrentHashMap.putVal(Ljava/lang/Object;Ljava/lang/Object;Z)Ljava/lang/Object; @ 97 c2
Event: 13.345 Thread 0x00000154fd73c680 DEOPT PACKING pc=0x0000015487bedc48 sp=0x00000010021fd6d0
Event: 13.345 Thread 0x00000154fd73c680 DEOPT UNPACKING pc=0x0000015487583aa2 sp=0x00000010021fd658 mode 2
Event: 13.345 Thread 0x00000154fd741bd0 Uncommon trap: trap_request=0xffffff45 fr.pc=0x0000015487b93c2c relative=0x000000000000016c
Event: 13.345 Thread 0x00000154fd741bd0 Uncommon trap: reason=unstable_if action=reinterpret pc=0x0000015487b93c2c method=java.util.concurrent.ConcurrentHashMap.addCount(JI)V @ 34 c2
Event: 13.346 Thread 0x00000154fd741bd0 DEOPT PACKING pc=0x0000015487b93c2c sp=0x00000010024fd360
Event: 13.346 Thread 0x00000154fd741bd0 DEOPT UNPACKING pc=0x0000015487583aa2 sp=0x00000010024fd2c0 mode 2

Classes loaded (20 events):
Event: 13.201 Loading class java/util/concurrent/CompletableFuture$AltResult
Event: 13.201 Loading class java/util/concurrent/CompletableFuture$AltResult done
Event: 13.201 Loading class java/util/concurrent/CompletableFuture$Completion
Event: 13.202 Loading class java/util/concurrent/CompletableFuture$AsynchronousCompletionTask
Event: 13.202 Loading class java/util/concurrent/CompletableFuture$AsynchronousCompletionTask done
Event: 13.202 Loading class java/util/concurrent/CompletableFuture$Completion done
Event: 13.226 Loading class sun/nio/ch/WindowsAsynchronousFileChannelImpl$WriteTask
Event: 13.227 Loading class sun/nio/ch/WindowsAsynchronousFileChannelImpl$WriteTask done
Event: 13.315 Loading class java/util/concurrent/CompletableFuture$UniApply
Event: 13.315 Loading class java/util/concurrent/CompletableFuture$UniCompletion
Event: 13.315 Loading class java/util/concurrent/CompletableFuture$UniCompletion done
Event: 13.315 Loading class java/util/concurrent/CompletableFuture$UniApply done
Event: 13.316 Loading class java/util/concurrent/CancellationException
Event: 13.316 Loading class java/util/concurrent/CancellationException done
Event: 13.317 Loading class java/util/concurrent/CompletableFuture$UniAccept
Event: 13.317 Loading class java/util/concurrent/CompletableFuture$UniAccept done
Event: 13.317 Loading class java/util/concurrent/CompletableFuture$UniExceptionally
Event: 13.319 Loading class java/util/concurrent/CompletableFuture$UniExceptionally done
Event: 13.333 Loading class java/nio/file/InvalidPathException
Event: 13.335 Loading class java/nio/file/InvalidPathException done

Classes unloaded (7 events):
Event: 7.955 Thread 0x00000154f3162bb0 Unloading class 0x0000015490184800 'java/lang/invoke/LambdaForm$MH+0x0000015490184800'
Event: 7.955 Thread 0x00000154f3162bb0 Unloading class 0x0000015490184400 'java/lang/invoke/LambdaForm$MH+0x0000015490184400'
Event: 7.955 Thread 0x00000154f3162bb0 Unloading class 0x0000015490184000 'java/lang/invoke/LambdaForm$MH+0x0000015490184000'
Event: 7.955 Thread 0x00000154f3162bb0 Unloading class 0x0000015490183c00 'java/lang/invoke/LambdaForm$MH+0x0000015490183c00'
Event: 7.955 Thread 0x00000154f3162bb0 Unloading class 0x0000015490183800 'java/lang/invoke/LambdaForm$BMH+0x0000015490183800'
Event: 7.955 Thread 0x00000154f3162bb0 Unloading class 0x0000015490183400 'java/lang/invoke/LambdaForm$DMH+0x0000015490183400'
Event: 7.955 Thread 0x00000154f3162bb0 Unloading class 0x0000015490182000 'java/lang/invoke/LambdaForm$DMH+0x0000015490182000'

Classes redefined (0 events):
No events

Internal exceptions (20 events):
Event: 12.415 Thread 0x00000154fcc39510 Exception <a 'sun/nio/fs/WindowsException'{0x00000000d6c7f5c0}> (0x00000000d6c7f5c0) 
thrown [s\src\hotspot\share\prims\jni.cpp, line 520]
Event: 12.415 Thread 0x00000154fcc39510 Exception <a 'sun/nio/fs/WindowsException'{0x00000000d6c7fbf0}> (0x00000000d6c7fbf0) 
thrown [s\src\hotspot\share\prims\jni.cpp, line 520]
Event: 12.417 Thread 0x00000154fcc39510 Exception <a 'sun/nio/fs/WindowsException'{0x00000000d6c812e0}> (0x00000000d6c812e0) 
thrown [s\src\hotspot\share\prims\jni.cpp, line 520]
Event: 12.417 Thread 0x00000154fcc39510 Exception <a 'sun/nio/fs/WindowsException'{0x00000000d6c81910}> (0x00000000d6c81910) 
thrown [s\src\hotspot\share\prims\jni.cpp, line 520]
Event: 12.420 Thread 0x00000154fcc39510 Exception <a 'java/lang/NoSuchMethodError'{0x00000000d6cab300}: 'void java.lang.invoke.DirectMethodHandle$Holder.invokeVirtual(java.lang.Object, java.lang.Object, java.lang.Object, java.lang.Object)'> (0x00000000d6cab300) 
thrown [s\src\hotspot\share\interpreter\linkResolver.cpp, line 773]
Event: 12.563 Thread 0x00000154fcc39510 Exception <a 'java/io/FileNotFoundException'{0x00000000d5a8a6f8}> (0x00000000d5a8a6f8) 
thrown [s\src\hotspot\share\prims\jni.cpp, line 520]
Event: 12.564 Thread 0x00000154fcc39510 Exception <a 'java/io/FileNotFoundException'{0x00000000d5a8b9b8}> (0x00000000d5a8b9b8) 
thrown [s\src\hotspot\share\prims\jni.cpp, line 520]
Event: 12.566 Thread 0x00000154fcc39510 Exception <a 'java/lang/NoSuchMethodError'{0x00000000d5aab4a0}: 'java.lang.Object java.lang.invoke.DirectMethodHandle$Holder.newInvokeSpecial(java.lang.Object, java.lang.Object, java.lang.Object, int)'> (0x00000000d5aab4a0) 
thrown [s\src\hotspot\share\interpreter\linkResolver.cpp, line 773]
Event: 12.567 Thread 0x00000154fcc39510 Exception <a 'java/lang/NoSuchMethodError'{0x00000000d5aaf308}: 'java.lang.Object java.lang.invoke.DirectMethodHandle$Holder.invokeSpecial(java.lang.Object, java.lang.Object, java.lang.Object, java.lang.Object, int)'> (0x00000000d5aaf308) 
thrown [s\src\hotspot\share\interpreter\linkResolver.cpp, line 773]
Event: 12.567 Thread 0x00000154fcc39510 Exception <a 'java/lang/NoSuchMethodError'{0x00000000d5ab27a0}: 'java.lang.Object java.lang.invoke.Invokers$Holder.linkToTargetMethod(java.lang.Object, java.lang.Object, int, java.lang.Object)'> (0x00000000d5ab27a0) 
thrown [s\src\hotspot\share\interpreter\linkResolver.cpp, line 773]
Event: 12.596 Thread 0x00000154fcc39510 Exception <a 'java/lang/NoSuchMethodError'{0x00000000d5adc950}: 'void java.lang.invoke.DirectMethodHandle$Holder.invokeStaticInit(java.lang.Object, java.lang.Object, java.lang.Object)'> (0x00000000d5adc950) 
thrown [s\src\hotspot\share\interpreter\linkResolver.cpp, line 773]
Event: 12.851 Thread 0x00000154f320e3a0 Exception <a 'java/lang/NoSuchMethodError'{0x00000000d621f468}: 'void java.lang.invoke.DirectMethodHandle$Holder.invokeSpecial(java.lang.Object, java.lang.Object, java.lang.Object, java.lang.Object, java.lang.Object, java.lang.Object)'> (0x00000000d621f468) 
thrown [s\src\hotspot\share\interpreter\linkResolver.cpp, line 773]
Event: 12.852 Thread 0x00000154f320e3a0 Exception <a 'java/lang/IncompatibleClassChangeError'{0x00000000d62275e8}: Found class java.lang.Object, but interface was expected> (0x00000000d62275e8) 
thrown [s\src\hotspot\share\interpreter\linkResolver.cpp, line 840]
Event: 12.853 Thread 0x00000154f320e3a0 Exception <a 'java/lang/IncompatibleClassChangeError'{0x00000000d6229618}: Found class java.lang.Object, but interface was expected> (0x00000000d6229618) 
thrown [s\src\hotspot\share\interpreter\linkResolver.cpp, line 840]
Event: 13.092 Thread 0x00000154fd740190 Exception <a 'java/lang/NoSuchMethodError'{0x00000000d6832340}: 'java.lang.Object java.lang.invoke.DirectMethodHandle$Holder.invokeInterface(java.lang.Object, java.lang.Object, java.lang.Object)'> (0x00000000d6832340) 
thrown [s\src\hotspot\share\interpreter\linkResolver.cpp, line 773]
Event: 13.117 Thread 0x00000154fd740190 Exception <a 'java/io/FileNotFoundException'{0x00000000d68c9cb8}> (0x00000000d68c9cb8) 
thrown [s\src\hotspot\share\prims\jni.cpp, line 520]
Event: 13.166 Thread 0x00000154fd740190 Exception <a 'sun/nio/fs/WindowsException'{0x00000000d589ee00}> (0x00000000d589ee00) 
thrown [s\src\hotspot\share\prims\jni.cpp, line 520]
Event: 13.267 Thread 0x00000154fd740190 Exception <a 'java/lang/IncompatibleClassChangeError'{0x00000000d5b717a8}: Found class java.lang.Object, but interface was expected> (0x00000000d5b717a8) 
thrown [s\src\hotspot\share\interpreter\linkResolver.cpp, line 840]
Event: 13.308 Thread 0x00000154fd740190 Exception <a 'java/lang/IncompatibleClassChangeError'{0x00000000d5c0a580}: Found class java.lang.Object, but interface was expected> (0x00000000d5c0a580) 
thrown [s\src\hotspot\share\interpreter\linkResolver.cpp, line 840]
Event: 13.324 Thread 0x00000154fd740190 Exception <a 'java/lang/IncompatibleClassChangeError'{0x00000000d5cb9c88}: Found class java.lang.Object, but interface was expected> (0x00000000d5cb9c88) 
thrown [s\src\hotspot\share\interpreter\linkResolver.cpp, line 840]

ZGC Phase Switch (0 events):
No events

VM Operations (20 events):
Event: 8.708 Executing VM operation: ParallelGCFailedAllocation (Allocation Failure)
Event: 8.711 Executing VM operation: ParallelGCFailedAllocation (Allocation Failure) done
Event: 8.810 Executing VM operation: HandshakeAllThreads (Deoptimize)
Event: 8.810 Executing VM operation: HandshakeAllThreads (Deoptimize) done
Event: 8.976 Executing VM operation: HandshakeAllThreads (Deoptimize)
Event: 8.976 Executing VM operation: HandshakeAllThreads (Deoptimize) done
Event: 8.977 Executing VM operation: HandshakeAllThreads (Deoptimize)
Event: 8.977 Executing VM operation: HandshakeAllThreads (Deoptimize) done
Event: 9.978 Executing VM operation: Cleanup
Event: 10.051 Executing VM operation: Cleanup done
Event: 11.052 Executing VM operation: Cleanup
Event: 11.096 Executing VM operation: Cleanup done
Event: 11.737 Executing VM operation: HandshakeAllThreads (Deoptimize)
Event: 11.737 Executing VM operation: HandshakeAllThreads (Deoptimize) done
Event: 12.435 Executing VM operation: ParallelGCFailedAllocation (Allocation Failure)
Event: 12.439 Executing VM operation: ParallelGCFailedAllocation (Allocation Failure) done
Event: 13.104 Executing VM operation: HandshakeAllThreads (Deoptimize)
Event: 13.104 Executing VM operation: HandshakeAllThreads (Deoptimize) done
Event: 13.123 Executing VM operation: ParallelGCFailedAllocation (Allocation Failure)
Event: 13.127 Executing VM operation: ParallelGCFailedAllocation (Allocation Failure) done

Memory protections (0 events):
No events

Nmethod flushes (0 events):
No events

Events (20 events):
Event: 12.204 Thread 0x00000154f320e3a0 Thread added: 0x00000154fcc37ad0
Event: 12.207 Thread 0x00000154f320e3a0 Thread added: 0x00000154fcc39ba0
Event: 12.207 Thread 0x00000154f320e3a0 Thread added: 0x00000154fcc38e80
Event: 12.208 Thread 0x00000154f320e3a0 Thread added: 0x00000154fcc3a230
Event: 12.208 Thread 0x00000154f320e3a0 Thread added: 0x00000154fcc36db0
Event: 12.208 Thread 0x00000154f320e3a0 Thread added: 0x00000154fcc37440
Event: 12.208 Thread 0x00000154f320e3a0 Thread added: 0x00000154fcc38160
Event: 12.208 Thread 0x00000154f320e3a0 Thread added: 0x00000154fcc387f0
Event: 12.208 Thread 0x00000154f320e3a0 Thread added: 0x00000154fd73fb00
Event: 12.366 Thread 0x00000154f320e3a0 Thread added: 0x00000154fd741540
Event: 12.558 Thread 0x00000154fc640cf0 Thread added: 0x00000154fd740820
Event: 12.900 Thread 0x00000154f320e3a0 Thread added: 0x00000154fd73a5b0
Event: 12.902 Thread 0x00000154f320e3a0 Thread added: 0x00000154fd740190
Event: 13.317 Thread 0x00000154fd740190 Thread added: 0x00000154fd73c680
Event: 13.321 Thread 0x00000154fd740190 Thread added: 0x00000154fd740eb0
Event: 13.326 Thread 0x00000154fd740190 Thread added: 0x00000154fd73cd10
Event: 13.329 Thread 0x00000154fd740190 Thread added: 0x00000154fd741bd0
Event: 13.331 Thread 0x00000154fd740190 Thread added: 0x00000154fd73ac40
Event: 13.334 Thread 0x00000154fd740190 Thread added: 0x00000154fd73b2d0
Event: 13.337 Thread 0x00000154fd740190 Thread added: 0x00000154fd73b960


Dynamic libraries:
0x00007ff694580000 - 0x00007ff69458e000 	c:\Users\gerar\.vscode\extensions\redhat.java-1.45.0-win32-x64\jre\21.0.8-win32-x86_64\bin\java.exe
0x00007ffaa4710000 - 0x00007ffaa4927000 	C:\Windows\SYSTEM32\ntdll.dll
0x00007ffaa3120000 - 0x00007ffaa31e4000 	C:\Windows\System32\KERNEL32.DLL
0x00007ffaa1dc0000 - 0x00007ffaa2190000 	C:\Windows\System32\KERNELBASE.dll
0x00007ffaa2190000 - 0x00007ffaa22a1000 	C:\Windows\System32\ucrtbase.dll
0x00007ffa77750000 - 0x00007ffa7776e000 	c:\Users\gerar\.vscode\extensions\redhat.java-1.45.0-win32-x64\jre\21.0.8-win32-x86_64\bin\VCRUNTIME140.dll
0x00007ffa7dec0000 - 0x00007ffa7ded8000 	c:\Users\gerar\.vscode\extensions\redhat.java-1.45.0-win32-x64\jre\21.0.8-win32-x86_64\bin\jli.dll
0x00007ffaa4290000 - 0x00007ffaa4441000 	C:\Windows\System32\USER32.dll
0x00007ffaa22b0000 - 0x00007ffaa22d6000 	C:\Windows\System32\win32u.dll
0x00007ffaa3260000 - 0x00007ffaa3289000 	C:\Windows\System32\GDI32.dll
0x00007ffaa1a30000 - 0x00007ffaa1b53000 	C:\Windows\System32\gdi32full.dll
0x00007ffaa1d20000 - 0x00007ffaa1dba000 	C:\Windows\System32\msvcp_win.dll
0x00007ffa88440000 - 0x00007ffa886dc000 	C:\Windows\WinSxS\amd64_microsoft.windows.common-controls_6595b64144ccf1df_6.0.22621.5840_none_2710ea077384a4fe\COMCTL32.dll
0x00007ffaa2450000 - 0x00007ffaa24f7000 	C:\Windows\System32\msvcrt.dll
0x00007ffaa4690000 - 0x00007ffaa46c1000 	C:\Windows\System32\IMM32.DLL
0x00007ffa9b850000 - 0x00007ffa9b85c000 	c:\Users\gerar\.vscode\extensions\redhat.java-1.45.0-win32-x64\jre\21.0.8-win32-x86_64\bin\vcruntime140_1.dll
0x00007ffa56130000 - 0x00007ffa561bd000 	c:\Users\gerar\.vscode\extensions\redhat.java-1.45.0-win32-x64\jre\21.0.8-win32-x86_64\bin\msvcp140.dll
0x00007ffa156b0000 - 0x00007ffa16447000 	c:\Users\gerar\.vscode\extensions\redhat.java-1.45.0-win32-x64\jre\21.0.8-win32-x86_64\bin\server\jvm.dll
0x00007ffaa3680000 - 0x00007ffaa3731000 	C:\Windows\System32\ADVAPI32.dll
0x00007ffaa4450000 - 0x00007ffaa44f8000 	C:\Windows\System32\sechost.dll
0x00007ffaa1a00000 - 0x00007ffaa1a28000 	C:\Windows\System32\bcrypt.dll
0x00007ffaa32a0000 - 0x00007ffaa33b8000 	C:\Windows\System32\RPCRT4.dll
0x00007ffaa2e30000 - 0x00007ffaa2ea1000 	C:\Windows\System32\WS2_32.dll
0x00007ffa96000000 - 0x00007ffa9600a000 	C:\Windows\SYSTEM32\VERSION.dll
0x00007ffa9bc70000 - 0x00007ffa9bca4000 	C:\Windows\SYSTEM32\WINMM.dll
0x00007ffaa1460000 - 0x00007ffaa14ad000 	C:\Windows\SYSTEM32\POWRPROF.dll
0x00007ffaa1440000 - 0x00007ffaa1453000 	C:\Windows\SYSTEM32\UMPDC.dll
0x00007ffaa07e0000 - 0x00007ffaa07f8000 	C:\Windows\SYSTEM32\kernel.appcore.dll
0x00007ffa9b3a0000 - 0x00007ffa9b3aa000 	c:\Users\gerar\.vscode\extensions\redhat.java-1.45.0-win32-x64\jre\21.0.8-win32-x86_64\bin\jimage.dll
0x00007ffa9f2a0000 - 0x00007ffa9f4d3000 	C:\Windows\SYSTEM32\DBGHELP.DLL
0x00007ffaa3ef0000 - 0x00007ffaa4281000 	C:\Windows\System32\combase.dll
0x00007ffaa45b0000 - 0x00007ffaa4688000 	C:\Windows\System32\OLEAUT32.dll
0x00007ffa96490000 - 0x00007ffa964c2000 	C:\Windows\SYSTEM32\dbgcore.DLL
0x00007ffaa1ca0000 - 0x00007ffaa1d1b000 	C:\Windows\System32\bcryptPrimitives.dll
0x00007ffa95ba0000 - 0x00007ffa95baf000 	c:\Users\gerar\.vscode\extensions\redhat.java-1.45.0-win32-x64\jre\21.0.8-win32-x86_64\bin\instrument.dll
0x00007ffa76550000 - 0x00007ffa7656f000 	c:\Users\gerar\.vscode\extensions\redhat.java-1.45.0-win32-x64\jre\21.0.8-win32-x86_64\bin\java.dll
0x00007ffaa2500000 - 0x00007ffaa2da1000 	C:\Windows\System32\SHELL32.dll
0x00007ffaa1b60000 - 0x00007ffaa1c9f000 	C:\Windows\System32\wintypes.dll
0x00007ffa9f6a0000 - 0x00007ffa9ffba000 	C:\Windows\SYSTEM32\windows.storage.dll
0x00007ffaa3560000 - 0x00007ffaa366a000 	C:\Windows\System32\SHCORE.dll
0x00007ffaa39e0000 - 0x00007ffaa3a49000 	C:\Windows\System32\shlwapi.dll
0x00007ffaa1740000 - 0x00007ffaa1765000 	C:\Windows\SYSTEM32\profapi.dll
0x00007ffa76530000 - 0x00007ffa76548000 	c:\Users\gerar\.vscode\extensions\redhat.java-1.45.0-win32-x64\jre\21.0.8-win32-x86_64\bin\zip.dll
0x00007ffa971d0000 - 0x00007ffa971e0000 	C:\Users\gerar\.vscode\extensions\redhat.java-1.45.0-win32-x64\jre\21.0.8-win32-x86_64\bin\net.dll
0x00007ffa9d3c0000 - 0x00007ffa9d4ec000 	C:\Windows\SYSTEM32\WINHTTP.dll
0x00007ffaa0cc0000 - 0x00007ffaa0d29000 	C:\Windows\system32\mswsock.dll
0x00007ffa754a0000 - 0x00007ffa754b6000 	C:\Users\gerar\.vscode\extensions\redhat.java-1.45.0-win32-x64\jre\21.0.8-win32-x86_64\bin\nio.dll
0x00007ffa94e70000 - 0x00007ffa94e80000 	c:\Users\gerar\.vscode\extensions\redhat.java-1.45.0-win32-x64\jre\21.0.8-win32-x86_64\bin\verify.dll
0x00007ffa54bf0000 - 0x00007ffa54c34000 	C:\Users\gerar\AppData\Roaming\Code\User\globalStorage\redhat.java\1.45.0\config_ss_win\org.eclipse.equinox.launcher\org.eclipse.equinox.launcher.win32.win32.x86_64_1.2.1400.v20250801-0854\eclipse_11916.dll
0x00007ffaa33c0000 - 0x00007ffaa3560000 	C:\Windows\System32\ole32.dll
0x00007ffaa0f10000 - 0x00007ffaa0f2b000 	C:\Windows\SYSTEM32\CRYPTSP.dll
0x00007ffaa0740000 - 0x00007ffaa0777000 	C:\Windows\system32\rsaenh.dll
0x00007ffaa0db0000 - 0x00007ffaa0dd8000 	C:\Windows\SYSTEM32\USERENV.dll
0x00007ffaa0f30000 - 0x00007ffaa0f3c000 	C:\Windows\SYSTEM32\CRYPTBASE.dll
0x00007ffaa02b0000 - 0x00007ffaa02dd000 	C:\Windows\SYSTEM32\IPHLPAPI.DLL
0x00007ffaa3670000 - 0x00007ffaa3679000 	C:\Windows\System32\NSI.dll
0x00007ffa54ba0000 - 0x00007ffa54be9000 	C:\Users\gerar\AppData\Local\Temp\jna-98244229\jna14425459577278166282.dll
0x00007ffaa3ee0000 - 0x00007ffaa3ee8000 	C:\Windows\System32\PSAPI.DLL
0x00007ffa9bc50000 - 0x00007ffa9bc69000 	C:\Windows\SYSTEM32\dhcpcsvc6.DLL
0x00007ffa9bc30000 - 0x00007ffa9bc4f000 	C:\Windows\SYSTEM32\dhcpcsvc.DLL

JVMTI agents:
c:\Users\gerar\.vscode\extensions\redhat.java-1.45.0-win32-x64\lombok\lombok-1.18.39-4050.jar path:c:\Users\gerar\.vscode\extensions\redhat.java-1.45.0-win32-x64\jre\21.0.8-win32-x86_64\bin\instrument.dll, loaded, initialized, instrumentlib options:none

dbghelp: loaded successfully - version: 4.0.5 - missing functions: none
symbol engine: initialized successfully - sym options: 0x614 - pdb path: .;c:\Users\gerar\.vscode\extensions\redhat.java-1.45.0-win32-x64\jre\21.0.8-win32-x86_64\bin;C:\Windows\SYSTEM32;C:\Windows\WinSxS\amd64_microsoft.windows.common-controls_6595b64144ccf1df_6.0.22621.5840_none_2710ea077384a4fe;c:\Users\gerar\.vscode\extensions\redhat.java-1.45.0-win32-x64\jre\21.0.8-win32-x86_64\bin\server;C:\Users\gerar\AppData\Roaming\Code\User\globalStorage\redhat.java\1.45.0\config_ss_win\org.eclipse.equinox.launcher\org.eclipse.equinox.launcher.win32.win32.x86_64_1.2.1400.v20250801-0854;C:\Users\gerar\AppData\Local\Temp\jna-98244229

VM Arguments:
jvm_args: --add-modules=ALL-SYSTEM --add-opens=java.base/java.util=ALL-UNNAMED --add-opens=java.base/java.lang=ALL-UNNAMED --add-opens=java.base/sun.nio.fs=ALL-UNNAMED -Declipse.application=org.eclipse.jdt.ls.core.id1 -Dosgi.bundles.defaultStartLevel=4 -Declipse.product=org.eclipse.jdt.ls.core.product -Djava.import.generatesMetadataFilesAtProjectRoot=false -DDetectVMInstallationsJob.disabled=true -Dfile.encoding=utf8 -XX:+UseParallelGC -XX:GCTimeRatio=4 -XX:AdaptiveSizePolicyWeight=90 -Dsun.zip.disableMemoryMapping=true -Xmx2G -Xms100m -Xlog:disable -javaagent:c:\Users\gerar\.vscode\extensions\redhat.java-1.45.0-win32-x64\lombok\lombok-1.18.39-4050.jar 
java_command: c:\Users\gerar\.vscode\extensions\redhat.java-1.45.0-win32-x64\server\plugins\org.eclipse.equinox.launcher_1.7.0.v20250519-0528.jar -configuration c:\Users\gerar\AppData\Roaming\Code\User\globalStorage\redhat.java\1.45.0\config_ss_win -data c:\Users\gerar\AppData\Roaming\Code\User\workspaceStorage\43662f2c530878c830368f2210583480\redhat.java\ss_ws --pipe=\\.\pipe\lsp-3078af5738076e92ebc3ddddd58116c0-sock
java_class_path (initial): c:\Users\gerar\.vscode\extensions\redhat.java-1.45.0-win32-x64\server\plugins\org.eclipse.equinox.launcher_1.7.0.v20250519-0528.jar
Launcher Type: SUN_STANDARD

[Global flags]
    uintx AdaptiveSizePolicyWeight                 = 90                                        {product} {command line}
     intx CICompilerCount                          = 4                                         {product} {ergonomic}
    uintx GCTimeRatio                              = 4                                         {product} {command line}
   size_t InitialHeapSize                          = 104857600                                 {product} {command line}
   size_t MaxHeapSize                              = 2147483648                                {product} {command line}
   size_t MaxNewSize                               = 715653120                                 {product} {ergonomic}
   size_t MinHeapDeltaBytes                        = 524288                                    {product} {ergonomic}
   size_t MinHeapSize                              = 104857600                                 {product} {command line}
   size_t NewSize                                  = 34603008                                  {product} {ergonomic}
    uintx NonNMethodCodeHeapSize                   = 5839372                                {pd product} {ergonomic}
    uintx NonProfiledCodeHeapSize                  = 122909434                              {pd product} {ergonomic}
   size_t OldSize                                  = 70254592                                  {product} {ergonomic}
    uintx ProfiledCodeHeapSize                     = 122909434                              {pd product} {ergonomic}
    uintx ReservedCodeCacheSize                    = 251658240                              {pd product} {ergonomic}
     bool SegmentedCodeCache                       = true                                      {product} {ergonomic}
   size_t SoftMaxHeapSize                          = 2147483648                             {manageable} {ergonomic}
     bool UseCompressedOops                        = true                           {product lp64_product} {ergonomic}
     bool UseLargePagesIndividualAllocation        = false                                  {pd product} {ergonomic}
     bool UseParallelGC                            = true                                      {product} {command line}

Logging:
Log output configuration:
 #0: stdout all=off uptime,level,tags foldmultilines=false
 #1: stderr all=off uptime,level,tags foldmultilines=false

Environment Variables:
PATH=C:\Python313\Scripts\;C:\Python313\;C:\Program Files\Common Files\Oracle\Java\javapath;C:\Windows\system32;C:\Windows;C:\Windows\System32\Wbem;C:\Windows\System32\WindowsPowerShell\v1.0\;C:\Windows\System32\OpenSSH\;C:\Program Files\Git\cmd;C:\Program Files\CMake\bin;C:\Program Files\dotnet\;C:\dev\apache-maven-3.9.9\bin;C:\Program Files (x86)\Windows Kits\10\Windows Performance Toolkit\;C:\xampp\php;C:\composer;C:\Program Files\nodejs\;C:\ProgramData\chocolatey\bin;C:\Program Files\Microsoft SQL Server\150\Tools\Binn\;C:\Program Files\Microsoft SQL Server\Client SDK\ODBC\170\Tools\Binn\;C:\Program Files\Microsoft SQL Server\160\Tools\Binn\;C:\Program Files (x86)\Microsoft SQL Server\160\DTS\Binn\;C:\Program Files (x86)\cloudflared\;C:\Program Files\MySQL\MySQL Shell 8.0\bin\;C:\Users\gerar\AppData\Local\Microsoft\WindowsApps;C:\Users\gerar\AppData\Local\Programs\Microsoft VS Code\bin;C:\dev\flutter\bin;C:\Users\gerar\.dotnet\tools;C:\Users\gerar\AppData\Roaming\Composer\vendor\bin;C:\Users\gerar\AppData\Roaming\npm
USERNAME=gerar
OS=Windows_NT
PROCESSOR_IDENTIFIER=AMD64 Family 23 Model 160 Stepping 0, AuthenticAMD
TMP=C:\Users\gerar\AppData\Local\Temp
TEMP=C:\Users\gerar\AppData\Local\Temp




Periodic native trim disabled

---------------  S Y S T E M  ---------------

OS:
 Windows 11 , 64 bit Build 22621 (10.0.22621.5415)
OS uptime: 1 days 3:18 hours
Hyper-V role detected

CPU: total 8 (initial active 8) (8 cores per cpu, 2 threads per core) family 23 model 160 stepping 0 microcode 0x0, cx8, cmov, fxsr, ht, mmx, 3dnowpref, sse, sse2, sse3, ssse3, sse4a, sse4.1, sse4.2, popcnt, lzcnt, tsc, tscinvbit, avx, avx2, aes, clmul, bmi1, bmi2, adx, sha, fma, vzeroupper, clflush, clflushopt, hv, rdtscp, rdpid, f16c
Processor Information for the first 8 processors :
  Max Mhz: 2401, Current Mhz: 2401, Mhz Limit: 2401

Memory: 4k page, system-wide physical 5965M (41M free)
TotalPageFile size 24397M (AvailPageFile size 0M)
current process WorkingSet (physical memory assigned to process): 146M, peak: 149M
current process commit charge ("private bytes"): 281M, peak: 285M

vm_info: OpenJDK 64-Bit Server VM (21.0.8+9-LTS) for windows-amd64 JRE (21.0.8+9-LTS), built on 2025-07-15T00:00:00Z by "admin" with MS VC++ 17.7 (VS2022)

END.
