#
# There is insufficient memory for the Java Runtime Environment to continue.
# Native memory allocation (malloc) failed to allocate 2097584 bytes. Error detail: Chunk::new
# Possible reasons:
#   The system is out of physical RAM or swap space
#   This process is running with CompressedOops enabled, and the Java Heap may be blocking the growth of the native heap
# Possible solutions:
#   Reduce memory load on the system
#   Increase physical memory or swap space
#   Check if swap backing store is full
#   Decrease Java heap size (-Xmx/-Xms)
#   Decrease number of Java threads
#   Decrease Java thread stack sizes (-Xss)
#   Set larger code cache with -XX:ReservedCodeCacheSize=
#   JVM is running with Unscaled Compressed Oops mode in which the Java heap is
#     placed in the first 4GB address space. The Java Heap base address is the
#     maximum limit for the native heap growth. Please use -XX:HeapBaseMinAddress
#     to set the Java Heap base and to place the Java Heap above 4GB virtual address.
# This output file may be truncated or incomplete.
#
#  Out of Memory Error (arena.cpp:168), pid=61640, tid=61928
#
# JRE version: OpenJDK Runtime Environment Temurin-21.0.8+9 (21.0.8+9) (build 21.0.8+9-LTS)
# Java VM: OpenJDK 64-Bit Server VM Temurin-21.0.8+9 (21.0.8+9-LTS, mixed mode, sharing, tiered, compressed oops, compressed class ptrs, parallel gc, windows-amd64)
# No core dump will be written. Minidumps are not enabled by default on client versions of Windows
#

---------------  S U M M A R Y ------------

Command Line: --add-modules=ALL-SYSTEM --add-opens=java.base/java.util=ALL-UNNAMED --add-opens=java.base/java.lang=ALL-UNNAMED --add-opens=java.base/sun.nio.fs=ALL-UNNAMED -Declipse.application=org.eclipse.jdt.ls.core.id1 -Dosgi.bundles.defaultStartLevel=4 -Declipse.product=org.eclipse.jdt.ls.core.product -Djava.import.generatesMetadataFilesAtProjectRoot=false -DDetectVMInstallationsJob.disabled=true -Dfile.encoding=utf8 -XX:+UseParallelGC -XX:GCTimeRatio=4 -XX:AdaptiveSizePolicyWeight=90 -Dsun.zip.disableMemoryMapping=true -Xmx2G -Xms100m -Xlog:disable -javaagent:c:\Users\gerar\.vscode\extensions\redhat.java-1.45.0-win32-x64\lombok\lombok-1.18.39-4050.jar c:\Users\gerar\.vscode\extensions\redhat.java-1.45.0-win32-x64\server\plugins\org.eclipse.equinox.launcher_1.7.0.v20250519-0528.jar -configuration c:\Users\gerar\AppData\Roaming\Code\User\globalStorage\redhat.java\1.45.0\config_ss_win -data c:\Users\gerar\AppData\Roaming\Code\User\workspaceStorage\43662f2c530878c830368f2210583480\redhat.java\ss_ws --pipe=\\.\pipe\lsp-90af378828ab5b1d5d4b0e66bbe05162-sock

Host: AMD Ryzen 3 7320U with Radeon Graphics         , 8 cores, 5G,  Windows 11 , 64 bit Build 22621 (10.0.22621.5415)
Time: Thu Sep 25 13:15:11 2025 Hora estándar central (México) elapsed time: 5.442511 seconds (0d 0h 0m 5s)

---------------  T H R E A D  ---------------

Current thread (0x000002a4a4ee8a80):  JavaThread "C2 CompilerThread0" daemon [_thread_in_native, id=61928, stack(0x000000ebfcd00000,0x000000ebfce00000) (1024K)]


Current CompileTask:
C2:5442 2731       4       org.lombokweb.asm.ClassReader::readMethod (1070 bytes)

Stack: [0x000000ebfcd00000,0x000000ebfce00000]
Native frames: (J=compiled Java code, j=interpreted, Vv=VM code, C=native code)
V  [jvm.dll+0x6d2449]
V  [jvm.dll+0x8ae341]
V  [jvm.dll+0x8b08be]
V  [jvm.dll+0x8b0fa3]
V  [jvm.dll+0x280c96]
V  [jvm.dll+0xc581d]
V  [jvm.dll+0xc5d53]
V  [jvm.dll+0x3b919c]
V  [jvm.dll+0x1e1409]
V  [jvm.dll+0x249022]
V  [jvm.dll+0x2484af]
V  [jvm.dll+0x1c89ee]
V  [jvm.dll+0x257d4d]
V  [jvm.dll+0x2562ea]
V  [jvm.dll+0x3f2d16]
V  [jvm.dll+0x857e6b]
V  [jvm.dll+0x6d0b0d]
C  [ucrtbase.dll+0x29333]
C  [KERNEL32.DLL+0x1259d]
C  [ntdll.dll+0x5af78]


---------------  P R O C E S S  ---------------

Threads class SMR info:
_java_thread_list=0x000002a4ec151130, length=20, elements={
0x000002a48c0e6b90, 0x000002a4a4ecde20, 0x000002a4a4ecf720, 0x000002a4a4ed4600,
0x000002a4a4ed5510, 0x000002a4a4ed7df0, 0x000002a4a4edc1b0, 0x000002a4a4ee8a80,
0x000002a4a4eef1e0, 0x000002a4e79703d0, 0x000002a4e7bb70d0, 0x000002a4ec3b3180,
0x000002a4ec6f0460, 0x000002a4ec4ceb10, 0x000002a4ec3a2320, 0x000002a4ec67a580,
0x000002a4ec719b90, 0x000002a4ecadbcc0, 0x000002a4ecadfe50, 0x000002a4ecae04e0
}

Java Threads: ( => current thread )
  0x000002a48c0e6b90 JavaThread "main"                              [_thread_blocked, id=61676, stack(0x000000ebfc300000,0x000000ebfc400000) (1024K)]
  0x000002a4a4ecde20 JavaThread "Reference Handler"          daemon [_thread_blocked, id=61964, stack(0x000000ebfc700000,0x000000ebfc800000) (1024K)]
  0x000002a4a4ecf720 JavaThread "Finalizer"                  daemon [_thread_blocked, id=61960, stack(0x000000ebfc800000,0x000000ebfc900000) (1024K)]
  0x000002a4a4ed4600 JavaThread "Signal Dispatcher"          daemon [_thread_blocked, id=61916, stack(0x000000ebfc900000,0x000000ebfca00000) (1024K)]
  0x000002a4a4ed5510 JavaThread "Attach Listener"            daemon [_thread_blocked, id=61912, stack(0x000000ebfca00000,0x000000ebfcb00000) (1024K)]
  0x000002a4a4ed7df0 JavaThread "Service Thread"             daemon [_thread_blocked, id=61908, stack(0x000000ebfcb00000,0x000000ebfcc00000) (1024K)]
  0x000002a4a4edc1b0 JavaThread "Monitor Deflation Thread"   daemon [_thread_blocked, id=61932, stack(0x000000ebfcc00000,0x000000ebfcd00000) (1024K)]
=>0x000002a4a4ee8a80 JavaThread "C2 CompilerThread0"         daemon [_thread_in_native, id=61928, stack(0x000000ebfcd00000,0x000000ebfce00000) (1024K)]
  0x000002a4a4eef1e0 JavaThread "C1 CompilerThread0"         daemon [_thread_blocked, id=61924, stack(0x000000ebfce00000,0x000000ebfcf00000) (1024K)]
  0x000002a4e79703d0 JavaThread "Common-Cleaner"             daemon [_thread_blocked, id=61700, stack(0x000000ebfcf00000,0x000000ebfd000000) (1024K)]
  0x000002a4e7bb70d0 JavaThread "Notification Thread"        daemon [_thread_blocked, id=62216, stack(0x000000ebfd000000,0x000000ebfd100000) (1024K)]
  0x000002a4ec3b3180 JavaThread "Active Thread: Equinox Container: fbe537f4-ee47-4aa1-8698-f4b1e59ea362"        [_thread_blocked, id=46200, stack(0x000000ebfd700000,0x000000ebfd800000) (1024K)]
  0x000002a4ec6f0460 JavaThread "Framework Event Dispatcher: Equinox Container: fbe537f4-ee47-4aa1-8698-f4b1e59ea362" daemon [_thread_blocked, id=61156, stack(0x000000ebfd800000,0x000000ebfd900000) (1024K)]
  0x000002a4ec4ceb10 JavaThread "Start Level: Equinox Container: fbe537f4-ee47-4aa1-8698-f4b1e59ea362" daemon [_thread_in_vm, id=59912, stack(0x000000ebfd900000,0x000000ebfda00000) (1024K)]
  0x000002a4ec3a2320 JavaThread "SCR Component Actor"        daemon [_thread_blocked, id=60768, stack(0x000000ebfdb00000,0x000000ebfdc00000) (1024K)]
  0x000002a4ec67a580 JavaThread "SCR Component Registry"     daemon [_thread_blocked, id=61448, stack(0x000000ebfdc00000,0x000000ebfdd00000) (1024K)]
  0x000002a4ec719b90 JavaThread "Worker-JM"                         [_thread_blocked, id=60440, stack(0x000000ebfdd00000,0x000000ebfde00000) (1024K)]
  0x000002a4ecadbcc0 JavaThread "JNA Cleaner"                daemon [_thread_blocked, id=61484, stack(0x000000ebfde00000,0x000000ebfdf00000) (1024K)]
  0x000002a4ecadfe50 JavaThread "Worker-0"                          [_thread_blocked, id=24760, stack(0x000000ebfdf00000,0x000000ebfe000000) (1024K)]
  0x000002a4ecae04e0 JavaThread "Worker-1"                          [_thread_blocked, id=53736, stack(0x000000ebfe000000,0x000000ebfe100000) (1024K)]
Total: 20

Other Threads:
  0x000002a48e52eb10 VMThread "VM Thread"                           [id=61952, stack(0x000000ebfc600000,0x000000ebfc700000) (1024K)]
  0x000002a48e4d84a0 WatcherThread "VM Periodic Task Thread"        [id=61936, stack(0x000000ebfc500000,0x000000ebfc600000) (1024K)]
  0x000002a48e48cc90 WorkerThread "GC Thread#0"                     [id=61644, stack(0x000000ebfc400000,0x000000ebfc500000) (1024K)]
  0x000002a4ec2293f0 WorkerThread "GC Thread#1"                     [id=62428, stack(0x000000ebfd100000,0x000000ebfd200000) (1024K)]
  0x000002a4ec01ed30 WorkerThread "GC Thread#2"                     [id=62440, stack(0x000000ebfd200000,0x000000ebfd300000) (1024K)]
  0x000002a4ec22c490 WorkerThread "GC Thread#3"                     [id=62424, stack(0x000000ebfd300000,0x000000ebfd400000) (1024K)]
  0x000002a4ec3d2f60 WorkerThread "GC Thread#4"                     [id=62408, stack(0x000000ebfd400000,0x000000ebfd500000) (1024K)]
  0x000002a4ec23ad70 WorkerThread "GC Thread#5"                     [id=60548, stack(0x000000ebfd500000,0x000000ebfd600000) (1024K)]
  0x000002a4ec251820 WorkerThread "GC Thread#6"                     [id=52780, stack(0x000000ebfd600000,0x000000ebfd700000) (1024K)]
  0x000002a4ec2f7d30 WorkerThread "GC Thread#7"                     [id=55856, stack(0x000000ebfda00000,0x000000ebfdb00000) (1024K)]
Total: 10

Threads with active compile tasks:
C2 CompilerThread0  5466 2731       4       org.lombokweb.asm.ClassReader::readMethod (1070 bytes)
Total: 1

VM state: not at safepoint (normal execution)

VM Mutex/Monitor currently owned by a thread: None

Heap address: 0x0000000080000000, size: 2048 MB, Compressed Oops mode: 32-bit

CDS archive(s) mapped at: [0x000002a4a5000000-0x000002a4a5ba0000-0x000002a4a5ba0000), size 12189696, SharedBaseAddress: 0x000002a4a5000000, ArchiveRelocationMode: 1.
Compressed class space mapped at: 0x000002a4a6000000-0x000002a4e6000000, reserved size: 1073741824
Narrow klass base: 0x000002a4a5000000, Narrow klass shift: 0, Narrow klass range: 0x100000000

GC Precious Log:
 CardTable entry size: 512
 CPUs: 8 total, 8 available
 Memory: 5965M
 Large Page Support: Disabled
 NUMA Support: Disabled
 Compressed Oops: Enabled (32-bit)
 Alignments: Space 512K, Generation 512K, Heap 2M
 Heap Min Capacity: 100M
 Heap Initial Capacity: 100M
 Heap Max Capacity: 2G
 Pre-touch: Disabled
 Parallel Workers: 8

Heap:
 PSYoungGen      total 27136K, used 10857K [0x00000000d5580000, 0x00000000d7480000, 0x0000000100000000)
  eden space 24576K, 34% used [0x00000000d5580000,0x00000000d5dc8540,0x00000000d6d80000)
  from space 2560K, 92% used [0x00000000d6e80000,0x00000000d70d22b0,0x00000000d7100000)
  to   space 3584K, 0% used [0x00000000d7100000,0x00000000d7100000,0x00000000d7480000)
 ParOldGen       total 68608K, used 8974K [0x0000000080000000, 0x0000000084300000, 0x00000000d5580000)
  object space 68608K, 13% used [0x0000000080000000,0x00000000808c3aa0,0x0000000084300000)
 Metaspace       used 24329K, committed 25088K, reserved 1114112K
  class space    used 2351K, committed 2688K, reserved 1048576K

Card table byte_map: [0x000002a48de40000,0x000002a48e250000] _byte_map_base: 0x000002a48da40000

Marking Bits: (ParMarkBitMap*) 0x00007ffa1636a340
 Begin Bits: [0x000002a4a0910000, 0x000002a4a2910000)
 End Bits:   [0x000002a4a2910000, 0x000002a4a4910000)

Polling page: 0x000002a48dc30000

Metaspace:

Usage:
  Non-class:     21.46 MB used.
      Class:      2.30 MB used.
       Both:     23.76 MB used.

Virtual space:
  Non-class space:       64.00 MB reserved,      21.88 MB ( 34%) committed,  1 nodes.
      Class space:        1.00 GB reserved,       2.62 MB ( <1%) committed,  1 nodes.
             Both:        1.06 GB reserved,      24.50 MB (  2%) committed. 

Chunk freelists:
   Non-Class:  10.08 MB
       Class:  13.22 MB
        Both:  23.30 MB

MaxMetaspaceSize: unlimited
CompressedClassSpaceSize: 1.00 GB
Initial GC threshold: 21.00 MB
Current GC threshold: 35.00 MB
CDS: on
 - commit_granule_bytes: 65536.
 - commit_granule_words: 8192.
 - virtual_space_node_default_size: 8388608.
 - enlarge_chunks_in_place: 1.
 - use_allocation_guard: 0.


Internal statistics:

num_allocs_failed_limit: 3.
num_arena_births: 522.
num_arena_deaths: 14.
num_vsnodes_births: 2.
num_vsnodes_deaths: 0.
num_space_committed: 392.
num_space_uncommitted: 0.
num_chunks_returned_to_freelist: 17.
num_chunks_taken_from_freelist: 1422.
num_chunk_merges: 8.
num_chunk_splits: 933.
num_chunks_enlarged: 617.
num_inconsistent_stats: 0.

CodeHeap 'non-profiled nmethods': size=120000Kb used=1118Kb max_used=1118Kb free=118881Kb
 bounds [0x000002a499130000, 0x000002a4993a0000, 0x000002a4a0660000]
CodeHeap 'profiled nmethods': size=120000Kb used=5972Kb max_used=5972Kb free=114027Kb
 bounds [0x000002a491660000, 0x000002a491c40000, 0x000002a498b90000]
CodeHeap 'non-nmethods': size=5760Kb used=1329Kb max_used=1329Kb free=4430Kb
 bounds [0x000002a498b90000, 0x000002a498e00000, 0x000002a499130000]
CodeCache: size=245760Kb, used=8419Kb, max_used=8419Kb, free=237338Kb
 total_blobs=3612, nmethods=2998, adapters=520, full_count=0
Compilation: enabled, stopped_count=0, restarted_count=0

Compilation events (20 events):
Event: 5.425 Thread 0x000002a4a4eef1e0 3006       2       java.util.TreeMap::colorOf (13 bytes)
Event: 5.426 Thread 0x000002a4a4eef1e0 nmethod 3006 0x000002a491c2cc90 code [0x000002a491c2ce20, 0x000002a491c2cf28]
Event: 5.426 Thread 0x000002a4a4eef1e0 3004       2       java.util.TreeMap$Entry::<init> (25 bytes)
Event: 5.426 Thread 0x000002a4a4eef1e0 nmethod 3004 0x000002a491c2d010 code [0x000002a491c2d1a0, 0x000002a491c2d2e8]
Event: 5.426 Thread 0x000002a4a4eef1e0 3008       2       java.util.TreeMap::rightOf (13 bytes)
Event: 5.426 Thread 0x000002a4a4eef1e0 nmethod 3008 0x000002a491c2d390 code [0x000002a491c2d540, 0x000002a491c2d668]
Event: 5.426 Thread 0x000002a4a4eef1e0 2998       2       java.util.TreeMap::addEntry (59 bytes)
Event: 5.426 Thread 0x000002a4a4eef1e0 nmethod 2998 0x000002a491c2d710 code [0x000002a491c2d8c0, 0x000002a491c2db08]
Event: 5.426 Thread 0x000002a4a4eef1e0 3009       2       java.util.TreeMap::putIfAbsent (8 bytes)
Event: 5.426 Thread 0x000002a4a4eef1e0 nmethod 3009 0x000002a491c2dc90 code [0x000002a491c2de40, 0x000002a491c2df68]
Event: 5.426 Thread 0x000002a4a4eef1e0 3001       2       java.lang.String$CaseInsensitiveComparator::compare (13 bytes)
Event: 5.426 Thread 0x000002a4a4eef1e0 nmethod 3001 0x000002a491c2e010 code [0x000002a491c2e1c0, 0x000002a491c2e360]
Event: 5.426 Thread 0x000002a4a4eef1e0 3002       2       java.lang.String$CaseInsensitiveComparator::compare (68 bytes)
Event: 5.427 Thread 0x000002a4a4eef1e0 nmethod 3002 0x000002a491c2e490 code [0x000002a491c2e680, 0x000002a491c2e8c8]
Event: 5.427 Thread 0x000002a4a4eef1e0 3010       2       java.util.TreeMap::rotateLeft (96 bytes)
Event: 5.427 Thread 0x000002a4a4eef1e0 nmethod 3010 0x000002a491c2ea10 code [0x000002a491c2ebc0, 0x000002a491c2edf0]
Event: 5.432 Thread 0x000002a4a4eef1e0 3011       2       jdk.internal.reflect.ReflectionFactory::copyConstructor (11 bytes)
Event: 5.433 Thread 0x000002a4a4eef1e0 nmethod 3011 0x000002a491c2ef10 code [0x000002a491c2f0c0, 0x000002a491c2f230]
Event: 5.433 Thread 0x000002a4a4eef1e0 3012       2       java.lang.reflect.ReflectAccess::copyConstructor (5 bytes)
Event: 5.433 Thread 0x000002a4a4eef1e0 nmethod 3012 0x000002a491c2f390 code [0x000002a491c2f540, 0x000002a491c2f668]

GC Heap History (16 events):
Event: 1.108 GC heap before
{Heap before GC invocations=1 (full 0):
 PSYoungGen      total 29696K, used 25600K [0x00000000d5580000, 0x00000000d7680000, 0x0000000100000000)
  eden space 25600K, 100% used [0x00000000d5580000,0x00000000d6e80000,0x00000000d6e80000)
  from space 4096K, 0% used [0x00000000d7280000,0x00000000d7280000,0x00000000d7680000)
  to   space 4096K, 0% used [0x00000000d6e80000,0x00000000d6e80000,0x00000000d7280000)
 ParOldGen       total 68608K, used 0K [0x0000000080000000, 0x0000000084300000, 0x00000000d5580000)
  object space 68608K, 0% used [0x0000000080000000,0x0000000080000000,0x0000000084300000)
 Metaspace       used 4316K, committed 4608K, reserved 1114112K
  class space    used 470K, committed 576K, reserved 1048576K
}
Event: 1.115 GC heap after
{Heap after GC invocations=1 (full 0):
 PSYoungGen      total 29696K, used 3335K [0x00000000d5580000, 0x00000000d7680000, 0x0000000100000000)
  eden space 25600K, 0% used [0x00000000d5580000,0x00000000d5580000,0x00000000d6e80000)
  from space 4096K, 81% used [0x00000000d6e80000,0x00000000d71c1e18,0x00000000d7280000)
  to   space 4096K, 0% used [0x00000000d7280000,0x00000000d7280000,0x00000000d7680000)
 ParOldGen       total 68608K, used 16K [0x0000000080000000, 0x0000000084300000, 0x00000000d5580000)
  object space 68608K, 0% used [0x0000000080000000,0x0000000080004000,0x0000000084300000)
 Metaspace       used 4316K, committed 4608K, reserved 1114112K
  class space    used 470K, committed 576K, reserved 1048576K
}
Event: 1.868 GC heap before
{Heap before GC invocations=2 (full 0):
 PSYoungGen      total 29696K, used 28935K [0x00000000d5580000, 0x00000000d7680000, 0x0000000100000000)
  eden space 25600K, 100% used [0x00000000d5580000,0x00000000d6e80000,0x00000000d6e80000)
  from space 4096K, 81% used [0x00000000d6e80000,0x00000000d71c1e18,0x00000000d7280000)
  to   space 4096K, 0% used [0x00000000d7280000,0x00000000d7280000,0x00000000d7680000)
 ParOldGen       total 68608K, used 16K [0x0000000080000000, 0x0000000084300000, 0x00000000d5580000)
  object space 68608K, 0% used [0x0000000080000000,0x0000000080004000,0x0000000084300000)
 Metaspace       used 8137K, committed 8448K, reserved 1114112K
  class space    used 867K, committed 1024K, reserved 1048576K
}
Event: 1.874 GC heap after
{Heap after GC invocations=2 (full 0):
 PSYoungGen      total 29696K, used 4075K [0x00000000d5580000, 0x00000000d7680000, 0x0000000100000000)
  eden space 25600K, 0% used [0x00000000d5580000,0x00000000d5580000,0x00000000d6e80000)
  from space 4096K, 99% used [0x00000000d7280000,0x00000000d767af70,0x00000000d7680000)
  to   space 4096K, 0% used [0x00000000d6e80000,0x00000000d6e80000,0x00000000d7280000)
 ParOldGen       total 68608K, used 915K [0x0000000080000000, 0x0000000084300000, 0x00000000d5580000)
  object space 68608K, 1% used [0x0000000080000000,0x00000000800e4ec8,0x0000000084300000)
 Metaspace       used 8137K, committed 8448K, reserved 1114112K
  class space    used 867K, committed 1024K, reserved 1048576K
}
Event: 2.827 GC heap before
{Heap before GC invocations=3 (full 0):
 PSYoungGen      total 29696K, used 29675K [0x00000000d5580000, 0x00000000d7680000, 0x0000000100000000)
  eden space 25600K, 100% used [0x00000000d5580000,0x00000000d6e80000,0x00000000d6e80000)
  from space 4096K, 99% used [0x00000000d7280000,0x00000000d767af70,0x00000000d7680000)
  to   space 4096K, 0% used [0x00000000d6e80000,0x00000000d6e80000,0x00000000d7280000)
 ParOldGen       total 68608K, used 915K [0x0000000080000000, 0x0000000084300000, 0x00000000d5580000)
  object space 68608K, 1% used [0x0000000080000000,0x00000000800e4ec8,0x0000000084300000)
 Metaspace       used 12955K, committed 13440K, reserved 1114112K
  class space    used 1370K, committed 1600K, reserved 1048576K
}
Event: 2.835 GC heap after
{Heap after GC invocations=3 (full 0):
 PSYoungGen      total 29696K, used 4085K [0x00000000d5580000, 0x00000000d7680000, 0x0000000100000000)
  eden space 25600K, 0% used [0x00000000d5580000,0x00000000d5580000,0x00000000d6e80000)
  from space 4096K, 99% used [0x00000000d6e80000,0x00000000d727d6d0,0x00000000d7280000)
  to   space 4096K, 0% used [0x00000000d7280000,0x00000000d7280000,0x00000000d7680000)
 ParOldGen       total 68608K, used 2658K [0x0000000080000000, 0x0000000084300000, 0x00000000d5580000)
  object space 68608K, 3% used [0x0000000080000000,0x0000000080298908,0x0000000084300000)
 Metaspace       used 12955K, committed 13440K, reserved 1114112K
  class space    used 1370K, committed 1600K, reserved 1048576K
}
Event: 3.801 GC heap before
{Heap before GC invocations=4 (full 0):
 PSYoungGen      total 29696K, used 29685K [0x00000000d5580000, 0x00000000d7680000, 0x0000000100000000)
  eden space 25600K, 100% used [0x00000000d5580000,0x00000000d6e80000,0x00000000d6e80000)
  from space 4096K, 99% used [0x00000000d6e80000,0x00000000d727d6d0,0x00000000d7280000)
  to   space 4096K, 0% used [0x00000000d7280000,0x00000000d7280000,0x00000000d7680000)
 ParOldGen       total 68608K, used 2658K [0x0000000080000000, 0x0000000084300000, 0x00000000d5580000)
  object space 68608K, 3% used [0x0000000080000000,0x0000000080298908,0x0000000084300000)
 Metaspace       used 16974K, committed 17600K, reserved 1114112K
  class space    used 1782K, committed 2112K, reserved 1048576K
}
Event: 3.809 GC heap after
{Heap after GC invocations=4 (full 0):
 PSYoungGen      total 29696K, used 4089K [0x00000000d5580000, 0x00000000d7680000, 0x0000000100000000)
  eden space 25600K, 0% used [0x00000000d5580000,0x00000000d5580000,0x00000000d6e80000)
  from space 4096K, 99% used [0x00000000d7280000,0x00000000d767e5a0,0x00000000d7680000)
  to   space 4096K, 0% used [0x00000000d6e80000,0x00000000d6e80000,0x00000000d7280000)
 ParOldGen       total 68608K, used 4595K [0x0000000080000000, 0x0000000084300000, 0x00000000d5580000)
  object space 68608K, 6% used [0x0000000080000000,0x000000008047ce20,0x0000000084300000)
 Metaspace       used 16974K, committed 17600K, reserved 1114112K
  class space    used 1782K, committed 2112K, reserved 1048576K
}
Event: 4.366 GC heap before
{Heap before GC invocations=5 (full 0):
 PSYoungGen      total 29696K, used 29689K [0x00000000d5580000, 0x00000000d7680000, 0x0000000100000000)
  eden space 25600K, 100% used [0x00000000d5580000,0x00000000d6e80000,0x00000000d6e80000)
  from space 4096K, 99% used [0x00000000d7280000,0x00000000d767e5a0,0x00000000d7680000)
  to   space 4096K, 0% used [0x00000000d6e80000,0x00000000d6e80000,0x00000000d7280000)
 ParOldGen       total 68608K, used 4595K [0x0000000080000000, 0x0000000084300000, 0x00000000d5580000)
  object space 68608K, 6% used [0x0000000080000000,0x000000008047ce20,0x0000000084300000)
 Metaspace       used 20295K, committed 20928K, reserved 1114112K
  class space    used 2006K, committed 2304K, reserved 1048576K
}
Event: 4.369 GC heap after
{Heap after GC invocations=5 (full 0):
 PSYoungGen      total 29184K, used 4079K [0x00000000d5580000, 0x00000000d7800000, 0x0000000100000000)
  eden space 25088K, 0% used [0x00000000d5580000,0x00000000d5580000,0x00000000d6e00000)
  from space 4096K, 99% used [0x00000000d6e80000,0x00000000d727be58,0x00000000d7280000)
  to   space 5120K, 0% used [0x00000000d7300000,0x00000000d7300000,0x00000000d7800000)
 ParOldGen       total 68608K, used 4859K [0x0000000080000000, 0x0000000084300000, 0x00000000d5580000)
  object space 68608K, 7% used [0x0000000080000000,0x00000000804bee20,0x0000000084300000)
 Metaspace       used 20295K, committed 20928K, reserved 1114112K
  class space    used 2006K, committed 2304K, reserved 1048576K
}
Event: 4.506 GC heap before
{Heap before GC invocations=6 (full 0):
 PSYoungGen      total 29184K, used 10693K [0x00000000d5580000, 0x00000000d7800000, 0x0000000100000000)
  eden space 25088K, 26% used [0x00000000d5580000,0x00000000d5bf5860,0x00000000d6e00000)
  from space 4096K, 99% used [0x00000000d6e80000,0x00000000d727be58,0x00000000d7280000)
  to   space 5120K, 0% used [0x00000000d7300000,0x00000000d7300000,0x00000000d7800000)
 ParOldGen       total 68608K, used 4859K [0x0000000080000000, 0x0000000084300000, 0x00000000d5580000)
  object space 68608K, 7% used [0x0000000080000000,0x00000000804bee20,0x0000000084300000)
 Metaspace       used 20854K, committed 21504K, reserved 1114112K
  class space    used 2050K, committed 2368K, reserved 1048576K
}
Event: 4.509 GC heap after
{Heap after GC invocations=6 (full 0):
 PSYoungGen      total 29696K, used 4413K [0x00000000d5580000, 0x00000000d7780000, 0x0000000100000000)
  eden space 25088K, 0% used [0x00000000d5580000,0x00000000d5580000,0x00000000d6e00000)
  from space 4608K, 95% used [0x00000000d7300000,0x00000000d774f790,0x00000000d7780000)
  to   space 4608K, 0% used [0x00000000d6e80000,0x00000000d6e80000,0x00000000d7300000)
 ParOldGen       total 68608K, used 4867K [0x0000000080000000, 0x0000000084300000, 0x00000000d5580000)
  object space 68608K, 7% used [0x0000000080000000,0x00000000804c0e20,0x0000000084300000)
 Metaspace       used 20854K, committed 21504K, reserved 1114112K
  class space    used 2050K, committed 2368K, reserved 1048576K
}
Event: 4.509 GC heap before
{Heap before GC invocations=7 (full 1):
 PSYoungGen      total 29696K, used 4413K [0x00000000d5580000, 0x00000000d7780000, 0x0000000100000000)
  eden space 25088K, 0% used [0x00000000d5580000,0x00000000d5580000,0x00000000d6e00000)
  from space 4608K, 95% used [0x00000000d7300000,0x00000000d774f790,0x00000000d7780000)
  to   space 4608K, 0% used [0x00000000d6e80000,0x00000000d6e80000,0x00000000d7300000)
 ParOldGen       total 68608K, used 4867K [0x0000000080000000, 0x0000000084300000, 0x00000000d5580000)
  object space 68608K, 7% used [0x0000000080000000,0x00000000804c0e20,0x0000000084300000)
 Metaspace       used 20854K, committed 21504K, reserved 1114112K
  class space    used 2050K, committed 2368K, reserved 1048576K
}
Event: 4.541 GC heap after
{Heap after GC invocations=7 (full 1):
 PSYoungGen      total 29696K, used 0K [0x00000000d5580000, 0x00000000d7780000, 0x0000000100000000)
  eden space 25088K, 0% used [0x00000000d5580000,0x00000000d5580000,0x00000000d6e00000)
  from space 4608K, 0% used [0x00000000d7300000,0x00000000d7300000,0x00000000d7780000)
  to   space 4608K, 0% used [0x00000000d6e80000,0x00000000d6e80000,0x00000000d7300000)
 ParOldGen       total 68608K, used 8966K [0x0000000080000000, 0x0000000084300000, 0x00000000d5580000)
  object space 68608K, 13% used [0x0000000080000000,0x00000000808c1aa0,0x0000000084300000)
 Metaspace       used 20842K, committed 21504K, reserved 1114112K
  class space    used 2046K, committed 2368K, reserved 1048576K
}
Event: 5.192 GC heap before
{Heap before GC invocations=8 (full 1):
 PSYoungGen      total 29696K, used 25088K [0x00000000d5580000, 0x00000000d7780000, 0x0000000100000000)
  eden space 25088K, 100% used [0x00000000d5580000,0x00000000d6e00000,0x00000000d6e00000)
  from space 4608K, 0% used [0x00000000d7300000,0x00000000d7300000,0x00000000d7780000)
  to   space 4608K, 0% used [0x00000000d6e80000,0x00000000d6e80000,0x00000000d7300000)
 ParOldGen       total 68608K, used 8966K [0x0000000080000000, 0x0000000084300000, 0x00000000d5580000)
  object space 68608K, 13% used [0x0000000080000000,0x00000000808c1aa0,0x0000000084300000)
 Metaspace       used 22989K, committed 23680K, reserved 1114112K
  class space    used 2221K, committed 2560K, reserved 1048576K
}
Event: 5.195 GC heap after
{Heap after GC invocations=8 (full 1):
 PSYoungGen      total 27136K, used 2376K [0x00000000d5580000, 0x00000000d7480000, 0x0000000100000000)
  eden space 24576K, 0% used [0x00000000d5580000,0x00000000d5580000,0x00000000d6d80000)
  from space 2560K, 92% used [0x00000000d6e80000,0x00000000d70d22b0,0x00000000d7100000)
  to   space 3584K, 0% used [0x00000000d7100000,0x00000000d7100000,0x00000000d7480000)
 ParOldGen       total 68608K, used 8974K [0x0000000080000000, 0x0000000084300000, 0x00000000d5580000)
  object space 68608K, 13% used [0x0000000080000000,0x00000000808c3aa0,0x0000000084300000)
 Metaspace       used 22989K, committed 23680K, reserved 1114112K
  class space    used 2221K, committed 2560K, reserved 1048576K
}

Dll operation events (10 events):
Event: 0.011 Loaded shared library c:\Users\gerar\.vscode\extensions\redhat.java-1.45.0-win32-x64\jre\21.0.8-win32-x86_64\bin\java.dll
Event: 0.121 Loaded shared library c:\Users\gerar\.vscode\extensions\redhat.java-1.45.0-win32-x64\jre\21.0.8-win32-x86_64\bin\zip.dll
Event: 0.161 Loaded shared library C:\Users\gerar\.vscode\extensions\redhat.java-1.45.0-win32-x64\jre\21.0.8-win32-x86_64\bin\instrument.dll
Event: 0.168 Loaded shared library C:\Users\gerar\.vscode\extensions\redhat.java-1.45.0-win32-x64\jre\21.0.8-win32-x86_64\bin\net.dll
Event: 0.171 Loaded shared library C:\Users\gerar\.vscode\extensions\redhat.java-1.45.0-win32-x64\jre\21.0.8-win32-x86_64\bin\nio.dll
Event: 0.178 Loaded shared library C:\Users\gerar\.vscode\extensions\redhat.java-1.45.0-win32-x64\jre\21.0.8-win32-x86_64\bin\zip.dll
Event: 0.208 Loaded shared library C:\Users\gerar\.vscode\extensions\redhat.java-1.45.0-win32-x64\jre\21.0.8-win32-x86_64\bin\jimage.dll
Event: 0.349 Loaded shared library c:\Users\gerar\.vscode\extensions\redhat.java-1.45.0-win32-x64\jre\21.0.8-win32-x86_64\bin\verify.dll
Event: 1.830 Loaded shared library C:\Users\gerar\AppData\Roaming\Code\User\globalStorage\redhat.java\1.45.0\config_ss_win\org.eclipse.equinox.launcher\org.eclipse.equinox.launcher.win32.win32.x86_64_1.2.1400.v20250801-0854\eclipse_11916.dll
Event: 3.370 Loaded shared library C:\Users\gerar\AppData\Local\Temp\jna-98244229\jna8244396073317219027.dll

Deoptimization events (20 events):
Event: 5.290 Thread 0x000002a4ec4ceb10 DEOPT PACKING pc=0x000002a491bd73c9 sp=0x000000ebfd9f8870
Event: 5.290 Thread 0x000002a4ec4ceb10 DEOPT UNPACKING pc=0x000002a498be4242 sp=0x000000ebfd9f7ce0 mode 0
Event: 5.291 Thread 0x000002a4ec4ceb10 DEOPT PACKING pc=0x000002a491bd73c9 sp=0x000000ebfd9f8870
Event: 5.291 Thread 0x000002a4ec4ceb10 DEOPT UNPACKING pc=0x000002a498be4242 sp=0x000000ebfd9f7ce0 mode 0
Event: 5.291 Thread 0x000002a4ec4ceb10 DEOPT PACKING pc=0x000002a491bd73c9 sp=0x000000ebfd9f8870
Event: 5.291 Thread 0x000002a4ec4ceb10 DEOPT UNPACKING pc=0x000002a498be4242 sp=0x000000ebfd9f7ce0 mode 0
Event: 5.291 Thread 0x000002a4ec4ceb10 DEOPT PACKING pc=0x000002a491bd73c9 sp=0x000000ebfd9f8870
Event: 5.291 Thread 0x000002a4ec4ceb10 DEOPT UNPACKING pc=0x000002a498be4242 sp=0x000000ebfd9f7ce0 mode 0
Event: 5.291 Thread 0x000002a4ec4ceb10 DEOPT PACKING pc=0x000002a491bd73c9 sp=0x000000ebfd9f8870
Event: 5.291 Thread 0x000002a4ec4ceb10 DEOPT UNPACKING pc=0x000002a498be4242 sp=0x000000ebfd9f7ce0 mode 0
Event: 5.291 Thread 0x000002a4ec4ceb10 DEOPT PACKING pc=0x000002a491bd73c9 sp=0x000000ebfd9f8870
Event: 5.291 Thread 0x000002a4ec4ceb10 DEOPT UNPACKING pc=0x000002a498be4242 sp=0x000000ebfd9f7ce0 mode 0
Event: 5.291 Thread 0x000002a4ec4ceb10 DEOPT PACKING pc=0x000002a491bd73c9 sp=0x000000ebfd9f8870
Event: 5.291 Thread 0x000002a4ec4ceb10 DEOPT UNPACKING pc=0x000002a498be4242 sp=0x000000ebfd9f7ce0 mode 0
Event: 5.291 Thread 0x000002a4ec4ceb10 DEOPT PACKING pc=0x000002a491bd73c9 sp=0x000000ebfd9f8870
Event: 5.291 Thread 0x000002a4ec4ceb10 DEOPT UNPACKING pc=0x000002a498be4242 sp=0x000000ebfd9f7ce0 mode 0
Event: 5.300 Thread 0x000002a4ec4ceb10 DEOPT PACKING pc=0x000002a491bd73c9 sp=0x000000ebfd9fbce0
Event: 5.300 Thread 0x000002a4ec4ceb10 DEOPT UNPACKING pc=0x000002a498be4242 sp=0x000000ebfd9fb150 mode 0
Event: 5.359 Thread 0x000002a4ec4ceb10 DEOPT PACKING pc=0x000002a491bd73c9 sp=0x000000ebfd9fcc50
Event: 5.359 Thread 0x000002a4ec4ceb10 DEOPT UNPACKING pc=0x000002a498be4242 sp=0x000000ebfd9fc0d8 mode 0

Classes loaded (20 events):
Event: 5.413 Loading class com/sun/org/apache/xml/internal/serializer/ToStream$BoolStack
Event: 5.413 Loading class com/sun/org/apache/xml/internal/serializer/ToStream$BoolStack done
Event: 5.413 Loading class com/sun/org/apache/xml/internal/serializer/EncodingInfo
Event: 5.413 Loading class com/sun/org/apache/xml/internal/serializer/EncodingInfo done
Event: 5.413 Loading class com/sun/org/apache/xml/internal/serializer/ToStream$CharacterBuffer
Event: 5.414 Loading class com/sun/org/apache/xml/internal/serializer/ToStream$CharacterBuffer done
Event: 5.414 Loading class com/sun/org/apache/xml/internal/serializer/Encodings
Event: 5.414 Loading class com/sun/org/apache/xml/internal/serializer/Encodings done
Event: 5.414 Loading class com/sun/org/apache/xml/internal/serializer/Encodings$EncodingInfos
Event: 5.414 Loading class com/sun/org/apache/xml/internal/serializer/Encodings$EncodingInfos done
Event: 5.416 Loading class java/nio/charset/Charset$ExtendedProviderHolder
Event: 5.416 Loading class java/nio/charset/Charset$ExtendedProviderHolder done
Event: 5.416 Loading class java/nio/charset/Charset$ExtendedProviderHolder$1
Event: 5.416 Loading class java/nio/charset/Charset$ExtendedProviderHolder$1 done
Event: 5.431 Loading class java/nio/charset/Charset$ThreadTrackHolder
Event: 5.431 Loading class java/nio/charset/Charset$ThreadTrackHolder done
Event: 5.432 Loading class java/nio/charset/Charset$2
Event: 5.432 Loading class java/nio/charset/Charset$2 done
Event: 5.432 Loading class java/nio/charset/Charset$1
Event: 5.432 Loading class java/nio/charset/Charset$1 done

Classes unloaded (7 events):
Event: 4.515 Thread 0x000002a48e52eb10 Unloading class 0x000002a4a618c000 'java/lang/invoke/LambdaForm$MH+0x000002a4a618c000'
Event: 4.515 Thread 0x000002a48e52eb10 Unloading class 0x000002a4a618bc00 'java/lang/invoke/LambdaForm$MH+0x000002a4a618bc00'
Event: 4.515 Thread 0x000002a48e52eb10 Unloading class 0x000002a4a618b800 'java/lang/invoke/LambdaForm$MH+0x000002a4a618b800'
Event: 4.515 Thread 0x000002a48e52eb10 Unloading class 0x000002a4a618b400 'java/lang/invoke/LambdaForm$MH+0x000002a4a618b400'
Event: 4.515 Thread 0x000002a48e52eb10 Unloading class 0x000002a4a618b000 'java/lang/invoke/LambdaForm$BMH+0x000002a4a618b000'
Event: 4.515 Thread 0x000002a48e52eb10 Unloading class 0x000002a4a618ac00 'java/lang/invoke/LambdaForm$DMH+0x000002a4a618ac00'
Event: 4.515 Thread 0x000002a48e52eb10 Unloading class 0x000002a4a6189800 'java/lang/invoke/LambdaForm$DMH+0x000002a4a6189800'

Classes redefined (0 events):
No events

Internal exceptions (20 events):
Event: 3.472 Thread 0x000002a4ec4ceb10 Exception <a 'java/lang/NoSuchMethodError'{0x00000000d6663920}: 'java.lang.Object java.lang.invoke.DirectMethodHandle$Holder.invokeSpecial(java.lang.Object, java.lang.Object, java.lang.Object, java.lang.Object, long)'> (0x00000000d6663920) 
thrown [s\src\hotspot\share\interpreter\linkResolver.cpp, line 773]
Event: 3.472 Thread 0x000002a4ec4ceb10 Exception <a 'java/lang/NoSuchMethodError'{0x00000000d6667540}: 'java.lang.Object java.lang.invoke.Invokers$Holder.linkToTargetMethod(java.lang.Object, java.lang.Object, long, java.lang.Object)'> (0x00000000d6667540) 
thrown [s\src\hotspot\share\interpreter\linkResolver.cpp, line 773]
Event: 3.490 Thread 0x000002a4ec4ceb10 Exception <a 'java/lang/NoSuchMethodError'{0x00000000d66d91a8}: 'int java.lang.invoke.DirectMethodHandle$Holder.invokeStaticInit(java.lang.Object, java.lang.Object, java.lang.Object)'> (0x00000000d66d91a8) 
thrown [s\src\hotspot\share\interpreter\linkResolver.cpp, line 773]
Event: 3.505 Thread 0x000002a4ec4ceb10 Exception <a 'java/lang/IncompatibleClassChangeError'{0x00000000d675b298}: Found class java.lang.Object, but interface was expected> (0x00000000d675b298) 
thrown [s\src\hotspot\share\interpreter\linkResolver.cpp, line 840]
Event: 3.514 Thread 0x000002a4ec4ceb10 Exception <a 'java/lang/NoSuchMethodError'{0x00000000d676dd80}: 'java.lang.Object java.lang.invoke.DirectMethodHandle$Holder.invokeSpecial(java.lang.Object, java.lang.Object, java.lang.Object, int, java.lang.Object, java.lang.Object)'> (0x00000000d676dd80) 
thrown [s\src\hotspot\share\interpreter\linkResolver.cpp, line 773]
Event: 3.519 Thread 0x000002a4ec4ceb10 Exception <a 'java/lang/NoSuchMethodError'{0x00000000d6775858}: 'java.lang.Object java.lang.invoke.DirectMethodHandle$Holder.newInvokeSpecial(java.lang.Object, java.lang.Object, java.lang.Object, int, java.lang.Object)'> (0x00000000d6775858) 
thrown [s\src\hotspot\share\interpreter\linkResolver.cpp, line 773]
Event: 3.519 Thread 0x000002a4ec4ceb10 Exception <a 'java/lang/NoSuchMethodError'{0x00000000d6779d38}: 'java.lang.Object java.lang.invoke.DirectMethodHandle$Holder.invokeSpecial(java.lang.Object, java.lang.Object, java.lang.Object, java.lang.Object, int, java.lang.Object)'> (0x00000000d6779d38) 
thrown [s\src\hotspot\share\interpreter\linkResolver.cpp, line 773]
Event: 3.521 Thread 0x000002a4ec4ceb10 Exception <a 'java/lang/NoSuchMethodError'{0x00000000d677d878}: 'java.lang.Object java.lang.invoke.Invokers$Holder.linkToTargetMethod(java.lang.Object, java.lang.Object, int, java.lang.Object, java.lang.Object)'> (0x00000000d677d878) 
thrown [s\src\hotspot\share\interpreter\linkResolver.cpp, line 773]
Event: 3.524 Thread 0x000002a4ecadfe50 Exception <a 'java/lang/NoSuchMethodError'{0x00000000d66b0388}: 'java.lang.Object java.lang.invoke.DirectMethodHandle$Holder.invokeSpecial(java.lang.Object, java.lang.Object, int, java.lang.Object, java.lang.Object)'> (0x00000000d66b0388) 
thrown [s\src\hotspot\share\interpreter\linkResolver.cpp, line 773]
Event: 3.527 Thread 0x000002a4ecadfe50 Exception <a 'java/lang/NoSuchMethodError'{0x00000000d66b70c0}: 'java.lang.Object java.lang.invoke.DirectMethodHandle$Holder.newInvokeSpecial(java.lang.Object, java.lang.Object, int, java.lang.Object)'> (0x00000000d66b70c0) 
thrown [s\src\hotspot\share\interpreter\linkResolver.cpp, line 773]
Event: 3.528 Thread 0x000002a4ecadfe50 Exception <a 'java/lang/NoSuchMethodError'{0x00000000d66ba9e0}: 'java.lang.Object java.lang.invoke.DirectMethodHandle$Holder.invokeSpecial(java.lang.Object, java.lang.Object, java.lang.Object, int, java.lang.Object)'> (0x00000000d66ba9e0) 
thrown [s\src\hotspot\share\interpreter\linkResolver.cpp, line 773]
Event: 3.567 Thread 0x000002a4ec4ceb10 Exception <a 'java/lang/NoSuchMethodError'{0x00000000d689e350}: 'void java.lang.invoke.DirectMethodHandle$Holder.invokeSpecial(java.lang.Object, java.lang.Object, java.lang.Object, java.lang.Object, java.lang.Object)'> (0x00000000d689e350) 
thrown [s\src\hotspot\share\interpreter\linkResolver.cpp, line 773]
Event: 3.665 Thread 0x000002a4ec4ceb10 Exception <a 'java/lang/NoSuchMethodError'{0x00000000d6b67f40}: 'double java.lang.invoke.DirectMethodHandle$Holder.invokeStatic(java.lang.Object, java.lang.Object)'> (0x00000000d6b67f40) 
thrown [s\src\hotspot\share\interpreter\linkResolver.cpp, line 773]
Event: 3.665 Thread 0x000002a4ec4ceb10 Exception <a 'java/lang/NoSuchMethodError'{0x00000000d6b6b600}: 'double java.lang.invoke.DirectMethodHandle$Holder.invokeStaticInit(java.lang.Object, java.lang.Object)'> (0x00000000d6b6b600) 
thrown [s\src\hotspot\share\interpreter\linkResolver.cpp, line 773]
Event: 4.393 Thread 0x000002a4ec4ceb10 Implicit null exception at 0x000002a4992405f5 to 0x000002a4992406d0
Event: 5.145 Thread 0x000002a4ec4ceb10 Exception <a 'java/lang/ClassNotFoundException'{0x00000000d6c1dc08}: com/sun/org/apache/xerces/internal/impl/msg/spi/DOMMessagesProvider> (0x00000000d6c1dc08) 
thrown [s\src\hotspot\share\classfile\systemDictionary.cpp, line 312]
Event: 5.152 Thread 0x000002a4ec4ceb10 Exception <a 'java/lang/ClassNotFoundException'{0x00000000d6c4be30}: com/sun/org/apache/xerces/internal/impl/msg/spi/XMLSerializerMessagesProvider> (0x00000000d6c4be30) 
thrown [s\src\hotspot\share\classfile\systemDictionary.cpp, line 312]
Event: 5.155 Thread 0x000002a4ec4ceb10 Exception <a 'java/lang/ClassNotFoundException'{0x00000000d6c643f8}: com/sun/org/apache/xerces/internal/impl/msg/spi/XMLMessagesProvider> (0x00000000d6c643f8) 
thrown [s\src\hotspot\share\classfile\systemDictionary.cpp, line 312]
Event: 5.205 Thread 0x000002a4ec4ceb10 Exception <a 'java/lang/NoSuchMethodError'{0x00000000d55fda60}: 'java.lang.Object java.lang.invoke.DirectMethodHandle$Holder.newInvokeSpecial(java.lang.Object, int, java.lang.Object, java.lang.Object)'> (0x00000000d55fda60) 
thrown [s\src\hotspot\share\interpreter\linkResolver.cpp, line 773]
Event: 5.410 Thread 0x000002a4ec4ceb10 Exception <a 'java/lang/ClassNotFoundException'{0x00000000d5d02490}: com/sun/org/apache/xml/internal/serializer/spi/XMLEntitiesProvider> (0x00000000d5d02490) 
thrown [s\src\hotspot\share\classfile\systemDictionary.cpp, line 312]

ZGC Phase Switch (0 events):
No events

VM Operations (20 events):
Event: 2.998 Executing VM operation: HandshakeAllThreads (Deoptimize)
Event: 2.998 Executing VM operation: HandshakeAllThreads (Deoptimize) done
Event: 3.236 Executing VM operation: HandshakeAllThreads (Deoptimize)
Event: 3.237 Executing VM operation: HandshakeAllThreads (Deoptimize) done
Event: 3.381 Executing VM operation: HandshakeAllThreads (Deoptimize)
Event: 3.381 Executing VM operation: HandshakeAllThreads (Deoptimize) done
Event: 3.801 Executing VM operation: ParallelGCFailedAllocation (Allocation Failure)
Event: 3.809 Executing VM operation: ParallelGCFailedAllocation (Allocation Failure) done
Event: 4.366 Executing VM operation: ParallelGCFailedAllocation (Allocation Failure)
Event: 4.369 Executing VM operation: ParallelGCFailedAllocation (Allocation Failure) done
Event: 4.505 Executing VM operation: CollectForMetadataAllocation (Metadata GC Threshold)
Event: 4.541 Executing VM operation: CollectForMetadataAllocation (Metadata GC Threshold) done
Event: 5.192 Executing VM operation: ParallelGCFailedAllocation (Allocation Failure)
Event: 5.195 Executing VM operation: ParallelGCFailedAllocation (Allocation Failure) done
Event: 5.251 Executing VM operation: HandshakeAllThreads (Deoptimize)
Event: 5.251 Executing VM operation: HandshakeAllThreads (Deoptimize) done
Event: 5.294 Executing VM operation: HandshakeAllThreads (Deoptimize)
Event: 5.294 Executing VM operation: HandshakeAllThreads (Deoptimize) done
Event: 5.295 Executing VM operation: HandshakeAllThreads (Deoptimize)
Event: 5.295 Executing VM operation: HandshakeAllThreads (Deoptimize) done

Memory protections (0 events):
No events

Nmethod flushes (0 events):
No events

Events (20 events):
Event: 0.052 Thread 0x000002a48c0e6b90 Thread added: 0x000002a4a4ecf720
Event: 0.053 Thread 0x000002a48c0e6b90 Thread added: 0x000002a4a4ed4600
Event: 0.053 Thread 0x000002a48c0e6b90 Thread added: 0x000002a4a4ed5510
Event: 0.053 Thread 0x000002a48c0e6b90 Thread added: 0x000002a4a4ed7df0
Event: 0.053 Thread 0x000002a48c0e6b90 Thread added: 0x000002a4a4edc1b0
Event: 0.053 Thread 0x000002a48c0e6b90 Thread added: 0x000002a4a4ee8a80
Event: 0.053 Thread 0x000002a48c0e6b90 Thread added: 0x000002a4a4eef1e0
Event: 0.094 Thread 0x000002a48c0e6b90 Thread added: 0x000002a4e79703d0
Event: 0.517 Thread 0x000002a48c0e6b90 Thread added: 0x000002a4e7bb70d0
Event: 1.564 Thread 0x000002a48c0e6b90 Thread added: 0x000002a4ec3b3180
Event: 1.812 Thread 0x000002a48c0e6b90 Thread added: 0x000002a4ec6f0460
Event: 1.820 Thread 0x000002a48c0e6b90 Thread added: 0x000002a4ec4ceb10
Event: 1.898 Thread 0x000002a4ec4ceb10 Thread added: 0x000002a4ec3a2320
Event: 2.128 Thread 0x000002a4ec4ceb10 Thread added: 0x000002a4ec67a580
Event: 2.661 Thread 0x000002a4ec4ceb10 Thread added: 0x000002a4ec719b90
Event: 3.411 Thread 0x000002a4ec4ceb10 Thread added: 0x000002a4ecadbcc0
Event: 3.480 Thread 0x000002a4ec4ceb10 Thread added: 0x000002a4ecadfe50
Event: 3.536 Thread 0x000002a4ec4ceb10 Thread added: 0x000002a4ecae04e0
Event: 5.187 Thread 0x000002a4ec4ceb10 Thread added: 0x000002a4ecae0b70
Event: 5.259 Thread 0x000002a4ecae0b70 Thread exited: 0x000002a4ecae0b70


Dynamic libraries:
0x00007ff694580000 - 0x00007ff69458e000 	c:\Users\gerar\.vscode\extensions\redhat.java-1.45.0-win32-x64\jre\21.0.8-win32-x86_64\bin\java.exe
0x00007ffaa4710000 - 0x00007ffaa4927000 	C:\Windows\SYSTEM32\ntdll.dll
0x00007ffaa3120000 - 0x00007ffaa31e4000 	C:\Windows\System32\KERNEL32.DLL
0x00007ffaa1dc0000 - 0x00007ffaa2190000 	C:\Windows\System32\KERNELBASE.dll
0x00007ffaa2190000 - 0x00007ffaa22a1000 	C:\Windows\System32\ucrtbase.dll
0x00007ffa7dec0000 - 0x00007ffa7ded8000 	c:\Users\gerar\.vscode\extensions\redhat.java-1.45.0-win32-x64\jre\21.0.8-win32-x86_64\bin\jli.dll
0x00007ffa77750000 - 0x00007ffa7776e000 	c:\Users\gerar\.vscode\extensions\redhat.java-1.45.0-win32-x64\jre\21.0.8-win32-x86_64\bin\VCRUNTIME140.dll
0x00007ffaa4290000 - 0x00007ffaa4441000 	C:\Windows\System32\USER32.dll
0x00007ffa88440000 - 0x00007ffa886dc000 	C:\Windows\WinSxS\amd64_microsoft.windows.common-controls_6595b64144ccf1df_6.0.22621.5840_none_2710ea077384a4fe\COMCTL32.dll
0x00007ffaa22b0000 - 0x00007ffaa22d6000 	C:\Windows\System32\win32u.dll
0x00007ffaa2450000 - 0x00007ffaa24f7000 	C:\Windows\System32\msvcrt.dll
0x00007ffaa3260000 - 0x00007ffaa3289000 	C:\Windows\System32\GDI32.dll
0x00007ffaa1a30000 - 0x00007ffaa1b53000 	C:\Windows\System32\gdi32full.dll
0x00007ffaa1d20000 - 0x00007ffaa1dba000 	C:\Windows\System32\msvcp_win.dll
0x00007ffaa4690000 - 0x00007ffaa46c1000 	C:\Windows\System32\IMM32.DLL
0x00007ffa9b850000 - 0x00007ffa9b85c000 	c:\Users\gerar\.vscode\extensions\redhat.java-1.45.0-win32-x64\jre\21.0.8-win32-x86_64\bin\vcruntime140_1.dll
0x00007ffa56130000 - 0x00007ffa561bd000 	c:\Users\gerar\.vscode\extensions\redhat.java-1.45.0-win32-x64\jre\21.0.8-win32-x86_64\bin\msvcp140.dll
0x00007ffa156b0000 - 0x00007ffa16447000 	c:\Users\gerar\.vscode\extensions\redhat.java-1.45.0-win32-x64\jre\21.0.8-win32-x86_64\bin\server\jvm.dll
0x00007ffaa3680000 - 0x00007ffaa3731000 	C:\Windows\System32\ADVAPI32.dll
0x00007ffaa4450000 - 0x00007ffaa44f8000 	C:\Windows\System32\sechost.dll
0x00007ffaa1a00000 - 0x00007ffaa1a28000 	C:\Windows\System32\bcrypt.dll
0x00007ffaa32a0000 - 0x00007ffaa33b8000 	C:\Windows\System32\RPCRT4.dll
0x00007ffaa2e30000 - 0x00007ffaa2ea1000 	C:\Windows\System32\WS2_32.dll
0x00007ffaa1460000 - 0x00007ffaa14ad000 	C:\Windows\SYSTEM32\POWRPROF.dll
0x00007ffa9bc70000 - 0x00007ffa9bca4000 	C:\Windows\SYSTEM32\WINMM.dll
0x00007ffa96000000 - 0x00007ffa9600a000 	C:\Windows\SYSTEM32\VERSION.dll
0x00007ffaa1440000 - 0x00007ffaa1453000 	C:\Windows\SYSTEM32\UMPDC.dll
0x00007ffaa07e0000 - 0x00007ffaa07f8000 	C:\Windows\SYSTEM32\kernel.appcore.dll
0x00007ffa9b3a0000 - 0x00007ffa9b3aa000 	c:\Users\gerar\.vscode\extensions\redhat.java-1.45.0-win32-x64\jre\21.0.8-win32-x86_64\bin\jimage.dll
0x00007ffa9f2a0000 - 0x00007ffa9f4d3000 	C:\Windows\SYSTEM32\DBGHELP.DLL
0x00007ffaa3ef0000 - 0x00007ffaa4281000 	C:\Windows\System32\combase.dll
0x00007ffaa45b0000 - 0x00007ffaa4688000 	C:\Windows\System32\OLEAUT32.dll
0x00007ffa96490000 - 0x00007ffa964c2000 	C:\Windows\SYSTEM32\dbgcore.DLL
0x00007ffaa1ca0000 - 0x00007ffaa1d1b000 	C:\Windows\System32\bcryptPrimitives.dll
0x00007ffa95ba0000 - 0x00007ffa95baf000 	c:\Users\gerar\.vscode\extensions\redhat.java-1.45.0-win32-x64\jre\21.0.8-win32-x86_64\bin\instrument.dll
0x00007ffa76550000 - 0x00007ffa7656f000 	c:\Users\gerar\.vscode\extensions\redhat.java-1.45.0-win32-x64\jre\21.0.8-win32-x86_64\bin\java.dll
0x00007ffaa2500000 - 0x00007ffaa2da1000 	C:\Windows\System32\SHELL32.dll
0x00007ffaa1b60000 - 0x00007ffaa1c9f000 	C:\Windows\System32\wintypes.dll
0x00007ffa9f6a0000 - 0x00007ffa9ffba000 	C:\Windows\SYSTEM32\windows.storage.dll
0x00007ffaa3560000 - 0x00007ffaa366a000 	C:\Windows\System32\SHCORE.dll
0x00007ffaa39e0000 - 0x00007ffaa3a49000 	C:\Windows\System32\shlwapi.dll
0x00007ffaa1740000 - 0x00007ffaa1765000 	C:\Windows\SYSTEM32\profapi.dll
0x00007ffa76530000 - 0x00007ffa76548000 	c:\Users\gerar\.vscode\extensions\redhat.java-1.45.0-win32-x64\jre\21.0.8-win32-x86_64\bin\zip.dll
0x00007ffa971d0000 - 0x00007ffa971e0000 	C:\Users\gerar\.vscode\extensions\redhat.java-1.45.0-win32-x64\jre\21.0.8-win32-x86_64\bin\net.dll
0x00007ffa9d3c0000 - 0x00007ffa9d4ec000 	C:\Windows\SYSTEM32\WINHTTP.dll
0x00007ffaa0cc0000 - 0x00007ffaa0d29000 	C:\Windows\system32\mswsock.dll
0x00007ffa754a0000 - 0x00007ffa754b6000 	C:\Users\gerar\.vscode\extensions\redhat.java-1.45.0-win32-x64\jre\21.0.8-win32-x86_64\bin\nio.dll
0x00007ffa94e70000 - 0x00007ffa94e80000 	c:\Users\gerar\.vscode\extensions\redhat.java-1.45.0-win32-x64\jre\21.0.8-win32-x86_64\bin\verify.dll
0x00007ffa57160000 - 0x00007ffa571a4000 	C:\Users\gerar\AppData\Roaming\Code\User\globalStorage\redhat.java\1.45.0\config_ss_win\org.eclipse.equinox.launcher\org.eclipse.equinox.launcher.win32.win32.x86_64_1.2.1400.v20250801-0854\eclipse_11916.dll
0x00007ffaa33c0000 - 0x00007ffaa3560000 	C:\Windows\System32\ole32.dll
0x00007ffaa0f10000 - 0x00007ffaa0f2b000 	C:\Windows\SYSTEM32\CRYPTSP.dll
0x00007ffaa0740000 - 0x00007ffaa0777000 	C:\Windows\system32\rsaenh.dll
0x00007ffaa0db0000 - 0x00007ffaa0dd8000 	C:\Windows\SYSTEM32\USERENV.dll
0x00007ffaa0f30000 - 0x00007ffaa0f3c000 	C:\Windows\SYSTEM32\CRYPTBASE.dll
0x00007ffaa02b0000 - 0x00007ffaa02dd000 	C:\Windows\SYSTEM32\IPHLPAPI.DLL
0x00007ffaa3670000 - 0x00007ffaa3679000 	C:\Windows\System32\NSI.dll
0x00007ffa54c20000 - 0x00007ffa54c69000 	C:\Users\gerar\AppData\Local\Temp\jna-98244229\jna8244396073317219027.dll
0x00007ffaa3ee0000 - 0x00007ffaa3ee8000 	C:\Windows\System32\PSAPI.DLL

JVMTI agents:
c:\Users\gerar\.vscode\extensions\redhat.java-1.45.0-win32-x64\lombok\lombok-1.18.39-4050.jar path:c:\Users\gerar\.vscode\extensions\redhat.java-1.45.0-win32-x64\jre\21.0.8-win32-x86_64\bin\instrument.dll, loaded, initialized, instrumentlib options:none

dbghelp: loaded successfully - version: 4.0.5 - missing functions: none
symbol engine: initialized successfully - sym options: 0x614 - pdb path: .;c:\Users\gerar\.vscode\extensions\redhat.java-1.45.0-win32-x64\jre\21.0.8-win32-x86_64\bin;C:\Windows\SYSTEM32;C:\Windows\WinSxS\amd64_microsoft.windows.common-controls_6595b64144ccf1df_6.0.22621.5840_none_2710ea077384a4fe;c:\Users\gerar\.vscode\extensions\redhat.java-1.45.0-win32-x64\jre\21.0.8-win32-x86_64\bin\server;C:\Users\gerar\AppData\Roaming\Code\User\globalStorage\redhat.java\1.45.0\config_ss_win\org.eclipse.equinox.launcher\org.eclipse.equinox.launcher.win32.win32.x86_64_1.2.1400.v20250801-0854;C:\Users\gerar\AppData\Local\Temp\jna-98244229

VM Arguments:
jvm_args: --add-modules=ALL-SYSTEM --add-opens=java.base/java.util=ALL-UNNAMED --add-opens=java.base/java.lang=ALL-UNNAMED --add-opens=java.base/sun.nio.fs=ALL-UNNAMED -Declipse.application=org.eclipse.jdt.ls.core.id1 -Dosgi.bundles.defaultStartLevel=4 -Declipse.product=org.eclipse.jdt.ls.core.product -Djava.import.generatesMetadataFilesAtProjectRoot=false -DDetectVMInstallationsJob.disabled=true -Dfile.encoding=utf8 -XX:+UseParallelGC -XX:GCTimeRatio=4 -XX:AdaptiveSizePolicyWeight=90 -Dsun.zip.disableMemoryMapping=true -Xmx2G -Xms100m -Xlog:disable -javaagent:c:\Users\gerar\.vscode\extensions\redhat.java-1.45.0-win32-x64\lombok\lombok-1.18.39-4050.jar 
java_command: c:\Users\gerar\.vscode\extensions\redhat.java-1.45.0-win32-x64\server\plugins\org.eclipse.equinox.launcher_1.7.0.v20250519-0528.jar -configuration c:\Users\gerar\AppData\Roaming\Code\User\globalStorage\redhat.java\1.45.0\config_ss_win -data c:\Users\gerar\AppData\Roaming\Code\User\workspaceStorage\43662f2c530878c830368f2210583480\redhat.java\ss_ws --pipe=\\.\pipe\lsp-90af378828ab5b1d5d4b0e66bbe05162-sock
java_class_path (initial): c:\Users\gerar\.vscode\extensions\redhat.java-1.45.0-win32-x64\server\plugins\org.eclipse.equinox.launcher_1.7.0.v20250519-0528.jar
Launcher Type: SUN_STANDARD

[Global flags]
    uintx AdaptiveSizePolicyWeight                 = 90                                        {product} {command line}
     intx CICompilerCount                          = 4                                         {product} {ergonomic}
    uintx GCTimeRatio                              = 4                                         {product} {command line}
   size_t InitialHeapSize                          = 104857600                                 {product} {command line}
   size_t MaxHeapSize                              = 2147483648                                {product} {command line}
   size_t MaxNewSize                               = 715653120                                 {product} {ergonomic}
   size_t MinHeapDeltaBytes                        = 524288                                    {product} {ergonomic}
   size_t MinHeapSize                              = 104857600                                 {product} {command line}
   size_t NewSize                                  = 34603008                                  {product} {ergonomic}
    uintx NonNMethodCodeHeapSize                   = 5839372                                {pd product} {ergonomic}
    uintx NonProfiledCodeHeapSize                  = 122909434                              {pd product} {ergonomic}
   size_t OldSize                                  = 70254592                                  {product} {ergonomic}
    uintx ProfiledCodeHeapSize                     = 122909434                              {pd product} {ergonomic}
    uintx ReservedCodeCacheSize                    = 251658240                              {pd product} {ergonomic}
     bool SegmentedCodeCache                       = true                                      {product} {ergonomic}
   size_t SoftMaxHeapSize                          = 2147483648                             {manageable} {ergonomic}
     bool UseCompressedOops                        = true                           {product lp64_product} {ergonomic}
     bool UseLargePagesIndividualAllocation        = false                                  {pd product} {ergonomic}
     bool UseParallelGC                            = true                                      {product} {command line}

Logging:
Log output configuration:
 #0: stdout all=off uptime,level,tags foldmultilines=false
 #1: stderr all=off uptime,level,tags foldmultilines=false

Environment Variables:
PATH=C:\Python313\Scripts\;C:\Python313\;C:\Program Files\Common Files\Oracle\Java\javapath;C:\Windows\system32;C:\Windows;C:\Windows\System32\Wbem;C:\Windows\System32\WindowsPowerShell\v1.0\;C:\Windows\System32\OpenSSH\;C:\Program Files\Git\cmd;C:\Program Files\CMake\bin;C:\Program Files\dotnet\;C:\dev\apache-maven-3.9.9\bin;C:\Program Files (x86)\Windows Kits\10\Windows Performance Toolkit\;C:\xampp\php;C:\composer;C:\Program Files\nodejs\;C:\ProgramData\chocolatey\bin;C:\Program Files\Microsoft SQL Server\150\Tools\Binn\;C:\Program Files\Microsoft SQL Server\Client SDK\ODBC\170\Tools\Binn\;C:\Program Files\Microsoft SQL Server\160\Tools\Binn\;C:\Program Files (x86)\Microsoft SQL Server\160\DTS\Binn\;C:\Program Files (x86)\cloudflared\;C:\Program Files\MySQL\MySQL Shell 8.0\bin\;C:\Users\gerar\AppData\Local\Microsoft\WindowsApps;C:\Users\gerar\AppData\Local\Programs\Microsoft VS Code\bin;C:\dev\flutter\bin;C:\Users\gerar\.dotnet\tools;C:\Users\gerar\AppData\Roaming\Composer\vendor\bin;C:\Users\gerar\AppData\Roaming\npm
USERNAME=gerar
OS=Windows_NT
PROCESSOR_IDENTIFIER=AMD64 Family 23 Model 160 Stepping 0, AuthenticAMD
TMP=C:\Users\gerar\AppData\Local\Temp
TEMP=C:\Users\gerar\AppData\Local\Temp




Periodic native trim disabled

---------------  S Y S T E M  ---------------

OS:
 Windows 11 , 64 bit Build 22621 (10.0.22621.5415)
OS uptime: 1 days 3:19 hours
Hyper-V role detected

CPU: total 8 (initial active 8) (8 cores per cpu, 2 threads per core) family 23 model 160 stepping 0 microcode 0x0, cx8, cmov, fxsr, ht, mmx, 3dnowpref, sse, sse2, sse3, ssse3, sse4a, sse4.1, sse4.2, popcnt, lzcnt, tsc, tscinvbit, avx, avx2, aes, clmul, bmi1, bmi2, adx, sha, fma, vzeroupper, clflush, clflushopt, hv, rdtscp, rdpid, f16c
Processor Information for the first 8 processors :
  Max Mhz: 2401, Current Mhz: 2401, Mhz Limit: 2401

Memory: 4k page, system-wide physical 5965M (227M free)
TotalPageFile size 24397M (AvailPageFile size 20M)
current process WorkingSet (physical memory assigned to process): 147M, peak: 150M
current process commit charge ("private bytes"): 284M, peak: 286M

vm_info: OpenJDK 64-Bit Server VM (21.0.8+9-LTS) for windows-amd64 JRE (21.0.8+9-LTS), built on 2025-07-15T00:00:00Z by "admin" with MS VC++ 17.7 (VS2022)

END.
