#
# There is insufficient memory for the Java Runtime Environment to continue.
# Native memory allocation (malloc) failed to allocate 695392 bytes. Error detail: Chunk::new
# Possible reasons:
#   The system is out of physical RAM or swap space
#   This process is running with CompressedOops enabled, and the Java Heap may be blocking the growth of the native heap
# Possible solutions:
#   Reduce memory load on the system
#   Increase physical memory or swap space
#   Check if swap backing store is full
#   Decrease Java heap size (-Xmx/-Xms)
#   Decrease number of Java threads
#   Decrease Java thread stack sizes (-Xss)
#   Set larger code cache with -XX:ReservedCodeCacheSize=
#   JVM is running with Unscaled Compressed Oops mode in which the Java heap is
#     placed in the first 4GB address space. The Java Heap base address is the
#     maximum limit for the native heap growth. Please use -XX:HeapBaseMinAddress
#     to set the Java Heap base and to place the Java Heap above 4GB virtual address.
# This output file may be truncated or incomplete.
#
#  Out of Memory Error (arena.cpp:168), pid=53732, tid=34100
#
# JRE version: OpenJDK Runtime Environment Temurin-21.0.8+9 (21.0.8+9) (build 21.0.8+9-LTS)
# Java VM: OpenJDK 64-Bit Server VM Temurin-21.0.8+9 (21.0.8+9-LTS, mixed mode, sharing, tiered, compressed oops, compressed class ptrs, parallel gc, windows-amd64)
# No core dump will be written. Minidumps are not enabled by default on client versions of Windows
#

---------------  S U M M A R Y ------------

Command Line: --add-modules=ALL-SYSTEM --add-opens=java.base/java.util=ALL-UNNAMED --add-opens=java.base/java.lang=ALL-UNNAMED --add-opens=java.base/sun.nio.fs=ALL-UNNAMED -Declipse.application=org.eclipse.jdt.ls.core.id1 -Dosgi.bundles.defaultStartLevel=4 -Declipse.product=org.eclipse.jdt.ls.core.product -Djava.import.generatesMetadataFilesAtProjectRoot=false -DDetectVMInstallationsJob.disabled=true -Dfile.encoding=utf8 -XX:+UseParallelGC -XX:GCTimeRatio=4 -XX:AdaptiveSizePolicyWeight=90 -Dsun.zip.disableMemoryMapping=true -Xmx2G -Xms100m -Xlog:disable -javaagent:c:\Users\gerar\.vscode\extensions\redhat.java-1.45.0-win32-x64\lombok\lombok-1.18.39-4050.jar -XX:+HeapDumpOnOutOfMemoryError -XX:HeapDumpPath=c:\Users\gerar\AppData\Roaming\Code\User\workspaceStorage\43662f2c530878c830368f2210583480\redhat.java -Daether.dependencyCollector.impl=bf c:\Users\gerar\.vscode\extensions\redhat.java-1.45.0-win32-x64\server\plugins\org.eclipse.equinox.launcher_1.7.0.v20250519-0528.jar -configuration c:\Users\gerar\AppData\Roaming\Code\User\globalStorage\redhat.java\1.45.0\config_win -data c:\Users\gerar\AppData\Roaming\Code\User\workspaceStorage\43662f2c530878c830368f2210583480\redhat.java\jdt_ws --pipe=\\.\pipe\lsp-4c23948986b50e5f94dce3351bef69e4-sock

Host: AMD Ryzen 3 7320U with Radeon Graphics         , 8 cores, 5G,  Windows 11 , 64 bit Build 22621 (10.0.22621.5415)
Time: Thu Sep 25 13:15:11 2025 Hora estándar central (México) elapsed time: 3.513248 seconds (0d 0h 0m 3s)

---------------  T H R E A D  ---------------

Current thread (0x000002cd66e2c080):  JavaThread "C2 CompilerThread0" daemon [_thread_in_native, id=34100, stack(0x000000daa3a00000,0x000000daa3b00000) (1024K)]


Current CompileTask:
C2:3513 2310   !   4       java.util.jar.Attributes::read (494 bytes)

Stack: [0x000000daa3a00000,0x000000daa3b00000]
Native frames: (J=compiled Java code, j=interpreted, Vv=VM code, C=native code)
V  [jvm.dll+0x6d2449]
V  [jvm.dll+0x8ae341]
V  [jvm.dll+0x8b08be]
V  [jvm.dll+0x8b0fa3]
V  [jvm.dll+0x280c96]
V  [jvm.dll+0xc581d]
V  [jvm.dll+0xc5d53]
V  [jvm.dll+0x3b919c]
V  [jvm.dll+0x385315]
V  [jvm.dll+0x38477a]
V  [jvm.dll+0x248ed0]
V  [jvm.dll+0x2484af]
V  [jvm.dll+0x1c89ee]
V  [jvm.dll+0x257d4d]
V  [jvm.dll+0x2562ea]
V  [jvm.dll+0x3f2d16]
V  [jvm.dll+0x857e6b]
V  [jvm.dll+0x6d0b0d]
C  [ucrtbase.dll+0x29333]
C  [KERNEL32.DLL+0x1259d]
C  [ntdll.dll+0x5af78]


---------------  P R O C E S S  ---------------

Threads class SMR info:
_java_thread_list=0x000002cd6d67efa0, length=16, elements={
0x000002cd503c00f0, 0x000002cd66e1e870, 0x000002cd66e20990, 0x000002cd66e248a0,
0x000002cd66e25a10, 0x000002cd66e27b80, 0x000002cd66e29010, 0x000002cd66e2c080,
0x000002cd66e36670, 0x000002cd687a4ba0, 0x000002cd689f4c20, 0x000002cd6d7d0bb0,
0x000002cd6d7ec810, 0x000002cd6d788ef0, 0x000002cd6d78a130, 0x000002cd6da68df0
}

Java Threads: ( => current thread )
  0x000002cd503c00f0 JavaThread "main"                              [_thread_blocked, id=61500, stack(0x000000daa3000000,0x000000daa3100000) (1024K)]
  0x000002cd66e1e870 JavaThread "Reference Handler"          daemon [_thread_blocked, id=59492, stack(0x000000daa3400000,0x000000daa3500000) (1024K)]
  0x000002cd66e20990 JavaThread "Finalizer"                  daemon [_thread_blocked, id=61040, stack(0x000000daa3500000,0x000000daa3600000) (1024K)]
  0x000002cd66e248a0 JavaThread "Signal Dispatcher"          daemon [_thread_blocked, id=48356, stack(0x000000daa3600000,0x000000daa3700000) (1024K)]
  0x000002cd66e25a10 JavaThread "Attach Listener"            daemon [_thread_blocked, id=60304, stack(0x000000daa3700000,0x000000daa3800000) (1024K)]
  0x000002cd66e27b80 JavaThread "Service Thread"             daemon [_thread_blocked, id=49552, stack(0x000000daa3800000,0x000000daa3900000) (1024K)]
  0x000002cd66e29010 JavaThread "Monitor Deflation Thread"   daemon [_thread_blocked, id=60952, stack(0x000000daa3900000,0x000000daa3a00000) (1024K)]
=>0x000002cd66e2c080 JavaThread "C2 CompilerThread0"         daemon [_thread_in_native, id=34100, stack(0x000000daa3a00000,0x000000daa3b00000) (1024K)]
  0x000002cd66e36670 JavaThread "C1 CompilerThread0"         daemon [_thread_blocked, id=53008, stack(0x000000daa3b00000,0x000000daa3c00000) (1024K)]
  0x000002cd687a4ba0 JavaThread "Common-Cleaner"             daemon [_thread_blocked, id=62184, stack(0x000000daa3c00000,0x000000daa3d00000) (1024K)]
  0x000002cd689f4c20 JavaThread "Notification Thread"        daemon [_thread_blocked, id=58020, stack(0x000000daa3d00000,0x000000daa3e00000) (1024K)]
  0x000002cd6d7d0bb0 JavaThread "Active Thread: Equinox Container: b03fec8d-482e-4658-8fe3-c491882c72ef"        [_thread_blocked, id=49156, stack(0x000000daa4400000,0x000000daa4500000) (1024K)]
  0x000002cd6d7ec810 JavaThread "Refresh Thread: Equinox Container: b03fec8d-482e-4658-8fe3-c491882c72ef" daemon [_thread_blocked, id=61476, stack(0x000000daa4600000,0x000000daa4700000) (1024K)]
  0x000002cd6d788ef0 JavaThread "Framework Event Dispatcher: Equinox Container: b03fec8d-482e-4658-8fe3-c491882c72ef" daemon [_thread_blocked, id=58972, stack(0x000000daa4700000,0x000000daa4800000) (1024K)]
  0x000002cd6d78a130 JavaThread "Start Level: Equinox Container: b03fec8d-482e-4658-8fe3-c491882c72ef" daemon [_thread_in_vm, id=61480, stack(0x000000daa4800000,0x000000daa4900000) (1024K)]
  0x000002cd6da68df0 JavaThread "Bundle File Closer"         daemon [_thread_blocked, id=61812, stack(0x000000daa4900000,0x000000daa4a00000) (1024K)]
Total: 16

Other Threads:
  0x000002cd5047e400 VMThread "VM Thread"                           [id=61456, stack(0x000000daa3300000,0x000000daa3400000) (1024K)]
  0x000002cd66d3ca00 WatcherThread "VM Periodic Task Thread"        [id=61556, stack(0x000000daa3200000,0x000000daa3300000) (1024K)]
  0x000002cd503de060 WorkerThread "GC Thread#0"                     [id=61400, stack(0x000000daa3100000,0x000000daa3200000) (1024K)]
  0x000002cd6d15fd30 WorkerThread "GC Thread#1"                     [id=61544, stack(0x000000daa3e00000,0x000000daa3f00000) (1024K)]
  0x000002cd6d1608e0 WorkerThread "GC Thread#2"                     [id=51868, stack(0x000000daa3f00000,0x000000daa4000000) (1024K)]
  0x000002cd6d04dac0 WorkerThread "GC Thread#3"                     [id=59408, stack(0x000000daa4000000,0x000000daa4100000) (1024K)]
  0x000002cd6d04de60 WorkerThread "GC Thread#4"                     [id=60600, stack(0x000000daa4100000,0x000000daa4200000) (1024K)]
  0x000002cd6d04e200 WorkerThread "GC Thread#5"                     [id=60844, stack(0x000000daa4200000,0x000000daa4300000) (1024K)]
  0x000002cd6d04e5a0 WorkerThread "GC Thread#6"                     [id=52204, stack(0x000000daa4300000,0x000000daa4400000) (1024K)]
  0x000002cd6d468d40 WorkerThread "GC Thread#7"                     [id=60932, stack(0x000000daa4500000,0x000000daa4600000) (1024K)]
Total: 10

Threads with active compile tasks:
C2 CompilerThread0  3555 2310   !   4       java.util.jar.Attributes::read (494 bytes)
Total: 1

VM state: not at safepoint (normal execution)

VM Mutex/Monitor currently owned by a thread: None

Heap address: 0x0000000080000000, size: 2048 MB, Compressed Oops mode: 32-bit

CDS archive(s) mapped at: [0x000002cd00000000-0x000002cd00ba0000-0x000002cd00ba0000), size 12189696, SharedBaseAddress: 0x000002cd00000000, ArchiveRelocationMode: 1.
Compressed class space mapped at: 0x000002cd01000000-0x000002cd41000000, reserved size: 1073741824
Narrow klass base: 0x000002cd00000000, Narrow klass shift: 0, Narrow klass range: 0x100000000

GC Precious Log:
 CardTable entry size: 512
 CPUs: 8 total, 8 available
 Memory: 5965M
 Large Page Support: Disabled
 NUMA Support: Disabled
 Compressed Oops: Enabled (32-bit)
 Alignments: Space 512K, Generation 512K, Heap 2M
 Heap Min Capacity: 100M
 Heap Initial Capacity: 100M
 Heap Max Capacity: 2G
 Pre-touch: Disabled
 Parallel Workers: 8

Heap:
 PSYoungGen      total 29696K, used 17324K [0x00000000d5580000, 0x00000000d7680000, 0x0000000100000000)
  eden space 25600K, 51% used [0x00000000d5580000,0x00000000d626cda8,0x00000000d6e80000)
  from space 4096K, 99% used [0x00000000d6e80000,0x00000000d727e470,0x00000000d7280000)
  to   space 4096K, 0% used [0x00000000d7280000,0x00000000d7280000,0x00000000d7680000)
 ParOldGen       total 68608K, used 4482K [0x0000000080000000, 0x0000000084300000, 0x00000000d5580000)
  object space 68608K, 6% used [0x0000000080000000,0x0000000080460a68,0x0000000084300000)
 Metaspace       used 9677K, committed 9984K, reserved 1114112K
  class space    used 1024K, committed 1152K, reserved 1048576K

Card table byte_map: [0x000002cd4fd90000,0x000002cd501a0000] _byte_map_base: 0x000002cd4f990000

Marking Bits: (ParMarkBitMap*) 0x00007ffa1636a340
 Begin Bits: [0x000002cd62860000, 0x000002cd64860000)
 End Bits:   [0x000002cd64860000, 0x000002cd66860000)

Polling page: 0x000002cd4fb80000

Metaspace:

Usage:
  Non-class:      8.45 MB used.
      Class:      1.00 MB used.
       Both:      9.45 MB used.

Virtual space:
  Non-class space:       64.00 MB reserved,       8.62 MB ( 13%) committed,  1 nodes.
      Class space:        1.00 GB reserved,       1.12 MB ( <1%) committed,  1 nodes.
             Both:        1.06 GB reserved,       9.75 MB ( <1%) committed. 

Chunk freelists:
   Non-Class:  6.53 MB
       Class:  14.76 MB
        Both:  21.29 MB

MaxMetaspaceSize: unlimited
CompressedClassSpaceSize: 1.00 GB
Initial GC threshold: 21.00 MB
Current GC threshold: 21.00 MB
CDS: on
 - commit_granule_bytes: 65536.
 - commit_granule_words: 8192.
 - virtual_space_node_default_size: 8388608.
 - enlarge_chunks_in_place: 1.
 - use_allocation_guard: 0.


Internal statistics:

num_allocs_failed_limit: 0.
num_arena_births: 260.
num_arena_deaths: 0.
num_vsnodes_births: 2.
num_vsnodes_deaths: 0.
num_space_committed: 156.
num_space_uncommitted: 0.
num_chunks_returned_to_freelist: 0.
num_chunks_taken_from_freelist: 525.
num_chunk_merges: 0.
num_chunk_splits: 327.
num_chunks_enlarged: 222.
num_inconsistent_stats: 0.

CodeHeap 'non-profiled nmethods': size=120000Kb used=981Kb max_used=981Kb free=119019Kb
 bounds [0x000002cd5b080000, 0x000002cd5b2f0000, 0x000002cd625b0000]
CodeHeap 'profiled nmethods': size=120000Kb used=4334Kb max_used=4334Kb free=115665Kb
 bounds [0x000002cd535b0000, 0x000002cd539f0000, 0x000002cd5aae0000]
CodeHeap 'non-nmethods': size=5760Kb used=1230Kb max_used=1255Kb free=4529Kb
 bounds [0x000002cd5aae0000, 0x000002cd5ad50000, 0x000002cd5b080000]
CodeCache: size=245760Kb, used=6545Kb, max_used=6570Kb, free=239213Kb
 total_blobs=2836, nmethods=2343, adapters=399, full_count=0
Compilation: enabled, stopped_count=0, restarted_count=0

Compilation events (20 events):
Event: 3.497 Thread 0x000002cd66e36670 2331       3       java.util.concurrent.ConcurrentHashMap::containsKey (14 bytes)
Event: 3.497 Thread 0x000002cd66e36670 nmethod 2331 0x000002cd539e5b10 code [0x000002cd539e5cc0, 0x000002cd539e5e68]
Event: 3.497 Thread 0x000002cd66e36670 2332       3       org.eclipse.osgi.container.ModuleRevision::getWiring (5 bytes)
Event: 3.498 Thread 0x000002cd66e36670 nmethod 2332 0x000002cd539e5f10 code [0x000002cd539e60e0, 0x000002cd539e6318]
Event: 3.498 Thread 0x000002cd66e36670 2333       3       java.util.Hashtable::<init> (114 bytes)
Event: 3.499 Thread 0x000002cd66e36670 nmethod 2333 0x000002cd539e6490 code [0x000002cd539e67c0, 0x000002cd539e7708]
Event: 3.499 Thread 0x000002cd66e36670 2335       3       org.eclipse.osgi.container.ModuleWiring::getProvidedWires (13 bytes)
Event: 3.500 Thread 0x000002cd66e36670 nmethod 2335 0x000002cd539e7d10 code [0x000002cd539e7f60, 0x000002cd539e8918]
Event: 3.500 Thread 0x000002cd66e36670 2337       3       java.lang.ThreadLocal::set (18 bytes)
Event: 3.500 Thread 0x000002cd66e36670 nmethod 2337 0x000002cd539e8c10 code [0x000002cd539e8de0, 0x000002cd539e91b8]
Event: 3.500 Thread 0x000002cd66e36670 2336       3       org.eclipse.osgi.framework.eventmgr.CopyOnWriteIdentityMap$Snapshot$SnapshotIterator::nextEntry (58 bytes)
Event: 3.500 Thread 0x000002cd66e36670 nmethod 2336 0x000002cd539e9390 code [0x000002cd539e9560, 0x000002cd539e98d8]
Event: 3.500 Thread 0x000002cd66e36670 2334       3       java.util.ArrayList::fastRemove (44 bytes)
Event: 3.501 Thread 0x000002cd66e36670 nmethod 2334 0x000002cd539e9a90 code [0x000002cd539e9c60, 0x000002cd539ea010]
Event: 3.506 Thread 0x000002cd66e36670 2338       3       java.util.concurrent.ConcurrentHashMap::remove (8 bytes)
Event: 3.507 Thread 0x000002cd66e36670 nmethod 2338 0x000002cd539ea190 code [0x000002cd539ea340, 0x000002cd539ea490]
Event: 3.509 Thread 0x000002cd66e36670 2339       1       org.eclipse.osgi.internal.hookregistry.ClassLoaderHook::getClassPathEntries (2 bytes)
Event: 3.509 Thread 0x000002cd66e36670 nmethod 2339 0x000002cd5b174810 code [0x000002cd5b1749a0, 0x000002cd5b174a70]
Event: 3.510 Thread 0x000002cd66e36670 2340       1       org.eclipse.osgi.container.ModuleRevision::getVersion (5 bytes)
Event: 3.510 Thread 0x000002cd66e36670 nmethod 2340 0x000002cd5b174b10 code [0x000002cd5b174ca0, 0x000002cd5b174d68]

GC Heap History (6 events):
Event: 0.954 GC heap before
{Heap before GC invocations=1 (full 0):
 PSYoungGen      total 29696K, used 25600K [0x00000000d5580000, 0x00000000d7680000, 0x0000000100000000)
  eden space 25600K, 100% used [0x00000000d5580000,0x00000000d6e80000,0x00000000d6e80000)
  from space 4096K, 0% used [0x00000000d7280000,0x00000000d7280000,0x00000000d7680000)
  to   space 4096K, 0% used [0x00000000d6e80000,0x00000000d6e80000,0x00000000d7280000)
 ParOldGen       total 68608K, used 0K [0x0000000080000000, 0x0000000084300000, 0x00000000d5580000)
  object space 68608K, 0% used [0x0000000080000000,0x0000000080000000,0x0000000084300000)
 Metaspace       used 4303K, committed 4544K, reserved 1114112K
  class space    used 470K, committed 576K, reserved 1048576K
}
Event: 0.964 GC heap after
{Heap after GC invocations=1 (full 0):
 PSYoungGen      total 29696K, used 3319K [0x00000000d5580000, 0x00000000d7680000, 0x0000000100000000)
  eden space 25600K, 0% used [0x00000000d5580000,0x00000000d5580000,0x00000000d6e80000)
  from space 4096K, 81% used [0x00000000d6e80000,0x00000000d71bde28,0x00000000d7280000)
  to   space 4096K, 0% used [0x00000000d7280000,0x00000000d7280000,0x00000000d7680000)
 ParOldGen       total 68608K, used 16K [0x0000000080000000, 0x0000000084300000, 0x00000000d5580000)
  object space 68608K, 0% used [0x0000000080000000,0x0000000080004000,0x0000000084300000)
 Metaspace       used 4303K, committed 4544K, reserved 1114112K
  class space    used 470K, committed 576K, reserved 1048576K
}
Event: 1.895 GC heap before
{Heap before GC invocations=2 (full 0):
 PSYoungGen      total 29696K, used 28919K [0x00000000d5580000, 0x00000000d7680000, 0x0000000100000000)
  eden space 25600K, 100% used [0x00000000d5580000,0x00000000d6e80000,0x00000000d6e80000)
  from space 4096K, 81% used [0x00000000d6e80000,0x00000000d71bde28,0x00000000d7280000)
  to   space 4096K, 0% used [0x00000000d7280000,0x00000000d7280000,0x00000000d7680000)
 ParOldGen       total 68608K, used 16K [0x0000000080000000, 0x0000000084300000, 0x00000000d5580000)
  object space 68608K, 0% used [0x0000000080000000,0x0000000080004000,0x0000000084300000)
 Metaspace       used 7955K, committed 8256K, reserved 1114112K
  class space    used 829K, committed 960K, reserved 1048576K
}
Event: 1.901 GC heap after
{Heap after GC invocations=2 (full 0):
 PSYoungGen      total 29696K, used 4085K [0x00000000d5580000, 0x00000000d7680000, 0x0000000100000000)
  eden space 25600K, 0% used [0x00000000d5580000,0x00000000d5580000,0x00000000d6e80000)
  from space 4096K, 99% used [0x00000000d7280000,0x00000000d767d790,0x00000000d7680000)
  to   space 4096K, 0% used [0x00000000d6e80000,0x00000000d6e80000,0x00000000d7280000)
 ParOldGen       total 68608K, used 1761K [0x0000000080000000, 0x0000000084300000, 0x00000000d5580000)
  object space 68608K, 2% used [0x0000000080000000,0x00000000801b86a8,0x0000000084300000)
 Metaspace       used 7955K, committed 8256K, reserved 1114112K
  class space    used 829K, committed 960K, reserved 1048576K
}
Event: 3.094 GC heap before
{Heap before GC invocations=3 (full 0):
 PSYoungGen      total 29696K, used 29685K [0x00000000d5580000, 0x00000000d7680000, 0x0000000100000000)
  eden space 25600K, 100% used [0x00000000d5580000,0x00000000d6e80000,0x00000000d6e80000)
  from space 4096K, 99% used [0x00000000d7280000,0x00000000d767d790,0x00000000d7680000)
  to   space 4096K, 0% used [0x00000000d6e80000,0x00000000d6e80000,0x00000000d7280000)
 ParOldGen       total 68608K, used 1761K [0x0000000080000000, 0x0000000084300000, 0x00000000d5580000)
  object space 68608K, 2% used [0x0000000080000000,0x00000000801b86a8,0x0000000084300000)
 Metaspace       used 9445K, committed 9728K, reserved 1114112K
  class space    used 1007K, committed 1152K, reserved 1048576K
}
Event: 3.100 GC heap after
{Heap after GC invocations=3 (full 0):
 PSYoungGen      total 29696K, used 4089K [0x00000000d5580000, 0x00000000d7680000, 0x0000000100000000)
  eden space 25600K, 0% used [0x00000000d5580000,0x00000000d5580000,0x00000000d6e80000)
  from space 4096K, 99% used [0x00000000d6e80000,0x00000000d727e470,0x00000000d7280000)
  to   space 4096K, 0% used [0x00000000d7280000,0x00000000d7280000,0x00000000d7680000)
 ParOldGen       total 68608K, used 4482K [0x0000000080000000, 0x0000000084300000, 0x00000000d5580000)
  object space 68608K, 6% used [0x0000000080000000,0x0000000080460a68,0x0000000084300000)
 Metaspace       used 9445K, committed 9728K, reserved 1114112K
  class space    used 1007K, committed 1152K, reserved 1048576K
}

Dll operation events (9 events):
Event: 0.014 Loaded shared library c:\Users\gerar\.vscode\extensions\redhat.java-1.45.0-win32-x64\jre\21.0.8-win32-x86_64\bin\java.dll
Event: 0.184 Loaded shared library c:\Users\gerar\.vscode\extensions\redhat.java-1.45.0-win32-x64\jre\21.0.8-win32-x86_64\bin\zip.dll
Event: 0.217 Loaded shared library C:\Users\gerar\.vscode\extensions\redhat.java-1.45.0-win32-x64\jre\21.0.8-win32-x86_64\bin\instrument.dll
Event: 0.223 Loaded shared library C:\Users\gerar\.vscode\extensions\redhat.java-1.45.0-win32-x64\jre\21.0.8-win32-x86_64\bin\net.dll
Event: 0.226 Loaded shared library C:\Users\gerar\.vscode\extensions\redhat.java-1.45.0-win32-x64\jre\21.0.8-win32-x86_64\bin\nio.dll
Event: 0.242 Loaded shared library C:\Users\gerar\.vscode\extensions\redhat.java-1.45.0-win32-x64\jre\21.0.8-win32-x86_64\bin\zip.dll
Event: 0.263 Loaded shared library C:\Users\gerar\.vscode\extensions\redhat.java-1.45.0-win32-x64\jre\21.0.8-win32-x86_64\bin\jimage.dll
Event: 0.391 Loaded shared library c:\Users\gerar\.vscode\extensions\redhat.java-1.45.0-win32-x64\jre\21.0.8-win32-x86_64\bin\verify.dll
Event: 1.978 Loaded shared library C:\Users\gerar\AppData\Roaming\Code\User\globalStorage\redhat.java\1.45.0\config_win\org.eclipse.equinox.launcher\org.eclipse.equinox.launcher.win32.win32.x86_64_1.2.1400.v20250801-0854\eclipse_11916.dll

Deoptimization events (20 events):
Event: 3.181 Thread 0x000002cd6d78a130 DEOPT PACKING pc=0x000002cd5b0a2be0 sp=0x000000daa48fe010
Event: 3.181 Thread 0x000002cd6d78a130 DEOPT UNPACKING pc=0x000002cd5ab33aa2 sp=0x000000daa48fdee0 mode 2
Event: 3.181 Thread 0x000002cd6d78a130 Uncommon trap: trap_request=0xffffff45 fr.pc=0x000002cd5b0d107c relative=0x000000000000051c
Event: 3.181 Thread 0x000002cd6d78a130 Uncommon trap: reason=unstable_if action=reinterpret pc=0x000002cd5b0d107c method=java.lang.String.substring(II)Ljava/lang/String; @ 31 c2
Event: 3.181 Thread 0x000002cd6d78a130 DEOPT PACKING pc=0x000002cd5b0d107c sp=0x000000daa48fdfc0
Event: 3.181 Thread 0x000002cd6d78a130 DEOPT UNPACKING pc=0x000002cd5ab33aa2 sp=0x000000daa48fdf90 mode 2
Event: 3.185 Thread 0x000002cd6d78a130 DEOPT PACKING pc=0x000002cd5399b749 sp=0x000000daa48fdd50
Event: 3.185 Thread 0x000002cd6d78a130 DEOPT UNPACKING pc=0x000002cd5ab34242 sp=0x000000daa48fd1c0 mode 0
Event: 3.203 Thread 0x000002cd6d78a130 DEOPT PACKING pc=0x000002cd5399b749 sp=0x000000daa48fd5e0
Event: 3.203 Thread 0x000002cd6d78a130 DEOPT UNPACKING pc=0x000002cd5ab34242 sp=0x000000daa48fca50 mode 0
Event: 3.213 Thread 0x000002cd6d78a130 DEOPT PACKING pc=0x000002cd5399b749 sp=0x000000daa48fd300
Event: 3.213 Thread 0x000002cd6d78a130 DEOPT UNPACKING pc=0x000002cd5ab34242 sp=0x000000daa48fc770 mode 0
Event: 3.215 Thread 0x000002cd6d78a130 DEOPT PACKING pc=0x000002cd5399b749 sp=0x000000daa48fd370
Event: 3.215 Thread 0x000002cd6d78a130 DEOPT UNPACKING pc=0x000002cd5ab34242 sp=0x000000daa48fc7e0 mode 0
Event: 3.222 Thread 0x000002cd6d78a130 DEOPT PACKING pc=0x000002cd5399b749 sp=0x000000daa48fd300
Event: 3.222 Thread 0x000002cd6d78a130 DEOPT UNPACKING pc=0x000002cd5ab34242 sp=0x000000daa48fc770 mode 0
Event: 3.258 Thread 0x000002cd6d78a130 Uncommon trap: trap_request=0xffffff45 fr.pc=0x000002cd5b1226cc relative=0x000000000000018c
Event: 3.258 Thread 0x000002cd6d78a130 Uncommon trap: reason=unstable_if action=reinterpret pc=0x000002cd5b1226cc method=java.lang.String.startsWith(Ljava/lang/String;I)Z @ 50 c2
Event: 3.258 Thread 0x000002cd6d78a130 DEOPT PACKING pc=0x000002cd5b1226cc sp=0x000000daa48fe3d0
Event: 3.258 Thread 0x000002cd6d78a130 DEOPT UNPACKING pc=0x000002cd5ab33aa2 sp=0x000000daa48fe300 mode 2

Classes loaded (20 events):
Event: 2.431 Loading class sun/util/logging/resources/logging_es_MX
Event: 2.431 Loading class sun/util/logging/resources/logging_es_MX done
Event: 2.431 Loading class sun/util/logging/resources/logging_es_MX
Event: 2.431 Loading class sun/util/logging/resources/logging_es_MX done
Event: 2.436 Loading class java/util/Formatter$DateTime
Event: 2.436 Loading class java/util/Formatter$DateTime done
Event: 2.436 Loading class java/util/Formatter$FixedString
Event: 2.436 Loading class java/util/Formatter$FixedString done
Event: 2.437 Loading class java/time/ZonedDateTime$1
Event: 2.437 Loading class java/time/ZonedDateTime$1 done
Event: 2.453 Loading class jdk/internal/module/ModulePatcher$PatchedModuleReader
Event: 2.453 Loading class jdk/internal/module/ModulePatcher$PatchedModuleReader done
Event: 2.465 Loading class sun/util/resources/LocaleData$CommonResourceBundleProvider
Event: 2.465 Loading class sun/util/resources/LocaleData$LocaleDataResourceBundleProvider
Event: 2.465 Loading class java/util/spi/ResourceBundleProvider
Event: 2.465 Loading class java/util/spi/ResourceBundleProvider done
Event: 2.465 Loading class sun/util/resources/LocaleData$LocaleDataResourceBundleProvider done
Event: 2.465 Loading class sun/util/resources/LocaleData$CommonResourceBundleProvider done
Event: 2.467 Loading class sun/util/resources/Bundles$2
Event: 2.468 Loading class sun/util/resources/Bundles$2 done

Classes unloaded (0 events):
No events

Classes redefined (0 events):
No events

Internal exceptions (20 events):
Event: 1.040 Thread 0x000002cd503c00f0 Implicit null exception at 0x000002cd5b0d26a9 to 0x000002cd5b0d2f1c
Event: 1.040 Thread 0x000002cd503c00f0 Implicit null exception at 0x000002cd5b0e919a to 0x000002cd5b0e93a4
Event: 1.041 Thread 0x000002cd503c00f0 Exception <a 'java/lang/NoSuchMethodError'{0x00000000d57bb8a0}: 'void java.lang.invoke.DirectMethodHandle$Holder.invokeStatic(java.lang.Object, java.lang.Object, java.lang.Object, java.lang.Object)'> (0x00000000d57bb8a0) 
thrown [s\src\hotspot\share\interpreter\linkResolver.cpp, line 773]
Event: 1.044 Thread 0x000002cd503c00f0 Implicit null exception at 0x000002cd5b0eb61a to 0x000002cd5b0eb820
Event: 1.044 Thread 0x000002cd503c00f0 Implicit null exception at 0x000002cd5b0d9ebd to 0x000002cd5b0d9f41
Event: 1.192 Thread 0x000002cd503c00f0 Exception <a 'java/lang/NoSuchMethodError'{0x00000000d5a547d0}: 'void java.lang.invoke.DirectMethodHandle$Holder.invokeSpecial(java.lang.Object, java.lang.Object, java.lang.Object)'> (0x00000000d5a547d0) 
thrown [s\src\hotspot\share\interpreter\linkResolver.cpp, line 773]
Event: 1.447 Thread 0x000002cd503c00f0 Exception <a 'java/lang/NoSuchMethodError'{0x00000000d646d268}: 'int java.lang.invoke.DirectMethodHandle$Holder.invokeVirtual(java.lang.Object, java.lang.Object)'> (0x00000000d646d268) 
thrown [s\src\hotspot\share\interpreter\linkResolver.cpp, line 773]
Event: 1.500 Thread 0x000002cd503c00f0 Exception <a 'java/lang/NoSuchMethodError'{0x00000000d65f51d8}: 'int java.lang.invoke.DirectMethodHandle$Holder.invokeStaticInit(java.lang.Object, java.lang.Object, java.lang.Object, java.lang.Object)'> (0x00000000d65f51d8) 
thrown [s\src\hotspot\share\interpreter\linkResolver.cpp, line 773]
Event: 1.501 Thread 0x000002cd503c00f0 Exception <a 'java/lang/IncompatibleClassChangeError'{0x00000000d65fd660}: Found class java.lang.Object, but interface was expected> (0x00000000d65fd660) 
thrown [s\src\hotspot\share\interpreter\linkResolver.cpp, line 840]
Event: 1.502 Thread 0x000002cd503c00f0 Exception <a 'java/lang/NoSuchMethodError'{0x00000000d6604590}: 'void java.lang.invoke.DirectMethodHandle$Holder.invokeStaticInit(java.lang.Object, java.lang.Object)'> (0x00000000d6604590) 
thrown [s\src\hotspot\share\interpreter\linkResolver.cpp, line 773]
Event: 1.503 Thread 0x000002cd503c00f0 Exception <a 'java/lang/NoSuchMethodError'{0x00000000d660e1e8}: 'int java.lang.invoke.DirectMethodHandle$Holder.invokeStaticInit(java.lang.Object, java.lang.Object)'> (0x00000000d660e1e8) 
thrown [s\src\hotspot\share\interpreter\linkResolver.cpp, line 773]
Event: 1.570 Thread 0x000002cd503c00f0 Exception <a 'java/lang/NoSuchMethodError'{0x00000000d687ffb8}: 'java.lang.Object java.lang.invoke.DirectMethodHandle$Holder.newInvokeSpecial(java.lang.Object, int, java.lang.Object)'> (0x00000000d687ffb8) 
thrown [s\src\hotspot\share\interpreter\linkResolver.cpp, line 773]
Event: 1.650 Thread 0x000002cd503c00f0 Exception <a 'java/lang/ClassNotFoundException'{0x00000000d6ab3c38}: sun/net/www/protocol/plurl/Handler> (0x00000000d6ab3c38) 
thrown [s\src\hotspot\share\classfile\systemDictionary.cpp, line 312]
Event: 1.650 Thread 0x000002cd503c00f0 Exception <a 'java/lang/ClassNotFoundException'{0x00000000d6ab4ab8}: sun/net/www/protocol/plurl/Handler> (0x00000000d6ab4ab8) 
thrown [s\src\hotspot\share\classfile\systemDictionary.cpp, line 312]
Event: 1.945 Thread 0x000002cd503c00f0 Exception <a 'java/lang/UnsatisfiedLinkError'{0x00000000d5633308}: 'void org.eclipse.equinox.launcher.JNIBridge._update_splash()'> (0x00000000d5633308) 
thrown [s\src\hotspot\share\prims\nativeLookup.cpp, line 415]
Event: 2.053 Thread 0x000002cd6d7ec810 Exception <a 'java/lang/NoSuchMethodError'{0x00000000d58f9820}: 'void java.lang.invoke.DirectMethodHandle$Holder.invokeInterface(java.lang.Object, java.lang.Object, java.lang.Object)'> (0x00000000d58f9820) 
thrown [s\src\hotspot\share\interpreter\linkResolver.cpp, line 773]
Event: 2.243 Thread 0x000002cd6d78a130 Exception <a 'java/lang/NoSuchMethodError'{0x00000000d5cbfa80}: 'java.lang.Object java.lang.invoke.DirectMethodHandle$Holder.newInvokeSpecial(java.lang.Object, java.lang.Object, int, java.lang.Object)'> (0x00000000d5cbfa80) 
thrown [s\src\hotspot\share\interpreter\linkResolver.cpp, line 773]
Event: 2.244 Thread 0x000002cd6d78a130 Exception <a 'java/lang/NoSuchMethodError'{0x00000000d5cc38f0}: 'java.lang.Object java.lang.invoke.DirectMethodHandle$Holder.invokeSpecial(java.lang.Object, java.lang.Object, java.lang.Object, int, java.lang.Object)'> (0x00000000d5cc38f0) 
thrown [s\src\hotspot\share\interpreter\linkResolver.cpp, line 773]
Event: 2.319 Thread 0x000002cd6d78a130 Exception <a 'java/lang/NoClassDefFoundError'{0x00000000d5d638c8}: jakarta/servlet/ServletContainerInitializer> (0x00000000d5d638c8) 
thrown [s\src\hotspot\share\classfile\systemDictionary.cpp, line 301]
Event: 2.428 Thread 0x000002cd6d78a130 Exception <a 'java/lang/ClassNotFoundException'{0x00000000d5ecd190}: sun/util/logging/resources/spi/loggingProvider> (0x00000000d5ecd190) 
thrown [s\src\hotspot\share\classfile\systemDictionary.cpp, line 312]

ZGC Phase Switch (0 events):
No events

VM Operations (20 events):
Event: 1.552 Executing VM operation: HandshakeAllThreads (Deoptimize)
Event: 1.552 Executing VM operation: HandshakeAllThreads (Deoptimize) done
Event: 1.620 Executing VM operation: HandshakeAllThreads (Deoptimize)
Event: 1.620 Executing VM operation: HandshakeAllThreads (Deoptimize) done
Event: 1.642 Executing VM operation: HandshakeAllThreads (Deoptimize)
Event: 1.642 Executing VM operation: HandshakeAllThreads (Deoptimize) done
Event: 1.771 Executing VM operation: ICBufferFull
Event: 1.771 Executing VM operation: ICBufferFull done
Event: 1.895 Executing VM operation: ParallelGCFailedAllocation (Allocation Failure)
Event: 1.901 Executing VM operation: ParallelGCFailedAllocation (Allocation Failure) done
Event: 2.358 Executing VM operation: HandshakeAllThreads (Deoptimize)
Event: 2.358 Executing VM operation: HandshakeAllThreads (Deoptimize) done
Event: 2.454 Executing VM operation: HandshakeAllThreads (Deoptimize)
Event: 2.454 Executing VM operation: HandshakeAllThreads (Deoptimize) done
Event: 2.482 Executing VM operation: HandshakeAllThreads (Deoptimize)
Event: 2.483 Executing VM operation: HandshakeAllThreads (Deoptimize) done
Event: 2.499 Executing VM operation: HandshakeAllThreads (Deoptimize)
Event: 2.499 Executing VM operation: HandshakeAllThreads (Deoptimize) done
Event: 3.094 Executing VM operation: ParallelGCFailedAllocation (Allocation Failure)
Event: 3.100 Executing VM operation: ParallelGCFailedAllocation (Allocation Failure) done

Memory protections (0 events):
No events

Nmethod flushes (0 events):
No events

Events (16 events):
Event: 0.035 Thread 0x000002cd503c00f0 Thread added: 0x000002cd503c00f0
Event: 0.065 Thread 0x000002cd503c00f0 Thread added: 0x000002cd66e1e870
Event: 0.065 Thread 0x000002cd503c00f0 Thread added: 0x000002cd66e20990
Event: 0.065 Thread 0x000002cd503c00f0 Thread added: 0x000002cd66e248a0
Event: 0.066 Thread 0x000002cd503c00f0 Thread added: 0x000002cd66e25a10
Event: 0.066 Thread 0x000002cd503c00f0 Thread added: 0x000002cd66e27b80
Event: 0.066 Thread 0x000002cd503c00f0 Thread added: 0x000002cd66e29010
Event: 0.066 Thread 0x000002cd503c00f0 Thread added: 0x000002cd66e2c080
Event: 0.066 Thread 0x000002cd503c00f0 Thread added: 0x000002cd66e36670
Event: 0.163 Thread 0x000002cd503c00f0 Thread added: 0x000002cd687a4ba0
Event: 0.476 Thread 0x000002cd503c00f0 Thread added: 0x000002cd689f4c20
Event: 1.521 Thread 0x000002cd503c00f0 Thread added: 0x000002cd6d7d0bb0
Event: 1.934 Thread 0x000002cd503c00f0 Thread added: 0x000002cd6d7ec810
Event: 2.062 Thread 0x000002cd6d7ec810 Thread added: 0x000002cd6d788ef0
Event: 2.068 Thread 0x000002cd503c00f0 Thread added: 0x000002cd6d78a130
Event: 3.173 Thread 0x000002cd6d78a130 Thread added: 0x000002cd6da68df0


Dynamic libraries:
0x00007ff694580000 - 0x00007ff69458e000 	c:\Users\gerar\.vscode\extensions\redhat.java-1.45.0-win32-x64\jre\21.0.8-win32-x86_64\bin\java.exe
0x00007ffaa4710000 - 0x00007ffaa4927000 	C:\Windows\SYSTEM32\ntdll.dll
0x00007ffaa3120000 - 0x00007ffaa31e4000 	C:\Windows\System32\KERNEL32.DLL
0x00007ffaa1dc0000 - 0x00007ffaa2190000 	C:\Windows\System32\KERNELBASE.dll
0x00007ffaa2190000 - 0x00007ffaa22a1000 	C:\Windows\System32\ucrtbase.dll
0x00007ffa77750000 - 0x00007ffa7776e000 	c:\Users\gerar\.vscode\extensions\redhat.java-1.45.0-win32-x64\jre\21.0.8-win32-x86_64\bin\VCRUNTIME140.dll
0x00007ffa7dec0000 - 0x00007ffa7ded8000 	c:\Users\gerar\.vscode\extensions\redhat.java-1.45.0-win32-x64\jre\21.0.8-win32-x86_64\bin\jli.dll
0x00007ffaa4290000 - 0x00007ffaa4441000 	C:\Windows\System32\USER32.dll
0x00007ffa88440000 - 0x00007ffa886dc000 	C:\Windows\WinSxS\amd64_microsoft.windows.common-controls_6595b64144ccf1df_6.0.22621.5840_none_2710ea077384a4fe\COMCTL32.dll
0x00007ffaa22b0000 - 0x00007ffaa22d6000 	C:\Windows\System32\win32u.dll
0x00007ffaa2450000 - 0x00007ffaa24f7000 	C:\Windows\System32\msvcrt.dll
0x00007ffaa3260000 - 0x00007ffaa3289000 	C:\Windows\System32\GDI32.dll
0x00007ffaa1a30000 - 0x00007ffaa1b53000 	C:\Windows\System32\gdi32full.dll
0x00007ffaa1d20000 - 0x00007ffaa1dba000 	C:\Windows\System32\msvcp_win.dll
0x00007ffaa4690000 - 0x00007ffaa46c1000 	C:\Windows\System32\IMM32.DLL
0x00007ffa9b850000 - 0x00007ffa9b85c000 	c:\Users\gerar\.vscode\extensions\redhat.java-1.45.0-win32-x64\jre\21.0.8-win32-x86_64\bin\vcruntime140_1.dll
0x00007ffa56130000 - 0x00007ffa561bd000 	c:\Users\gerar\.vscode\extensions\redhat.java-1.45.0-win32-x64\jre\21.0.8-win32-x86_64\bin\msvcp140.dll
0x00007ffa156b0000 - 0x00007ffa16447000 	c:\Users\gerar\.vscode\extensions\redhat.java-1.45.0-win32-x64\jre\21.0.8-win32-x86_64\bin\server\jvm.dll
0x00007ffaa3680000 - 0x00007ffaa3731000 	C:\Windows\System32\ADVAPI32.dll
0x00007ffaa4450000 - 0x00007ffaa44f8000 	C:\Windows\System32\sechost.dll
0x00007ffaa1a00000 - 0x00007ffaa1a28000 	C:\Windows\System32\bcrypt.dll
0x00007ffaa32a0000 - 0x00007ffaa33b8000 	C:\Windows\System32\RPCRT4.dll
0x00007ffaa2e30000 - 0x00007ffaa2ea1000 	C:\Windows\System32\WS2_32.dll
0x00007ffaa1460000 - 0x00007ffaa14ad000 	C:\Windows\SYSTEM32\POWRPROF.dll
0x00007ffa9bc70000 - 0x00007ffa9bca4000 	C:\Windows\SYSTEM32\WINMM.dll
0x00007ffa96000000 - 0x00007ffa9600a000 	C:\Windows\SYSTEM32\VERSION.dll
0x00007ffaa1440000 - 0x00007ffaa1453000 	C:\Windows\SYSTEM32\UMPDC.dll
0x00007ffaa07e0000 - 0x00007ffaa07f8000 	C:\Windows\SYSTEM32\kernel.appcore.dll
0x00007ffa9b3a0000 - 0x00007ffa9b3aa000 	c:\Users\gerar\.vscode\extensions\redhat.java-1.45.0-win32-x64\jre\21.0.8-win32-x86_64\bin\jimage.dll
0x00007ffa9f2a0000 - 0x00007ffa9f4d3000 	C:\Windows\SYSTEM32\DBGHELP.DLL
0x00007ffaa3ef0000 - 0x00007ffaa4281000 	C:\Windows\System32\combase.dll
0x00007ffaa45b0000 - 0x00007ffaa4688000 	C:\Windows\System32\OLEAUT32.dll
0x00007ffa96490000 - 0x00007ffa964c2000 	C:\Windows\SYSTEM32\dbgcore.DLL
0x00007ffaa1ca0000 - 0x00007ffaa1d1b000 	C:\Windows\System32\bcryptPrimitives.dll
0x00007ffa95ba0000 - 0x00007ffa95baf000 	c:\Users\gerar\.vscode\extensions\redhat.java-1.45.0-win32-x64\jre\21.0.8-win32-x86_64\bin\instrument.dll
0x00007ffa76550000 - 0x00007ffa7656f000 	c:\Users\gerar\.vscode\extensions\redhat.java-1.45.0-win32-x64\jre\21.0.8-win32-x86_64\bin\java.dll
0x00007ffaa2500000 - 0x00007ffaa2da1000 	C:\Windows\System32\SHELL32.dll
0x00007ffaa1b60000 - 0x00007ffaa1c9f000 	C:\Windows\System32\wintypes.dll
0x00007ffa9f6a0000 - 0x00007ffa9ffba000 	C:\Windows\SYSTEM32\windows.storage.dll
0x00007ffaa3560000 - 0x00007ffaa366a000 	C:\Windows\System32\SHCORE.dll
0x00007ffaa39e0000 - 0x00007ffaa3a49000 	C:\Windows\System32\shlwapi.dll
0x00007ffaa1740000 - 0x00007ffaa1765000 	C:\Windows\SYSTEM32\profapi.dll
0x00007ffa76530000 - 0x00007ffa76548000 	c:\Users\gerar\.vscode\extensions\redhat.java-1.45.0-win32-x64\jre\21.0.8-win32-x86_64\bin\zip.dll
0x00007ffa971d0000 - 0x00007ffa971e0000 	C:\Users\gerar\.vscode\extensions\redhat.java-1.45.0-win32-x64\jre\21.0.8-win32-x86_64\bin\net.dll
0x00007ffa9d3c0000 - 0x00007ffa9d4ec000 	C:\Windows\SYSTEM32\WINHTTP.dll
0x00007ffaa0cc0000 - 0x00007ffaa0d29000 	C:\Windows\system32\mswsock.dll
0x00007ffa754a0000 - 0x00007ffa754b6000 	C:\Users\gerar\.vscode\extensions\redhat.java-1.45.0-win32-x64\jre\21.0.8-win32-x86_64\bin\nio.dll
0x00007ffa94e70000 - 0x00007ffa94e80000 	c:\Users\gerar\.vscode\extensions\redhat.java-1.45.0-win32-x64\jre\21.0.8-win32-x86_64\bin\verify.dll
0x00007ffa49250000 - 0x00007ffa49294000 	C:\Users\gerar\AppData\Roaming\Code\User\globalStorage\redhat.java\1.45.0\config_win\org.eclipse.equinox.launcher\org.eclipse.equinox.launcher.win32.win32.x86_64_1.2.1400.v20250801-0854\eclipse_11916.dll
0x00007ffaa33c0000 - 0x00007ffaa3560000 	C:\Windows\System32\ole32.dll

JVMTI agents:
c:\Users\gerar\.vscode\extensions\redhat.java-1.45.0-win32-x64\lombok\lombok-1.18.39-4050.jar path:c:\Users\gerar\.vscode\extensions\redhat.java-1.45.0-win32-x64\jre\21.0.8-win32-x86_64\bin\instrument.dll, loaded, initialized, instrumentlib options:none

dbghelp: loaded successfully - version: 4.0.5 - missing functions: none
symbol engine: initialized successfully - sym options: 0x614 - pdb path: .;c:\Users\gerar\.vscode\extensions\redhat.java-1.45.0-win32-x64\jre\21.0.8-win32-x86_64\bin;C:\Windows\SYSTEM32;C:\Windows\WinSxS\amd64_microsoft.windows.common-controls_6595b64144ccf1df_6.0.22621.5840_none_2710ea077384a4fe;c:\Users\gerar\.vscode\extensions\redhat.java-1.45.0-win32-x64\jre\21.0.8-win32-x86_64\bin\server;C:\Users\gerar\AppData\Roaming\Code\User\globalStorage\redhat.java\1.45.0\config_win\org.eclipse.equinox.launcher\org.eclipse.equinox.launcher.win32.win32.x86_64_1.2.1400.v20250801-0854

VM Arguments:
jvm_args: --add-modules=ALL-SYSTEM --add-opens=java.base/java.util=ALL-UNNAMED --add-opens=java.base/java.lang=ALL-UNNAMED --add-opens=java.base/sun.nio.fs=ALL-UNNAMED -Declipse.application=org.eclipse.jdt.ls.core.id1 -Dosgi.bundles.defaultStartLevel=4 -Declipse.product=org.eclipse.jdt.ls.core.product -Djava.import.generatesMetadataFilesAtProjectRoot=false -DDetectVMInstallationsJob.disabled=true -Dfile.encoding=utf8 -XX:+UseParallelGC -XX:GCTimeRatio=4 -XX:AdaptiveSizePolicyWeight=90 -Dsun.zip.disableMemoryMapping=true -Xmx2G -Xms100m -Xlog:disable -javaagent:c:\Users\gerar\.vscode\extensions\redhat.java-1.45.0-win32-x64\lombok\lombok-1.18.39-4050.jar -XX:+HeapDumpOnOutOfMemoryError -XX:HeapDumpPath=c:\Users\gerar\AppData\Roaming\Code\User\workspaceStorage\43662f2c530878c830368f2210583480\redhat.java -Daether.dependencyCollector.impl=bf 
java_command: c:\Users\gerar\.vscode\extensions\redhat.java-1.45.0-win32-x64\server\plugins\org.eclipse.equinox.launcher_1.7.0.v20250519-0528.jar -configuration c:\Users\gerar\AppData\Roaming\Code\User\globalStorage\redhat.java\1.45.0\config_win -data c:\Users\gerar\AppData\Roaming\Code\User\workspaceStorage\43662f2c530878c830368f2210583480\redhat.java\jdt_ws --pipe=\\.\pipe\lsp-4c23948986b50e5f94dce3351bef69e4-sock
java_class_path (initial): c:\Users\gerar\.vscode\extensions\redhat.java-1.45.0-win32-x64\server\plugins\org.eclipse.equinox.launcher_1.7.0.v20250519-0528.jar
Launcher Type: SUN_STANDARD

[Global flags]
    uintx AdaptiveSizePolicyWeight                 = 90                                        {product} {command line}
     intx CICompilerCount                          = 4                                         {product} {ergonomic}
    uintx GCTimeRatio                              = 4                                         {product} {command line}
     bool HeapDumpOnOutOfMemoryError               = true                                   {manageable} {command line}
    ccstr HeapDumpPath                             = c:\Users\gerar\AppData\Roaming\Code\User\workspaceStorage\43662f2c530878c830368f2210583480\redhat.java         {manageable} {command line}
   size_t InitialHeapSize                          = 104857600                                 {product} {command line}
   size_t MaxHeapSize                              = 2147483648                                {product} {command line}
   size_t MaxNewSize                               = 715653120                                 {product} {ergonomic}
   size_t MinHeapDeltaBytes                        = 524288                                    {product} {ergonomic}
   size_t MinHeapSize                              = 104857600                                 {product} {command line}
   size_t NewSize                                  = 34603008                                  {product} {ergonomic}
    uintx NonNMethodCodeHeapSize                   = 5839372                                {pd product} {ergonomic}
    uintx NonProfiledCodeHeapSize                  = 122909434                              {pd product} {ergonomic}
   size_t OldSize                                  = 70254592                                  {product} {ergonomic}
    uintx ProfiledCodeHeapSize                     = 122909434                              {pd product} {ergonomic}
    uintx ReservedCodeCacheSize                    = 251658240                              {pd product} {ergonomic}
     bool SegmentedCodeCache                       = true                                      {product} {ergonomic}
   size_t SoftMaxHeapSize                          = 2147483648                             {manageable} {ergonomic}
     bool UseCompressedOops                        = true                           {product lp64_product} {ergonomic}
     bool UseLargePagesIndividualAllocation        = false                                  {pd product} {ergonomic}
     bool UseParallelGC                            = true                                      {product} {command line}

Logging:
Log output configuration:
 #0: stdout all=off uptime,level,tags foldmultilines=false
 #1: stderr all=off uptime,level,tags foldmultilines=false

Environment Variables:
PATH=C:\Python313\Scripts\;C:\Python313\;C:\Program Files\Common Files\Oracle\Java\javapath;C:\Windows\system32;C:\Windows;C:\Windows\System32\Wbem;C:\Windows\System32\WindowsPowerShell\v1.0\;C:\Windows\System32\OpenSSH\;C:\Program Files\Git\cmd;C:\Program Files\CMake\bin;C:\Program Files\dotnet\;C:\dev\apache-maven-3.9.9\bin;C:\Program Files (x86)\Windows Kits\10\Windows Performance Toolkit\;C:\xampp\php;C:\composer;C:\Program Files\nodejs\;C:\ProgramData\chocolatey\bin;C:\Program Files\Microsoft SQL Server\150\Tools\Binn\;C:\Program Files\Microsoft SQL Server\Client SDK\ODBC\170\Tools\Binn\;C:\Program Files\Microsoft SQL Server\160\Tools\Binn\;C:\Program Files (x86)\Microsoft SQL Server\160\DTS\Binn\;C:\Program Files (x86)\cloudflared\;C:\Program Files\MySQL\MySQL Shell 8.0\bin\;C:\Users\gerar\AppData\Local\Microsoft\WindowsApps;C:\Users\gerar\AppData\Local\Programs\Microsoft VS Code\bin;C:\dev\flutter\bin;C:\Users\gerar\.dotnet\tools;C:\Users\gerar\AppData\Roaming\Composer\vendor\bin;C:\Users\gerar\AppData\Roaming\npm
USERNAME=gerar
OS=Windows_NT
PROCESSOR_IDENTIFIER=AMD64 Family 23 Model 160 Stepping 0, AuthenticAMD
TMP=C:\Users\gerar\AppData\Local\Temp
TEMP=C:\Users\gerar\AppData\Local\Temp




Periodic native trim disabled

---------------  S Y S T E M  ---------------

OS:
 Windows 11 , 64 bit Build 22621 (10.0.22621.5415)
OS uptime: 1 days 3:19 hours
Hyper-V role detected

CPU: total 8 (initial active 8) (8 cores per cpu, 2 threads per core) family 23 model 160 stepping 0 microcode 0x0, cx8, cmov, fxsr, ht, mmx, 3dnowpref, sse, sse2, sse3, ssse3, sse4a, sse4.1, sse4.2, popcnt, lzcnt, tsc, tscinvbit, avx, avx2, aes, clmul, bmi1, bmi2, adx, sha, fma, vzeroupper, clflush, clflushopt, hv, rdtscp, rdpid, f16c
Processor Information for the first 8 processors :
  Max Mhz: 2401, Current Mhz: 2401, Mhz Limit: 2401

Memory: 4k page, system-wide physical 5965M (228M free)
TotalPageFile size 24397M (AvailPageFile size 16M)
current process WorkingSet (physical memory assigned to process): 106M, peak: 106M
current process commit charge ("private bytes"): 249M, peak: 250M

vm_info: OpenJDK 64-Bit Server VM (21.0.8+9-LTS) for windows-amd64 JRE (21.0.8+9-LTS), built on 2025-07-15T00:00:00Z by "admin" with MS VC++ 17.7 (VS2022)

END.
