#
# There is insufficient memory for the Java Runtime Environment to continue.
# Native memory allocation (malloc) failed to allocate 1276544 bytes. Error detail: Chunk::new
# Possible reasons:
#   The system is out of physical RAM or swap space
#   This process is running with CompressedOops enabled, and the Java Heap may be blocking the growth of the native heap
# Possible solutions:
#   Reduce memory load on the system
#   Increase physical memory or swap space
#   Check if swap backing store is full
#   Decrease Java heap size (-Xmx/-Xms)
#   Decrease number of Java threads
#   Decrease Java thread stack sizes (-Xss)
#   Set larger code cache with -XX:ReservedCodeCacheSize=
#   JVM is running with Unscaled Compressed Oops mode in which the Java heap is
#     placed in the first 4GB address space. The Java Heap base address is the
#     maximum limit for the native heap growth. Please use -XX:HeapBaseMinAddress
#     to set the Java Heap base and to place the Java Heap above 4GB virtual address.
# This output file may be truncated or incomplete.
#
#  Out of Memory Error (arena.cpp:168), pid=49148, tid=51192
#
# JRE version: OpenJDK Runtime Environment Temurin-21.0.8+9 (21.0.8+9) (build 21.0.8+9-LTS)
# Java VM: OpenJDK 64-Bit Server VM Temurin-21.0.8+9 (21.0.8+9-LTS, mixed mode, sharing, tiered, compressed oops, compressed class ptrs, parallel gc, windows-amd64)
# No core dump will be written. Minidumps are not enabled by default on client versions of Windows
#

---------------  S U M M A R Y ------------

Command Line: --add-modules=ALL-SYSTEM --add-opens=java.base/java.util=ALL-UNNAMED --add-opens=java.base/java.lang=ALL-UNNAMED --add-opens=java.base/sun.nio.fs=ALL-UNNAMED -Declipse.application=org.eclipse.jdt.ls.core.id1 -Dosgi.bundles.defaultStartLevel=4 -Declipse.product=org.eclipse.jdt.ls.core.product -Djava.import.generatesMetadataFilesAtProjectRoot=false -DDetectVMInstallationsJob.disabled=true -Dfile.encoding=utf8 -XX:+UseParallelGC -XX:GCTimeRatio=4 -XX:AdaptiveSizePolicyWeight=90 -Dsun.zip.disableMemoryMapping=true -Xmx2G -Xms100m -Xlog:disable -javaagent:c:\Users\gerar\.vscode\extensions\redhat.java-1.45.0-win32-x64\lombok\lombok-1.18.39-4050.jar c:\Users\gerar\.vscode\extensions\redhat.java-1.45.0-win32-x64\server\plugins\org.eclipse.equinox.launcher_1.7.0.v20250519-0528.jar -configuration c:\Users\gerar\AppData\Roaming\Code\User\globalStorage\redhat.java\1.45.0\config_ss_win -data c:\Users\gerar\AppData\Roaming\Code\User\workspaceStorage\43662f2c530878c830368f2210583480\redhat.java\ss_ws --pipe=\\.\pipe\lsp-9cb0c706c7532cbdc3396974659c839e-sock

Host: AMD Ryzen 3 7320U with Radeon Graphics         , 8 cores, 5G,  Windows 11 , 64 bit Build 22621 (10.0.22621.5415)
Time: Thu Sep 25 13:05:57 2025 Hora estándar central (México) elapsed time: 8.485397 seconds (0d 0h 0m 8s)

---------------  T H R E A D  ---------------

Current thread (0x000001ceff0b6100):  JavaThread "C2 CompilerThread1" daemon [_thread_in_native, id=51192, stack(0x000000558ef00000,0x000000558f000000) (1024K)]


Current CompileTask:
C2:8485 4794   !   4       org.eclipse.osgi.internal.loader.classpath.ClasspathManager::findLocalClass (210 bytes)

Stack: [0x000000558ef00000,0x000000558f000000]
Native frames: (J=compiled Java code, j=interpreted, Vv=VM code, C=native code)
V  [jvm.dll+0x6d2449]
V  [jvm.dll+0x8ae341]
V  [jvm.dll+0x8b08be]
V  [jvm.dll+0x8b0fa3]
V  [jvm.dll+0x280c96]
V  [jvm.dll+0xc581d]
V  [jvm.dll+0xc5d53]
V  [jvm.dll+0x3b919c]
V  [jvm.dll+0x385315]
V  [jvm.dll+0x38477a]
V  [jvm.dll+0x248ed0]
V  [jvm.dll+0x2484af]
V  [jvm.dll+0x1c89ee]
V  [jvm.dll+0x257d4d]
V  [jvm.dll+0x2562ea]
V  [jvm.dll+0x3f2d16]
V  [jvm.dll+0x857e6b]
V  [jvm.dll+0x6d0b0d]
C  [ucrtbase.dll+0x29333]
C  [KERNEL32.DLL+0x1259d]
C  [ntdll.dll+0x5af78]


---------------  P R O C E S S  ---------------

Threads class SMR info:
_java_thread_list=0x000001cec5e387c0, length=45, elements={
0x000001cee5c3d640, 0x000001cefc69e8f0, 0x000001cefc69f8a0, 0x000001cefc6a7020,
0x000001cefc6a82e0, 0x000001cefc6ac590, 0x000001cefc6afaf0, 0x000001cefc6bc5e0,
0x000001cefc6b0320, 0x000001cefe02cf10, 0x000001cefe28b3e0, 0x000001cefe6d8b40,
0x000001cefe8764f0, 0x000001cefe5364d0, 0x000001cefeb08790, 0x000001cefe503d80,
0x000001cefef43dc0, 0x000001cefef18a20, 0x000001ceff0cbcc0, 0x000001ceff0a34b0,
0x000001ceff0b6100, 0x000001ceff0a2e20, 0x000001ceff0a2100, 0x000001ceff0a2790,
0x000001cec5c0bd50, 0x000001cec5c0c3e0, 0x000001cec5c08f60, 0x000001cec5c09c80,
0x000001cec5c0a310, 0x000001cec5c0ca70, 0x000001cec5c095f0, 0x000001cec5c0de20,
0x000001cec5c0eb40, 0x000001cec5c0e4b0, 0x000001cec5c0f1d0, 0x000001cec5c0d790,
0x000001cec5c0fef0, 0x000001cec5c0b030, 0x000001cec5c0f860, 0x000001cec5c0b6c0,
0x000001cec5c0d100, 0x000001cec5c10580, 0x000001cec6efff00, 0x000001cec6efde30,
0x000001cec6ef9600
}

Java Threads: ( => current thread )
  0x000001cee5c3d640 JavaThread "main"                              [_thread_blocked, id=59284, stack(0x000000558d100000,0x000000558d200000) (1024K)]
  0x000001cefc69e8f0 JavaThread "Reference Handler"          daemon [_thread_blocked, id=57156, stack(0x000000558d500000,0x000000558d600000) (1024K)]
  0x000001cefc69f8a0 JavaThread "Finalizer"                  daemon [_thread_blocked, id=58188, stack(0x000000558d600000,0x000000558d700000) (1024K)]
  0x000001cefc6a7020 JavaThread "Signal Dispatcher"          daemon [_thread_blocked, id=49496, stack(0x000000558d700000,0x000000558d800000) (1024K)]
  0x000001cefc6a82e0 JavaThread "Attach Listener"            daemon [_thread_blocked, id=54416, stack(0x000000558d800000,0x000000558d900000) (1024K)]
  0x000001cefc6ac590 JavaThread "Service Thread"             daemon [_thread_blocked, id=49316, stack(0x000000558d900000,0x000000558da00000) (1024K)]
  0x000001cefc6afaf0 JavaThread "Monitor Deflation Thread"   daemon [_thread_blocked, id=53584, stack(0x000000558da00000,0x000000558db00000) (1024K)]
  0x000001cefc6bc5e0 JavaThread "C2 CompilerThread0"         daemon [_thread_in_native, id=58964, stack(0x000000558db00000,0x000000558dc00000) (1024K)]
  0x000001cefc6b0320 JavaThread "C1 CompilerThread0"         daemon [_thread_in_native, id=57368, stack(0x000000558dc00000,0x000000558dd00000) (1024K)]
  0x000001cefe02cf10 JavaThread "Common-Cleaner"             daemon [_thread_blocked, id=58524, stack(0x000000558dd00000,0x000000558de00000) (1024K)]
  0x000001cefe28b3e0 JavaThread "Notification Thread"        daemon [_thread_blocked, id=58076, stack(0x000000558df00000,0x000000558e000000) (1024K)]
  0x000001cefe6d8b40 JavaThread "Active Thread: Equinox Container: e90d8099-89ec-4d2f-aa87-120a2f4af67f"        [_thread_blocked, id=54628, stack(0x000000558e000000,0x000000558e100000) (1024K)]
  0x000001cefe8764f0 JavaThread "Framework Event Dispatcher: Equinox Container: e90d8099-89ec-4d2f-aa87-120a2f4af67f" daemon [_thread_blocked, id=47168, stack(0x000000558e700000,0x000000558e800000) (1024K)]
  0x000001cefe5364d0 JavaThread "Start Level: Equinox Container: e90d8099-89ec-4d2f-aa87-120a2f4af67f" daemon [_thread_blocked, id=32784, stack(0x000000558e800000,0x000000558e900000) (1024K)]
  0x000001cefeb08790 JavaThread "SCR Component Actor"        daemon [_thread_blocked, id=57508, stack(0x000000558ea00000,0x000000558eb00000) (1024K)]
  0x000001cefe503d80 JavaThread "SCR Component Registry"     daemon [_thread_blocked, id=28048, stack(0x000000558de00000,0x000000558df00000) (1024K)]
  0x000001cefef43dc0 JavaThread "Worker-JM"                         [_thread_blocked, id=58748, stack(0x000000558eb00000,0x000000558ec00000) (1024K)]
  0x000001cefef18a20 JavaThread "JNA Cleaner"                daemon [_thread_blocked, id=56404, stack(0x000000558ec00000,0x000000558ed00000) (1024K)]
  0x000001ceff0cbcc0 JavaThread "Worker-0: Building"                [_thread_blocked, id=56928, stack(0x000000558ed00000,0x000000558ee00000) (1024K)]
  0x000001ceff0a34b0 JavaThread "Worker-1"                          [_thread_blocked, id=56132, stack(0x000000558ee00000,0x000000558ef00000) (1024K)]
=>0x000001ceff0b6100 JavaThread "C2 CompilerThread1"         daemon [_thread_in_native, id=51192, stack(0x000000558ef00000,0x000000558f000000) (1024K)]
  0x000001ceff0a2e20 JavaThread "Worker-2"                          [_thread_blocked, id=50412, stack(0x000000558f000000,0x000000558f100000) (1024K)]
  0x000001ceff0a2100 JavaThread "Thread-2"                   daemon [_thread_in_native, id=55320, stack(0x000000558f100000,0x000000558f200000) (1024K)]
  0x000001ceff0a2790 JavaThread "Thread-3"                   daemon [_thread_in_native, id=58196, stack(0x000000558f200000,0x000000558f300000) (1024K)]
  0x000001cec5c0bd50 JavaThread "Thread-4"                   daemon [_thread_in_native, id=33964, stack(0x000000558f300000,0x000000558f400000) (1024K)]
  0x000001cec5c0c3e0 JavaThread "Thread-5"                   daemon [_thread_in_native, id=57672, stack(0x000000558f400000,0x000000558f500000) (1024K)]
  0x000001cec5c08f60 JavaThread "Thread-6"                   daemon [_thread_in_native, id=57952, stack(0x000000558f500000,0x000000558f600000) (1024K)]
  0x000001cec5c09c80 JavaThread "Thread-7"                   daemon [_thread_in_native, id=58596, stack(0x000000558f600000,0x000000558f700000) (1024K)]
  0x000001cec5c0a310 JavaThread "Thread-8"                   daemon [_thread_in_native, id=50964, stack(0x000000558f700000,0x000000558f800000) (1024K)]
  0x000001cec5c0ca70 JavaThread "Thread-9"                   daemon [_thread_in_native, id=57112, stack(0x000000558f800000,0x000000558f900000) (1024K)]
  0x000001cec5c095f0 JavaThread "Thread-10"                  daemon [_thread_in_native, id=57476, stack(0x000000558f900000,0x000000558fa00000) (1024K)]
  0x000001cec5c0de20 JavaThread "pool-2-thread-1"                   [_thread_blocked, id=52220, stack(0x000000558fa00000,0x000000558fb00000) (1024K)]
  0x000001cec5c0eb40 JavaThread "WorkspaceEventsHandler"            [_thread_blocked, id=2040, stack(0x000000558fb00000,0x000000558fc00000) (1024K)]
  0x000001cec5c0e4b0 JavaThread "pool-1-thread-1"                   [_thread_in_vm, id=51264, stack(0x000000558fc00000,0x000000558fd00000) (1024K)]
  0x000001cec5c0f1d0 JavaThread "ForkJoinPool.commonPool-worker-1" daemon [_thread_blocked, id=57664, stack(0x000000558fd00000,0x000000558fe00000) (1024K)]
  0x000001cec5c0d790 JavaThread "ForkJoinPool.commonPool-worker-2" daemon [_thread_blocked, id=55596, stack(0x000000558fe00000,0x000000558ff00000) (1024K)]
  0x000001cec5c0fef0 JavaThread "ForkJoinPool.commonPool-worker-3" daemon [_thread_blocked, id=22988, stack(0x000000558ff00000,0x0000005590000000) (1024K)]
  0x000001cec5c0b030 JavaThread "LocalFile Deleter"          daemon [_thread_blocked, id=54640, stack(0x0000005590000000,0x0000005590100000) (1024K)]
  0x000001cec5c0f860 JavaThread "LocalFile Deleter"          daemon [_thread_in_native, id=56112, stack(0x0000005590100000,0x0000005590200000) (1024K)]
  0x000001cec5c0b6c0 JavaThread "LocalFile Deleter"          daemon [_thread_in_native, id=50732, stack(0x0000005590200000,0x0000005590300000) (1024K)]
  0x000001cec5c0d100 JavaThread "LocalFile Deleter"          daemon [_thread_in_native, id=33012, stack(0x0000005590300000,0x0000005590400000) (1024K)]
  0x000001cec5c10580 JavaThread "LocalFile Deleter"          daemon [_thread_blocked, id=59048, stack(0x0000005590400000,0x0000005590500000) (1024K)]
  0x000001cec6efff00 JavaThread "LocalFile Deleter"          daemon [_thread_in_native, id=58996, stack(0x0000005590500000,0x0000005590600000) (1024K)]
  0x000001cec6efde30 JavaThread "LocalFile Deleter"          daemon [_thread_in_native, id=59044, stack(0x0000005590600000,0x0000005590700000) (1024K)]
  0x000001cec6ef9600 JavaThread "LocalFile Deleter"          daemon [_thread_in_native, id=59056, stack(0x0000005590700000,0x0000005590800000) (1024K)]
Total: 45

Other Threads:
  0x000001cefc682d30 VMThread "VM Thread"                           [id=43212, stack(0x000000558d400000,0x000000558d500000) (1024K)]
  0x000001cee5ca6ec0 WatcherThread "VM Periodic Task Thread"        [id=48980, stack(0x000000558d300000,0x000000558d400000) (1024K)]
  0x000001cee5c5b290 WorkerThread "GC Thread#0"                     [id=54348, stack(0x000000558d200000,0x000000558d300000) (1024K)]
  0x000001cefe795630 WorkerThread "GC Thread#1"                     [id=34236, stack(0x000000558e100000,0x000000558e200000) (1024K)]
  0x000001cefea9d320 WorkerThread "GC Thread#2"                     [id=55992, stack(0x000000558e200000,0x000000558e300000) (1024K)]
  0x000001cefea9d6c0 WorkerThread "GC Thread#3"                     [id=58072, stack(0x000000558e300000,0x000000558e400000) (1024K)]
  0x000001cefe2cf5e0 WorkerThread "GC Thread#4"                     [id=55976, stack(0x000000558e400000,0x000000558e500000) (1024K)]
  0x000001cefe2cf980 WorkerThread "GC Thread#5"                     [id=8156, stack(0x000000558e500000,0x000000558e600000) (1024K)]
  0x000001cefe2cfd20 WorkerThread "GC Thread#6"                     [id=57292, stack(0x000000558e600000,0x000000558e700000) (1024K)]
  0x000001cefe631f90 WorkerThread "GC Thread#7"                     [id=59244, stack(0x000000558e900000,0x000000558ea00000) (1024K)]
Total: 10

Threads with active compile tasks:
C2 CompilerThread0  8508 4884 %     4       sun.nio.fs.WindowsPathParser::normalize @ 18 (233 bytes)
C1 CompilerThread0  8508 4886       3       java.net.URI::<init> (13 bytes)
C2 CompilerThread1  8508 4794   !   4       org.eclipse.osgi.internal.loader.classpath.ClasspathManager::findLocalClass (210 bytes)
Total: 3

VM state: not at safepoint (normal execution)

VM Mutex/Monitor currently owned by a thread: None

Heap address: 0x0000000080000000, size: 2048 MB, Compressed Oops mode: 32-bit

CDS archive(s) mapped at: [0x000001ce80000000-0x000001ce80ba0000-0x000001ce80ba0000), size 12189696, SharedBaseAddress: 0x000001ce80000000, ArchiveRelocationMode: 1.
Compressed class space mapped at: 0x000001ce81000000-0x000001cec1000000, reserved size: 1073741824
Narrow klass base: 0x000001ce80000000, Narrow klass shift: 0, Narrow klass range: 0x100000000

GC Precious Log:
 CardTable entry size: 512
 CPUs: 8 total, 8 available
 Memory: 5965M
 Large Page Support: Disabled
 NUMA Support: Disabled
 Compressed Oops: Enabled (32-bit)
 Alignments: Space 512K, Generation 512K, Heap 2M
 Heap Min Capacity: 100M
 Heap Initial Capacity: 100M
 Heap Max Capacity: 2G
 Pre-touch: Disabled
 Parallel Workers: 8

Heap:
 PSYoungGen      total 23552K, used 10827K [0x00000000d5580000, 0x00000000d6f00000, 0x0000000100000000)
  eden space 22016K, 49% used [0x00000000d5580000,0x00000000d6012c18,0x00000000d6b00000)
  from space 1536K, 0% used [0x00000000d6b00000,0x00000000d6b00000,0x00000000d6c80000)
  to   space 2048K, 0% used [0x00000000d6d00000,0x00000000d6d00000,0x00000000d6f00000)
 ParOldGen       total 68608K, used 28753K [0x0000000080000000, 0x0000000084300000, 0x00000000d5580000)
  object space 68608K, 41% used [0x0000000080000000,0x0000000081c14458,0x0000000084300000)
 Metaspace       used 35779K, committed 36736K, reserved 1114112K
  class space    used 3628K, committed 4096K, reserved 1048576K

Card table byte_map: [0x000001cee5610000,0x000001cee5a20000] _byte_map_base: 0x000001cee5210000

Marking Bits: (ParMarkBitMap*) 0x00007ffa1636a340
 Begin Bits: [0x000001cef80e0000, 0x000001cefa0e0000)
 End Bits:   [0x000001cefa0e0000, 0x000001cefc0e0000)

Polling page: 0x000001cee5400000

Metaspace:

Usage:
  Non-class:     31.40 MB used.
      Class:      3.54 MB used.
       Both:     34.94 MB used.

Virtual space:
  Non-class space:       64.00 MB reserved,      31.88 MB ( 50%) committed,  1 nodes.
      Class space:        1.00 GB reserved,       4.00 MB ( <1%) committed,  1 nodes.
             Both:        1.06 GB reserved,      35.88 MB (  3%) committed. 

Chunk freelists:
   Non-Class:  0 bytes
       Class:  12.05 MB
        Both:  12.05 MB

MaxMetaspaceSize: unlimited
CompressedClassSpaceSize: 1.00 GB
Initial GC threshold: 21.00 MB
Current GC threshold: 58.38 MB
CDS: on
 - commit_granule_bytes: 65536.
 - commit_granule_words: 8192.
 - virtual_space_node_default_size: 8388608.
 - enlarge_chunks_in_place: 1.
 - use_allocation_guard: 0.


Internal statistics:

num_allocs_failed_limit: 6.
num_arena_births: 826.
num_arena_deaths: 142.
num_vsnodes_births: 2.
num_vsnodes_deaths: 0.
num_space_committed: 574.
num_space_uncommitted: 0.
num_chunks_returned_to_freelist: 199.
num_chunks_taken_from_freelist: 2437.
num_chunk_merges: 72.
num_chunk_splits: 1464.
num_chunks_enlarged: 862.
num_inconsistent_stats: 0.

CodeHeap 'non-profiled nmethods': size=120000Kb used=2211Kb max_used=2414Kb free=117788Kb
 bounds [0x000001cef0900000, 0x000001cef0b70000, 0x000001cef7e30000]
CodeHeap 'profiled nmethods': size=120000Kb used=9004Kb max_used=9434Kb free=110995Kb
 bounds [0x000001cee8e30000, 0x000001cee97d0000, 0x000001cef0360000]
CodeHeap 'non-nmethods': size=5760Kb used=1366Kb max_used=1398Kb free=4393Kb
 bounds [0x000001cef0360000, 0x000001cef05d0000, 0x000001cef0900000]
CodeCache: size=245760Kb, used=12581Kb, max_used=13246Kb, free=233176Kb
 total_blobs=5122, nmethods=4458, adapters=570, full_count=0
Compilation: enabled, stopped_count=0, restarted_count=0

Compilation events (20 events):
Event: 8.364 Thread 0x000001cefc6bc5e0 4848       4       java.lang.AbstractStringBuilder::appendChars (130 bytes)
Event: 8.369 Thread 0x000001cefc6bc5e0 nmethod 4848 0x000001cef0972190 code [0x000001cef0972320, 0x000001cef09725f0]
Event: 8.374 Thread 0x000001cefc6bc5e0 4875 %     4       lombok.launch.PackageShader::apply @ 76 (252 bytes)
Event: 8.382 Thread 0x000001cefc6b0320 4877   !   3       org.eclipse.osgi.util.NLS::internalBind (412 bytes)
Event: 8.385 Thread 0x000001cefc6b0320 nmethod 4877 0x000001cee8e7a190 code [0x000001cee8e7a660, 0x000001cee8e7c878]
Event: 8.385 Thread 0x000001cefc6b0320 4879       3       java.lang.Thread::onSpinWait (1 bytes)
Event: 8.385 Thread 0x000001cefc6b0320 nmethod 4879 0x000001cee8f28910 code [0x000001cee8f28aa0, 0x000001cee8f28b88]
Event: 8.385 Thread 0x000001cefc6b0320 4878       3       java.lang.ThreadLocal$ThreadLocalMap$Entry::<init> (11 bytes)
Event: 8.385 Thread 0x000001cefc6b0320 nmethod 4878 0x000001cee8f52f90 code [0x000001cee8f53160, 0x000001cee8f53470]
Event: 8.393 Thread 0x000001cefc6bc5e0 nmethod 4875% 0x000001cef0939d10 code [0x000001cef0939f00, 0x000001cef093aa48]
Event: 8.393 Thread 0x000001cefc6bc5e0 4876       4       java.util.ArrayDeque::pollFirst (36 bytes)
Event: 8.394 Thread 0x000001cefc6bc5e0 nmethod 4876 0x000001cef09bdc90 code [0x000001cef09bde20, 0x000001cef09bdf18]
Event: 8.394 Thread 0x000001cefc6bc5e0 4880       4       lombok.launch.PackageShader::apply (252 bytes)
Event: 8.465 Thread 0x000001cefc6b0320 4881       3       java.util.Arrays::copyOf (33 bytes)
Event: 8.465 Thread 0x000001cefc6b0320 nmethod 4881 0x000001cee8e53e10 code [0x000001cee8e54000, 0x000001cee8e544e8]
Event: 8.473 Thread 0x000001cefc6b0320 4882       3       sun.nio.fs.WindowsPath::toWindowsPath (32 bytes)
Event: 8.473 Thread 0x000001cefc6b0320 nmethod 4882 0x000001cee8e51710 code [0x000001cee8e51900, 0x000001cee8e51de0]
Event: 8.473 Thread 0x000001cefc6b0320 4883   !   3       java.net.URL::of (255 bytes)
Event: 8.475 Thread 0x000001cefc6b0320 nmethod 4883 0x000001cee9052f10 code [0x000001cee9053360, 0x000001cee9054e18]
Event: 8.480 Thread 0x000001cefc6bc5e0 nmethod 4880 0x000001cef0981310 code [0x000001cef0981680, 0x000001cef0983698]

GC Heap History (20 events):
Event: 6.675 GC heap before
{Heap before GC invocations=10 (full 1):
 PSYoungGen      total 27648K, used 27438K [0x00000000d5580000, 0x00000000d7480000, 0x0000000100000000)
  eden space 24064K, 100% used [0x00000000d5580000,0x00000000d6d00000,0x00000000d6d00000)
  from space 3584K, 94% used [0x00000000d7100000,0x00000000d744b9b0,0x00000000d7480000)
  to   space 3584K, 0% used [0x00000000d6d80000,0x00000000d6d80000,0x00000000d7100000)
 ParOldGen       total 68608K, used 9893K [0x0000000080000000, 0x0000000084300000, 0x00000000d5580000)
  object space 68608K, 14% used [0x0000000080000000,0x00000000809a9648,0x0000000084300000)
 Metaspace       used 30077K, committed 30912K, reserved 1114112K
  class space    used 3025K, committed 3392K, reserved 1048576K
}
Event: 6.679 GC heap after
{Heap after GC invocations=10 (full 1):
 PSYoungGen      total 27136K, used 3565K [0x00000000d5580000, 0x00000000d7680000, 0x0000000100000000)
  eden space 23552K, 0% used [0x00000000d5580000,0x00000000d5580000,0x00000000d6c80000)
  from space 3584K, 99% used [0x00000000d6d80000,0x00000000d70fb4e0,0x00000000d7100000)
  to   space 5120K, 0% used [0x00000000d7180000,0x00000000d7180000,0x00000000d7680000)
 ParOldGen       total 68608K, used 10819K [0x0000000080000000, 0x0000000084300000, 0x00000000d5580000)
  object space 68608K, 15% used [0x0000000080000000,0x0000000080a90e00,0x0000000084300000)
 Metaspace       used 30077K, committed 30912K, reserved 1114112K
  class space    used 3025K, committed 3392K, reserved 1048576K
}
Event: 7.110 GC heap before
{Heap before GC invocations=11 (full 1):
 PSYoungGen      total 27136K, used 27117K [0x00000000d5580000, 0x00000000d7680000, 0x0000000100000000)
  eden space 23552K, 100% used [0x00000000d5580000,0x00000000d6c80000,0x00000000d6c80000)
  from space 3584K, 99% used [0x00000000d6d80000,0x00000000d70fb4e0,0x00000000d7100000)
  to   space 5120K, 0% used [0x00000000d7180000,0x00000000d7180000,0x00000000d7680000)
 ParOldGen       total 68608K, used 10819K [0x0000000080000000, 0x0000000084300000, 0x00000000d5580000)
  object space 68608K, 15% used [0x0000000080000000,0x0000000080a90e00,0x0000000084300000)
 Metaspace       used 32021K, committed 33024K, reserved 1114112K
  class space    used 3236K, committed 3712K, reserved 1048576K
}
Event: 7.115 GC heap after
{Heap after GC invocations=11 (full 1):
 PSYoungGen      total 26112K, used 3015K [0x00000000d5580000, 0x00000000d7480000, 0x0000000100000000)
  eden space 23040K, 0% used [0x00000000d5580000,0x00000000d5580000,0x00000000d6c00000)
  from space 3072K, 98% used [0x00000000d7180000,0x00000000d7471fa8,0x00000000d7480000)
  to   space 3584K, 0% used [0x00000000d6d80000,0x00000000d6d80000,0x00000000d7100000)
 ParOldGen       total 68608K, used 13424K [0x0000000080000000, 0x0000000084300000, 0x00000000d5580000)
  object space 68608K, 19% used [0x0000000080000000,0x0000000080d1c150,0x0000000084300000)
 Metaspace       used 32021K, committed 33024K, reserved 1114112K
  class space    used 3236K, committed 3712K, reserved 1048576K
}
Event: 7.168 GC heap before
{Heap before GC invocations=12 (full 1):
 PSYoungGen      total 26112K, used 26055K [0x00000000d5580000, 0x00000000d7480000, 0x0000000100000000)
  eden space 23040K, 100% used [0x00000000d5580000,0x00000000d6c00000,0x00000000d6c00000)
  from space 3072K, 98% used [0x00000000d7180000,0x00000000d7471fa8,0x00000000d7480000)
  to   space 3584K, 0% used [0x00000000d6d80000,0x00000000d6d80000,0x00000000d7100000)
 ParOldGen       total 68608K, used 13424K [0x0000000080000000, 0x0000000084300000, 0x00000000d5580000)
  object space 68608K, 19% used [0x0000000080000000,0x0000000080d1c150,0x0000000084300000)
 Metaspace       used 32023K, committed 33024K, reserved 1114112K
  class space    used 3236K, committed 3712K, reserved 1048576K
}
Event: 7.172 GC heap after
{Heap after GC invocations=12 (full 1):
 PSYoungGen      total 25088K, used 2144K [0x00000000d5580000, 0x00000000d7200000, 0x0000000100000000)
  eden space 22528K, 0% used [0x00000000d5580000,0x00000000d5580000,0x00000000d6b80000)
  from space 2560K, 83% used [0x00000000d6d80000,0x00000000d6f98010,0x00000000d7000000)
  to   space 2048K, 0% used [0x00000000d7000000,0x00000000d7000000,0x00000000d7200000)
 ParOldGen       total 68608K, used 16274K [0x0000000080000000, 0x0000000084300000, 0x00000000d5580000)
  object space 68608K, 23% used [0x0000000080000000,0x0000000080fe48f0,0x0000000084300000)
 Metaspace       used 32023K, committed 33024K, reserved 1114112K
  class space    used 3236K, committed 3712K, reserved 1048576K
}
Event: 7.265 GC heap before
{Heap before GC invocations=13 (full 1):
 PSYoungGen      total 25088K, used 24672K [0x00000000d5580000, 0x00000000d7200000, 0x0000000100000000)
  eden space 22528K, 100% used [0x00000000d5580000,0x00000000d6b80000,0x00000000d6b80000)
  from space 2560K, 83% used [0x00000000d6d80000,0x00000000d6f98010,0x00000000d7000000)
  to   space 2048K, 0% used [0x00000000d7000000,0x00000000d7000000,0x00000000d7200000)
 ParOldGen       total 68608K, used 16274K [0x0000000080000000, 0x0000000084300000, 0x00000000d5580000)
  object space 68608K, 23% used [0x0000000080000000,0x0000000080fe48f0,0x0000000084300000)
 Metaspace       used 32508K, committed 33536K, reserved 1114112K
  class space    used 3320K, committed 3776K, reserved 1048576K
}
Event: 7.269 GC heap after
{Heap after GC invocations=13 (full 1):
 PSYoungGen      total 24064K, used 2018K [0x00000000d5580000, 0x00000000d7500000, 0x0000000100000000)
  eden space 22016K, 0% used [0x00000000d5580000,0x00000000d5580000,0x00000000d6b00000)
  from space 2048K, 98% used [0x00000000d7000000,0x00000000d71f8870,0x00000000d7200000)
  to   space 5120K, 0% used [0x00000000d6b00000,0x00000000d6b00000,0x00000000d7000000)
 ParOldGen       total 68608K, used 18926K [0x0000000080000000, 0x0000000084300000, 0x00000000d5580000)
  object space 68608K, 27% used [0x0000000080000000,0x000000008127ba50,0x0000000084300000)
 Metaspace       used 32508K, committed 33536K, reserved 1114112K
  class space    used 3320K, committed 3776K, reserved 1048576K
}
Event: 7.334 GC heap before
{Heap before GC invocations=14 (full 1):
 PSYoungGen      total 24064K, used 24034K [0x00000000d5580000, 0x00000000d7500000, 0x0000000100000000)
  eden space 22016K, 100% used [0x00000000d5580000,0x00000000d6b00000,0x00000000d6b00000)
  from space 2048K, 98% used [0x00000000d7000000,0x00000000d71f8870,0x00000000d7200000)
  to   space 5120K, 0% used [0x00000000d6b00000,0x00000000d6b00000,0x00000000d7000000)
 ParOldGen       total 68608K, used 18926K [0x0000000080000000, 0x0000000084300000, 0x00000000d5580000)
  object space 68608K, 27% used [0x0000000080000000,0x000000008127ba50,0x0000000084300000)
 Metaspace       used 32548K, committed 33600K, reserved 1114112K
  class space    used 3321K, committed 3776K, reserved 1048576K
}
Event: 7.339 GC heap after
{Heap after GC invocations=14 (full 1):
 PSYoungGen      total 24576K, used 2240K [0x00000000d5580000, 0x00000000d7200000, 0x0000000100000000)
  eden space 22016K, 0% used [0x00000000d5580000,0x00000000d5580000,0x00000000d6b00000)
  from space 2560K, 87% used [0x00000000d6b00000,0x00000000d6d30000,0x00000000d6d80000)
  to   space 3584K, 0% used [0x00000000d6e80000,0x00000000d6e80000,0x00000000d7200000)
 ParOldGen       total 68608K, used 20913K [0x0000000080000000, 0x0000000084300000, 0x00000000d5580000)
  object space 68608K, 30% used [0x0000000080000000,0x000000008146c780,0x0000000084300000)
 Metaspace       used 32548K, committed 33600K, reserved 1114112K
  class space    used 3321K, committed 3776K, reserved 1048576K
}
Event: 7.404 GC heap before
{Heap before GC invocations=15 (full 1):
 PSYoungGen      total 24576K, used 24256K [0x00000000d5580000, 0x00000000d7200000, 0x0000000100000000)
  eden space 22016K, 100% used [0x00000000d5580000,0x00000000d6b00000,0x00000000d6b00000)
  from space 2560K, 87% used [0x00000000d6b00000,0x00000000d6d30000,0x00000000d6d80000)
  to   space 3584K, 0% used [0x00000000d6e80000,0x00000000d6e80000,0x00000000d7200000)
 ParOldGen       total 68608K, used 20913K [0x0000000080000000, 0x0000000084300000, 0x00000000d5580000)
  object space 68608K, 30% used [0x0000000080000000,0x000000008146c780,0x0000000084300000)
 Metaspace       used 32575K, committed 33600K, reserved 1114112K
  class space    used 3321K, committed 3776K, reserved 1048576K
}
Event: 7.409 GC heap after
{Heap after GC invocations=15 (full 1):
 PSYoungGen      total 24576K, used 2212K [0x00000000d5580000, 0x00000000d7100000, 0x0000000100000000)
  eden space 22016K, 0% used [0x00000000d5580000,0x00000000d5580000,0x00000000d6b00000)
  from space 2560K, 86% used [0x00000000d6e80000,0x00000000d70a9000,0x00000000d7100000)
  to   space 2560K, 0% used [0x00000000d6b00000,0x00000000d6b00000,0x00000000d6d80000)
 ParOldGen       total 68608K, used 22982K [0x0000000080000000, 0x0000000084300000, 0x00000000d5580000)
  object space 68608K, 33% used [0x0000000080000000,0x0000000081671ae0,0x0000000084300000)
 Metaspace       used 32575K, committed 33600K, reserved 1114112K
  class space    used 3321K, committed 3776K, reserved 1048576K
}
Event: 7.550 GC heap before
{Heap before GC invocations=16 (full 1):
 PSYoungGen      total 24576K, used 24228K [0x00000000d5580000, 0x00000000d7100000, 0x0000000100000000)
  eden space 22016K, 100% used [0x00000000d5580000,0x00000000d6b00000,0x00000000d6b00000)
  from space 2560K, 86% used [0x00000000d6e80000,0x00000000d70a9000,0x00000000d7100000)
  to   space 2560K, 0% used [0x00000000d6b00000,0x00000000d6b00000,0x00000000d6d80000)
 ParOldGen       total 68608K, used 22982K [0x0000000080000000, 0x0000000084300000, 0x00000000d5580000)
  object space 68608K, 33% used [0x0000000080000000,0x0000000081671ae0,0x0000000084300000)
 Metaspace       used 32687K, committed 33728K, reserved 1114112K
  class space    used 3323K, committed 3776K, reserved 1048576K
}
Event: 7.558 GC heap after
{Heap after GC invocations=16 (full 1):
 PSYoungGen      total 24576K, used 2368K [0x00000000d5580000, 0x00000000d7000000, 0x0000000100000000)
  eden space 22016K, 0% used [0x00000000d5580000,0x00000000d5580000,0x00000000d6b00000)
  from space 2560K, 92% used [0x00000000d6b00000,0x00000000d6d50010,0x00000000d6d80000)
  to   space 2560K, 0% used [0x00000000d6d80000,0x00000000d6d80000,0x00000000d7000000)
 ParOldGen       total 68608K, used 25068K [0x0000000080000000, 0x0000000084300000, 0x00000000d5580000)
  object space 68608K, 36% used [0x0000000080000000,0x000000008187b158,0x0000000084300000)
 Metaspace       used 32687K, committed 33728K, reserved 1114112K
  class space    used 3323K, committed 3776K, reserved 1048576K
}
Event: 7.716 GC heap before
{Heap before GC invocations=17 (full 1):
 PSYoungGen      total 24576K, used 24384K [0x00000000d5580000, 0x00000000d7000000, 0x0000000100000000)
  eden space 22016K, 100% used [0x00000000d5580000,0x00000000d6b00000,0x00000000d6b00000)
  from space 2560K, 92% used [0x00000000d6b00000,0x00000000d6d50010,0x00000000d6d80000)
  to   space 2560K, 0% used [0x00000000d6d80000,0x00000000d6d80000,0x00000000d7000000)
 ParOldGen       total 68608K, used 25068K [0x0000000080000000, 0x0000000084300000, 0x00000000d5580000)
  object space 68608K, 36% used [0x0000000080000000,0x000000008187b158,0x0000000084300000)
 Metaspace       used 32730K, committed 33728K, reserved 1114112K
  class space    used 3323K, committed 3776K, reserved 1048576K
}
Event: 7.722 GC heap after
{Heap after GC invocations=17 (full 1):
 PSYoungGen      total 24576K, used 2040K [0x00000000d5580000, 0x00000000d7000000, 0x0000000100000000)
  eden space 22016K, 0% used [0x00000000d5580000,0x00000000d5580000,0x00000000d6b00000)
  from space 2560K, 79% used [0x00000000d6d80000,0x00000000d6f7e200,0x00000000d7000000)
  to   space 2560K, 0% used [0x00000000d6b00000,0x00000000d6b00000,0x00000000d6d80000)
 ParOldGen       total 68608K, used 27260K [0x0000000080000000, 0x0000000084300000, 0x00000000d5580000)
  object space 68608K, 39% used [0x0000000080000000,0x0000000081a9f168,0x0000000084300000)
 Metaspace       used 32730K, committed 33728K, reserved 1114112K
  class space    used 3323K, committed 3776K, reserved 1048576K
}
Event: 8.093 GC heap before
{Heap before GC invocations=18 (full 1):
 PSYoungGen      total 24576K, used 22118K [0x00000000d5580000, 0x00000000d7000000, 0x0000000100000000)
  eden space 22016K, 91% used [0x00000000d5580000,0x00000000d691b888,0x00000000d6b00000)
  from space 2560K, 79% used [0x00000000d6d80000,0x00000000d6f7e200,0x00000000d7000000)
  to   space 2560K, 0% used [0x00000000d6b00000,0x00000000d6b00000,0x00000000d6d80000)
 ParOldGen       total 68608K, used 27260K [0x0000000080000000, 0x0000000084300000, 0x00000000d5580000)
  object space 68608K, 39% used [0x0000000080000000,0x0000000081a9f168,0x0000000084300000)
 Metaspace       used 34788K, committed 35840K, reserved 1114112K
  class space    used 3532K, committed 3968K, reserved 1048576K
}
Event: 8.098 GC heap after
{Heap after GC invocations=18 (full 1):
 PSYoungGen      total 23552K, used 1492K [0x00000000d5580000, 0x00000000d6f00000, 0x0000000100000000)
  eden space 22016K, 0% used [0x00000000d5580000,0x00000000d5580000,0x00000000d6b00000)
  from space 1536K, 97% used [0x00000000d6b00000,0x00000000d6c753d8,0x00000000d6c80000)
  to   space 2048K, 0% used [0x00000000d6d00000,0x00000000d6d00000,0x00000000d6f00000)
 ParOldGen       total 68608K, used 29220K [0x0000000080000000, 0x0000000084300000, 0x00000000d5580000)
  object space 68608K, 42% used [0x0000000080000000,0x0000000081c89368,0x0000000084300000)
 Metaspace       used 34788K, committed 35840K, reserved 1114112K
  class space    used 3532K, committed 3968K, reserved 1048576K
}
Event: 8.098 GC heap before
{Heap before GC invocations=19 (full 2):
 PSYoungGen      total 23552K, used 1492K [0x00000000d5580000, 0x00000000d6f00000, 0x0000000100000000)
  eden space 22016K, 0% used [0x00000000d5580000,0x00000000d5580000,0x00000000d6b00000)
  from space 1536K, 97% used [0x00000000d6b00000,0x00000000d6c753d8,0x00000000d6c80000)
  to   space 2048K, 0% used [0x00000000d6d00000,0x00000000d6d00000,0x00000000d6f00000)
 ParOldGen       total 68608K, used 29220K [0x0000000080000000, 0x0000000084300000, 0x00000000d5580000)
  object space 68608K, 42% used [0x0000000080000000,0x0000000081c89368,0x0000000084300000)
 Metaspace       used 34788K, committed 35840K, reserved 1114112K
  class space    used 3532K, committed 3968K, reserved 1048576K
}
Event: 8.159 GC heap after
{Heap after GC invocations=19 (full 2):
 PSYoungGen      total 23552K, used 0K [0x00000000d5580000, 0x00000000d6f00000, 0x0000000100000000)
  eden space 22016K, 0% used [0x00000000d5580000,0x00000000d5580000,0x00000000d6b00000)
  from space 1536K, 0% used [0x00000000d6b00000,0x00000000d6b00000,0x00000000d6c80000)
  to   space 2048K, 0% used [0x00000000d6d00000,0x00000000d6d00000,0x00000000d6f00000)
 ParOldGen       total 68608K, used 28753K [0x0000000080000000, 0x0000000084300000, 0x00000000d5580000)
  object space 68608K, 41% used [0x0000000080000000,0x0000000081c14458,0x0000000084300000)
 Metaspace       used 34677K, committed 35840K, reserved 1114112K
  class space    used 3499K, committed 3968K, reserved 1048576K
}

Dll operation events (10 events):
Event: 0.016 Loaded shared library c:\Users\gerar\.vscode\extensions\redhat.java-1.45.0-win32-x64\jre\21.0.8-win32-x86_64\bin\java.dll
Event: 0.102 Loaded shared library c:\Users\gerar\.vscode\extensions\redhat.java-1.45.0-win32-x64\jre\21.0.8-win32-x86_64\bin\zip.dll
Event: 0.127 Loaded shared library C:\Users\gerar\.vscode\extensions\redhat.java-1.45.0-win32-x64\jre\21.0.8-win32-x86_64\bin\instrument.dll
Event: 0.134 Loaded shared library C:\Users\gerar\.vscode\extensions\redhat.java-1.45.0-win32-x64\jre\21.0.8-win32-x86_64\bin\net.dll
Event: 0.137 Loaded shared library C:\Users\gerar\.vscode\extensions\redhat.java-1.45.0-win32-x64\jre\21.0.8-win32-x86_64\bin\nio.dll
Event: 0.142 Loaded shared library C:\Users\gerar\.vscode\extensions\redhat.java-1.45.0-win32-x64\jre\21.0.8-win32-x86_64\bin\zip.dll
Event: 0.160 Loaded shared library C:\Users\gerar\.vscode\extensions\redhat.java-1.45.0-win32-x64\jre\21.0.8-win32-x86_64\bin\jimage.dll
Event: 0.257 Loaded shared library c:\Users\gerar\.vscode\extensions\redhat.java-1.45.0-win32-x64\jre\21.0.8-win32-x86_64\bin\verify.dll
Event: 2.162 Loaded shared library C:\Users\gerar\AppData\Roaming\Code\User\globalStorage\redhat.java\1.45.0\config_ss_win\org.eclipse.equinox.launcher\org.eclipse.equinox.launcher.win32.win32.x86_64_1.2.1400.v20250801-0854\eclipse_11916.dll
Event: 4.098 Loaded shared library C:\Users\gerar\AppData\Local\Temp\jna-98244229\jna4274385409006442690.dll

Deoptimization events (20 events):
Event: 8.249 Thread 0x000001ceff0cbcc0 DEOPT PACKING pc=0x000001cef0adb950 sp=0x000000558edfdf90
Event: 8.249 Thread 0x000001ceff0cbcc0 DEOPT UNPACKING pc=0x000001cef03b3aa2 sp=0x000000558edfdec0 mode 2
Event: 8.255 Thread 0x000001ceff0cbcc0 Uncommon trap: trap_request=0xffffff45 fr.pc=0x000001cef09951ac relative=0x00000000000015cc
Event: 8.255 Thread 0x000001ceff0cbcc0 Uncommon trap: reason=unstable_if action=reinterpret pc=0x000001cef09951ac method=jdk.internal.jimage.ImageLocation.verifyName(Ljava/lang/String;Ljava/lang/String;IIIIIILjdk/internal/jimage/ImageStrings;)Z @ 2 c2
Event: 8.255 Thread 0x000001ceff0cbcc0 DEOPT PACKING pc=0x000001cef09951ac sp=0x000000558edfcc50
Event: 8.255 Thread 0x000001ceff0cbcc0 DEOPT UNPACKING pc=0x000001cef03b3aa2 sp=0x000000558edfcb28 mode 2
Event: 8.256 Thread 0x000001cec5c0d790 Uncommon trap: trap_request=0xffffff45 fr.pc=0x000001cef095c1c8 relative=0x0000000000000dc8
Event: 8.256 Thread 0x000001cec5c0d790 Uncommon trap: reason=unstable_if action=reinterpret pc=0x000001cef095c1c8 method=java.util.Properties$LineReader.readLine()I @ 182 c2
Event: 8.256 Thread 0x000001cec5c0d790 DEOPT PACKING pc=0x000001cef095c1c8 sp=0x000000558fefcbf0
Event: 8.256 Thread 0x000001cec5c0d790 DEOPT UNPACKING pc=0x000001cef03b3aa2 sp=0x000000558fefcb80 mode 2
Event: 8.348 Thread 0x000001cec5c0e4b0 DEOPT PACKING pc=0x000001cee8eebeb9 sp=0x000000558fcfcf70
Event: 8.348 Thread 0x000001cec5c0e4b0 DEOPT UNPACKING pc=0x000001cef03b4242 sp=0x000000558fcfc470 mode 0
Event: 8.394 Thread 0x000001cec5c0e4b0 DEOPT PACKING pc=0x000001cee9420a0d sp=0x000000558fcfc9a0
Event: 8.394 Thread 0x000001cec5c0e4b0 DEOPT UNPACKING pc=0x000001cef03b4242 sp=0x000000558fcfbe50 mode 0
Event: 8.428 Thread 0x000001cec5c0e4b0 DEOPT PACKING pc=0x000001cee9420a0d sp=0x000000558fcf90a0
Event: 8.428 Thread 0x000001cec5c0e4b0 DEOPT UNPACKING pc=0x000001cef03b4242 sp=0x000000558fcf8550 mode 0
Event: 8.470 Thread 0x000001cec5c0e4b0 DEOPT PACKING pc=0x000001cee9420a0d sp=0x000000558fcf90a0
Event: 8.470 Thread 0x000001cec5c0e4b0 DEOPT UNPACKING pc=0x000001cef03b4242 sp=0x000000558fcf8550 mode 0
Event: 8.480 Thread 0x000001cec5c0e4b0 DEOPT PACKING pc=0x000001cee8eebeb9 sp=0x000000558fcf8c50
Event: 8.480 Thread 0x000001cec5c0e4b0 DEOPT UNPACKING pc=0x000001cef03b4242 sp=0x000000558fcf8150 mode 0

Classes loaded (20 events):
Event: 7.057 Loading class java/lang/invoke/MethodHandleImpl$Makers$2
Event: 7.057 Loading class java/lang/invoke/MethodHandleImpl$Makers$2 done
Event: 7.057 Loading class java/lang/invoke/MethodHandleImpl$Makers$3
Event: 7.057 Loading class java/lang/invoke/MethodHandleImpl$Makers$3 done
Event: 7.062 Loading class java/lang/runtime/ObjectMethods$1
Event: 7.062 Loading class java/lang/runtime/ObjectMethods$1 done
Event: 7.195 Loading class java/lang/invoke/MethodHandleImpl$CountingWrapper
Event: 7.195 Loading class java/lang/invoke/MethodHandleImpl$CountingWrapper done
Event: 7.220 Loading class java/nio/channels/Channels$ReadableByteChannelImpl
Event: 7.220 Loading class java/nio/channels/Channels$ReadableByteChannelImpl done
Event: 7.221 Loading class java/nio/channels/NonWritableChannelException
Event: 7.221 Loading class java/nio/channels/NonWritableChannelException done
Event: 7.359 Loading class java/lang/invoke/MethodHandleImpl$CountingWrapper$1
Event: 7.359 Loading class java/lang/invoke/MethodHandleImpl$CountingWrapper$1 done
Event: 7.921 Loading class java/lang/ExceptionInInitializerError
Event: 7.921 Loading class java/lang/ExceptionInInitializerError done
Event: 8.200 Loading class sun/misc/Unsafe
Event: 8.200 Loading class sun/misc/Unsafe done
Event: 8.275 Loading class java/util/concurrent/ForkJoinTask$AdaptedCallable
Event: 8.276 Loading class java/util/concurrent/ForkJoinTask$AdaptedCallable done

Classes unloaded (20 events):
Event: 8.108 Thread 0x000001cefc682d30 Unloading class 0x000001ce81392400 'java/lang/invoke/LambdaForm$MH+0x000001ce81392400'
Event: 8.108 Thread 0x000001cefc682d30 Unloading class 0x000001ce8138e800 'java/lang/invoke/LambdaForm$MH+0x000001ce8138e800'
Event: 8.108 Thread 0x000001cefc682d30 Unloading class 0x000001ce8138dc00 'java/lang/invoke/LambdaForm$MH+0x000001ce8138dc00'
Event: 8.108 Thread 0x000001cefc682d30 Unloading class 0x000001ce8138d800 'java/lang/invoke/LambdaForm$MH+0x000001ce8138d800'
Event: 8.108 Thread 0x000001cefc682d30 Unloading class 0x000001ce8138d000 'java/lang/invoke/LambdaForm$MH+0x000001ce8138d000'
Event: 8.108 Thread 0x000001cefc682d30 Unloading class 0x000001ce8138c800 'java/lang/invoke/LambdaForm$MH+0x000001ce8138c800'
Event: 8.108 Thread 0x000001cefc682d30 Unloading class 0x000001ce8138c400 'java/lang/invoke/LambdaForm$MH+0x000001ce8138c400'
Event: 8.108 Thread 0x000001cefc682d30 Unloading class 0x000001ce8138c000 'java/lang/invoke/LambdaForm$MH+0x000001ce8138c000'
Event: 8.108 Thread 0x000001cefc682d30 Unloading class 0x000001ce8138bc00 'java/lang/invoke/LambdaForm$MH+0x000001ce8138bc00'
Event: 8.108 Thread 0x000001cefc682d30 Unloading class 0x000001ce8138b800 'java/lang/invoke/LambdaForm$MH+0x000001ce8138b800'
Event: 8.108 Thread 0x000001cefc682d30 Unloading class 0x000001ce8138b400 'java/lang/invoke/LambdaForm$MH+0x000001ce8138b400'
Event: 8.108 Thread 0x000001cefc682d30 Unloading class 0x000001ce8138a800 'java/lang/invoke/LambdaForm$MH+0x000001ce8138a800'
Event: 8.108 Thread 0x000001cefc682d30 Unloading class 0x000001ce8138ac00 'java/lang/invoke/LambdaForm$MH+0x000001ce8138ac00'
Event: 8.108 Thread 0x000001cefc682d30 Unloading class 0x000001ce8138a400 'java/lang/invoke/LambdaForm$MH+0x000001ce8138a400'
Event: 8.108 Thread 0x000001cefc682d30 Unloading class 0x000001ce8138a000 'java/lang/invoke/LambdaForm$MH+0x000001ce8138a000'
Event: 8.108 Thread 0x000001cefc682d30 Unloading class 0x000001ce81389800 'java/lang/invoke/LambdaForm$MH+0x000001ce81389800'
Event: 8.108 Thread 0x000001cefc682d30 Unloading class 0x000001ce81389400 'java/lang/invoke/LambdaForm$MH+0x000001ce81389400'
Event: 8.108 Thread 0x000001cefc682d30 Unloading class 0x000001ce81389000 'java/lang/invoke/LambdaForm$MH+0x000001ce81389000'
Event: 8.108 Thread 0x000001cefc682d30 Unloading class 0x000001ce81388800 'java/lang/invoke/LambdaForm$DMH+0x000001ce81388800'
Event: 8.108 Thread 0x000001cefc682d30 Unloading class 0x000001ce81388400 'java/lang/invoke/LambdaForm$DMH+0x000001ce81388400'

Classes redefined (0 events):
No events

Internal exceptions (20 events):
Event: 7.194 Thread 0x000001cec5c0e4b0 Exception <a 'java/lang/NoSuchMethodError'{0x00000000d5879348}: 'java.lang.Object java.lang.invoke.DirectMethodHandle$Holder.invokeStatic(java.lang.Object, int, java.lang.Object, java.lang.Object)'> (0x00000000d5879348) 
thrown [s\src\hotspot\share\interpreter\linkResolver.cpp, line 773]
Event: 7.194 Thread 0x000001cec5c0f1d0 Exception <a 'java/lang/NoSuchMethodError'{0x00000000d5898850}: 'java.lang.Object java.lang.invoke.DirectMethodHandle$Holder.invokeStatic(java.lang.Object, int, java.lang.Object, java.lang.Object)'> (0x00000000d5898850) 
thrown [s\src\hotspot\share\interpreter\linkResolver.cpp, line 773]
Event: 7.194 Thread 0x000001ceff0cbcc0 Exception <a 'java/lang/NoSuchMethodError'{0x00000000d58a2060}: 'java.lang.Object java.lang.invoke.DirectMethodHandle$Holder.invokeStatic(java.lang.Object, int, java.lang.Object, java.lang.Object)'> (0x00000000d58a2060) 
thrown [s\src\hotspot\share\interpreter\linkResolver.cpp, line 773]
Event: 7.194 Thread 0x000001cec5c0f1d0 Exception <a 'java/lang/NoSuchMethodError'{0x00000000d58e6fc0}: 'java.lang.Object java.lang.invoke.DelegatingMethodHandle$Holder.delegate(java.lang.Object, int, java.lang.Object, java.lang.Object)'> (0x00000000d58e6fc0) 
thrown [s\src\hotspot\share\interpreter\linkResolver.cpp, line 773]
Event: 7.194 Thread 0x000001ceff0cbcc0 Exception <a 'java/lang/NoSuchMethodError'{0x00000000d58ec7e0}: 'java.lang.Object java.lang.invoke.DelegatingMethodHandle$Holder.delegate(java.lang.Object, int, java.lang.Object, java.lang.Object)'> (0x00000000d58ec7e0) 
thrown [s\src\hotspot\share\interpreter\linkResolver.cpp, line 773]
Event: 7.196 Thread 0x000001cec5c0f1d0 Implicit null exception at 0x000001cef0ac9e76 to 0x000001cef0aca1ac
Event: 7.196 Thread 0x000001cec5c0e4b0 Implicit null exception at 0x000001cef0ac9e76 to 0x000001cef0aca1ac
Event: 7.198 Thread 0x000001cec5c0d790 Exception <a 'java/lang/NoSuchMethodError'{0x00000000d590fd68}: 'int java.lang.invoke.Invokers$Holder.linkToTargetMethod(java.lang.Object, java.lang.Object, java.lang.Object)'> (0x00000000d590fd68) 
thrown [s\src\hotspot\share\interpreter\linkResolver.cpp, line 773]
Event: 7.199 Thread 0x000001ceff0cbcc0 Exception <a 'java/lang/NoSuchMethodError'{0x00000000d5913678}: 'int java.lang.invoke.Invokers$Holder.linkToTargetMethod(java.lang.Object, java.lang.Object, java.lang.Object)'> (0x00000000d5913678) 
thrown [s\src\hotspot\share\interpreter\linkResolver.cpp, line 773]
Event: 7.199 Thread 0x000001cec5c0e4b0 Exception <a 'java/lang/NoSuchMethodError'{0x00000000d5887e00}: 'int java.lang.invoke.Invokers$Holder.linkToTargetMethod(java.lang.Object, java.lang.Object, java.lang.Object)'> (0x00000000d5887e00) 
thrown [s\src\hotspot\share\interpreter\linkResolver.cpp, line 773]
Event: 7.199 Thread 0x000001cec5c0f1d0 Exception <a 'java/lang/NoSuchMethodError'{0x00000000d591dbb8}: 'int java.lang.invoke.Invokers$Holder.linkToTargetMethod(java.lang.Object, java.lang.Object, java.lang.Object)'> (0x00000000d591dbb8) 
thrown [s\src\hotspot\share\interpreter\linkResolver.cpp, line 773]
Event: 8.272 Thread 0x000001ceff0cbcc0 Exception <a 'sun/nio/fs/WindowsException'{0x00000000d5802898}> (0x00000000d5802898) 
thrown [s\src\hotspot\share\prims\jni.cpp, line 520]
Event: 8.294 Thread 0x000001cec5c0fef0 Exception <a 'java/lang/LinkageError'{0x00000000d58a7f00}: loader lombok.launch.ShadowClassLoader @17d5941d attempted duplicate class definition for lombok.launch.PatchFixesHider$Transform. (lombok.launch.PatchFixesHider$Transform is in unnamed module of loader lombok.launch.ShadowClassLoader @17d5941d, parent loader org.eclipse.osgi.internal.loader.EquinoxClassLoader @32ec1905)> (0x00000000d58a7f00) 
thrown [s\src\hotspot\share\classfile\systemDictionary.cpp, line 1682]
Event: 8.331 Thread 0x000001cec5c0b030 Exception <a 'sun/nio/fs/WindowsException'{0x00000000d590db28}> (0x00000000d590db28) 
thrown [s\src\hotspot\share\prims\jni.cpp, line 520]
Event: 8.359 Thread 0x000001cec5c0b030 Exception <a 'sun/nio/fs/WindowsException'{0x00000000d59136f8}> (0x00000000d59136f8) 
thrown [s\src\hotspot\share\prims\jni.cpp, line 520]
Event: 8.392 Thread 0x000001cec5c0d100 Exception <a 'sun/nio/fs/WindowsException'{0x00000000d5a3a3e0}> (0x00000000d5a3a3e0) 
thrown [s\src\hotspot\share\prims\jni.cpp, line 520]
Event: 8.427 Thread 0x000001cec5c10580 Exception <a 'sun/nio/fs/WindowsException'{0x00000000d5a4ca60}> (0x00000000d5a4ca60) 
thrown [s\src\hotspot\share\prims\jni.cpp, line 520]
Event: 8.441 Thread 0x000001cec5c0f860 Exception <a 'sun/nio/fs/WindowsException'{0x00000000d5a024f0}> (0x00000000d5a024f0) 
thrown [s\src\hotspot\share\prims\jni.cpp, line 520]
Event: 8.463 Thread 0x000001cec6ef9600 Exception <a 'sun/nio/fs/WindowsException'{0x00000000d5b05700}> (0x00000000d5b05700) 
thrown [s\src\hotspot\share\prims\jni.cpp, line 520]
Event: 8.472 Thread 0x000001cec5c0b6c0 Exception <a 'sun/nio/fs/WindowsException'{0x00000000d5acd3c0}> (0x00000000d5acd3c0) 
thrown [s\src\hotspot\share\prims\jni.cpp, line 520]

ZGC Phase Switch (0 events):
No events

VM Operations (20 events):
Event: 6.922 Executing VM operation: HandshakeAllThreads (Deoptimize)
Event: 6.922 Executing VM operation: HandshakeAllThreads (Deoptimize) done
Event: 7.110 Executing VM operation: ParallelGCFailedAllocation (Allocation Failure)
Event: 7.116 Executing VM operation: ParallelGCFailedAllocation (Allocation Failure) done
Event: 7.168 Executing VM operation: ParallelGCFailedAllocation (Allocation Failure)
Event: 7.172 Executing VM operation: ParallelGCFailedAllocation (Allocation Failure) done
Event: 7.265 Executing VM operation: ParallelGCFailedAllocation (Allocation Failure)
Event: 7.269 Executing VM operation: ParallelGCFailedAllocation (Allocation Failure) done
Event: 7.334 Executing VM operation: ParallelGCFailedAllocation (Allocation Failure)
Event: 7.339 Executing VM operation: ParallelGCFailedAllocation (Allocation Failure) done
Event: 7.404 Executing VM operation: ParallelGCFailedAllocation (Allocation Failure)
Event: 7.409 Executing VM operation: ParallelGCFailedAllocation (Allocation Failure) done
Event: 7.535 Executing VM operation: ParallelGCFailedAllocation (Allocation Failure)
Event: 7.558 Executing VM operation: ParallelGCFailedAllocation (Allocation Failure) done
Event: 7.697 Executing VM operation: ParallelGCFailedAllocation (Allocation Failure)
Event: 7.722 Executing VM operation: ParallelGCFailedAllocation (Allocation Failure) done
Event: 8.093 Executing VM operation: CollectForMetadataAllocation (Metadata GC Threshold)
Event: 8.159 Executing VM operation: CollectForMetadataAllocation (Metadata GC Threshold) done
Event: 8.222 Executing VM operation: HandshakeAllThreads (Deoptimize)
Event: 8.222 Executing VM operation: HandshakeAllThreads (Deoptimize) done

Memory protections (0 events):
No events

Nmethod flushes (20 events):
Event: 8.123 Thread 0x000001cefc682d30 flushing  nmethod 0x000001cee92a2d90
Event: 8.123 Thread 0x000001cefc682d30 flushing  nmethod 0x000001cee92cbf10
Event: 8.123 Thread 0x000001cefc682d30 flushing  nmethod 0x000001cee92e9010
Event: 8.123 Thread 0x000001cefc682d30 flushing  nmethod 0x000001cee9302e90
Event: 8.123 Thread 0x000001cefc682d30 flushing  nmethod 0x000001cee9305610
Event: 8.123 Thread 0x000001cefc682d30 flushing  nmethod 0x000001cee9306490
Event: 8.123 Thread 0x000001cefc682d30 flushing  nmethod 0x000001cee9312510
Event: 8.123 Thread 0x000001cefc682d30 flushing  nmethod 0x000001cee9334110
Event: 8.123 Thread 0x000001cefc682d30 flushing  nmethod 0x000001cee933a590
Event: 8.123 Thread 0x000001cefc682d30 flushing  nmethod 0x000001cee933ad10
Event: 8.123 Thread 0x000001cefc682d30 flushing  nmethod 0x000001cee933b590
Event: 8.123 Thread 0x000001cefc682d30 flushing  nmethod 0x000001cee933b990
Event: 8.123 Thread 0x000001cefc682d30 flushing  nmethod 0x000001cee9343f10
Event: 8.123 Thread 0x000001cefc682d30 flushing  nmethod 0x000001cee9349990
Event: 8.123 Thread 0x000001cefc682d30 flushing  nmethod 0x000001cee934a410
Event: 8.123 Thread 0x000001cefc682d30 flushing  nmethod 0x000001cee934ef10
Event: 8.123 Thread 0x000001cefc682d30 flushing  nmethod 0x000001cee935d790
Event: 8.123 Thread 0x000001cefc682d30 flushing  nmethod 0x000001cee9360190
Event: 8.123 Thread 0x000001cefc682d30 flushing  nmethod 0x000001cee936a890
Event: 8.123 Thread 0x000001cefc682d30 flushing  nmethod 0x000001cee936ce10

Events (20 events):
Event: 5.778 Thread 0x000001cee5c3d640 Thread added: 0x000001cec5c0c3e0
Event: 5.778 Thread 0x000001cee5c3d640 Thread added: 0x000001cec5c08f60
Event: 5.778 Thread 0x000001cee5c3d640 Thread added: 0x000001cec5c09c80
Event: 5.778 Thread 0x000001cee5c3d640 Thread added: 0x000001cec5c0a310
Event: 5.778 Thread 0x000001cee5c3d640 Thread added: 0x000001cec5c0ca70
Event: 5.778 Thread 0x000001cee5c3d640 Thread added: 0x000001cec5c095f0
Event: 5.954 Thread 0x000001cee5c3d640 Thread added: 0x000001cec5c0de20
Event: 6.344 Thread 0x000001cee5c3d640 Thread added: 0x000001cec5c0eb40
Event: 6.345 Thread 0x000001cee5c3d640 Thread added: 0x000001cec5c0e4b0
Event: 6.778 Thread 0x000001cec5c0e4b0 Thread added: 0x000001cec5c0f1d0
Event: 6.782 Thread 0x000001cec5c0e4b0 Thread added: 0x000001cec5c0d790
Event: 6.787 Thread 0x000001cec5c0e4b0 Thread added: 0x000001cec5c0fef0
Event: 8.276 Thread 0x000001ceff0cbcc0 Thread added: 0x000001cec5c0b030
Event: 8.332 Thread 0x000001cec5c0b030 Thread added: 0x000001cec5c0f860
Event: 8.365 Thread 0x000001cec5c0f860 Thread added: 0x000001cec5c0b6c0
Event: 8.368 Thread 0x000001cec5c0b030 Thread added: 0x000001cec5c0d100
Event: 8.369 Thread 0x000001cec5c0d100 Thread added: 0x000001cec5c10580
Event: 8.371 Thread 0x000001cec5c10580 Thread added: 0x000001cec6efff00
Event: 8.374 Thread 0x000001cec5c0b030 Thread added: 0x000001cec6efde30
Event: 8.381 Thread 0x000001cec5c0b6c0 Thread added: 0x000001cec6ef9600


Dynamic libraries:
0x00007ff694580000 - 0x00007ff69458e000 	c:\Users\gerar\.vscode\extensions\redhat.java-1.45.0-win32-x64\jre\21.0.8-win32-x86_64\bin\java.exe
0x00007ffaa4710000 - 0x00007ffaa4927000 	C:\Windows\SYSTEM32\ntdll.dll
0x00007ffaa3120000 - 0x00007ffaa31e4000 	C:\Windows\System32\KERNEL32.DLL
0x00007ffaa1dc0000 - 0x00007ffaa2190000 	C:\Windows\System32\KERNELBASE.dll
0x00007ffaa2190000 - 0x00007ffaa22a1000 	C:\Windows\System32\ucrtbase.dll
0x00007ffa77750000 - 0x00007ffa7776e000 	c:\Users\gerar\.vscode\extensions\redhat.java-1.45.0-win32-x64\jre\21.0.8-win32-x86_64\bin\VCRUNTIME140.dll
0x00007ffa7dec0000 - 0x00007ffa7ded8000 	c:\Users\gerar\.vscode\extensions\redhat.java-1.45.0-win32-x64\jre\21.0.8-win32-x86_64\bin\jli.dll
0x00007ffaa4290000 - 0x00007ffaa4441000 	C:\Windows\System32\USER32.dll
0x00007ffa88440000 - 0x00007ffa886dc000 	C:\Windows\WinSxS\amd64_microsoft.windows.common-controls_6595b64144ccf1df_6.0.22621.5840_none_2710ea077384a4fe\COMCTL32.dll
0x00007ffaa22b0000 - 0x00007ffaa22d6000 	C:\Windows\System32\win32u.dll
0x00007ffaa2450000 - 0x00007ffaa24f7000 	C:\Windows\System32\msvcrt.dll
0x00007ffaa3260000 - 0x00007ffaa3289000 	C:\Windows\System32\GDI32.dll
0x00007ffaa1a30000 - 0x00007ffaa1b53000 	C:\Windows\System32\gdi32full.dll
0x00007ffaa1d20000 - 0x00007ffaa1dba000 	C:\Windows\System32\msvcp_win.dll
0x00007ffaa4690000 - 0x00007ffaa46c1000 	C:\Windows\System32\IMM32.DLL
0x00007ffa9b850000 - 0x00007ffa9b85c000 	c:\Users\gerar\.vscode\extensions\redhat.java-1.45.0-win32-x64\jre\21.0.8-win32-x86_64\bin\vcruntime140_1.dll
0x00007ffa56130000 - 0x00007ffa561bd000 	c:\Users\gerar\.vscode\extensions\redhat.java-1.45.0-win32-x64\jre\21.0.8-win32-x86_64\bin\msvcp140.dll
0x00007ffa156b0000 - 0x00007ffa16447000 	c:\Users\gerar\.vscode\extensions\redhat.java-1.45.0-win32-x64\jre\21.0.8-win32-x86_64\bin\server\jvm.dll
0x00007ffaa3680000 - 0x00007ffaa3731000 	C:\Windows\System32\ADVAPI32.dll
0x00007ffaa4450000 - 0x00007ffaa44f8000 	C:\Windows\System32\sechost.dll
0x00007ffaa1a00000 - 0x00007ffaa1a28000 	C:\Windows\System32\bcrypt.dll
0x00007ffaa32a0000 - 0x00007ffaa33b8000 	C:\Windows\System32\RPCRT4.dll
0x00007ffaa2e30000 - 0x00007ffaa2ea1000 	C:\Windows\System32\WS2_32.dll
0x00007ffaa1460000 - 0x00007ffaa14ad000 	C:\Windows\SYSTEM32\POWRPROF.dll
0x00007ffa9bc70000 - 0x00007ffa9bca4000 	C:\Windows\SYSTEM32\WINMM.dll
0x00007ffa96000000 - 0x00007ffa9600a000 	C:\Windows\SYSTEM32\VERSION.dll
0x00007ffaa1440000 - 0x00007ffaa1453000 	C:\Windows\SYSTEM32\UMPDC.dll
0x00007ffaa07e0000 - 0x00007ffaa07f8000 	C:\Windows\SYSTEM32\kernel.appcore.dll
0x00007ffa9b3a0000 - 0x00007ffa9b3aa000 	c:\Users\gerar\.vscode\extensions\redhat.java-1.45.0-win32-x64\jre\21.0.8-win32-x86_64\bin\jimage.dll
0x00007ffa9f2a0000 - 0x00007ffa9f4d3000 	C:\Windows\SYSTEM32\DBGHELP.DLL
0x00007ffaa3ef0000 - 0x00007ffaa4281000 	C:\Windows\System32\combase.dll
0x00007ffaa45b0000 - 0x00007ffaa4688000 	C:\Windows\System32\OLEAUT32.dll
0x00007ffa96490000 - 0x00007ffa964c2000 	C:\Windows\SYSTEM32\dbgcore.DLL
0x00007ffaa1ca0000 - 0x00007ffaa1d1b000 	C:\Windows\System32\bcryptPrimitives.dll
0x00007ffa95ba0000 - 0x00007ffa95baf000 	c:\Users\gerar\.vscode\extensions\redhat.java-1.45.0-win32-x64\jre\21.0.8-win32-x86_64\bin\instrument.dll
0x00007ffa76550000 - 0x00007ffa7656f000 	c:\Users\gerar\.vscode\extensions\redhat.java-1.45.0-win32-x64\jre\21.0.8-win32-x86_64\bin\java.dll
0x00007ffaa2500000 - 0x00007ffaa2da1000 	C:\Windows\System32\SHELL32.dll
0x00007ffaa1b60000 - 0x00007ffaa1c9f000 	C:\Windows\System32\wintypes.dll
0x00007ffa9f6a0000 - 0x00007ffa9ffba000 	C:\Windows\SYSTEM32\windows.storage.dll
0x00007ffaa3560000 - 0x00007ffaa366a000 	C:\Windows\System32\SHCORE.dll
0x00007ffaa39e0000 - 0x00007ffaa3a49000 	C:\Windows\System32\shlwapi.dll
0x00007ffaa1740000 - 0x00007ffaa1765000 	C:\Windows\SYSTEM32\profapi.dll
0x00007ffa76530000 - 0x00007ffa76548000 	c:\Users\gerar\.vscode\extensions\redhat.java-1.45.0-win32-x64\jre\21.0.8-win32-x86_64\bin\zip.dll
0x00007ffa971d0000 - 0x00007ffa971e0000 	C:\Users\gerar\.vscode\extensions\redhat.java-1.45.0-win32-x64\jre\21.0.8-win32-x86_64\bin\net.dll
0x00007ffa9d3c0000 - 0x00007ffa9d4ec000 	C:\Windows\SYSTEM32\WINHTTP.dll
0x00007ffaa0cc0000 - 0x00007ffaa0d29000 	C:\Windows\system32\mswsock.dll
0x00007ffa754a0000 - 0x00007ffa754b6000 	C:\Users\gerar\.vscode\extensions\redhat.java-1.45.0-win32-x64\jre\21.0.8-win32-x86_64\bin\nio.dll
0x00007ffa94e70000 - 0x00007ffa94e80000 	c:\Users\gerar\.vscode\extensions\redhat.java-1.45.0-win32-x64\jre\21.0.8-win32-x86_64\bin\verify.dll
0x00007ffa54bb0000 - 0x00007ffa54bf4000 	C:\Users\gerar\AppData\Roaming\Code\User\globalStorage\redhat.java\1.45.0\config_ss_win\org.eclipse.equinox.launcher\org.eclipse.equinox.launcher.win32.win32.x86_64_1.2.1400.v20250801-0854\eclipse_11916.dll
0x00007ffaa33c0000 - 0x00007ffaa3560000 	C:\Windows\System32\ole32.dll
0x00007ffaa0f10000 - 0x00007ffaa0f2b000 	C:\Windows\SYSTEM32\CRYPTSP.dll
0x00007ffaa0740000 - 0x00007ffaa0777000 	C:\Windows\system32\rsaenh.dll
0x00007ffaa0db0000 - 0x00007ffaa0dd8000 	C:\Windows\SYSTEM32\USERENV.dll
0x00007ffaa0f30000 - 0x00007ffaa0f3c000 	C:\Windows\SYSTEM32\CRYPTBASE.dll
0x00007ffaa02b0000 - 0x00007ffaa02dd000 	C:\Windows\SYSTEM32\IPHLPAPI.DLL
0x00007ffaa3670000 - 0x00007ffaa3679000 	C:\Windows\System32\NSI.dll
0x00007ffa27890000 - 0x00007ffa278d9000 	C:\Users\gerar\AppData\Local\Temp\jna-98244229\jna4274385409006442690.dll
0x00007ffaa3ee0000 - 0x00007ffaa3ee8000 	C:\Windows\System32\PSAPI.DLL
0x00007ffa9bc50000 - 0x00007ffa9bc69000 	C:\Windows\SYSTEM32\dhcpcsvc6.DLL
0x00007ffa9bc30000 - 0x00007ffa9bc4f000 	C:\Windows\SYSTEM32\dhcpcsvc.DLL

JVMTI agents:
c:\Users\gerar\.vscode\extensions\redhat.java-1.45.0-win32-x64\lombok\lombok-1.18.39-4050.jar path:c:\Users\gerar\.vscode\extensions\redhat.java-1.45.0-win32-x64\jre\21.0.8-win32-x86_64\bin\instrument.dll, loaded, initialized, instrumentlib options:none

dbghelp: loaded successfully - version: 4.0.5 - missing functions: none
symbol engine: initialized successfully - sym options: 0x614 - pdb path: .;c:\Users\gerar\.vscode\extensions\redhat.java-1.45.0-win32-x64\jre\21.0.8-win32-x86_64\bin;C:\Windows\SYSTEM32;C:\Windows\WinSxS\amd64_microsoft.windows.common-controls_6595b64144ccf1df_6.0.22621.5840_none_2710ea077384a4fe;c:\Users\gerar\.vscode\extensions\redhat.java-1.45.0-win32-x64\jre\21.0.8-win32-x86_64\bin\server;C:\Users\gerar\AppData\Roaming\Code\User\globalStorage\redhat.java\1.45.0\config_ss_win\org.eclipse.equinox.launcher\org.eclipse.equinox.launcher.win32.win32.x86_64_1.2.1400.v20250801-0854;C:\Users\gerar\AppData\Local\Temp\jna-98244229

VM Arguments:
jvm_args: --add-modules=ALL-SYSTEM --add-opens=java.base/java.util=ALL-UNNAMED --add-opens=java.base/java.lang=ALL-UNNAMED --add-opens=java.base/sun.nio.fs=ALL-UNNAMED -Declipse.application=org.eclipse.jdt.ls.core.id1 -Dosgi.bundles.defaultStartLevel=4 -Declipse.product=org.eclipse.jdt.ls.core.product -Djava.import.generatesMetadataFilesAtProjectRoot=false -DDetectVMInstallationsJob.disabled=true -Dfile.encoding=utf8 -XX:+UseParallelGC -XX:GCTimeRatio=4 -XX:AdaptiveSizePolicyWeight=90 -Dsun.zip.disableMemoryMapping=true -Xmx2G -Xms100m -Xlog:disable -javaagent:c:\Users\gerar\.vscode\extensions\redhat.java-1.45.0-win32-x64\lombok\lombok-1.18.39-4050.jar 
java_command: c:\Users\gerar\.vscode\extensions\redhat.java-1.45.0-win32-x64\server\plugins\org.eclipse.equinox.launcher_1.7.0.v20250519-0528.jar -configuration c:\Users\gerar\AppData\Roaming\Code\User\globalStorage\redhat.java\1.45.0\config_ss_win -data c:\Users\gerar\AppData\Roaming\Code\User\workspaceStorage\43662f2c530878c830368f2210583480\redhat.java\ss_ws --pipe=\\.\pipe\lsp-9cb0c706c7532cbdc3396974659c839e-sock
java_class_path (initial): c:\Users\gerar\.vscode\extensions\redhat.java-1.45.0-win32-x64\server\plugins\org.eclipse.equinox.launcher_1.7.0.v20250519-0528.jar
Launcher Type: SUN_STANDARD

[Global flags]
    uintx AdaptiveSizePolicyWeight                 = 90                                        {product} {command line}
     intx CICompilerCount                          = 4                                         {product} {ergonomic}
    uintx GCTimeRatio                              = 4                                         {product} {command line}
   size_t InitialHeapSize                          = 104857600                                 {product} {command line}
   size_t MaxHeapSize                              = 2147483648                                {product} {command line}
   size_t MaxNewSize                               = 715653120                                 {product} {ergonomic}
   size_t MinHeapDeltaBytes                        = 524288                                    {product} {ergonomic}
   size_t MinHeapSize                              = 104857600                                 {product} {command line}
   size_t NewSize                                  = 34603008                                  {product} {ergonomic}
    uintx NonNMethodCodeHeapSize                   = 5839372                                {pd product} {ergonomic}
    uintx NonProfiledCodeHeapSize                  = 122909434                              {pd product} {ergonomic}
   size_t OldSize                                  = 70254592                                  {product} {ergonomic}
    uintx ProfiledCodeHeapSize                     = 122909434                              {pd product} {ergonomic}
    uintx ReservedCodeCacheSize                    = 251658240                              {pd product} {ergonomic}
     bool SegmentedCodeCache                       = true                                      {product} {ergonomic}
   size_t SoftMaxHeapSize                          = 2147483648                             {manageable} {ergonomic}
     bool UseCompressedOops                        = true                           {product lp64_product} {ergonomic}
     bool UseLargePagesIndividualAllocation        = false                                  {pd product} {ergonomic}
     bool UseParallelGC                            = true                                      {product} {command line}

Logging:
Log output configuration:
 #0: stdout all=off uptime,level,tags foldmultilines=false
 #1: stderr all=off uptime,level,tags foldmultilines=false

Environment Variables:
PATH=C:\Python313\Scripts\;C:\Python313\;C:\Program Files\Common Files\Oracle\Java\javapath;C:\Windows\system32;C:\Windows;C:\Windows\System32\Wbem;C:\Windows\System32\WindowsPowerShell\v1.0\;C:\Windows\System32\OpenSSH\;C:\Program Files\Git\cmd;C:\Program Files\CMake\bin;C:\Program Files\dotnet\;C:\dev\apache-maven-3.9.9\bin;C:\Program Files (x86)\Windows Kits\10\Windows Performance Toolkit\;C:\xampp\php;C:\composer;C:\Program Files\nodejs\;C:\ProgramData\chocolatey\bin;C:\Program Files\Microsoft SQL Server\150\Tools\Binn\;C:\Program Files\Microsoft SQL Server\Client SDK\ODBC\170\Tools\Binn\;C:\Program Files\Microsoft SQL Server\160\Tools\Binn\;C:\Program Files (x86)\Microsoft SQL Server\160\DTS\Binn\;C:\Program Files (x86)\cloudflared\;C:\Program Files\MySQL\MySQL Shell 8.0\bin\;C:\Users\gerar\AppData\Local\Microsoft\WindowsApps;C:\Users\gerar\AppData\Local\Programs\Microsoft VS Code\bin;C:\dev\flutter\bin;C:\Users\gerar\.dotnet\tools;C:\Users\gerar\AppData\Roaming\Composer\vendor\bin;C:\Users\gerar\AppData\Roaming\npm
USERNAME=gerar
OS=Windows_NT
PROCESSOR_IDENTIFIER=AMD64 Family 23 Model 160 Stepping 0, AuthenticAMD
TMP=C:\Users\gerar\AppData\Local\Temp
TEMP=C:\Users\gerar\AppData\Local\Temp




Periodic native trim disabled

---------------  S Y S T E M  ---------------

OS:
 Windows 11 , 64 bit Build 22621 (10.0.22621.5415)
OS uptime: 1 days 3:10 hours
Hyper-V role detected

CPU: total 8 (initial active 8) (8 cores per cpu, 2 threads per core) family 23 model 160 stepping 0 microcode 0x0, cx8, cmov, fxsr, ht, mmx, 3dnowpref, sse, sse2, sse3, ssse3, sse4a, sse4.1, sse4.2, popcnt, lzcnt, tsc, tscinvbit, avx, avx2, aes, clmul, bmi1, bmi2, adx, sha, fma, vzeroupper, clflush, clflushopt, hv, rdtscp, rdpid, f16c
Processor Information for the first 8 processors :
  Max Mhz: 2401, Current Mhz: 2401, Mhz Limit: 2401

Memory: 4k page, system-wide physical 5965M (321M free)
TotalPageFile size 24397M (AvailPageFile size 3M)
current process WorkingSet (physical memory assigned to process): 200M, peak: 200M
current process commit charge ("private bytes"): 312M, peak: 313M

vm_info: OpenJDK 64-Bit Server VM (21.0.8+9-LTS) for windows-amd64 JRE (21.0.8+9-LTS), built on 2025-07-15T00:00:00Z by "admin" with MS VC++ 17.7 (VS2022)

END.
