#
# There is insufficient memory for the Java Runtime Environment to continue.
# Native memory allocation (malloc) failed to allocate 1048576 bytes. Error detail: AllocateHeap
# Possible reasons:
#   The system is out of physical RAM or swap space
#   This process is running with CompressedOops enabled, and the Java Heap may be blocking the growth of the native heap
# Possible solutions:
#   Reduce memory load on the system
#   Increase physical memory or swap space
#   Check if swap backing store is full
#   Decrease Java heap size (-Xmx/-Xms)
#   Decrease number of Java threads
#   Decrease Java thread stack sizes (-Xss)
#   Set larger code cache with -XX:ReservedCodeCacheSize=
#   JVM is running with Unscaled Compressed Oops mode in which the Java heap is
#     placed in the first 4GB address space. The Java Heap base address is the
#     maximum limit for the native heap growth. Please use -XX:HeapBaseMinAddress
#     to set the Java Heap base and to place the Java Heap above 4GB virtual address.
# This output file may be truncated or incomplete.
#
#  Out of Memory Error (allocation.cpp:44), pid=19656, tid=21744
#
# JRE version: OpenJDK Runtime Environment Temurin-21.0.8+9 (21.0.8+9) (build 21.0.8+9-LTS)
# Java VM: OpenJDK 64-Bit Server VM Temurin-21.0.8+9 (21.0.8+9-LTS, mixed mode, sharing, tiered, compressed oops, compressed class ptrs, parallel gc, windows-amd64)
# No core dump will be written. Minidumps are not enabled by default on client versions of Windows
#

---------------  S U M M A R Y ------------

Command Line: --add-modules=ALL-SYSTEM --add-opens=java.base/java.util=ALL-UNNAMED --add-opens=java.base/java.lang=ALL-UNNAMED --add-opens=java.base/sun.nio.fs=ALL-UNNAMED -Declipse.application=org.eclipse.jdt.ls.core.id1 -Dosgi.bundles.defaultStartLevel=4 -Declipse.product=org.eclipse.jdt.ls.core.product -Djava.import.generatesMetadataFilesAtProjectRoot=false -DDetectVMInstallationsJob.disabled=true -Dfile.encoding=utf8 -XX:+UseParallelGC -XX:GCTimeRatio=4 -XX:AdaptiveSizePolicyWeight=90 -Dsun.zip.disableMemoryMapping=true -Xmx2G -Xms100m -Xlog:disable -javaagent:c:\Users\gerar\.vscode\extensions\redhat.java-1.46.0-win32-x64\lombok\lombok-1.18.39-4050.jar -XX:+HeapDumpOnOutOfMemoryError -XX:HeapDumpPath=c:\Users\gerar\AppData\Roaming\Code\User\workspaceStorage\43662f2c530878c830368f2210583480\redhat.java -Daether.dependencyCollector.impl=bf c:\Users\gerar\.vscode\extensions\redhat.java-1.46.0-win32-x64\server\plugins\org.eclipse.equinox.launcher_1.7.0.v20250519-0528.jar -configuration c:\Users\gerar\AppData\Roaming\Code\User\globalStorage\redhat.java\1.46.0\config_win -data c:\Users\gerar\AppData\Roaming\Code\User\workspaceStorage\43662f2c530878c830368f2210583480\redhat.java\jdt_ws --pipe=\\.\pipe\lsp-e8b7310d368efabb2c8fd1e11d5a3539-sock

Host: AMD Ryzen 3 7320U with Radeon Graphics         , 8 cores, 5G,  Windows 11 , 64 bit Build 26100 (10.0.26100.6725)
Time: Wed Oct 29 11:00:15 2025 Hora estándar central (México) elapsed time: 1608.461250 seconds (0d 0h 26m 48s)

---------------  T H R E A D  ---------------

Current thread (0x0000026543f9d160):  JavaThread "Attach Listener" daemon [_thread_in_vm, id=21744, stack(0x000000722df00000,0x000000722e000000) (1024K)]

Stack: [0x000000722df00000,0x000000722e000000]
Native frames: (J=compiled Java code, j=interpreted, Vv=VM code, C=native code)
V  [jvm.dll+0x6d2449]
V  [jvm.dll+0x8ae341]
V  [jvm.dll+0x8b08be]
V  [jvm.dll+0x8b0fa3]
V  [jvm.dll+0x280c96]
V  [jvm.dll+0xc0347]
V  [jvm.dll+0x6d2cf9]
V  [jvm.dll+0x131116]
V  [jvm.dll+0x3f2d16]
V  [jvm.dll+0x857e6b]
V  [jvm.dll+0x6d0b0d]
C  [ucrtbase.dll+0x37b0]
C  [KERNEL32.DLL+0x2e8d7]
C  [ntdll.dll+0x8c53c]


---------------  P R O C E S S  ---------------

Threads class SMR info:
_java_thread_list=0x000002655c58e400, length=56, elements={
0x0000026543edb410, 0x0000026543f999a0, 0x0000026543f9a8b0, 0x0000026543f9c510,
0x0000026543f9d160, 0x0000026543f9dcb0, 0x0000026543f9e950, 0x000002655a94d700,
0x000002655c247d10, 0x0000026543f4ae40, 0x000002655c5519b0, 0x000002655caca3e0,
0x000002655cc9a960, 0x000002655cc78510, 0x000002655cc89ca0, 0x00000265612a1240,
0x000002656165e000, 0x00000265613f51a0, 0x00000265613f4b10, 0x00000265613f4480,
0x00000265613f23b0, 0x00000265613f3760, 0x0000026561b83eb0, 0x0000026561b84bd0,
0x0000026561b83820, 0x0000026561b86ca0, 0x0000026561b84540, 0x0000026561b85260,
0x0000026561b858f0, 0x0000026561b85f80, 0x0000026564136060, 0x0000026564136d80,
0x00000265641359d0, 0x0000026564137410, 0x000002656413a200, 0x000002656413bc40,
0x000002656413a890, 0x000002656413af20, 0x0000026561e66eb0, 0x0000026564137aa0,
0x0000026564138130, 0x0000026564135340, 0x0000026564139b70, 0x0000026561e62680,
0x0000026561e640c0, 0x0000026561e64750, 0x0000026561e64de0, 0x0000026561e66190,
0x0000026561e688f0, 0x0000026561e68f80, 0x00000265613f30d0, 0x00000265613f3df0,
0x000002656413c2d0, 0x0000026561e63a30, 0x000002656413c960, 0x0000026563f68e50
}

Java Threads: ( => current thread )
  0x0000026543edb410 JavaThread "main"                              [_thread_blocked, id=27080, stack(0x000000722d800000,0x000000722d900000) (1024K)]
  0x0000026543f999a0 JavaThread "Reference Handler"          daemon [_thread_blocked, id=13080, stack(0x000000722dc00000,0x000000722dd00000) (1024K)]
  0x0000026543f9a8b0 JavaThread "Finalizer"                  daemon [_thread_blocked, id=2548, stack(0x000000722dd00000,0x000000722de00000) (1024K)]
  0x0000026543f9c510 JavaThread "Signal Dispatcher"          daemon [_thread_blocked, id=9472, stack(0x000000722de00000,0x000000722df00000) (1024K)]
=>0x0000026543f9d160 JavaThread "Attach Listener"            daemon [_thread_in_vm, id=21744, stack(0x000000722df00000,0x000000722e000000) (1024K)]
  0x0000026543f9dcb0 JavaThread "Service Thread"             daemon [_thread_blocked, id=5808, stack(0x000000722e000000,0x000000722e100000) (1024K)]
  0x0000026543f9e950 JavaThread "Monitor Deflation Thread"   daemon [_thread_blocked, id=18020, stack(0x000000722e100000,0x000000722e200000) (1024K)]
  0x000002655a94d700 JavaThread "C2 CompilerThread0"         daemon [_thread_blocked, id=336, stack(0x000000722e200000,0x000000722e300000) (1024K)]
  0x000002655c247d10 JavaThread "C1 CompilerThread0"         daemon [_thread_blocked, id=344, stack(0x000000722e300000,0x000000722e400000) (1024K)]
  0x0000026543f4ae40 JavaThread "Common-Cleaner"             daemon [_thread_blocked, id=3892, stack(0x000000722e400000,0x000000722e500000) (1024K)]
  0x000002655c5519b0 JavaThread "Notification Thread"        daemon [_thread_blocked, id=13848, stack(0x000000722e500000,0x000000722e600000) (1024K)]
  0x000002655caca3e0 JavaThread "Active Thread: Equinox Container: 684ef793-a176-41ec-8d1d-dad8ac5f18b5"        [_thread_blocked, id=2272, stack(0x000000722ed00000,0x000000722ee00000) (1024K)]
  0x000002655cc9a960 JavaThread "Refresh Thread: Equinox Container: 684ef793-a176-41ec-8d1d-dad8ac5f18b5" daemon [_thread_blocked, id=20768, stack(0x000000722ee00000,0x000000722ef00000) (1024K)]
  0x000002655cc78510 JavaThread "Framework Event Dispatcher: Equinox Container: 684ef793-a176-41ec-8d1d-dad8ac5f18b5" daemon [_thread_blocked, id=26472, stack(0x000000722f000000,0x000000722f100000) (1024K)]
  0x000002655cc89ca0 JavaThread "Start Level: Equinox Container: 684ef793-a176-41ec-8d1d-dad8ac5f18b5" daemon [_thread_blocked, id=4756, stack(0x000000722f100000,0x000000722f200000) (1024K)]
  0x00000265612a1240 JavaThread "Bundle File Closer"         daemon [_thread_blocked, id=21172, stack(0x000000722f200000,0x000000722f300000) (1024K)]
  0x000002656165e000 JavaThread "SCR Component Actor"        daemon [_thread_blocked, id=8800, stack(0x000000722f300000,0x000000722f400000) (1024K)]
  0x00000265613f51a0 JavaThread "Worker-JM"                         [_thread_blocked, id=12632, stack(0x000000722f400000,0x000000722f500000) (1024K)]
  0x00000265613f4b10 JavaThread "JNA Cleaner"                daemon [_thread_blocked, id=5888, stack(0x000000722e600000,0x000000722e700000) (1024K)]
  0x00000265613f4480 JavaThread "Worker-0"                          [_thread_blocked, id=10544, stack(0x000000722f500000,0x000000722f600000) (1024K)]
  0x00000265613f23b0 JavaThread "Worker-1"                          [_thread_blocked, id=3380, stack(0x000000722f600000,0x000000722f700000) (1024K)]
  0x00000265613f3760 JavaThread "Java indexing"              daemon [_thread_blocked, id=13368, stack(0x000000722f800000,0x000000722f900000) (1024K)]
  0x0000026561b83eb0 JavaThread "Thread-1"                   daemon [_thread_in_native, id=12036, stack(0x000000722ff00000,0x0000007230000000) (1024K)]
  0x0000026561b84bd0 JavaThread "Thread-2"                   daemon [_thread_in_native, id=27240, stack(0x0000007230000000,0x0000007230100000) (1024K)]
  0x0000026561b83820 JavaThread "Thread-3"                   daemon [_thread_in_native, id=25376, stack(0x0000007230100000,0x0000007230200000) (1024K)]
  0x0000026561b86ca0 JavaThread "Thread-4"                   daemon [_thread_in_native, id=12688, stack(0x0000007230200000,0x0000007230300000) (1024K)]
  0x0000026561b84540 JavaThread "Thread-5"                   daemon [_thread_in_native, id=21476, stack(0x0000007230300000,0x0000007230400000) (1024K)]
  0x0000026561b85260 JavaThread "Thread-6"                   daemon [_thread_in_native, id=19352, stack(0x0000007230400000,0x0000007230500000) (1024K)]
  0x0000026561b858f0 JavaThread "Thread-7"                   daemon [_thread_in_native, id=17996, stack(0x0000007230500000,0x0000007230600000) (1024K)]
  0x0000026561b85f80 JavaThread "Thread-8"                   daemon [_thread_in_native, id=100, stack(0x0000007230600000,0x0000007230700000) (1024K)]
  0x0000026564136060 JavaThread "Thread-9"                   daemon [_thread_in_native, id=15440, stack(0x0000007230700000,0x0000007230800000) (1024K)]
  0x0000026564136d80 JavaThread "pool-2-thread-1"                   [_thread_blocked, id=19936, stack(0x0000007230800000,0x0000007230900000) (1024K)]
  0x00000265641359d0 JavaThread "WorkspaceEventsHandler"            [_thread_blocked, id=3200, stack(0x0000007230900000,0x0000007230a00000) (1024K)]
  0x0000026564137410 JavaThread "pool-1-thread-1"                   [_thread_blocked, id=22284, stack(0x0000007230a00000,0x0000007230b00000) (1024K)]
  0x000002656413a200 JavaThread "Java Debug Server"          daemon [_thread_in_native, id=10856, stack(0x0000007231200000,0x0000007231300000) (1024K)]
  0x000002656413bc40 JavaThread "pool-4-thread-1"                   [_thread_in_native, id=17956, stack(0x0000007231300000,0x0000007231400000) (1024K)]
  0x000002656413a890 JavaThread "RxSchedulerPurge-1"         daemon [_thread_blocked, id=9728, stack(0x0000007231400000,0x0000007231500000) (1024K)]
  0x000002656413af20 JavaThread "RxCachedWorkerPoolEvictor-1" daemon [_thread_blocked, id=14140, stack(0x0000007231500000,0x0000007231600000) (1024K)]
  0x0000026561e66eb0 JavaThread "Cleaner-0"                  daemon [_thread_blocked, id=19124, stack(0x000000722fd00000,0x000000722fe00000) (1024K)]
  0x0000026564137aa0 JavaThread "ForkJoinPool.commonPool-worker-14" daemon [_thread_blocked, id=8016, stack(0x000000722d500000,0x000000722d600000) (1024K)]
  0x0000026564138130 JavaThread "ForkJoinPool.commonPool-worker-15" daemon [_thread_blocked, id=12280, stack(0x000000722d600000,0x000000722d700000) (1024K)]
  0x0000026564135340 JavaThread "ForkJoinPool.commonPool-worker-16" daemon [_thread_blocked, id=26208, stack(0x000000722d700000,0x000000722d800000) (1024K)]
  0x0000026564139b70 JavaThread "ForkJoinPool.commonPool-worker-17" daemon [_thread_blocked, id=8432, stack(0x000000722f900000,0x000000722fa00000) (1024K)]
  0x0000026561e62680 JavaThread "ForkJoinPool.commonPool-worker-18" daemon [_thread_blocked, id=25992, stack(0x000000722fa00000,0x000000722fb00000) (1024K)]
  0x0000026561e640c0 JavaThread "ForkJoinPool.commonPool-worker-19" daemon [_thread_blocked, id=13672, stack(0x000000722fb00000,0x000000722fc00000) (1024K)]
  0x0000026561e64750 JavaThread "ForkJoinPool.commonPool-worker-20" daemon [_thread_blocked, id=14988, stack(0x000000722fc00000,0x000000722fd00000) (1024K)]
  0x0000026561e64de0 JavaThread "Worker-7"                          [_thread_blocked, id=1744, stack(0x000000722fe00000,0x000000722ff00000) (1024K)]
  0x0000026561e66190 JavaThread "Worker-8"                          [_thread_blocked, id=26932, stack(0x0000007230b00000,0x0000007230c00000) (1024K)]
  0x0000026561e688f0 JavaThread "Worker-9"                          [_thread_blocked, id=12788, stack(0x0000007230c00000,0x0000007230d00000) (1024K)]
  0x0000026561e68f80 JavaThread "Worker-10"                         [_thread_blocked, id=22424, stack(0x0000007230d00000,0x0000007230e00000) (1024K)]
  0x00000265613f30d0 JavaThread "Compiler Source File Reader" daemon [_thread_blocked, id=23028, stack(0x0000007230e00000,0x0000007230f00000) (1024K)]
  0x00000265613f3df0 JavaThread "Compiler Processing Task"   daemon [_thread_blocked, id=26188, stack(0x0000007230f00000,0x0000007231000000) (1024K)]
  0x000002656413c2d0 JavaThread "RxNewThreadScheduler-5"     daemon [_thread_blocked, id=17932, stack(0x000000722f700000,0x000000722f800000) (1024K)]
  0x0000026561e63a30 JavaThread "Packet Receive Manager"     daemon [_thread_in_native, id=12580, stack(0x0000007231000000,0x0000007231100000) (1024K)]
  0x000002656413c960 JavaThread "Packet Send Manager"        daemon [_thread_blocked, id=21704, stack(0x0000007231100000,0x0000007231200000) (1024K)]
  0x0000026563f68e50 JavaThread "Event Hub"                  daemon [_thread_blocked, id=18852, stack(0x0000007231600000,0x0000007231700000) (1024K)]
Total: 56

Other Threads:
  0x000002655a941500 VMThread "VM Thread"                           [id=25864, stack(0x000000722db00000,0x000000722dc00000) (1024K)]
  0x000002655a85cb20 WatcherThread "VM Periodic Task Thread"        [id=10044, stack(0x000000722da00000,0x000000722db00000) (1024K)]
  0x0000026543efa3f0 WorkerThread "GC Thread#0"                     [id=3440, stack(0x000000722d900000,0x000000722da00000) (1024K)]
  0x000002655c9645e0 WorkerThread "GC Thread#1"                     [id=7004, stack(0x000000722e700000,0x000000722e800000) (1024K)]
  0x000002655cd14010 WorkerThread "GC Thread#2"                     [id=25360, stack(0x000000722e800000,0x000000722e900000) (1024K)]
  0x000002655c953840 WorkerThread "GC Thread#3"                     [id=17156, stack(0x000000722e900000,0x000000722ea00000) (1024K)]
  0x000002655c953be0 WorkerThread "GC Thread#4"                     [id=24944, stack(0x000000722ea00000,0x000000722eb00000) (1024K)]
  0x000002655ca53dd0 WorkerThread "GC Thread#5"                     [id=15600, stack(0x000000722eb00000,0x000000722ec00000) (1024K)]
  0x000002655cb89460 WorkerThread "GC Thread#6"                     [id=27176, stack(0x000000722ec00000,0x000000722ed00000) (1024K)]
  0x000002655cc9b8e0 WorkerThread "GC Thread#7"                     [id=27112, stack(0x000000722ef00000,0x000000722f000000) (1024K)]
Total: 10

Threads with active compile tasks:
Total: 0

VM state: not at safepoint (normal execution)

VM Mutex/Monitor currently owned by a thread: None

Heap address: 0x0000000080000000, size: 2048 MB, Compressed Oops mode: 32-bit

CDS archive(s) mapped at: [0x0000026500000000-0x0000026500ba0000-0x0000026500ba0000), size 12189696, SharedBaseAddress: 0x0000026500000000, ArchiveRelocationMode: 1.
Compressed class space mapped at: 0x0000026501000000-0x0000026541000000, reserved size: 1073741824
Narrow klass base: 0x0000026500000000, Narrow klass shift: 0, Narrow klass range: 0x100000000

GC Precious Log:
 CardTable entry size: 512
 CPUs: 8 total, 8 available
 Memory: 5965M
 Large Page Support: Disabled
 NUMA Support: Disabled
 Compressed Oops: Enabled (32-bit)
 Alignments: Space 512K, Generation 512K, Heap 2M
 Heap Min Capacity: 100M
 Heap Initial Capacity: 100M
 Heap Max Capacity: 2G
 Pre-touch: Disabled
 Parallel Workers: 8

Heap:
 PSYoungGen      total 8704K, used 3479K [0x00000000d5580000, 0x00000000d6080000, 0x0000000100000000)
  eden space 7680K, 38% used [0x00000000d5580000,0x00000000d5860db0,0x00000000d5d00000)
  from space 1024K, 52% used [0x00000000d5d00000,0x00000000d5d85200,0x00000000d5e00000)
  to   space 1024K, 0% used [0x00000000d5f80000,0x00000000d5f80000,0x00000000d6080000)
 ParOldGen       total 320000K, used 295693K [0x0000000080000000, 0x0000000093880000, 0x00000000d5580000)
  object space 320000K, 92% used [0x0000000080000000,0x00000000920c3740,0x0000000093880000)
 Metaspace       used 84215K, committed 86144K, reserved 1179648K
  class space    used 8940K, committed 9856K, reserved 1048576K

Card table byte_map: [0x0000026543880000,0x0000026543c90000] _byte_map_base: 0x0000026543480000

Marking Bits: (ParMarkBitMap*) 0x00007ffa782ea340
 Begin Bits: [0x0000026556380000, 0x0000026558380000)
 End Bits:   [0x0000026558380000, 0x000002655a380000)

Polling page: 0x0000026541d80000

Metaspace:

Usage:
  Non-class:     73.51 MB used.
      Class:      8.73 MB used.
       Both:     82.24 MB used.

Virtual space:
  Non-class space:      128.00 MB reserved,      74.50 MB ( 58%) committed,  2 nodes.
      Class space:        1.00 GB reserved,       9.62 MB ( <1%) committed,  1 nodes.
             Both:        1.12 GB reserved,      84.12 MB (  7%) committed. 

Chunk freelists:
   Non-Class:  5.33 MB
       Class:  6.42 MB
        Both:  11.75 MB

MaxMetaspaceSize: unlimited
CompressedClassSpaceSize: 1.00 GB
Initial GC threshold: 21.00 MB
Current GC threshold: 132.75 MB
CDS: on
 - commit_granule_bytes: 65536.
 - commit_granule_words: 8192.
 - virtual_space_node_default_size: 8388608.
 - enlarge_chunks_in_place: 1.
 - use_allocation_guard: 0.


Internal statistics:

num_allocs_failed_limit: 11.
num_arena_births: 1804.
num_arena_deaths: 40.
num_vsnodes_births: 3.
num_vsnodes_deaths: 0.
num_space_committed: 1346.
num_space_uncommitted: 0.
num_chunks_returned_to_freelist: 60.
num_chunks_taken_from_freelist: 6033.
num_chunk_merges: 21.
num_chunk_splits: 3644.
num_chunks_enlarged: 1980.
num_inconsistent_stats: 0.

CodeHeap 'non-profiled nmethods': size=120000Kb used=15304Kb max_used=15304Kb free=104695Kb
 bounds [0x000002654eba0000, 0x000002654faa0000, 0x00000265560d0000]
CodeHeap 'profiled nmethods': size=120000Kb used=42775Kb max_used=42775Kb free=77224Kb
 bounds [0x00000265470d0000, 0x0000026549aa0000, 0x000002654e600000]
CodeHeap 'non-nmethods': size=5760Kb used=1502Kb max_used=1563Kb free=4257Kb
 bounds [0x000002654e600000, 0x000002654e870000, 0x000002654eba0000]
CodeCache: size=245760Kb, used=59581Kb, max_used=59642Kb, free=186176Kb
 total_blobs=17963, nmethods=17135, adapters=731, full_count=0
Compilation: enabled, stopped_count=0, restarted_count=0

Compilation events (20 events):
Event: 1581.430 Thread 0x000002655a94d700 nmethod 18841 0x000002654fa8f790 code [0x000002654fa8f9a0, 0x000002654fa90970]
Event: 1581.468 Thread 0x000002655c247d10 18920       3       com.google.gson.stream.JsonReader::skipValue (316 bytes)
Event: 1581.469 Thread 0x000002655c247d10 nmethod 18920 0x0000026549a90910 code [0x0000026549a90bc0, 0x0000026549a91a68]
Event: 1581.470 Thread 0x000002655a94d700 18921       4       java.util.LinkedList$ListItr::<init> (47 bytes)
Event: 1581.472 Thread 0x000002655a94d700 nmethod 18921 0x000002654fa90f90 code [0x000002654fa91120, 0x000002654fa912d0]
Event: 1581.913 Thread 0x000002655c247d10 18922       1       org.eclipse.jdt.core.dom.ASTVisitor::visit (2 bytes)
Event: 1581.913 Thread 0x000002655c247d10 nmethod 18922 0x000002654fa91490 code [0x000002654fa91620, 0x000002654fa916e8]
Event: 1581.914 Thread 0x000002655c247d10 18923       3       org.eclipse.jdt.core.dom.NullLiteral::accept0 (12 bytes)
Event: 1581.915 Thread 0x000002655c247d10 nmethod 18923 0x0000026549a91e10 code [0x0000026549a91fe0, 0x0000026549a92290]
Event: 1581.915 Thread 0x000002655c247d10 18924       3       org.eclipse.jdt.internal.core.JavaElement::getOpenable (5 bytes)
Event: 1581.916 Thread 0x000002655c247d10 nmethod 18924 0x0000026549a92390 code [0x0000026549a92540, 0x0000026549a92708]
Event: 1581.919 Thread 0x000002655a94d700 18925       4       jdk.internal.org.objectweb.asm.Frame::setLocal (65 bytes)
Event: 1581.922 Thread 0x000002655a94d700 nmethod 18925 0x000002654fa91790 code [0x000002654fa91940, 0x000002654fa91d88]
Event: 1582.498 Thread 0x000002655c247d10 18926       3       io.reactivex.internal.queue.SpscLinkedArrayQueue::poll (99 bytes)
Event: 1582.500 Thread 0x000002655c247d10 nmethod 18926 0x0000026549a92790 code [0x0000026549a92b60, 0x0000026549a94580]
Event: 1582.500 Thread 0x000002655c247d10 18927       3       io.reactivex.internal.queue.SpscLinkedArrayQueue::lpConsumerIndex (8 bytes)
Event: 1582.500 Thread 0x000002655c247d10 nmethod 18927 0x0000026549a95010 code [0x0000026549a951a0, 0x0000026549a952d8]
Event: 1583.108 Thread 0x000002655c247d10 18928       3       java.util.concurrent.locks.AbstractQueuedSynchronizer::enqueue (72 bytes)
Event: 1583.109 Thread 0x000002655c247d10 nmethod 18928 0x0000026549a95390 code [0x0000026549a955c0, 0x0000026549a95c70]
Event: 1607.754 Thread 0x000002655a94d700 18929       4       java.util.concurrent.locks.AbstractQueuedSynchronizer::acquire (20 bytes)

GC Heap History (20 events):
Event: 1580.954 GC heap before
{Heap before GC invocations=690 (full 4):
 PSYoungGen      total 7680K, used 7646K [0x00000000d5580000, 0x00000000d5e00000, 0x0000000100000000)
  eden space 6656K, 100% used [0x00000000d5580000,0x00000000d5c00000,0x00000000d5c00000)
  from space 1024K, 96% used [0x00000000d5c00000,0x00000000d5cf7b10,0x00000000d5d00000)
  to   space 1024K, 0% used [0x00000000d5d00000,0x00000000d5d00000,0x00000000d5e00000)
 ParOldGen       total 320000K, used 288826K [0x0000000080000000, 0x0000000093880000, 0x00000000d5580000)
  object space 320000K, 90% used [0x0000000080000000,0x0000000091a0e868,0x0000000093880000)
 Metaspace       used 84156K, committed 86080K, reserved 1179648K
  class space    used 8936K, committed 9856K, reserved 1048576K
}
Event: 1580.958 GC heap after
{Heap after GC invocations=690 (full 4):
 PSYoungGen      total 7680K, used 868K [0x00000000d5580000, 0x00000000d5e00000, 0x0000000100000000)
  eden space 6656K, 0% used [0x00000000d5580000,0x00000000d5580000,0x00000000d5c00000)
  from space 1024K, 84% used [0x00000000d5d00000,0x00000000d5dd9210,0x00000000d5e00000)
  to   space 1024K, 0% used [0x00000000d5c00000,0x00000000d5c00000,0x00000000d5d00000)
 ParOldGen       total 320000K, used 289561K [0x0000000080000000, 0x0000000093880000, 0x00000000d5580000)
  object space 320000K, 90% used [0x0000000080000000,0x0000000091ac6660,0x0000000093880000)
 Metaspace       used 84156K, committed 86080K, reserved 1179648K
  class space    used 8936K, committed 9856K, reserved 1048576K
}
Event: 1580.976 GC heap before
{Heap before GC invocations=691 (full 4):
 PSYoungGen      total 7680K, used 7524K [0x00000000d5580000, 0x00000000d5e00000, 0x0000000100000000)
  eden space 6656K, 99% used [0x00000000d5580000,0x00000000d5bfffe8,0x00000000d5c00000)
  from space 1024K, 84% used [0x00000000d5d00000,0x00000000d5dd9210,0x00000000d5e00000)
  to   space 1024K, 0% used [0x00000000d5c00000,0x00000000d5c00000,0x00000000d5d00000)
 ParOldGen       total 320000K, used 289561K [0x0000000080000000, 0x0000000093880000, 0x00000000d5580000)
  object space 320000K, 90% used [0x0000000080000000,0x0000000091ac6660,0x0000000093880000)
 Metaspace       used 84156K, committed 86080K, reserved 1179648K
  class space    used 8936K, committed 9856K, reserved 1048576K
}
Event: 1580.978 GC heap after
{Heap after GC invocations=691 (full 4):
 PSYoungGen      total 7680K, used 832K [0x00000000d5580000, 0x00000000d5e00000, 0x0000000100000000)
  eden space 6656K, 0% used [0x00000000d5580000,0x00000000d5580000,0x00000000d5c00000)
  from space 1024K, 81% used [0x00000000d5c00000,0x00000000d5cd0020,0x00000000d5d00000)
  to   space 1024K, 0% used [0x00000000d5d00000,0x00000000d5d00000,0x00000000d5e00000)
 ParOldGen       total 320000K, used 290041K [0x0000000080000000, 0x0000000093880000, 0x00000000d5580000)
  object space 320000K, 90% used [0x0000000080000000,0x0000000091b3e670,0x0000000093880000)
 Metaspace       used 84156K, committed 86080K, reserved 1179648K
  class space    used 8936K, committed 9856K, reserved 1048576K
}
Event: 1581.001 GC heap before
{Heap before GC invocations=692 (full 4):
 PSYoungGen      total 7680K, used 7488K [0x00000000d5580000, 0x00000000d5e00000, 0x0000000100000000)
  eden space 6656K, 100% used [0x00000000d5580000,0x00000000d5c00000,0x00000000d5c00000)
  from space 1024K, 81% used [0x00000000d5c00000,0x00000000d5cd0020,0x00000000d5d00000)
  to   space 1024K, 0% used [0x00000000d5d00000,0x00000000d5d00000,0x00000000d5e00000)
 ParOldGen       total 320000K, used 290041K [0x0000000080000000, 0x0000000093880000, 0x00000000d5580000)
  object space 320000K, 90% used [0x0000000080000000,0x0000000091b3e670,0x0000000093880000)
 Metaspace       used 84162K, committed 86080K, reserved 1179648K
  class space    used 8936K, committed 9856K, reserved 1048576K
}
Event: 1581.005 GC heap after
{Heap after GC invocations=692 (full 4):
 PSYoungGen      total 6144K, used 1018K [0x00000000d5580000, 0x00000000d6100000, 0x0000000100000000)
  eden space 5120K, 0% used [0x00000000d5580000,0x00000000d5580000,0x00000000d5a80000)
  from space 1024K, 99% used [0x00000000d5d00000,0x00000000d5dfe900,0x00000000d5e00000)
  to   space 2560K, 0% used [0x00000000d5a80000,0x00000000d5a80000,0x00000000d5d00000)
 ParOldGen       total 320000K, used 291109K [0x0000000080000000, 0x0000000093880000, 0x00000000d5580000)
  object space 320000K, 90% used [0x0000000080000000,0x0000000091c496e0,0x0000000093880000)
 Metaspace       used 84162K, committed 86080K, reserved 1179648K
  class space    used 8936K, committed 9856K, reserved 1048576K
}
Event: 1581.015 GC heap before
{Heap before GC invocations=693 (full 4):
 PSYoungGen      total 6144K, used 6138K [0x00000000d5580000, 0x00000000d6100000, 0x0000000100000000)
  eden space 5120K, 100% used [0x00000000d5580000,0x00000000d5a80000,0x00000000d5a80000)
  from space 1024K, 99% used [0x00000000d5d00000,0x00000000d5dfe900,0x00000000d5e00000)
  to   space 2560K, 0% used [0x00000000d5a80000,0x00000000d5a80000,0x00000000d5d00000)
 ParOldGen       total 320000K, used 291109K [0x0000000080000000, 0x0000000093880000, 0x00000000d5580000)
  object space 320000K, 90% used [0x0000000080000000,0x0000000091c496e0,0x0000000093880000)
 Metaspace       used 84174K, committed 86144K, reserved 1179648K
  class space    used 8936K, committed 9856K, reserved 1048576K
}
Event: 1581.019 GC heap after
{Heap after GC invocations=693 (full 4):
 PSYoungGen      total 6144K, used 672K [0x00000000d5580000, 0x00000000d5d80000, 0x0000000100000000)
  eden space 5120K, 0% used [0x00000000d5580000,0x00000000d5580000,0x00000000d5a80000)
  from space 1024K, 65% used [0x00000000d5a80000,0x00000000d5b28020,0x00000000d5b80000)
  to   space 1536K, 0% used [0x00000000d5c00000,0x00000000d5c00000,0x00000000d5d80000)
 ParOldGen       total 320000K, used 292081K [0x0000000080000000, 0x0000000093880000, 0x00000000d5580000)
  object space 320000K, 91% used [0x0000000080000000,0x0000000091d3c440,0x0000000093880000)
 Metaspace       used 84174K, committed 86144K, reserved 1179648K
  class space    used 8936K, committed 9856K, reserved 1048576K
}
Event: 1581.063 GC heap before
{Heap before GC invocations=694 (full 4):
 PSYoungGen      total 6144K, used 5792K [0x00000000d5580000, 0x00000000d5d80000, 0x0000000100000000)
  eden space 5120K, 100% used [0x00000000d5580000,0x00000000d5a80000,0x00000000d5a80000)
  from space 1024K, 65% used [0x00000000d5a80000,0x00000000d5b28020,0x00000000d5b80000)
  to   space 1536K, 0% used [0x00000000d5c00000,0x00000000d5c00000,0x00000000d5d80000)
 ParOldGen       total 320000K, used 292081K [0x0000000080000000, 0x0000000093880000, 0x00000000d5580000)
  object space 320000K, 91% used [0x0000000080000000,0x0000000091d3c440,0x0000000093880000)
 Metaspace       used 84191K, committed 86144K, reserved 1179648K
  class space    used 8936K, committed 9856K, reserved 1048576K
}
Event: 1581.065 GC heap after
{Heap after GC invocations=694 (full 4):
 PSYoungGen      total 6656K, used 960K [0x00000000d5580000, 0x00000000d5d80000, 0x0000000100000000)
  eden space 5120K, 0% used [0x00000000d5580000,0x00000000d5580000,0x00000000d5a80000)
  from space 1536K, 62% used [0x00000000d5c00000,0x00000000d5cf0000,0x00000000d5d80000)
  to   space 1536K, 0% used [0x00000000d5a80000,0x00000000d5a80000,0x00000000d5c00000)
 ParOldGen       total 320000K, used 292516K [0x0000000080000000, 0x0000000093880000, 0x00000000d5580000)
  object space 320000K, 91% used [0x0000000080000000,0x0000000091da9350,0x0000000093880000)
 Metaspace       used 84191K, committed 86144K, reserved 1179648K
  class space    used 8936K, committed 9856K, reserved 1048576K
}
Event: 1581.068 GC heap before
{Heap before GC invocations=695 (full 4):
 PSYoungGen      total 6656K, used 6079K [0x00000000d5580000, 0x00000000d5d80000, 0x0000000100000000)
  eden space 5120K, 99% used [0x00000000d5580000,0x00000000d5a7fff0,0x00000000d5a80000)
  from space 1536K, 62% used [0x00000000d5c00000,0x00000000d5cf0000,0x00000000d5d80000)
  to   space 1536K, 0% used [0x00000000d5a80000,0x00000000d5a80000,0x00000000d5c00000)
 ParOldGen       total 320000K, used 292516K [0x0000000080000000, 0x0000000093880000, 0x00000000d5580000)
  object space 320000K, 91% used [0x0000000080000000,0x0000000091da9350,0x0000000093880000)
 Metaspace       used 84191K, committed 86144K, reserved 1179648K
  class space    used 8936K, committed 9856K, reserved 1048576K
}
Event: 1581.071 GC heap after
{Heap after GC invocations=695 (full 4):
 PSYoungGen      total 6656K, used 800K [0x00000000d5580000, 0x00000000d5d80000, 0x0000000100000000)
  eden space 5120K, 0% used [0x00000000d5580000,0x00000000d5580000,0x00000000d5a80000)
  from space 1536K, 52% used [0x00000000d5a80000,0x00000000d5b48000,0x00000000d5c00000)
  to   space 1024K, 0% used [0x00000000d5c80000,0x00000000d5c80000,0x00000000d5d80000)
 ParOldGen       total 320000K, used 293376K [0x0000000080000000, 0x0000000093880000, 0x00000000d5580000)
  object space 320000K, 91% used [0x0000000080000000,0x0000000091e80140,0x0000000093880000)
 Metaspace       used 84191K, committed 86144K, reserved 1179648K
  class space    used 8936K, committed 9856K, reserved 1048576K
}
Event: 1581.075 GC heap before
{Heap before GC invocations=696 (full 4):
 PSYoungGen      total 6656K, used 5919K [0x00000000d5580000, 0x00000000d5d80000, 0x0000000100000000)
  eden space 5120K, 99% used [0x00000000d5580000,0x00000000d5a7fff0,0x00000000d5a80000)
  from space 1536K, 52% used [0x00000000d5a80000,0x00000000d5b48000,0x00000000d5c00000)
  to   space 1024K, 0% used [0x00000000d5c80000,0x00000000d5c80000,0x00000000d5d80000)
 ParOldGen       total 320000K, used 293376K [0x0000000080000000, 0x0000000093880000, 0x00000000d5580000)
  object space 320000K, 91% used [0x0000000080000000,0x0000000091e80140,0x0000000093880000)
 Metaspace       used 84191K, committed 86144K, reserved 1179648K
  class space    used 8936K, committed 9856K, reserved 1048576K
}
Event: 1581.077 GC heap after
{Heap after GC invocations=696 (full 4):
 PSYoungGen      total 7168K, used 672K [0x00000000d5580000, 0x00000000d5d80000, 0x0000000100000000)
  eden space 6144K, 0% used [0x00000000d5580000,0x00000000d5580000,0x00000000d5b80000)
  from space 1024K, 65% used [0x00000000d5c80000,0x00000000d5d28000,0x00000000d5d80000)
  to   space 1024K, 0% used [0x00000000d5b80000,0x00000000d5b80000,0x00000000d5c80000)
 ParOldGen       total 320000K, used 294128K [0x0000000080000000, 0x0000000093880000, 0x00000000d5580000)
  object space 320000K, 91% used [0x0000000080000000,0x0000000091f3c140,0x0000000093880000)
 Metaspace       used 84191K, committed 86144K, reserved 1179648K
  class space    used 8936K, committed 9856K, reserved 1048576K
}
Event: 1581.082 GC heap before
{Heap before GC invocations=697 (full 4):
 PSYoungGen      total 7168K, used 6816K [0x00000000d5580000, 0x00000000d5d80000, 0x0000000100000000)
  eden space 6144K, 100% used [0x00000000d5580000,0x00000000d5b80000,0x00000000d5b80000)
  from space 1024K, 65% used [0x00000000d5c80000,0x00000000d5d28000,0x00000000d5d80000)
  to   space 1024K, 0% used [0x00000000d5b80000,0x00000000d5b80000,0x00000000d5c80000)
 ParOldGen       total 320000K, used 294128K [0x0000000080000000, 0x0000000093880000, 0x00000000d5580000)
  object space 320000K, 91% used [0x0000000080000000,0x0000000091f3c140,0x0000000093880000)
 Metaspace       used 84191K, committed 86144K, reserved 1179648K
  class space    used 8936K, committed 9856K, reserved 1048576K
}
Event: 1581.084 GC heap after
{Heap after GC invocations=697 (full 4):
 PSYoungGen      total 7168K, used 733K [0x00000000d5580000, 0x00000000d5f00000, 0x0000000100000000)
  eden space 6144K, 0% used [0x00000000d5580000,0x00000000d5580000,0x00000000d5b80000)
  from space 1024K, 71% used [0x00000000d5b80000,0x00000000d5c37600,0x00000000d5c80000)
  to   space 1024K, 0% used [0x00000000d5e00000,0x00000000d5e00000,0x00000000d5f00000)
 ParOldGen       total 320000K, used 294664K [0x0000000080000000, 0x0000000093880000, 0x00000000d5580000)
  object space 320000K, 92% used [0x0000000080000000,0x0000000091fc2140,0x0000000093880000)
 Metaspace       used 84191K, committed 86144K, reserved 1179648K
  class space    used 8936K, committed 9856K, reserved 1048576K
}
Event: 1581.087 GC heap before
{Heap before GC invocations=698 (full 4):
 PSYoungGen      total 7168K, used 6877K [0x00000000d5580000, 0x00000000d5f00000, 0x0000000100000000)
  eden space 6144K, 100% used [0x00000000d5580000,0x00000000d5b80000,0x00000000d5b80000)
  from space 1024K, 71% used [0x00000000d5b80000,0x00000000d5c37600,0x00000000d5c80000)
  to   space 1024K, 0% used [0x00000000d5e00000,0x00000000d5e00000,0x00000000d5f00000)
 ParOldGen       total 320000K, used 294664K [0x0000000080000000, 0x0000000093880000, 0x00000000d5580000)
  object space 320000K, 92% used [0x0000000080000000,0x0000000091fc2140,0x0000000093880000)
 Metaspace       used 84192K, committed 86144K, reserved 1179648K
  class space    used 8936K, committed 9856K, reserved 1048576K
}
Event: 1581.090 GC heap after
{Heap after GC invocations=698 (full 4):
 PSYoungGen      total 8704K, used 640K [0x00000000d5580000, 0x00000000d5f00000, 0x0000000100000000)
  eden space 7680K, 0% used [0x00000000d5580000,0x00000000d5580000,0x00000000d5d00000)
  from space 1024K, 62% used [0x00000000d5e00000,0x00000000d5ea0000,0x00000000d5f00000)
  to   space 1024K, 0% used [0x00000000d5d00000,0x00000000d5d00000,0x00000000d5e00000)
 ParOldGen       total 320000K, used 295141K [0x0000000080000000, 0x0000000093880000, 0x00000000d5580000)
  object space 320000K, 92% used [0x0000000080000000,0x0000000092039740,0x0000000093880000)
 Metaspace       used 84192K, committed 86144K, reserved 1179648K
  class space    used 8936K, committed 9856K, reserved 1048576K
}
Event: 1581.105 GC heap before
{Heap before GC invocations=699 (full 4):
 PSYoungGen      total 8704K, used 8320K [0x00000000d5580000, 0x00000000d5f00000, 0x0000000100000000)
  eden space 7680K, 100% used [0x00000000d5580000,0x00000000d5d00000,0x00000000d5d00000)
  from space 1024K, 62% used [0x00000000d5e00000,0x00000000d5ea0000,0x00000000d5f00000)
  to   space 1024K, 0% used [0x00000000d5d00000,0x00000000d5d00000,0x00000000d5e00000)
 ParOldGen       total 320000K, used 295141K [0x0000000080000000, 0x0000000093880000, 0x00000000d5580000)
  object space 320000K, 92% used [0x0000000080000000,0x0000000092039740,0x0000000093880000)
 Metaspace       used 84192K, committed 86144K, reserved 1179648K
  class space    used 8936K, committed 9856K, reserved 1048576K
}
Event: 1581.109 GC heap after
{Heap after GC invocations=699 (full 4):
 PSYoungGen      total 8704K, used 532K [0x00000000d5580000, 0x00000000d6080000, 0x0000000100000000)
  eden space 7680K, 0% used [0x00000000d5580000,0x00000000d5580000,0x00000000d5d00000)
  from space 1024K, 52% used [0x00000000d5d00000,0x00000000d5d85200,0x00000000d5e00000)
  to   space 1024K, 0% used [0x00000000d5f80000,0x00000000d5f80000,0x00000000d6080000)
 ParOldGen       total 320000K, used 295693K [0x0000000080000000, 0x0000000093880000, 0x00000000d5580000)
  object space 320000K, 92% used [0x0000000080000000,0x00000000920c3740,0x0000000093880000)
 Metaspace       used 84192K, committed 86144K, reserved 1179648K
  class space    used 8936K, committed 9856K, reserved 1048576K
}

Dll operation events (11 events):
Event: 0.018 Loaded shared library c:\Users\gerar\.vscode\extensions\redhat.java-1.46.0-win32-x64\jre\21.0.8-win32-x86_64\bin\java.dll
Event: 0.152 Loaded shared library c:\Users\gerar\.vscode\extensions\redhat.java-1.46.0-win32-x64\jre\21.0.8-win32-x86_64\bin\zip.dll
Event: 0.178 Loaded shared library C:\Users\gerar\.vscode\extensions\redhat.java-1.46.0-win32-x64\jre\21.0.8-win32-x86_64\bin\instrument.dll
Event: 0.187 Loaded shared library C:\Users\gerar\.vscode\extensions\redhat.java-1.46.0-win32-x64\jre\21.0.8-win32-x86_64\bin\net.dll
Event: 0.190 Loaded shared library C:\Users\gerar\.vscode\extensions\redhat.java-1.46.0-win32-x64\jre\21.0.8-win32-x86_64\bin\nio.dll
Event: 0.195 Loaded shared library C:\Users\gerar\.vscode\extensions\redhat.java-1.46.0-win32-x64\jre\21.0.8-win32-x86_64\bin\zip.dll
Event: 0.214 Loaded shared library C:\Users\gerar\.vscode\extensions\redhat.java-1.46.0-win32-x64\jre\21.0.8-win32-x86_64\bin\jimage.dll
Event: 0.318 Loaded shared library c:\Users\gerar\.vscode\extensions\redhat.java-1.46.0-win32-x64\jre\21.0.8-win32-x86_64\bin\verify.dll
Event: 2.819 Loaded shared library C:\Users\gerar\AppData\Roaming\Code\User\globalStorage\redhat.java\1.46.0\config_win\org.eclipse.equinox.launcher\org.eclipse.equinox.launcher.win32.win32.x86_64_1.2.1400.v20250801-0854\eclipse_11916.dll
Event: 5.098 Loaded shared library C:\Users\gerar\AppData\Local\Temp\jna-98244229\jna10357383576061200104.dll
Event: 26.589 Loaded shared library C:\Users\gerar\.vscode\extensions\redhat.java-1.46.0-win32-x64\jre\21.0.8-win32-x86_64\bin\extnet.dll

Deoptimization events (20 events):
Event: 1580.933 Thread 0x0000026564135340 DEOPT PACKING pc=0x000002654ed30214 sp=0x000000722d7fe1b0
Event: 1580.933 Thread 0x0000026564135340 DEOPT UNPACKING pc=0x000002654e653aa2 sp=0x000000722d7fe0d8 mode 2
Event: 1580.933 Thread 0x0000026564135340 Uncommon trap: trap_request=0xffffffde fr.pc=0x000002654ed30214 relative=0x0000000000000154
Event: 1580.933 Thread 0x0000026564135340 Uncommon trap: reason=class_check action=maybe_recompile pc=0x000002654ed30214 method=org.eclipse.jdt.internal.compiler.lookup.ParameterizedTypeBinding.erasure()Lorg/eclipse/jdt/internal/compiler/lookup/TypeBinding; @ 4 c2
Event: 1580.933 Thread 0x0000026564135340 DEOPT PACKING pc=0x000002654ed30214 sp=0x000000722d7fe450
Event: 1580.933 Thread 0x0000026564135340 DEOPT UNPACKING pc=0x000002654e653aa2 sp=0x000000722d7fe378 mode 2
Event: 1580.934 Thread 0x0000026564135340 Uncommon trap: trap_request=0xffffff45 fr.pc=0x000002654f010808 relative=0x0000000000000c28
Event: 1580.934 Thread 0x0000026564135340 Uncommon trap: reason=unstable_if action=reinterpret pc=0x000002654f010808 method=org.eclipse.jdt.internal.compiler.lookup.Scope.getBinding([CILorg/eclipse/jdt/internal/compiler/lookup/InvocationSite;Z)Lorg/eclipse/jdt/internal/compiler/lookup/Binding; @ 
Event: 1580.934 Thread 0x0000026564135340 DEOPT PACKING pc=0x000002654f010808 sp=0x000000722d7fe560
Event: 1580.934 Thread 0x0000026564135340 DEOPT UNPACKING pc=0x000002654e653aa2 sp=0x000000722d7fe488 mode 2
Event: 1581.063 Thread 0x0000026561e62680 Uncommon trap: trap_request=0xffffff45 fr.pc=0x000002654fa742f0 relative=0x00000000000010f0
Event: 1581.063 Thread 0x0000026564139b70 Uncommon trap: trap_request=0xffffff45 fr.pc=0x000002654f42f158 relative=0x00000000000017d8
Event: 1581.063 Thread 0x0000026561e62680 Uncommon trap: reason=unstable_if action=reinterpret pc=0x000002654fa742f0 method=org.eclipse.jdt.internal.core.SourceMapper.getUnqualifiedTypeSignature(Ljava/lang/String;IILjava/lang/StringBuilder;Z)I @ 31 c2
Event: 1581.063 Thread 0x0000026561e62680 DEOPT PACKING pc=0x000002654fa742f0 sp=0x000000722fafe3f0
Event: 1581.063 Thread 0x0000026561e62680 DEOPT UNPACKING pc=0x000002654e653aa2 sp=0x000000722fafe388 mode 2
Event: 1581.063 Thread 0x0000026564139b70 Uncommon trap: reason=unstable_if action=reinterpret pc=0x000002654f42f158 method=org.eclipse.jdt.internal.core.JarPackageFragmentRoot.getModuleDescription()Lorg/eclipse/jdt/core/IModuleDescription; @ 4 c2
Event: 1581.063 Thread 0x0000026564139b70 DEOPT PACKING pc=0x000002654f42f158 sp=0x000000722f9fe140
Event: 1581.063 Thread 0x0000026564139b70 DEOPT UNPACKING pc=0x000002654e653aa2 sp=0x000000722f9fe138 mode 2
Event: 1581.112 Thread 0x0000026561e640c0 DEOPT PACKING pc=0x000002654f92a3c8 sp=0x000000722fbff0e0
Event: 1581.112 Thread 0x0000026561e640c0 DEOPT UNPACKING pc=0x000002654e654242 sp=0x000000722fbfe508 mode 0

Classes loaded (20 events):
Event: 1549.836 Loading class java/util/stream/ReferencePipeline$15$1
Event: 1549.836 Loading class java/util/stream/ReferencePipeline$15$1 done
Event: 1550.694 Loading class java/util/stream/ReduceOps$5
Event: 1550.695 Loading class java/util/stream/ReduceOps$5 done
Event: 1550.695 Loading class java/util/stream/ReduceOps$CountingSink$OfRef
Event: 1550.695 Loading class java/util/stream/ReduceOps$CountingSink
Event: 1550.695 Loading class java/util/stream/ReduceOps$CountingSink done
Event: 1550.695 Loading class java/util/stream/ReduceOps$CountingSink$OfRef done
Event: 1551.265 Loading class jdk/internal/module/IllegalAccessLogger
Event: 1551.265 Loading class jdk/internal/module/IllegalAccessLogger done
Event: 1551.312 Loading class java/util/concurrent/ArrayBlockingQueue
Event: 1551.314 Loading class java/util/concurrent/ArrayBlockingQueue done
Event: 1553.055 Loading class java/nio/BufferMismatch
Event: 1553.057 Loading class java/nio/BufferMismatch done
Event: 1574.596 Loading class java/util/function/IntBinaryOperator
Event: 1574.597 Loading class java/util/function/IntBinaryOperator done
Event: 1574.598 Loading class java/util/stream/ReduceOps$6
Event: 1574.599 Loading class java/util/stream/ReduceOps$6 done
Event: 1574.600 Loading class java/util/stream/ReduceOps$5ReducingSink
Event: 1574.600 Loading class java/util/stream/ReduceOps$5ReducingSink done

Classes unloaded (20 events):
Event: 5.900 Thread 0x000002655a941500 Unloading class 0x00000265011aac00 'java/lang/invoke/LambdaForm$MH+0x00000265011aac00'
Event: 5.900 Thread 0x000002655a941500 Unloading class 0x00000265011aa800 'java/lang/invoke/LambdaForm$MH+0x00000265011aa800'
Event: 5.900 Thread 0x000002655a941500 Unloading class 0x00000265011aa400 'java/lang/invoke/LambdaForm$MH+0x00000265011aa400'
Event: 5.900 Thread 0x000002655a941500 Unloading class 0x00000265011aa000 'java/lang/invoke/LambdaForm$MH+0x00000265011aa000'
Event: 5.900 Thread 0x000002655a941500 Unloading class 0x00000265011a9c00 'java/lang/invoke/LambdaForm$BMH+0x00000265011a9c00'
Event: 5.900 Thread 0x000002655a941500 Unloading class 0x00000265011a9800 'java/lang/invoke/LambdaForm$DMH+0x00000265011a9800'
Event: 5.900 Thread 0x000002655a941500 Unloading class 0x00000265011a8400 'java/lang/invoke/LambdaForm$DMH+0x00000265011a8400'
Event: 18.857 Thread 0x000002655a941500 Unloading class 0x0000026501641000 'java/lang/invoke/LambdaForm$MH+0x0000026501641000'
Event: 18.857 Thread 0x000002655a941500 Unloading class 0x0000026501640800 'java/lang/invoke/LambdaForm$MH+0x0000026501640800'
Event: 18.857 Thread 0x000002655a941500 Unloading class 0x0000026501640000 'java/lang/invoke/LambdaForm$MH+0x0000026501640000'
Event: 1495.371 Thread 0x000002655a941500 Unloading class 0x0000026501754400 'java/lang/invoke/LambdaForm$DMH+0x0000026501754400'
Event: 1495.373 Thread 0x000002655a941500 Unloading class 0x0000026501754000 'java/lang/invoke/LambdaForm$DMH+0x0000026501754000'
Event: 1495.373 Thread 0x000002655a941500 Unloading class 0x0000026501754800 'java/lang/invoke/LambdaForm$DMH+0x0000026501754800'
Event: 1495.374 Thread 0x000002655a941500 Unloading class 0x0000026501755000 'java/lang/invoke/LambdaForm$DMH+0x0000026501755000'
Event: 1495.375 Thread 0x000002655a941500 Unloading class 0x0000026501700c00 'java/lang/invoke/LambdaForm$DMH+0x0000026501700c00'
Event: 1495.375 Thread 0x000002655a941500 Unloading class 0x0000026501700400 'java/lang/invoke/LambdaForm$DMH+0x0000026501700400'
Event: 1495.376 Thread 0x000002655a941500 Unloading class 0x00000265016f5000 'java/lang/invoke/LambdaForm$MH+0x00000265016f5000'
Event: 1495.376 Thread 0x000002655a941500 Unloading class 0x00000265016f4800 'java/lang/invoke/LambdaForm$MH+0x00000265016f4800'
Event: 1495.377 Thread 0x000002655a941500 Unloading class 0x00000265016f4400 'java/lang/invoke/LambdaForm$DMH+0x00000265016f4400'
Event: 1495.378 Thread 0x000002655a941500 Unloading class 0x00000265016e8000 'java/lang/invoke/LambdaForm$DMH+0x00000265016e8000'

Classes redefined (0 events):
No events

Internal exceptions (20 events):
Event: 1549.964 Thread 0x0000026564137410 Exception <a 'java/lang/IncompatibleClassChangeError'{0x00000000d5737930}: Found class java.lang.Object, but interface was expected> (0x00000000d5737930) 
thrown [s\src\hotspot\share\interpreter\linkResolver.cpp, line 840]
Event: 1550.001 Thread 0x0000026564137410 Exception <a 'java/lang/IncompatibleClassChangeError'{0x00000000d572ace0}: Found class java.lang.Object, but interface was expected> (0x00000000d572ace0) 
thrown [s\src\hotspot\share\interpreter\linkResolver.cpp, line 840]
Event: 1550.123 Thread 0x0000026564137410 Exception <a 'sun/nio/fs/WindowsException'{0x00000000d55c23f0}> (0x00000000d55c23f0) 
thrown [s\src\hotspot\share\prims\jni.cpp, line 520]
Event: 1550.124 Thread 0x0000026564137410 Exception <a 'sun/nio/fs/WindowsException'{0x00000000d55c2f90}> (0x00000000d55c2f90) 
thrown [s\src\hotspot\share\prims\jni.cpp, line 520]
Event: 1550.287 Thread 0x00000265613f3760 Implicit null exception at 0x000002654f852b62 to 0x000002654f852f9c
Event: 1550.449 Thread 0x00000265613f3760 Implicit null exception at 0x000002654f71ca9e to 0x000002654f71d794
Event: 1550.453 Thread 0x00000265613f3760 Implicit null exception at 0x000002654f801c7d to 0x000002654f8020a0
Event: 1551.526 Thread 0x00000265613f23b0 Exception <a 'java/lang/NoSuchMethodError'{0x00000000d577d720}: 'java.lang.Object java.lang.invoke.DirectMethodHandle$Holder.invokeSpecial(java.lang.Object, java.lang.Object, int, java.lang.Object, java.lang.Object, java.lang.Object, java.lang.Object)'> (0x00000000d577d720) 
thrown [s\src\hotspot\share\interpreter\linkResolver.cpp, line 773]
Event: 1551.528 Thread 0x00000265613f23b0 Exception <a 'java/lang/NoSuchMethodError'{0x00000000d5784598}: 'java.lang.Object java.lang.invoke.DirectMethodHandle$Holder.newInvokeSpecial(java.lang.Object, java.lang.Object, int, java.lang.Object, java.lang.Object)'> (0x00000000d5784598) 
thrown [s\src\hotspot\share\interpreter\linkResolver.cpp, line 773]
Event: 1551.529 Thread 0x00000265613f23b0 Exception <a 'java/lang/NoSuchMethodError'{0x00000000d5788060}: 'java.lang.Object java.lang.invoke.Invokers$Holder.linkToTargetMethod(java.lang.Object, int, java.lang.Object, java.lang.Object, java.lang.Object)'> (0x00000000d5788060) 
thrown [s\src\hotspot\share\interpreter\linkResolver.cpp, line 773]
Event: 1551.538 Thread 0x00000265613f23b0 Exception <a 'java/lang/NoSuchMethodError'{0x00000000d579dc38}: 'java.lang.Object java.lang.invoke.DirectMethodHandle$Holder.invokeSpecial(java.lang.Object, java.lang.Object, java.lang.Object, int, java.lang.Object, java.lang.Object, java.lang.Object)'> (0x00000000d579dc38) 
thrown [s\src\hotspot\share\interpreter\linkResolver.cpp, line 773]
Event: 1551.566 Thread 0x00000265613f23b0 Exception <a 'java/lang/NoSuchMethodError'{0x00000000d5821d78}: 'void java.lang.invoke.DirectMethodHandle$Holder.invokeStatic(java.lang.Object, int)'> (0x00000000d5821d78) 
thrown [s\src\hotspot\share\interpreter\linkResolver.cpp, line 773]
Event: 1551.928 Thread 0x0000026561e633a0 Exception <a 'java/lang/InterruptedException'{0x00000000d5bb2ba0}> (0x00000000d5bb2ba0) 
thrown [s\src\hotspot\share\runtime\objectMonitor.cpp, line 1446]
Event: 1552.327 Thread 0x000002656413c2d0 Exception <a 'sun/nio/fs/WindowsException'{0x00000000d59210e8}> (0x00000000d59210e8) 
thrown [s\src\hotspot\share\prims\jni.cpp, line 520]
Event: 1552.327 Thread 0x000002656413c2d0 Exception <a 'sun/nio/fs/WindowsException'{0x00000000d5921778}> (0x00000000d5921778) 
thrown [s\src\hotspot\share\prims\jni.cpp, line 520]
Event: 1552.329 Thread 0x00000265613f23b0 Exception <a 'java/io/FileNotFoundException'{0x00000000d590ae38}> (0x00000000d590ae38) 
thrown [s\src\hotspot\share\prims\jni.cpp, line 520]
Event: 1552.330 Thread 0x00000265613f23b0 Exception <a 'java/io/FileNotFoundException'{0x00000000d590c110}> (0x00000000d590c110) 
thrown [s\src\hotspot\share\prims\jni.cpp, line 520]
Event: 1552.330 Thread 0x00000265613f23b0 Exception <a 'java/io/FileNotFoundException'{0x00000000d590d140}> (0x00000000d590d140) 
thrown [s\src\hotspot\share\prims\jni.cpp, line 520]
Event: 1552.380 Thread 0x00000265613f23b0 Implicit null exception at 0x000002654f1eb395 to 0x000002654f1eb984
Event: 1552.720 Thread 0x00000265613f23b0 Implicit null exception at 0x000002654eeb1037 to 0x000002654eeb20cc

ZGC Phase Switch (0 events):
No events

VM Operations (20 events):
Event: 1580.976 Executing VM operation: ParallelGCFailedAllocation (Allocation Failure)
Event: 1580.979 Executing VM operation: ParallelGCFailedAllocation (Allocation Failure) done
Event: 1581.001 Executing VM operation: ParallelGCFailedAllocation (Allocation Failure)
Event: 1581.005 Executing VM operation: ParallelGCFailedAllocation (Allocation Failure) done
Event: 1581.015 Executing VM operation: ParallelGCFailedAllocation (Allocation Failure)
Event: 1581.019 Executing VM operation: ParallelGCFailedAllocation (Allocation Failure) done
Event: 1581.063 Executing VM operation: ParallelGCFailedAllocation (Allocation Failure)
Event: 1581.065 Executing VM operation: ParallelGCFailedAllocation (Allocation Failure) done
Event: 1581.068 Executing VM operation: ParallelGCFailedAllocation (Allocation Failure)
Event: 1581.071 Executing VM operation: ParallelGCFailedAllocation (Allocation Failure) done
Event: 1581.075 Executing VM operation: ParallelGCFailedAllocation (Allocation Failure)
Event: 1581.077 Executing VM operation: ParallelGCFailedAllocation (Allocation Failure) done
Event: 1581.082 Executing VM operation: ParallelGCFailedAllocation (Allocation Failure)
Event: 1581.084 Executing VM operation: ParallelGCFailedAllocation (Allocation Failure) done
Event: 1581.087 Executing VM operation: ParallelGCFailedAllocation (Allocation Failure)
Event: 1581.090 Executing VM operation: ParallelGCFailedAllocation (Allocation Failure) done
Event: 1581.105 Executing VM operation: ParallelGCFailedAllocation (Allocation Failure)
Event: 1581.109 Executing VM operation: ParallelGCFailedAllocation (Allocation Failure) done
Event: 1582.110 Executing VM operation: Cleanup
Event: 1582.111 Executing VM operation: Cleanup done

Memory protections (0 events):
No events

Nmethod flushes (20 events):
Event: 1495.731 Thread 0x000002655a941500 flushing  nmethod 0x00000265480ce490
Event: 1495.731 Thread 0x000002655a941500 flushing  nmethod 0x00000265480cf210
Event: 1495.731 Thread 0x000002655a941500 flushing  nmethod 0x00000265480e2d90
Event: 1495.731 Thread 0x000002655a941500 flushing  nmethod 0x0000026548105b10
Event: 1495.731 Thread 0x000002655a941500 flushing  nmethod 0x000002654810ea90
Event: 1495.731 Thread 0x000002655a941500 flushing  nmethod 0x000002654810f290
Event: 1495.731 Thread 0x000002655a941500 flushing  nmethod 0x0000026548122110
Event: 1495.731 Thread 0x000002655a941500 flushing  nmethod 0x0000026548123910
Event: 1495.731 Thread 0x000002655a941500 flushing  nmethod 0x0000026548123f10
Event: 1495.731 Thread 0x000002655a941500 flushing  nmethod 0x0000026548126710
Event: 1495.731 Thread 0x000002655a941500 flushing  nmethod 0x0000026548148710
Event: 1495.731 Thread 0x000002655a941500 flushing  nmethod 0x0000026548148d90
Event: 1495.731 Thread 0x000002655a941500 flushing  nmethod 0x0000026548149610
Event: 1495.731 Thread 0x000002655a941500 flushing  nmethod 0x0000026548149d90
Event: 1495.731 Thread 0x000002655a941500 flushing  nmethod 0x000002654814ac10
Event: 1495.731 Thread 0x000002655a941500 flushing  nmethod 0x0000026548155190
Event: 1495.731 Thread 0x000002655a941500 flushing  nmethod 0x0000026548159f90
Event: 1495.731 Thread 0x000002655a941500 flushing  nmethod 0x0000026548163c90
Event: 1495.731 Thread 0x000002655a941500 flushing  nmethod 0x0000026548164f10
Event: 1495.731 Thread 0x000002655a941500 flushing  nmethod 0x00000265481bdd10

Events (20 events):
Event: 1552.389 Thread 0x00000265613f23b0 Thread added: 0x000002656413c960
Event: 1552.389 Thread 0x00000265613f23b0 Thread added: 0x0000026563f68130
Event: 1552.389 Thread 0x00000265613f23b0 Thread added: 0x0000026563f6af20
Event: 1552.390 Thread 0x00000265613f23b0 Thread added: 0x0000026563f69b70
Event: 1552.690 Thread 0x0000026561e63a30 Thread exited: 0x0000026561e63a30
Event: 1552.690 Thread 0x000002656413c960 Thread exited: 0x000002656413c960
Event: 1552.690 Thread 0x0000026563f69b70 Thread exited: 0x0000026563f69b70
Event: 1552.690 Thread 0x0000026563f68130 Thread exited: 0x0000026563f68130
Event: 1552.690 Thread 0x0000026563f6af20 Thread exited: 0x0000026563f6af20
Event: 1552.871 Thread 0x0000026563dbc140 Thread exited: 0x0000026563dbc140
Event: 1553.284 Thread 0x0000026561e633a0 Thread added: 0x0000026561e63a30
Event: 1553.285 Thread 0x0000026561e63a30 Thread exited: 0x0000026561e63a30
Event: 1553.286 Thread 0x0000026561e633a0 Thread added: 0x0000026561e63a30
Event: 1553.286 Thread 0x0000026561e633a0 Thread added: 0x000002656413c960
Event: 1553.326 Thread 0x0000026561e633a0 Thread added: 0x0000026563f6a890
Event: 1553.329 Thread 0x0000026561e633a0 Thread exited: 0x0000026561e633a0
Event: 1553.562 Thread 0x0000026563f6a890 Thread exited: 0x0000026563f6a890
Event: 1553.576 Thread 0x000002656413c2d0 Thread added: 0x0000026563f68e50
Event: 1570.502 Thread 0x000002655c247d10 Thread added: 0x0000026563dbc810
Event: 1573.817 Thread 0x0000026563dbc810 Thread exited: 0x0000026563dbc810


Dynamic libraries:
0x00007ff705e50000 - 0x00007ff705e5e000 	c:\Users\gerar\.vscode\extensions\redhat.java-1.46.0-win32-x64\jre\21.0.8-win32-x86_64\bin\java.exe
0x00007ffad76c0000 - 0x00007ffad7928000 	C:\WINDOWS\SYSTEM32\ntdll.dll
0x00007ffad6930000 - 0x00007ffad69f9000 	C:\WINDOWS\System32\KERNEL32.DLL
0x00007ffad4f60000 - 0x00007ffad5352000 	C:\WINDOWS\System32\KERNELBASE.dll
0x00007ffad4b40000 - 0x00007ffad4c8b000 	C:\WINDOWS\System32\ucrtbase.dll
0x00007ffacdbe0000 - 0x00007ffacdbfe000 	c:\Users\gerar\.vscode\extensions\redhat.java-1.46.0-win32-x64\jre\21.0.8-win32-x86_64\bin\VCRUNTIME140.dll
0x00007ffacf240000 - 0x00007ffacf258000 	c:\Users\gerar\.vscode\extensions\redhat.java-1.46.0-win32-x64\jre\21.0.8-win32-x86_64\bin\jli.dll
0x00007ffad5640000 - 0x00007ffad5805000 	C:\WINDOWS\System32\USER32.dll
0x00007ffabc210000 - 0x00007ffabc4a3000 	C:\WINDOWS\WinSxS\amd64_microsoft.windows.common-controls_6595b64144ccf1df_6.0.26100.6899_none_3e0efeeae32e88c1\COMCTL32.dll
0x00007ffad4850000 - 0x00007ffad4877000 	C:\WINDOWS\System32\win32u.dll
0x00007ffad63d0000 - 0x00007ffad6479000 	C:\WINDOWS\System32\msvcrt.dll
0x00007ffad54a0000 - 0x00007ffad54cb000 	C:\WINDOWS\System32\GDI32.dll
0x00007ffad5360000 - 0x00007ffad548d000 	C:\WINDOWS\System32\gdi32full.dll
0x00007ffad4a90000 - 0x00007ffad4b33000 	C:\WINDOWS\System32\msvcp_win.dll
0x00007ffad6da0000 - 0x00007ffad6dcf000 	C:\WINDOWS\System32\IMM32.DLL
0x00007ffad12a0000 - 0x00007ffad12ac000 	c:\Users\gerar\.vscode\extensions\redhat.java-1.46.0-win32-x64\jre\21.0.8-win32-x86_64\bin\vcruntime140_1.dll
0x00007ffacbbe0000 - 0x00007ffacbc6d000 	c:\Users\gerar\.vscode\extensions\redhat.java-1.46.0-win32-x64\jre\21.0.8-win32-x86_64\bin\msvcp140.dll
0x00007ffa77630000 - 0x00007ffa783c7000 	c:\Users\gerar\.vscode\extensions\redhat.java-1.46.0-win32-x64\jre\21.0.8-win32-x86_64\bin\server\jvm.dll
0x00007ffad75c0000 - 0x00007ffad7674000 	C:\WINDOWS\System32\ADVAPI32.dll
0x00007ffad6110000 - 0x00007ffad61b6000 	C:\WINDOWS\System32\sechost.dll
0x00007ffad58a0000 - 0x00007ffad59b8000 	C:\WINDOWS\System32\RPCRT4.dll
0x00007ffad6330000 - 0x00007ffad63a4000 	C:\WINDOWS\System32\WS2_32.dll
0x00007ffad46b0000 - 0x00007ffad470e000 	C:\WINDOWS\SYSTEM32\POWRPROF.dll
0x00007ffac8820000 - 0x00007ffac8855000 	C:\WINDOWS\SYSTEM32\WINMM.dll
0x00007ffac82f0000 - 0x00007ffac82fb000 	C:\WINDOWS\SYSTEM32\VERSION.dll
0x00007ffad4690000 - 0x00007ffad46a4000 	C:\WINDOWS\SYSTEM32\UMPDC.dll
0x00007ffad3620000 - 0x00007ffad363b000 	C:\WINDOWS\SYSTEM32\kernel.appcore.dll
0x00007ffacf230000 - 0x00007ffacf23a000 	c:\Users\gerar\.vscode\extensions\redhat.java-1.46.0-win32-x64\jre\21.0.8-win32-x86_64\bin\jimage.dll
0x00007ffad2090000 - 0x00007ffad22d2000 	C:\WINDOWS\SYSTEM32\DBGHELP.DLL
0x00007ffad65b0000 - 0x00007ffad692b000 	C:\WINDOWS\System32\combase.dll
0x00007ffad6a00000 - 0x00007ffad6ad7000 	C:\WINDOWS\System32\OLEAUT32.dll
0x00007ffabecc0000 - 0x00007ffabecfc000 	C:\WINDOWS\SYSTEM32\dbgcore.DLL
0x00007ffad4d50000 - 0x00007ffad4de8000 	C:\WINDOWS\System32\bcryptPrimitives.dll
0x00007ffacace0000 - 0x00007ffacacef000 	c:\Users\gerar\.vscode\extensions\redhat.java-1.46.0-win32-x64\jre\21.0.8-win32-x86_64\bin\instrument.dll
0x00007ffacdbc0000 - 0x00007ffacdbdf000 	c:\Users\gerar\.vscode\extensions\redhat.java-1.46.0-win32-x64\jre\21.0.8-win32-x86_64\bin\java.dll
0x00007ffad59c0000 - 0x00007ffad610d000 	C:\WINDOWS\System32\SHELL32.dll
0x00007ffad4df0000 - 0x00007ffad4f5b000 	C:\WINDOWS\System32\wintypes.dll
0x00007ffad24a0000 - 0x00007ffad2cfd000 	C:\WINDOWS\SYSTEM32\windows.storage.dll
0x00007ffad61c0000 - 0x00007ffad62b2000 	C:\WINDOWS\System32\SHCORE.dll
0x00007ffad54d0000 - 0x00007ffad5532000 	C:\WINDOWS\System32\shlwapi.dll
0x00007ffad4770000 - 0x00007ffad4799000 	C:\WINDOWS\SYSTEM32\profapi.dll
0x00007ffacd590000 - 0x00007ffacd5a8000 	c:\Users\gerar\.vscode\extensions\redhat.java-1.46.0-win32-x64\jre\21.0.8-win32-x86_64\bin\zip.dll
0x00007ffacdbb0000 - 0x00007ffacdbc0000 	C:\Users\gerar\.vscode\extensions\redhat.java-1.46.0-win32-x64\jre\21.0.8-win32-x86_64\bin\net.dll
0x00007ffacd6f0000 - 0x00007ffacd80f000 	C:\WINDOWS\SYSTEM32\WINHTTP.dll
0x00007ffad3b90000 - 0x00007ffad3bfb000 	C:\WINDOWS\system32\mswsock.dll
0x00007ffad12b0000 - 0x00007ffad12c6000 	C:\Users\gerar\.vscode\extensions\redhat.java-1.46.0-win32-x64\jre\21.0.8-win32-x86_64\bin\nio.dll
0x00007ffac9ef0000 - 0x00007ffac9f00000 	c:\Users\gerar\.vscode\extensions\redhat.java-1.46.0-win32-x64\jre\21.0.8-win32-x86_64\bin\verify.dll
0x00007ffab70d0000 - 0x00007ffab7114000 	C:\Users\gerar\AppData\Roaming\Code\User\globalStorage\redhat.java\1.46.0\config_win\org.eclipse.equinox.launcher\org.eclipse.equinox.launcher.win32.win32.x86_64_1.2.1400.v20250801-0854\eclipse_11916.dll
0x00007ffad6c00000 - 0x00007ffad6d98000 	C:\WINDOWS\System32\ole32.dll
0x00007ffad3e40000 - 0x00007ffad3e5b000 	C:\WINDOWS\SYSTEM32\CRYPTSP.dll
0x00007ffad3580000 - 0x00007ffad35bb000 	C:\WINDOWS\system32\rsaenh.dll
0x00007ffad3c30000 - 0x00007ffad3c5b000 	C:\WINDOWS\SYSTEM32\USERENV.dll
0x00007ffad4740000 - 0x00007ffad4766000 	C:\WINDOWS\SYSTEM32\bcrypt.dll
0x00007ffad3e60000 - 0x00007ffad3e6c000 	C:\WINDOWS\SYSTEM32\CRYPTBASE.dll
0x00007ffad3070000 - 0x00007ffad30a4000 	C:\WINDOWS\SYSTEM32\IPHLPAPI.DLL
0x00007ffad6f40000 - 0x00007ffad6f4a000 	C:\WINDOWS\System32\NSI.dll
0x00007ffac0ea0000 - 0x00007ffac0ee9000 	C:\Users\gerar\AppData\Local\Temp\jna-98244229\jna10357383576061200104.dll
0x00007ffad6320000 - 0x00007ffad6328000 	C:\WINDOWS\System32\PSAPI.DLL
0x00007ffacd940000 - 0x00007ffacd95e000 	C:\WINDOWS\SYSTEM32\dhcpcsvc6.DLL
0x00007ffacd8a0000 - 0x00007ffacd8c3000 	C:\WINDOWS\SYSTEM32\dhcpcsvc.DLL
0x00007ffac9b80000 - 0x00007ffac9b89000 	C:\Users\gerar\.vscode\extensions\redhat.java-1.46.0-win32-x64\jre\21.0.8-win32-x86_64\bin\extnet.dll

JVMTI agents:
c:\Users\gerar\.vscode\extensions\redhat.java-1.46.0-win32-x64\lombok\lombok-1.18.39-4050.jar path:c:\Users\gerar\.vscode\extensions\redhat.java-1.46.0-win32-x64\jre\21.0.8-win32-x86_64\bin\instrument.dll, loaded, initialized, instrumentlib options:none

dbghelp: loaded successfully - version: 4.0.5 - missing functions: none
symbol engine: initialized successfully - sym options: 0x614 - pdb path: .;c:\Users\gerar\.vscode\extensions\redhat.java-1.46.0-win32-x64\jre\21.0.8-win32-x86_64\bin;C:\WINDOWS\SYSTEM32;C:\WINDOWS\WinSxS\amd64_microsoft.windows.common-controls_6595b64144ccf1df_6.0.26100.6899_none_3e0efeeae32e88c1;c:\Users\gerar\.vscode\extensions\redhat.java-1.46.0-win32-x64\jre\21.0.8-win32-x86_64\bin\server;C:\Users\gerar\AppData\Roaming\Code\User\globalStorage\redhat.java\1.46.0\config_win\org.eclipse.equinox.launcher\org.eclipse.equinox.launcher.win32.win32.x86_64_1.2.1400.v20250801-0854;C:\Users\gerar\AppData\Local\Temp\jna-98244229

VM Arguments:
jvm_args: --add-modules=ALL-SYSTEM --add-opens=java.base/java.util=ALL-UNNAMED --add-opens=java.base/java.lang=ALL-UNNAMED --add-opens=java.base/sun.nio.fs=ALL-UNNAMED -Declipse.application=org.eclipse.jdt.ls.core.id1 -Dosgi.bundles.defaultStartLevel=4 -Declipse.product=org.eclipse.jdt.ls.core.product -Djava.import.generatesMetadataFilesAtProjectRoot=false -DDetectVMInstallationsJob.disabled=true -Dfile.encoding=utf8 -XX:+UseParallelGC -XX:GCTimeRatio=4 -XX:AdaptiveSizePolicyWeight=90 -Dsun.zip.disableMemoryMapping=true -Xmx2G -Xms100m -Xlog:disable -javaagent:c:\Users\gerar\.vscode\extensions\redhat.java-1.46.0-win32-x64\lombok\lombok-1.18.39-4050.jar -XX:+HeapDumpOnOutOfMemoryError -XX:HeapDumpPath=c:\Users\gerar\AppData\Roaming\Code\User\workspaceStorage\43662f2c530878c830368f2210583480\redhat.java -Daether.dependencyCollector.impl=bf 
java_command: c:\Users\gerar\.vscode\extensions\redhat.java-1.46.0-win32-x64\server\plugins\org.eclipse.equinox.launcher_1.7.0.v20250519-0528.jar -configuration c:\Users\gerar\AppData\Roaming\Code\User\globalStorage\redhat.java\1.46.0\config_win -data c:\Users\gerar\AppData\Roaming\Code\User\workspaceStorage\43662f2c530878c830368f2210583480\redhat.java\jdt_ws --pipe=\\.\pipe\lsp-e8b7310d368efabb2c8fd1e11d5a3539-sock
java_class_path (initial): c:\Users\gerar\.vscode\extensions\redhat.java-1.46.0-win32-x64\server\plugins\org.eclipse.equinox.launcher_1.7.0.v20250519-0528.jar
Launcher Type: SUN_STANDARD

[Global flags]
    uintx AdaptiveSizePolicyWeight                 = 90                                        {product} {command line}
     intx CICompilerCount                          = 4                                         {product} {ergonomic}
    uintx GCTimeRatio                              = 4                                         {product} {command line}
     bool HeapDumpOnOutOfMemoryError               = true                                   {manageable} {command line}
    ccstr HeapDumpPath                             = c:\Users\gerar\AppData\Roaming\Code\User\workspaceStorage\43662f2c530878c830368f2210583480\redhat.java         {manageable} {command line}
   size_t InitialHeapSize                          = 104857600                                 {product} {command line}
   size_t MaxHeapSize                              = 2147483648                                {product} {command line}
   size_t MaxNewSize                               = 715653120                                 {product} {ergonomic}
   size_t MinHeapDeltaBytes                        = 524288                                    {product} {ergonomic}
   size_t MinHeapSize                              = 104857600                                 {product} {command line}
   size_t NewSize                                  = 34603008                                  {product} {ergonomic}
    uintx NonNMethodCodeHeapSize                   = 5839372                                {pd product} {ergonomic}
    uintx NonProfiledCodeHeapSize                  = 122909434                              {pd product} {ergonomic}
   size_t OldSize                                  = 70254592                                  {product} {ergonomic}
    uintx ProfiledCodeHeapSize                     = 122909434                              {pd product} {ergonomic}
    uintx ReservedCodeCacheSize                    = 251658240                              {pd product} {ergonomic}
     bool SegmentedCodeCache                       = true                                      {product} {ergonomic}
   size_t SoftMaxHeapSize                          = 2147483648                             {manageable} {ergonomic}
     bool UseCompressedOops                        = true                           {product lp64_product} {ergonomic}
     bool UseLargePagesIndividualAllocation        = false                                  {pd product} {ergonomic}
     bool UseParallelGC                            = true                                      {product} {command line}

Logging:
Log output configuration:
 #0: stdout all=off uptime,level,tags foldmultilines=false
 #1: stderr all=off uptime,level,tags foldmultilines=false

Environment Variables:
PATH=C:\Python313\Scripts\;C:\Python313\;C:\Program Files\Common Files\Oracle\Java\javapath;C:\WINDOWS\system32;C:\WINDOWS;C:\WINDOWS\System32\Wbem;C:\WINDOWS\System32\WindowsPowerShell\v1.0\;C:\WINDOWS\System32\OpenSSH\;C:\Program Files\Git\cmd;C:\Program Files\CMake\bin;C:\Program Files\dotnet\;C:\dev\apache-maven-3.9.9\bin;C:\Program Files (x86)\Windows Kits\10\Windows Performance Toolkit\;C:\xampp\php;C:\composer;C:\Program Files\nodejs\;C:\ProgramData\chocolatey\bin;C:\Program Files\Microsoft SQL Server\150\Tools\Binn\;C:\Program Files\Microsoft SQL Server\Client SDK\ODBC\170\Tools\Binn\;C:\Program Files\Microsoft SQL Server\160\Tools\Binn\;C:\Program Files (x86)\Microsoft SQL Server\160\DTS\Binn\;C:\Program Files (x86)\cloudflared\;C:\Program Files\MySQL\MySQL Shell 8.0\bin\;C:\Users\gerar\AppData\Local\Microsoft\WindowsApps;C:\Users\gerar\AppData\Local\Programs\Microsoft VS Code\bin;C:\dev\flutter\bin;C:\Users\gerar\.dotnet\tools;C:\Users\gerar\AppData\Roaming\Composer\vendor\bin;C:\Users\gerar\AppData\Roaming\npm;
USERNAME=gerar
OS=Windows_NT
PROCESSOR_IDENTIFIER=AMD64 Family 23 Model 160 Stepping 0, AuthenticAMD
TMP=C:\Users\gerar\AppData\Local\Temp
TEMP=C:\Users\gerar\AppData\Local\Temp




Periodic native trim disabled

---------------  S Y S T E M  ---------------

OS:
 Windows 11 , 64 bit Build 26100 (10.0.26100.6725)
OS uptime: 0 days 22:36 hours
Hyper-V role detected

CPU: total 8 (initial active 8) (8 cores per cpu, 2 threads per core) family 23 model 160 stepping 0 microcode 0x8a0000a, cx8, cmov, fxsr, ht, mmx, 3dnowpref, sse, sse2, sse3, ssse3, sse4a, sse4.1, sse4.2, popcnt, lzcnt, tsc, tscinvbit, avx, avx2, aes, clmul, bmi1, bmi2, adx, sha, fma, vzeroupper, clflush, clflushopt, hv, rdtscp, rdpid, f16c
Processor Information for the first 8 processors :
  Max Mhz: 2401, Current Mhz: 2401, Mhz Limit: 2401

Memory: 4k page, system-wide physical 5965M (372M free)
TotalPageFile size 24397M (AvailPageFile size 29M)
current process WorkingSet (physical memory assigned to process): 13M, peak: 422M
current process commit charge ("private bytes"): 675M, peak: 678M

vm_info: OpenJDK 64-Bit Server VM (21.0.8+9-LTS) for windows-amd64 JRE (21.0.8+9-LTS), built on 2025-07-15T00:00:00Z by "admin" with MS VC++ 17.7 (VS2022)

END.
