#
# There is insufficient memory for the Java Runtime Environment to continue.
# Native memory allocation (malloc) failed to allocate 1048576 bytes. Error detail: AllocateHeap
# Possible reasons:
#   The system is out of physical RAM or swap space
#   This process is running with CompressedOops enabled, and the Java Heap may be blocking the growth of the native heap
# Possible solutions:
#   Reduce memory load on the system
#   Increase physical memory or swap space
#   Check if swap backing store is full
#   Decrease Java heap size (-Xmx/-Xms)
#   Decrease number of Java threads
#   Decrease Java thread stack sizes (-Xss)
#   Set larger code cache with -XX:ReservedCodeCacheSize=
#   JVM is running with Unscaled Compressed Oops mode in which the Java heap is
#     placed in the first 4GB address space. The Java Heap base address is the
#     maximum limit for the native heap growth. Please use -XX:HeapBaseMinAddress
#     to set the Java Heap base and to place the Java Heap above 4GB virtual address.
# This output file may be truncated or incomplete.
#
#  Out of Memory Error (allocation.cpp:44), pid=17856, tid=27820
#
# JRE version: OpenJDK Runtime Environment Temurin-21.0.8+9 (21.0.8+9) (build 21.0.8+9-LTS)
# Java VM: OpenJDK 64-Bit Server VM Temurin-21.0.8+9 (21.0.8+9-LTS, mixed mode, sharing, tiered, compressed oops, compressed class ptrs, parallel gc, windows-amd64)
# No core dump will be written. Minidumps are not enabled by default on client versions of Windows
#

---------------  S U M M A R Y ------------

Command Line: --add-modules=ALL-SYSTEM --add-opens=java.base/java.util=ALL-UNNAMED --add-opens=java.base/java.lang=ALL-UNNAMED --add-opens=java.base/sun.nio.fs=ALL-UNNAMED -Declipse.application=org.eclipse.jdt.ls.core.id1 -Dosgi.bundles.defaultStartLevel=4 -Declipse.product=org.eclipse.jdt.ls.core.product -Djava.import.generatesMetadataFilesAtProjectRoot=false -DDetectVMInstallationsJob.disabled=true -Dfile.encoding=utf8 -XX:+UseParallelGC -XX:GCTimeRatio=4 -XX:AdaptiveSizePolicyWeight=90 -Dsun.zip.disableMemoryMapping=true -Xmx2G -Xms100m -Xlog:disable -javaagent:c:\Users\gerar\.vscode\extensions\redhat.java-1.46.0-win32-x64\lombok\lombok-1.18.39-4050.jar -XX:+HeapDumpOnOutOfMemoryError -XX:HeapDumpPath=c:\Users\gerar\AppData\Roaming\Code\User\workspaceStorage\43662f2c530878c830368f2210583480\redhat.java -Daether.dependencyCollector.impl=bf c:\Users\gerar\.vscode\extensions\redhat.java-1.46.0-win32-x64\server\plugins\org.eclipse.equinox.launcher_1.7.0.v20250519-0528.jar -configuration c:\Users\gerar\AppData\Roaming\Code\User\globalStorage\redhat.java\1.46.0\config_win -data c:\Users\gerar\AppData\Roaming\Code\User\workspaceStorage\43662f2c530878c830368f2210583480\redhat.java\jdt_ws --pipe=\\.\pipe\lsp-8b358ce11f49b76a3930905eb68898e1-sock

Host: AMD Ryzen 3 7320U with Radeon Graphics         , 8 cores, 5G,  Windows 11 , 64 bit Build 26100 (10.0.26100.6725)
Time: Wed Oct 29 11:51:55 2025 Hora estándar central (México) elapsed time: 2369.030102 seconds (0d 0h 39m 29s)

---------------  T H R E A D  ---------------

Current thread (0x000001321f781c90):  JavaThread "Attach Listener" daemon [_thread_in_vm, id=27820, stack(0x0000002e81200000,0x0000002e81300000) (1024K)]

Stack: [0x0000002e81200000,0x0000002e81300000]
Native frames: (J=compiled Java code, j=interpreted, Vv=VM code, C=native code)
V  [jvm.dll+0x6d2449]
V  [jvm.dll+0x8ae341]
V  [jvm.dll+0x8b08be]
V  [jvm.dll+0x8b0fa3]
V  [jvm.dll+0x280c96]
V  [jvm.dll+0xc0347]
V  [jvm.dll+0x6d2cf9]
V  [jvm.dll+0x131116]
V  [jvm.dll+0x3f2d16]
V  [jvm.dll+0x857e6b]
V  [jvm.dll+0x6d0b0d]
C  [ucrtbase.dll+0x37b0]
C  [KERNEL32.DLL+0x2e8d7]
C  [ntdll.dll+0x8c53c]


---------------  P R O C E S S  ---------------

Threads class SMR info:
_java_thread_list=0x000001326b67b260, length=49, elements={
0x0000013208d1c060, 0x000001321f77ca80, 0x000001321f77f180, 0x000001321f781040,
0x000001321f781c90, 0x000001321f7828e0, 0x000001321f785440, 0x000001321f786270,
0x00000132621569c0, 0x00000132621cd6c0, 0x0000013262402150, 0x00000132670149f0,
0x0000013262be9a60, 0x0000013262b217e0, 0x0000013262b1f340, 0x00000132673d61e0,
0x000001326729eb50, 0x000001326756a2d0, 0x000001326756a960, 0x000001326756d0c0,
0x00000132699ccbd0, 0x00000132699cb820, 0x00000132699cdf80, 0x00000132699cc540,
0x00000132699ce610, 0x00000132699ceca0, 0x00000132699cbeb0, 0x00000132699cd260,
0x00000132699cd8f0, 0x000001326a571830, 0x000001326a571ec0, 0x000001326a572550,
0x000001326949da40, 0x00000132694a0ec0, 0x000001326949e760, 0x000001326756d750,
0x000001326a479910, 0x000001326a47b350, 0x000001326a477ed0, 0x000001326a478560,
0x000001326a47acc0, 0x000001326a47c700, 0x000001326a479280, 0x000001326a478bf0,
0x000001326a47e7d0, 0x000001326a47dab0, 0x000001326a47ee60, 0x000001326a47d420,
0x000001326a47c070
}

Java Threads: ( => current thread )
  0x0000013208d1c060 JavaThread "main"                              [_thread_blocked, id=13356, stack(0x0000002e80b00000,0x0000002e80c00000) (1024K)]
  0x000001321f77ca80 JavaThread "Reference Handler"          daemon [_thread_blocked, id=18568, stack(0x0000002e80f00000,0x0000002e81000000) (1024K)]
  0x000001321f77f180 JavaThread "Finalizer"                  daemon [_thread_blocked, id=19352, stack(0x0000002e81000000,0x0000002e81100000) (1024K)]
  0x000001321f781040 JavaThread "Signal Dispatcher"          daemon [_thread_blocked, id=5320, stack(0x0000002e81100000,0x0000002e81200000) (1024K)]
=>0x000001321f781c90 JavaThread "Attach Listener"            daemon [_thread_in_vm, id=27820, stack(0x0000002e81200000,0x0000002e81300000) (1024K)]
  0x000001321f7828e0 JavaThread "Service Thread"             daemon [_thread_blocked, id=3384, stack(0x0000002e81300000,0x0000002e81400000) (1024K)]
  0x000001321f785440 JavaThread "Monitor Deflation Thread"   daemon [_thread_blocked, id=8556, stack(0x0000002e81400000,0x0000002e81500000) (1024K)]
  0x000001321f786270 JavaThread "C2 CompilerThread0"         daemon [_thread_blocked, id=2596, stack(0x0000002e81500000,0x0000002e81600000) (1024K)]
  0x00000132621569c0 JavaThread "C1 CompilerThread0"         daemon [_thread_blocked, id=15292, stack(0x0000002e81600000,0x0000002e81700000) (1024K)]
  0x00000132621cd6c0 JavaThread "Common-Cleaner"             daemon [_thread_blocked, id=12616, stack(0x0000002e81700000,0x0000002e81800000) (1024K)]
  0x0000013262402150 JavaThread "Notification Thread"        daemon [_thread_blocked, id=27888, stack(0x0000002e81800000,0x0000002e81900000) (1024K)]
  0x00000132670149f0 JavaThread "Active Thread: Equinox Container: 10b6dc7a-06a0-410b-9d40-f84fe53e86ca"        [_thread_blocked, id=22984, stack(0x0000002e82000000,0x0000002e82100000) (1024K)]
  0x0000013262be9a60 JavaThread "Refresh Thread: Equinox Container: 10b6dc7a-06a0-410b-9d40-f84fe53e86ca" daemon [_thread_blocked, id=23176, stack(0x0000002e82200000,0x0000002e82300000) (1024K)]
  0x0000013262b217e0 JavaThread "Framework Event Dispatcher: Equinox Container: 10b6dc7a-06a0-410b-9d40-f84fe53e86ca" daemon [_thread_blocked, id=25720, stack(0x0000002e81900000,0x0000002e81a00000) (1024K)]
  0x0000013262b1f340 JavaThread "Start Level: Equinox Container: 10b6dc7a-06a0-410b-9d40-f84fe53e86ca" daemon [_thread_blocked, id=17828, stack(0x0000002e82300000,0x0000002e82400000) (1024K)]
  0x00000132673d61e0 JavaThread "Bundle File Closer"         daemon [_thread_blocked, id=25048, stack(0x0000002e82400000,0x0000002e82500000) (1024K)]
  0x000001326729eb50 JavaThread "SCR Component Actor"        daemon [_thread_blocked, id=20900, stack(0x0000002e82500000,0x0000002e82600000) (1024K)]
  0x000001326756a2d0 JavaThread "Worker-JM"                         [_thread_blocked, id=27932, stack(0x0000002e82700000,0x0000002e82800000) (1024K)]
  0x000001326756a960 JavaThread "JNA Cleaner"                daemon [_thread_blocked, id=24180, stack(0x0000002e82600000,0x0000002e82700000) (1024K)]
  0x000001326756d0c0 JavaThread "Java indexing"              daemon [_thread_blocked, id=21704, stack(0x0000002e82c00000,0x0000002e82d00000) (1024K)]
  0x00000132699ccbd0 JavaThread "Thread-1"                   daemon [_thread_in_native, id=17520, stack(0x0000002e83100000,0x0000002e83200000) (1024K)]
  0x00000132699cb820 JavaThread "Thread-2"                   daemon [_thread_in_native, id=15384, stack(0x0000002e83200000,0x0000002e83300000) (1024K)]
  0x00000132699cdf80 JavaThread "Thread-3"                   daemon [_thread_in_native, id=25036, stack(0x0000002e83300000,0x0000002e83400000) (1024K)]
  0x00000132699cc540 JavaThread "Thread-4"                   daemon [_thread_in_native, id=24288, stack(0x0000002e83400000,0x0000002e83500000) (1024K)]
  0x00000132699ce610 JavaThread "Thread-5"                   daemon [_thread_in_native, id=19416, stack(0x0000002e83500000,0x0000002e83600000) (1024K)]
  0x00000132699ceca0 JavaThread "Thread-6"                   daemon [_thread_in_native, id=7928, stack(0x0000002e83600000,0x0000002e83700000) (1024K)]
  0x00000132699cbeb0 JavaThread "Thread-7"                   daemon [_thread_in_native, id=4900, stack(0x0000002e83700000,0x0000002e83800000) (1024K)]
  0x00000132699cd260 JavaThread "Thread-8"                   daemon [_thread_in_native, id=18688, stack(0x0000002e83800000,0x0000002e83900000) (1024K)]
  0x00000132699cd8f0 JavaThread "Thread-9"                   daemon [_thread_in_native, id=2512, stack(0x0000002e83900000,0x0000002e83a00000) (1024K)]
  0x000001326a571830 JavaThread "pool-2-thread-1"                   [_thread_blocked, id=28512, stack(0x0000002e83a00000,0x0000002e83b00000) (1024K)]
  0x000001326a571ec0 JavaThread "WorkspaceEventsHandler"            [_thread_blocked, id=17976, stack(0x0000002e83b00000,0x0000002e83c00000) (1024K)]
  0x000001326a572550 JavaThread "pool-1-thread-1"                   [_thread_blocked, id=22976, stack(0x0000002e83c00000,0x0000002e83d00000) (1024K)]
  0x000001326949da40 JavaThread "Java Debug Server"          daemon [_thread_in_native, id=27960, stack(0x0000002e82a00000,0x0000002e82b00000) (1024K)]
  0x00000132694a0ec0 JavaThread "RxSchedulerPurge-1"         daemon [_thread_blocked, id=17604, stack(0x0000002e84500000,0x0000002e84600000) (1024K)]
  0x000001326949e760 JavaThread "RxCachedWorkerPoolEvictor-1" daemon [_thread_blocked, id=21124, stack(0x0000002e84600000,0x0000002e84700000) (1024K)]
  0x000001326756d750 JavaThread "Cleaner-0"                  daemon [_thread_blocked, id=19840, stack(0x0000002e83d00000,0x0000002e83e00000) (1024K)]
  0x000001326a479910 JavaThread "pool-4-thread-4"                   [_thread_in_native, id=16844, stack(0x0000002e80a00000,0x0000002e80b00000) (1024K)]
  0x000001326a47b350 JavaThread "RxNewThreadScheduler-9"     daemon [_thread_blocked, id=27616, stack(0x0000002e82800000,0x0000002e82900000) (1024K)]
  0x000001326a477ed0 JavaThread "Packet Receive Manager"     daemon [_thread_in_native, id=26432, stack(0x0000002e82900000,0x0000002e82a00000) (1024K)]
  0x000001326a478560 JavaThread "Packet Send Manager"        daemon [_thread_blocked, id=18364, stack(0x0000002e82f00000,0x0000002e83000000) (1024K)]
  0x000001326a47acc0 JavaThread "Event Hub"                  daemon [_thread_blocked, id=25544, stack(0x0000002e83000000,0x0000002e83100000) (1024K)]
  0x000001326a47c700 JavaThread "Worker-13"                         [_thread_blocked, id=19172, stack(0x0000002e80800000,0x0000002e80900000) (1024K)]
  0x000001326a479280 JavaThread "Worker-14"                         [_thread_blocked, id=18316, stack(0x0000002e80900000,0x0000002e80a00000) (1024K)]
  0x000001326a478bf0 JavaThread "ForkJoinPool.commonPool-worker-17" daemon [_thread_blocked, id=30564, stack(0x0000002e82e00000,0x0000002e82f00000) (1024K)]
  0x000001326a47e7d0 JavaThread "ForkJoinPool.commonPool-worker-20" daemon [_thread_blocked, id=29576, stack(0x0000002e84000000,0x0000002e84100000) (1024K)]
  0x000001326a47dab0 JavaThread "ForkJoinPool.commonPool-worker-21" daemon [_thread_blocked, id=15140, stack(0x0000002e84100000,0x0000002e84200000) (1024K)]
  0x000001326a47ee60 JavaThread "ForkJoinPool.commonPool-worker-22" daemon [_thread_blocked, id=29440, stack(0x0000002e84200000,0x0000002e84300000) (1024K)]
  0x000001326a47d420 JavaThread "ForkJoinPool.commonPool-worker-23" daemon [_thread_blocked, id=29236, stack(0x0000002e84300000,0x0000002e84400000) (1024K)]
  0x000001326a47c070 JavaThread "Worker-16"                         [_thread_blocked, id=28452, stack(0x0000002e84700000,0x0000002e84800000) (1024K)]
Total: 49

Other Threads:
  0x0000013208ddea00 VMThread "VM Thread"                           [id=28080, stack(0x0000002e80e00000,0x0000002e80f00000) (1024K)]
  0x000001321f69ca00 WatcherThread "VM Periodic Task Thread"        [id=16768, stack(0x0000002e80d00000,0x0000002e80e00000) (1024K)]
  0x0000013208d3a730 WorkerThread "GC Thread#0"                     [id=22780, stack(0x0000002e80c00000,0x0000002e80d00000) (1024K)]
  0x0000013262a7a640 WorkerThread "GC Thread#1"                     [id=22828, stack(0x0000002e81a00000,0x0000002e81b00000) (1024K)]
  0x00000132628153e0 WorkerThread "GC Thread#2"                     [id=16856, stack(0x0000002e81b00000,0x0000002e81c00000) (1024K)]
  0x0000013262815780 WorkerThread "GC Thread#3"                     [id=16884, stack(0x0000002e81c00000,0x0000002e81d00000) (1024K)]
  0x0000013262815b20 WorkerThread "GC Thread#4"                     [id=23220, stack(0x0000002e81d00000,0x0000002e81e00000) (1024K)]
  0x000001326291da30 WorkerThread "GC Thread#5"                     [id=28220, stack(0x0000002e81e00000,0x0000002e81f00000) (1024K)]
  0x000001326291e1e0 WorkerThread "GC Thread#6"                     [id=22460, stack(0x0000002e81f00000,0x0000002e82000000) (1024K)]
  0x000001326702eca0 WorkerThread "GC Thread#7"                     [id=21580, stack(0x0000002e82100000,0x0000002e82200000) (1024K)]
Total: 10

Threads with active compile tasks:
Total: 0

VM state: not at safepoint (normal execution)

VM Mutex/Monitor currently owned by a thread: None

Heap address: 0x0000000080000000, size: 2048 MB, Compressed Oops mode: 32-bit

CDS archive(s) mapped at: [0x0000013220000000-0x0000013220ba0000-0x0000013220ba0000), size 12189696, SharedBaseAddress: 0x0000013220000000, ArchiveRelocationMode: 1.
Compressed class space mapped at: 0x0000013221000000-0x0000013261000000, reserved size: 1073741824
Narrow klass base: 0x0000013220000000, Narrow klass shift: 0, Narrow klass range: 0x100000000

GC Precious Log:
 CardTable entry size: 512
 CPUs: 8 total, 8 available
 Memory: 5965M
 Large Page Support: Disabled
 NUMA Support: Disabled
 Compressed Oops: Enabled (32-bit)
 Alignments: Space 512K, Generation 512K, Heap 2M
 Heap Min Capacity: 100M
 Heap Initial Capacity: 100M
 Heap Max Capacity: 2G
 Pre-touch: Disabled
 Parallel Workers: 8

Heap:
 PSYoungGen      total 5632K, used 2494K [0x00000000d5580000, 0x00000000d5d00000, 0x0000000100000000)
  eden space 5120K, 39% used [0x00000000d5580000,0x00000000d5773940,0x00000000d5a80000)
  from space 512K, 96% used [0x00000000d5a80000,0x00000000d5afc010,0x00000000d5b00000)
  to   space 1024K, 0% used [0x00000000d5c00000,0x00000000d5c00000,0x00000000d5d00000)
 ParOldGen       total 697344K, used 697014K [0x0000000080000000, 0x00000000aa900000, 0x00000000d5580000)
  object space 697344K, 99% used [0x0000000080000000,0x00000000aa8adb40,0x00000000aa900000)
 Metaspace       used 90717K, committed 92736K, reserved 1179648K
  class space    used 9575K, committed 10496K, reserved 1048576K

Card table byte_map: [0x00000132086f0000,0x0000013208b00000] _byte_map_base: 0x00000132082f0000

Marking Bits: (ParMarkBitMap*) 0x00007ffa782ea340
 Begin Bits: [0x000001321b1c0000, 0x000001321d1c0000)
 End Bits:   [0x000001321d1c0000, 0x000001321f1c0000)

Polling page: 0x00000132084e0000

Metaspace:

Usage:
  Non-class:     79.24 MB used.
      Class:      9.35 MB used.
       Both:     88.59 MB used.

Virtual space:
  Non-class space:      128.00 MB reserved,      80.31 MB ( 63%) committed,  2 nodes.
      Class space:        1.00 GB reserved,      10.25 MB (  1%) committed,  1 nodes.
             Both:        1.12 GB reserved,      90.56 MB (  8%) committed. 

Chunk freelists:
   Non-Class:  15.52 MB
       Class:  5.71 MB
        Both:  21.23 MB

MaxMetaspaceSize: unlimited
CompressedClassSpaceSize: 1.00 GB
Initial GC threshold: 21.00 MB
Current GC threshold: 135.75 MB
CDS: on
 - commit_granule_bytes: 65536.
 - commit_granule_words: 8192.
 - virtual_space_node_default_size: 8388608.
 - enlarge_chunks_in_place: 1.
 - use_allocation_guard: 0.


Internal statistics:

num_allocs_failed_limit: 9.
num_arena_births: 1904.
num_arena_deaths: 18.
num_vsnodes_births: 3.
num_vsnodes_deaths: 0.
num_space_committed: 1449.
num_space_uncommitted: 0.
num_chunks_returned_to_freelist: 27.
num_chunks_taken_from_freelist: 6586.
num_chunk_merges: 15.
num_chunk_splits: 3928.
num_chunks_enlarged: 2026.
num_inconsistent_stats: 0.

CodeHeap 'non-profiled nmethods': size=120000Kb used=21015Kb max_used=21015Kb free=98984Kb
 bounds [0x00000132139e0000, 0x0000013214e70000, 0x000001321af10000]
CodeHeap 'profiled nmethods': size=120000Kb used=50619Kb max_used=50619Kb free=69380Kb
 bounds [0x000001320bf10000, 0x000001320f080000, 0x0000013213440000]
CodeHeap 'non-nmethods': size=5760Kb used=1512Kb max_used=1581Kb free=4247Kb
 bounds [0x0000013213440000, 0x00000132136b0000, 0x00000132139e0000]
CodeCache: size=245760Kb, used=73146Kb, max_used=73215Kb, free=172611Kb
 total_blobs=20974, nmethods=20137, adapters=738, full_count=0
Compilation: enabled, stopped_count=0, restarted_count=0

Compilation events (20 events):
Event: 2230.232 Thread 0x00000132621569c0 22013       3       com.microsoft.java.debug.core.adapter.AdapterUtils::convertLineNumber (28 bytes)
Event: 2230.232 Thread 0x00000132621569c0 nmethod 22013 0x000001320f076990 code [0x000001320f076b40, 0x000001320f076d18]
Event: 2230.771 Thread 0x000001321f786270 22014       4       org.eclipse.jdt.internal.compiler.lookup.CapturingContext::enter (26 bytes)
Event: 2230.771 Thread 0x00000132621569c0 22015       3       org.eclipse.jdt.internal.compiler.lookup.InferenceContext18::resumeSuspendedInference (181 bytes)
Event: 2230.774 Thread 0x00000132621569c0 nmethod 22015 0x000001320f076d90 code [0x000001320f0770e0, 0x000001320f078858]
Event: 2230.774 Thread 0x00000132621569c0 22017       3       org.eclipse.jdt.internal.compiler.ast.ReferenceExpression::createPseudoExpressions (72 bytes)
Event: 2230.775 Thread 0x00000132621569c0 nmethod 22017 0x000001320f078f90 code [0x000001320f079300, 0x000001320f07aa50]
Event: 2230.776 Thread 0x00000132621569c0 22016       1       org.eclipse.jdt.internal.compiler.ast.FunctionalExpression::argumentsTypeElided (2 bytes)
Event: 2230.776 Thread 0x00000132621569c0 nmethod 22016 0x0000013214e62590 code [0x0000013214e62720, 0x0000013214e627e8]
Event: 2230.776 Thread 0x00000132621569c0 22019       3       org.eclipse.jdt.internal.compiler.ast.AllocationExpression::generateCode (334 bytes)
Event: 2230.777 Thread 0x00000132621569c0 nmethod 22019 0x000001320f07b390 code [0x000001320f07b720, 0x000001320f07d1f0]
Event: 2230.777 Thread 0x00000132621569c0 22020       3       org.eclipse.jdt.internal.compiler.codegen.CodeStream::new_ (101 bytes)
Event: 2230.777 Thread 0x00000132621569c0 nmethod 22020 0x000001320f07d990 code [0x000001320f07db80, 0x000001320f07df18]
Event: 2230.777 Thread 0x00000132621569c0 22022       3       org.eclipse.jdt.internal.compiler.codegen.ConstantPool::literalIndexForMethodType (75 bytes)
Event: 2230.778 Thread 0x00000132621569c0 nmethod 22022 0x000001320f07e110 code [0x000001320f07e300, 0x000001320f07e6b8]
Event: 2230.778 Thread 0x00000132621569c0 22021       3       org.eclipse.jdt.internal.compiler.codegen.TypeAnnotationCodeStream::new_ (32 bytes)
Event: 2230.778 Thread 0x00000132621569c0 nmethod 22021 0x000001320f07e890 code [0x000001320f07ea60, 0x000001320f07ed60]
Event: 2230.781 Thread 0x000001321f786270 nmethod 22014 0x0000013214e62890 code [0x0000013214e62ac0, 0x0000013214e631d8]
Event: 2230.781 Thread 0x000001321f786270 22018       4       java.util.TimSort::gallopLeft (335 bytes)
Event: 2230.802 Thread 0x000001321f786270 nmethod 22018 0x0000013214e63810 code [0x0000013214e63aa0, 0x0000013214e65078]

GC Heap History (20 events):
Event: 2226.008 GC heap before
{Heap before GC invocations=1252 (full 4):
 PSYoungGen      total 7168K, used 7156K [0x00000000d5580000, 0x00000000d5f80000, 0x0000000100000000)
  eden space 6144K, 100% used [0x00000000d5580000,0x00000000d5b80000,0x00000000d5b80000)
  from space 1024K, 98% used [0x00000000d5b80000,0x00000000d5c7d200,0x00000000d5c80000)
  to   space 2048K, 0% used [0x00000000d5d80000,0x00000000d5d80000,0x00000000d5f80000)
 ParOldGen       total 690688K, used 690566K [0x0000000080000000, 0x00000000aa280000, 0x00000000d5580000)
  object space 690688K, 99% used [0x0000000080000000,0x00000000aa261958,0x00000000aa280000)
 Metaspace       used 90697K, committed 92736K, reserved 1179648K
  class space    used 9575K, committed 10496K, reserved 1048576K
}
Event: 2226.014 GC heap after
{Heap after GC invocations=1252 (full 4):
 PSYoungGen      total 7168K, used 576K [0x00000000d5580000, 0x00000000d5e80000, 0x0000000100000000)
  eden space 6144K, 0% used [0x00000000d5580000,0x00000000d5580000,0x00000000d5b80000)
  from space 1024K, 56% used [0x00000000d5d80000,0x00000000d5e10000,0x00000000d5e80000)
  to   space 1024K, 0% used [0x00000000d5b80000,0x00000000d5b80000,0x00000000d5c80000)
 ParOldGen       total 691712K, used 691463K [0x0000000080000000, 0x00000000aa380000, 0x00000000d5580000)
  object space 691712K, 99% used [0x0000000080000000,0x00000000aa341f30,0x00000000aa380000)
 Metaspace       used 90697K, committed 92736K, reserved 1179648K
  class space    used 9575K, committed 10496K, reserved 1048576K
}
Event: 2226.056 GC heap before
{Heap before GC invocations=1253 (full 4):
 PSYoungGen      total 7168K, used 6720K [0x00000000d5580000, 0x00000000d5e80000, 0x0000000100000000)
  eden space 6144K, 100% used [0x00000000d5580000,0x00000000d5b80000,0x00000000d5b80000)
  from space 1024K, 56% used [0x00000000d5d80000,0x00000000d5e10000,0x00000000d5e80000)
  to   space 1024K, 0% used [0x00000000d5b80000,0x00000000d5b80000,0x00000000d5c80000)
 ParOldGen       total 691712K, used 691463K [0x0000000080000000, 0x00000000aa380000, 0x00000000d5580000)
  object space 691712K, 99% used [0x0000000080000000,0x00000000aa341f30,0x00000000aa380000)
 Metaspace       used 90699K, committed 92736K, reserved 1179648K
  class space    used 9575K, committed 10496K, reserved 1048576K
}
Event: 2226.060 GC heap after
{Heap after GC invocations=1253 (full 4):
 PSYoungGen      total 7168K, used 980K [0x00000000d5580000, 0x00000000d5e80000, 0x0000000100000000)
  eden space 6144K, 0% used [0x00000000d5580000,0x00000000d5580000,0x00000000d5b80000)
  from space 1024K, 95% used [0x00000000d5b80000,0x00000000d5c75200,0x00000000d5c80000)
  to   space 1536K, 0% used [0x00000000d5d00000,0x00000000d5d00000,0x00000000d5e80000)
 ParOldGen       total 692224K, used 691903K [0x0000000080000000, 0x00000000aa400000, 0x00000000d5580000)
  object space 692224K, 99% used [0x0000000080000000,0x00000000aa3aff50,0x00000000aa400000)
 Metaspace       used 90699K, committed 92736K, reserved 1179648K
  class space    used 9575K, committed 10496K, reserved 1048576K
}
Event: 2226.403 GC heap before
{Heap before GC invocations=1254 (full 4):
 PSYoungGen      total 7168K, used 7124K [0x00000000d5580000, 0x00000000d5e80000, 0x0000000100000000)
  eden space 6144K, 99% used [0x00000000d5580000,0x00000000d5b7fff8,0x00000000d5b80000)
  from space 1024K, 95% used [0x00000000d5b80000,0x00000000d5c75200,0x00000000d5c80000)
  to   space 1536K, 0% used [0x00000000d5d00000,0x00000000d5d00000,0x00000000d5e80000)
 ParOldGen       total 692224K, used 691903K [0x0000000080000000, 0x00000000aa400000, 0x00000000d5580000)
  object space 692224K, 99% used [0x0000000080000000,0x00000000aa3aff50,0x00000000aa400000)
 Metaspace       used 90701K, committed 92736K, reserved 1179648K
  class space    used 9575K, committed 10496K, reserved 1048576K
}
Event: 2226.406 GC heap after
{Heap after GC invocations=1254 (full 4):
 PSYoungGen      total 7168K, used 576K [0x00000000d5580000, 0x00000000d5e00000, 0x0000000100000000)
  eden space 6144K, 0% used [0x00000000d5580000,0x00000000d5580000,0x00000000d5b80000)
  from space 1024K, 56% used [0x00000000d5d00000,0x00000000d5d90020,0x00000000d5e00000)
  to   space 1024K, 0% used [0x00000000d5b80000,0x00000000d5b80000,0x00000000d5c80000)
 ParOldGen       total 692736K, used 692697K [0x0000000080000000, 0x00000000aa480000, 0x00000000d5580000)
  object space 692736K, 99% used [0x0000000080000000,0x00000000aa4766c0,0x00000000aa480000)
 Metaspace       used 90701K, committed 92736K, reserved 1179648K
  class space    used 9575K, committed 10496K, reserved 1048576K
}
Event: 2227.967 GC heap before
{Heap before GC invocations=1255 (full 4):
 PSYoungGen      total 7168K, used 6720K [0x00000000d5580000, 0x00000000d5e00000, 0x0000000100000000)
  eden space 6144K, 100% used [0x00000000d5580000,0x00000000d5b80000,0x00000000d5b80000)
  from space 1024K, 56% used [0x00000000d5d00000,0x00000000d5d90020,0x00000000d5e00000)
  to   space 1024K, 0% used [0x00000000d5b80000,0x00000000d5b80000,0x00000000d5c80000)
 ParOldGen       total 692736K, used 692697K [0x0000000080000000, 0x00000000aa480000, 0x00000000d5580000)
  object space 692736K, 99% used [0x0000000080000000,0x00000000aa4766c0,0x00000000aa480000)
 Metaspace       used 90702K, committed 92736K, reserved 1179648K
  class space    used 9575K, committed 10496K, reserved 1048576K
}
Event: 2227.969 GC heap after
{Heap after GC invocations=1255 (full 4):
 PSYoungGen      total 7168K, used 724K [0x00000000d5580000, 0x00000000d5d80000, 0x0000000100000000)
  eden space 6144K, 0% used [0x00000000d5580000,0x00000000d5580000,0x00000000d5b80000)
  from space 1024K, 70% used [0x00000000d5b80000,0x00000000d5c35200,0x00000000d5c80000)
  to   space 1024K, 0% used [0x00000000d5c80000,0x00000000d5c80000,0x00000000d5d80000)
 ParOldGen       total 693248K, used 693196K [0x0000000080000000, 0x00000000aa500000, 0x00000000d5580000)
  object space 693248K, 99% used [0x0000000080000000,0x00000000aa4f30a0,0x00000000aa500000)
 Metaspace       used 90702K, committed 92736K, reserved 1179648K
  class space    used 9575K, committed 10496K, reserved 1048576K
}
Event: 2229.757 GC heap before
{Heap before GC invocations=1256 (full 4):
 PSYoungGen      total 7168K, used 6868K [0x00000000d5580000, 0x00000000d5d80000, 0x0000000100000000)
  eden space 6144K, 100% used [0x00000000d5580000,0x00000000d5b80000,0x00000000d5b80000)
  from space 1024K, 70% used [0x00000000d5b80000,0x00000000d5c35200,0x00000000d5c80000)
  to   space 1024K, 0% used [0x00000000d5c80000,0x00000000d5c80000,0x00000000d5d80000)
 ParOldGen       total 693248K, used 693196K [0x0000000080000000, 0x00000000aa500000, 0x00000000d5580000)
  object space 693248K, 99% used [0x0000000080000000,0x00000000aa4f30a0,0x00000000aa500000)
 Metaspace       used 90703K, committed 92736K, reserved 1179648K
  class space    used 9575K, committed 10496K, reserved 1048576K
}
Event: 2229.759 GC heap after
{Heap after GC invocations=1256 (full 4):
 PSYoungGen      total 7168K, used 532K [0x00000000d5580000, 0x00000000d5d80000, 0x0000000100000000)
  eden space 6144K, 0% used [0x00000000d5580000,0x00000000d5580000,0x00000000d5b80000)
  from space 1024K, 52% used [0x00000000d5c80000,0x00000000d5d05220,0x00000000d5d80000)
  to   space 1024K, 0% used [0x00000000d5b80000,0x00000000d5b80000,0x00000000d5c80000)
 ParOldGen       total 693760K, used 693736K [0x0000000080000000, 0x00000000aa580000, 0x00000000d5580000)
  object space 693760K, 99% used [0x0000000080000000,0x00000000aa57a2b0,0x00000000aa580000)
 Metaspace       used 90703K, committed 92736K, reserved 1179648K
  class space    used 9575K, committed 10496K, reserved 1048576K
}
Event: 2229.768 GC heap before
{Heap before GC invocations=1257 (full 4):
 PSYoungGen      total 7168K, used 6676K [0x00000000d5580000, 0x00000000d5d80000, 0x0000000100000000)
  eden space 6144K, 100% used [0x00000000d5580000,0x00000000d5b80000,0x00000000d5b80000)
  from space 1024K, 52% used [0x00000000d5c80000,0x00000000d5d05220,0x00000000d5d80000)
  to   space 1024K, 0% used [0x00000000d5b80000,0x00000000d5b80000,0x00000000d5c80000)
 ParOldGen       total 693760K, used 693736K [0x0000000080000000, 0x00000000aa580000, 0x00000000d5580000)
  object space 693760K, 99% used [0x0000000080000000,0x00000000aa57a2b0,0x00000000aa580000)
 Metaspace       used 90703K, committed 92736K, reserved 1179648K
  class space    used 9575K, committed 10496K, reserved 1048576K
}
Event: 2229.770 GC heap after
{Heap after GC invocations=1257 (full 4):
 PSYoungGen      total 7168K, used 736K [0x00000000d5580000, 0x00000000d5d80000, 0x0000000100000000)
  eden space 6144K, 0% used [0x00000000d5580000,0x00000000d5580000,0x00000000d5b80000)
  from space 1024K, 71% used [0x00000000d5b80000,0x00000000d5c38000,0x00000000d5c80000)
  to   space 1024K, 0% used [0x00000000d5c80000,0x00000000d5c80000,0x00000000d5d80000)
 ParOldGen       total 694272K, used 694209K [0x0000000080000000, 0x00000000aa600000, 0x00000000d5580000)
  object space 694272K, 99% used [0x0000000080000000,0x00000000aa5f0658,0x00000000aa600000)
 Metaspace       used 90703K, committed 92736K, reserved 1179648K
  class space    used 9575K, committed 10496K, reserved 1048576K
}
Event: 2230.174 GC heap before
{Heap before GC invocations=1258 (full 4):
 PSYoungGen      total 7168K, used 6880K [0x00000000d5580000, 0x00000000d5d80000, 0x0000000100000000)
  eden space 6144K, 100% used [0x00000000d5580000,0x00000000d5b80000,0x00000000d5b80000)
  from space 1024K, 71% used [0x00000000d5b80000,0x00000000d5c38000,0x00000000d5c80000)
  to   space 1024K, 0% used [0x00000000d5c80000,0x00000000d5c80000,0x00000000d5d80000)
 ParOldGen       total 694272K, used 694209K [0x0000000080000000, 0x00000000aa600000, 0x00000000d5580000)
  object space 694272K, 99% used [0x0000000080000000,0x00000000aa5f0658,0x00000000aa600000)
 Metaspace       used 90706K, committed 92736K, reserved 1179648K
  class space    used 9575K, committed 10496K, reserved 1048576K
}
Event: 2230.176 GC heap after
{Heap after GC invocations=1258 (full 4):
 PSYoungGen      total 7168K, used 954K [0x00000000d5580000, 0x00000000d5d80000, 0x0000000100000000)
  eden space 6144K, 0% used [0x00000000d5580000,0x00000000d5580000,0x00000000d5b80000)
  from space 1024K, 93% used [0x00000000d5c80000,0x00000000d5d6e900,0x00000000d5d80000)
  to   space 1024K, 0% used [0x00000000d5b80000,0x00000000d5b80000,0x00000000d5c80000)
 ParOldGen       total 695296K, used 694817K [0x0000000080000000, 0x00000000aa700000, 0x00000000d5580000)
  object space 695296K, 99% used [0x0000000080000000,0x00000000aa688678,0x00000000aa700000)
 Metaspace       used 90706K, committed 92736K, reserved 1179648K
  class space    used 9575K, committed 10496K, reserved 1048576K
}
Event: 2230.184 GC heap before
{Heap before GC invocations=1259 (full 4):
 PSYoungGen      total 7168K, used 7098K [0x00000000d5580000, 0x00000000d5d80000, 0x0000000100000000)
  eden space 6144K, 100% used [0x00000000d5580000,0x00000000d5b80000,0x00000000d5b80000)
  from space 1024K, 93% used [0x00000000d5c80000,0x00000000d5d6e900,0x00000000d5d80000)
  to   space 1024K, 0% used [0x00000000d5b80000,0x00000000d5b80000,0x00000000d5c80000)
 ParOldGen       total 695296K, used 694817K [0x0000000080000000, 0x00000000aa700000, 0x00000000d5580000)
  object space 695296K, 99% used [0x0000000080000000,0x00000000aa688678,0x00000000aa700000)
 Metaspace       used 90707K, committed 92736K, reserved 1179648K
  class space    used 9575K, committed 10496K, reserved 1048576K
}
Event: 2230.186 GC heap after
{Heap after GC invocations=1259 (full 4):
 PSYoungGen      total 7168K, used 512K [0x00000000d5580000, 0x00000000d5d80000, 0x0000000100000000)
  eden space 6144K, 0% used [0x00000000d5580000,0x00000000d5580000,0x00000000d5b80000)
  from space 1024K, 50% used [0x00000000d5b80000,0x00000000d5c00020,0x00000000d5c80000)
  to   space 1024K, 0% used [0x00000000d5c80000,0x00000000d5c80000,0x00000000d5d80000)
 ParOldGen       total 695808K, used 695674K [0x0000000080000000, 0x00000000aa780000, 0x00000000d5580000)
  object space 695808K, 99% used [0x0000000080000000,0x00000000aa75eb40,0x00000000aa780000)
 Metaspace       used 90707K, committed 92736K, reserved 1179648K
  class space    used 9575K, committed 10496K, reserved 1048576K
}
Event: 2230.759 GC heap before
{Heap before GC invocations=1260 (full 4):
 PSYoungGen      total 7168K, used 6656K [0x00000000d5580000, 0x00000000d5d80000, 0x0000000100000000)
  eden space 6144K, 100% used [0x00000000d5580000,0x00000000d5b80000,0x00000000d5b80000)
  from space 1024K, 50% used [0x00000000d5b80000,0x00000000d5c00020,0x00000000d5c80000)
  to   space 1024K, 0% used [0x00000000d5c80000,0x00000000d5c80000,0x00000000d5d80000)
 ParOldGen       total 695808K, used 695674K [0x0000000080000000, 0x00000000aa780000, 0x00000000d5580000)
  object space 695808K, 99% used [0x0000000080000000,0x00000000aa75eb40,0x00000000aa780000)
 Metaspace       used 90708K, committed 92736K, reserved 1179648K
  class space    used 9575K, committed 10496K, reserved 1048576K
}
Event: 2230.761 GC heap after
{Heap after GC invocations=1260 (full 4):
 PSYoungGen      total 6144K, used 996K [0x00000000d5580000, 0x00000000d5f80000, 0x0000000100000000)
  eden space 5120K, 0% used [0x00000000d5580000,0x00000000d5580000,0x00000000d5a80000)
  from space 1024K, 97% used [0x00000000d5c80000,0x00000000d5d79210,0x00000000d5d80000)
  to   space 2048K, 0% used [0x00000000d5a80000,0x00000000d5a80000,0x00000000d5c80000)
 ParOldGen       total 696320K, used 696090K [0x0000000080000000, 0x00000000aa800000, 0x00000000d5580000)
  object space 696320K, 99% used [0x0000000080000000,0x00000000aa7c6b60,0x00000000aa800000)
 Metaspace       used 90708K, committed 92736K, reserved 1179648K
  class space    used 9575K, committed 10496K, reserved 1048576K
}
Event: 2230.768 GC heap before
{Heap before GC invocations=1261 (full 4):
 PSYoungGen      total 6144K, used 6116K [0x00000000d5580000, 0x00000000d5f80000, 0x0000000100000000)
  eden space 5120K, 100% used [0x00000000d5580000,0x00000000d5a80000,0x00000000d5a80000)
  from space 1024K, 97% used [0x00000000d5c80000,0x00000000d5d79210,0x00000000d5d80000)
  to   space 2048K, 0% used [0x00000000d5a80000,0x00000000d5a80000,0x00000000d5c80000)
 ParOldGen       total 696320K, used 696090K [0x0000000080000000, 0x00000000aa800000, 0x00000000d5580000)
  object space 696320K, 99% used [0x0000000080000000,0x00000000aa7c6b60,0x00000000aa800000)
 Metaspace       used 90708K, committed 92736K, reserved 1179648K
  class space    used 9575K, committed 10496K, reserved 1048576K
}
Event: 2230.769 GC heap after
{Heap after GC invocations=1261 (full 4):
 PSYoungGen      total 5632K, used 496K [0x00000000d5580000, 0x00000000d5d00000, 0x0000000100000000)
  eden space 5120K, 0% used [0x00000000d5580000,0x00000000d5580000,0x00000000d5a80000)
  from space 512K, 96% used [0x00000000d5a80000,0x00000000d5afc010,0x00000000d5b00000)
  to   space 1024K, 0% used [0x00000000d5c00000,0x00000000d5c00000,0x00000000d5d00000)
 ParOldGen       total 697344K, used 697014K [0x0000000080000000, 0x00000000aa900000, 0x00000000d5580000)
  object space 697344K, 99% used [0x0000000080000000,0x00000000aa8adb40,0x00000000aa900000)
 Metaspace       used 90708K, committed 92736K, reserved 1179648K
  class space    used 9575K, committed 10496K, reserved 1048576K
}

Dll operation events (12 events):
Event: 0.021 Loaded shared library c:\Users\gerar\.vscode\extensions\redhat.java-1.46.0-win32-x64\jre\21.0.8-win32-x86_64\bin\java.dll
Event: 0.144 Loaded shared library c:\Users\gerar\.vscode\extensions\redhat.java-1.46.0-win32-x64\jre\21.0.8-win32-x86_64\bin\zip.dll
Event: 0.268 Loaded shared library C:\Users\gerar\.vscode\extensions\redhat.java-1.46.0-win32-x64\jre\21.0.8-win32-x86_64\bin\instrument.dll
Event: 0.279 Loaded shared library C:\Users\gerar\.vscode\extensions\redhat.java-1.46.0-win32-x64\jre\21.0.8-win32-x86_64\bin\net.dll
Event: 0.284 Loaded shared library C:\Users\gerar\.vscode\extensions\redhat.java-1.46.0-win32-x64\jre\21.0.8-win32-x86_64\bin\nio.dll
Event: 0.292 Loaded shared library C:\Users\gerar\.vscode\extensions\redhat.java-1.46.0-win32-x64\jre\21.0.8-win32-x86_64\bin\zip.dll
Event: 0.341 Loaded shared library C:\Users\gerar\.vscode\extensions\redhat.java-1.46.0-win32-x64\jre\21.0.8-win32-x86_64\bin\jimage.dll
Event: 0.566 Loaded shared library c:\Users\gerar\.vscode\extensions\redhat.java-1.46.0-win32-x64\jre\21.0.8-win32-x86_64\bin\verify.dll
Event: 2.686 Loaded shared library C:\Users\gerar\AppData\Roaming\Code\User\globalStorage\redhat.java\1.46.0\config_win\org.eclipse.equinox.launcher\org.eclipse.equinox.launcher.win32.win32.x86_64_1.2.1400.v20250801-0854\eclipse_11916.dll
Event: 5.796 Loaded shared library C:\Users\gerar\AppData\Local\Temp\jna-98244229\jna1446150593969641514.dll
Event: 17.862 Loaded shared library C:\Users\gerar\.vscode\extensions\redhat.java-1.46.0-win32-x64\jre\21.0.8-win32-x86_64\bin\sunmscapi.dll
Event: 25.078 Loaded shared library C:\Users\gerar\.vscode\extensions\redhat.java-1.46.0-win32-x64\jre\21.0.8-win32-x86_64\bin\extnet.dll

Deoptimization events (20 events):
Event: 2225.642 Thread 0x000001326a47cd90 Uncommon trap: trap_request=0xffffffbe fr.pc=0x0000013214df960c relative=0x0000000000000e0c
Event: 2225.642 Thread 0x000001326a47cd90 Uncommon trap: reason=profile_predicate action=maybe_recompile pc=0x0000013214df960c method=java.util.TimSort.gallopLeft(Ljava/lang/Object;[Ljava/lang/Object;IIILjava/util/Comparator;)I @ 147 c2
Event: 2225.642 Thread 0x000001326a47cd90 DEOPT PACKING pc=0x0000013214df960c sp=0x0000002e83efd6f0
Event: 2225.642 Thread 0x000001326a47cd90 DEOPT UNPACKING pc=0x0000013213493aa2 sp=0x0000002e83efd688 mode 2
Event: 2227.974 Thread 0x000001326a479fa0 Uncommon trap: trap_request=0xffffffde fr.pc=0x0000013214924b40 relative=0x0000000000001de0
Event: 2227.974 Thread 0x000001326a479fa0 Uncommon trap: reason=class_check action=maybe_recompile pc=0x0000013214924b40 method=org.eclipse.jdt.internal.compiler.lookup.Scope.getType([CLorg/eclipse/jdt/internal/compiler/lookup/PackageBinding;)Lorg/eclipse/jdt/internal/compiler/lookup/TypeBinding;
Event: 2227.974 Thread 0x000001326a479fa0 DEOPT PACKING pc=0x0000013214924b40 sp=0x0000002e83ffdb70
Event: 2227.975 Thread 0x000001326a479fa0 DEOPT UNPACKING pc=0x0000013213493aa2 sp=0x0000002e83ffda28 mode 2
Event: 2230.188 Thread 0x000001326a47b350 Uncommon trap: trap_request=0xffffffbe fr.pc=0x0000013214e5c240 relative=0x0000000000000da0
Event: 2230.188 Thread 0x000001326a47b350 Uncommon trap: reason=profile_predicate action=maybe_recompile pc=0x0000013214e5c240 method=java.util.TimSort.gallopLeft(Ljava/lang/Object;[Ljava/lang/Object;IIILjava/util/Comparator;)I @ 263 c2
Event: 2230.188 Thread 0x000001326a47b350 DEOPT PACKING pc=0x0000013214e5c240 sp=0x0000002e828fd520
Event: 2230.188 Thread 0x000001326a47b350 DEOPT UNPACKING pc=0x0000013213493aa2 sp=0x0000002e828fd4b8 mode 2
Event: 2230.188 Thread 0x000001326a47b350 Uncommon trap: trap_request=0xffffffbe fr.pc=0x0000013214e5c240 relative=0x0000000000000da0
Event: 2230.188 Thread 0x000001326a47b350 Uncommon trap: reason=profile_predicate action=maybe_recompile pc=0x0000013214e5c240 method=java.util.TimSort.gallopLeft(Ljava/lang/Object;[Ljava/lang/Object;IIILjava/util/Comparator;)I @ 263 c2
Event: 2230.188 Thread 0x000001326a47b350 DEOPT PACKING pc=0x0000013214e5c240 sp=0x0000002e828fd520
Event: 2230.188 Thread 0x000001326a47b350 DEOPT UNPACKING pc=0x0000013213493aa2 sp=0x0000002e828fd4b8 mode 2
Event: 2230.756 Thread 0x000001326a47b350 Uncommon trap: trap_request=0xffffff6e fr.pc=0x0000013214e5f7b4 relative=0x00000000000009d4
Event: 2230.756 Thread 0x000001326a47b350 Uncommon trap: reason=loop_limit_check action=maybe_recompile pc=0x0000013214e5f7b4 method=org.eclipse.jdt.internal.compiler.util.HashtableOfModule.rehash()V @ 50 c2
Event: 2230.756 Thread 0x000001326a47b350 DEOPT PACKING pc=0x0000013214e5f7b4 sp=0x0000002e828fd9e0
Event: 2230.756 Thread 0x000001326a47b350 DEOPT UNPACKING pc=0x0000013213493aa2 sp=0x0000002e828fd990 mode 2

Classes loaded (20 events):
Event: 614.911 Loading class java/io/ObjectOutputStream$BlockDataOutputStream
Event: 614.919 Loading class java/io/ObjectOutputStream$BlockDataOutputStream done
Event: 614.919 Loading class java/io/ObjectOutputStream$HandleTable
Event: 614.924 Loading class java/io/ObjectOutputStream$HandleTable done
Event: 614.924 Loading class java/io/ObjectOutputStream$ReplaceTable
Event: 614.926 Loading class java/io/ObjectOutputStream$ReplaceTable done
Event: 746.169 Loading class sun/net/ConnectionResetException
Event: 746.210 Loading class sun/net/ConnectionResetException done
Event: 1176.824 Loading class java/lang/StringLatin1$CharsSpliterator
Event: 1176.835 Loading class java/lang/StringLatin1$CharsSpliterator done
Event: 2154.349 Loading class java/util/function/IntBinaryOperator
Event: 2154.351 Loading class java/util/function/IntBinaryOperator done
Event: 2154.353 Loading class java/util/stream/ReduceOps$6
Event: 2154.355 Loading class java/util/stream/ReduceOps$6 done
Event: 2154.356 Loading class java/util/stream/ReduceOps$5ReducingSink
Event: 2154.356 Loading class java/util/stream/ReduceOps$5ReducingSink done
Event: 2155.431 Loading class java/util/concurrent/CompletableFuture$AsyncSupply
Event: 2155.434 Loading class java/util/concurrent/CompletableFuture$AsyncSupply done
Event: 2155.777 Loading class java/util/EmptyStackException
Event: 2155.778 Loading class java/util/EmptyStackException done

Classes unloaded (9 events):
Event: 7.274 Thread 0x0000013208ddea00 Unloading class 0x00000132211af400 'java/lang/invoke/LambdaForm$MH+0x00000132211af400'
Event: 7.274 Thread 0x0000013208ddea00 Unloading class 0x00000132211af000 'java/lang/invoke/LambdaForm$MH+0x00000132211af000'
Event: 7.274 Thread 0x0000013208ddea00 Unloading class 0x00000132211aec00 'java/lang/invoke/LambdaForm$MH+0x00000132211aec00'
Event: 7.274 Thread 0x0000013208ddea00 Unloading class 0x00000132211ae800 'java/lang/invoke/LambdaForm$MH+0x00000132211ae800'
Event: 7.274 Thread 0x0000013208ddea00 Unloading class 0x00000132211ae400 'java/lang/invoke/LambdaForm$BMH+0x00000132211ae400'
Event: 7.274 Thread 0x0000013208ddea00 Unloading class 0x00000132211ae000 'java/lang/invoke/LambdaForm$DMH+0x00000132211ae000'
Event: 7.274 Thread 0x0000013208ddea00 Unloading class 0x00000132211acc00 'java/lang/invoke/LambdaForm$DMH+0x00000132211acc00'
Event: 21.443 Thread 0x0000013208ddea00 Unloading class 0x00000132216ec800 'java/lang/invoke/LambdaForm$DMH+0x00000132216ec800'
Event: 424.491 Thread 0x0000013208ddea00 Unloading class 0x0000013221704400 'java/lang/invoke/LambdaForm$DMH+0x0000013221704400'

Classes redefined (0 events):
No events

Internal exceptions (20 events):
Event: 746.218 Thread 0x000001326a479fa0 Exception <a 'sun/net/ConnectionResetException'{0x00000000d55a0378}: Connection reset> (0x00000000d55a0378) 
thrown [s\src\hotspot\share\prims\jni.cpp, line 539]
Event: 746.227 Thread 0x000001326a47acc0 Exception <a 'java/lang/InterruptedException'{0x00000000d5598e88}> (0x00000000d5598e88) 
thrown [s\src\hotspot\share\runtime\objectMonitor.cpp, line 1626]
Event: 862.146 Thread 0x00000132694a2f90 Exception <a 'sun/nio/fs/WindowsException'{0x00000000d5834ef8}> (0x00000000d5834ef8) 
thrown [s\src\hotspot\share\prims\jni.cpp, line 520]
Event: 862.149 Thread 0x00000132694a2f90 Exception <a 'sun/nio/fs/WindowsException'{0x00000000d58357d8}> (0x00000000d58357d8) 
thrown [s\src\hotspot\share\prims\jni.cpp, line 520]
Event: 862.152 Thread 0x00000132694a2f90 Exception <a 'sun/nio/fs/WindowsException'{0x00000000d5836538}> (0x00000000d5836538) 
thrown [s\src\hotspot\share\prims\jni.cpp, line 520]
Event: 862.152 Thread 0x00000132694a2f90 Exception <a 'sun/nio/fs/WindowsException'{0x00000000d5837060}> (0x00000000d5837060) 
thrown [s\src\hotspot\share\prims\jni.cpp, line 520]
Event: 862.157 Thread 0x00000132694a2f90 Exception <a 'sun/nio/fs/WindowsException'{0x00000000d5838850}> (0x00000000d5838850) 
thrown [s\src\hotspot\share\prims\jni.cpp, line 520]
Event: 862.157 Thread 0x00000132694a2f90 Exception <a 'sun/nio/fs/WindowsException'{0x00000000d5838e80}> (0x00000000d5838e80) 
thrown [s\src\hotspot\share\prims\jni.cpp, line 520]
Event: 862.242 Thread 0x00000132694a2f90 Exception <a 'sun/nio/fs/WindowsException'{0x00000000d58613d0}> (0x00000000d58613d0) 
thrown [s\src\hotspot\share\prims\jni.cpp, line 520]
Event: 862.242 Thread 0x00000132694a2f90 Exception <a 'sun/nio/fs/WindowsException'{0x00000000d5861cb0}> (0x00000000d5861cb0) 
thrown [s\src\hotspot\share\prims\jni.cpp, line 520]
Event: 863.159 Thread 0x000001326a47b350 Exception <a 'sun/nio/fs/WindowsException'{0x00000000d5665da8}> (0x00000000d5665da8) 
thrown [s\src\hotspot\share\prims\jni.cpp, line 520]
Event: 863.159 Thread 0x000001326a47b350 Exception <a 'sun/nio/fs/WindowsException'{0x00000000d5666438}> (0x00000000d5666438) 
thrown [s\src\hotspot\share\prims\jni.cpp, line 520]
Event: 1174.988 Thread 0x000001326a572550 Implicit null exception at 0x0000013214ba4962 to 0x0000013214ba5345
Event: 2136.812 Thread 0x000001326a47b350 Exception <a 'java/lang/NoSuchMethodError'{0x00000000d57c98d8}: 'void java.lang.invoke.DirectMethodHandle$Holder.invokeSpecial(java.lang.Object, java.lang.Object, int, java.lang.Object, java.lang.Object)'> (0x00000000d57c98d8) 
thrown [s\src\hotspot\share\interpreter\linkResolver.cpp, line 773]
Event: 2137.203 Thread 0x000001326a47b350 Exception <a 'java/lang/NoSuchMethodError'{0x00000000d5592580}: 'java.lang.Object java.lang.invoke.DirectMethodHandle$Holder.newInvokeSpecial(java.lang.Object, java.lang.Object, java.lang.Object, int, int)'> (0x00000000d5592580) 
thrown [s\src\hotspot\share\interpreter\linkResolver.cpp, line 773]
Event: 2137.210 Thread 0x000001326a47b350 Exception <a 'java/lang/NoSuchMethodError'{0x00000000d55a9d08}: 'java.lang.Object java.lang.invoke.DirectMethodHandle$Holder.invokeSpecial(java.lang.Object, java.lang.Object, int, java.lang.Object, int, java.lang.Object)'> (0x00000000d55a9d08) 
thrown [s\src\hotspot\share\interpreter\linkResolver.cpp, line 773]
Event: 2137.213 Thread 0x000001326a47b350 Exception <a 'java/lang/NoSuchMethodError'{0x00000000d55b0dc8}: 'java.lang.Object java.lang.invoke.DirectMethodHandle$Holder.newInvokeSpecial(java.lang.Object, java.lang.Object, int, java.lang.Object, int)'> (0x00000000d55b0dc8) 
thrown [s\src\hotspot\share\interpreter\linkResolver.cpp, line 773]
Event: 2137.215 Thread 0x000001326a47b350 Exception <a 'java/lang/NoSuchMethodError'{0x00000000d55b4f98}: 'java.lang.Object java.lang.invoke.DirectMethodHandle$Holder.invokeSpecial(java.lang.Object, java.lang.Object, java.lang.Object, int, java.lang.Object, int)'> (0x00000000d55b4f98) 
thrown [s\src\hotspot\share\interpreter\linkResolver.cpp, line 773]
Event: 2137.216 Thread 0x000001326a47b350 Exception <a 'java/lang/NoSuchMethodError'{0x00000000d55b8918}: 'java.lang.Object java.lang.invoke.Invokers$Holder.linkToTargetMethod(java.lang.Object, int, java.lang.Object, int, java.lang.Object)'> (0x00000000d55b8918) 
thrown [s\src\hotspot\share\interpreter\linkResolver.cpp, line 773]
Event: 2154.565 Thread 0x000001326a47b350 Exception <a 'java/lang/NoSuchMethodError'{0x00000000d5b2cdb0}: 'java.lang.Object java.lang.invoke.DirectMethodHandle$Holder.invokeStatic(java.lang.Object, int, java.lang.Object, java.lang.Object, java.lang.Object)'> (0x00000000d5b2cdb0) 
thrown [s\src\hotspot\share\interpreter\linkResolver.cpp, line 773]

ZGC Phase Switch (0 events):
No events

VM Operations (20 events):
Event: 2229.768 Executing VM operation: ParallelGCFailedAllocation (Allocation Failure)
Event: 2229.770 Executing VM operation: ParallelGCFailedAllocation (Allocation Failure) done
Event: 2230.173 Executing VM operation: ParallelGCFailedAllocation (Allocation Failure)
Event: 2230.176 Executing VM operation: ParallelGCFailedAllocation (Allocation Failure) done
Event: 2230.184 Executing VM operation: ParallelGCFailedAllocation (Allocation Failure)
Event: 2230.186 Executing VM operation: ParallelGCFailedAllocation (Allocation Failure) done
Event: 2230.759 Executing VM operation: ParallelGCFailedAllocation (Allocation Failure)
Event: 2230.761 Executing VM operation: ParallelGCFailedAllocation (Allocation Failure) done
Event: 2230.767 Executing VM operation: ParallelGCFailedAllocation (Allocation Failure)
Event: 2230.769 Executing VM operation: ParallelGCFailedAllocation (Allocation Failure) done
Event: 2231.777 Executing VM operation: Cleanup
Event: 2231.777 Executing VM operation: Cleanup done
Event: 2285.179 Executing VM operation: HandshakeAllThreads (HandshakeForDeflation)
Event: 2285.180 Executing VM operation: HandshakeAllThreads (HandshakeForDeflation) done
Event: 2285.180 Executing VM operation: RendezvousGCThreads
Event: 2285.180 Executing VM operation: RendezvousGCThreads done
Event: 2345.229 Executing VM operation: HandshakeAllThreads (HandshakeForDeflation)
Event: 2345.230 Executing VM operation: HandshakeAllThreads (HandshakeForDeflation) done
Event: 2345.230 Executing VM operation: RendezvousGCThreads
Event: 2345.230 Executing VM operation: RendezvousGCThreads done

Memory protections (0 events):
No events

Nmethod flushes (20 events):
Event: 424.657 Thread 0x0000013208ddea00 flushing  nmethod 0x000001320cf9ff10
Event: 424.657 Thread 0x0000013208ddea00 flushing  nmethod 0x000001320cfa7d90
Event: 424.657 Thread 0x0000013208ddea00 flushing  nmethod 0x000001320cfafb90
Event: 424.657 Thread 0x0000013208ddea00 flushing  nmethod 0x000001320cfbd790
Event: 424.657 Thread 0x0000013208ddea00 flushing  nmethod 0x000001320cfd6890
Event: 424.657 Thread 0x0000013208ddea00 flushing  nmethod 0x000001320cff1d10
Event: 424.657 Thread 0x0000013208ddea00 flushing  nmethod 0x000001320cff2390
Event: 424.657 Thread 0x0000013208ddea00 flushing  nmethod 0x000001320cff2790
Event: 424.657 Thread 0x0000013208ddea00 flushing  nmethod 0x000001320cff3390
Event: 424.657 Thread 0x0000013208ddea00 flushing  nmethod 0x000001320cff3c10
Event: 424.657 Thread 0x0000013208ddea00 flushing  nmethod 0x000001320cff4a90
Event: 424.657 Thread 0x0000013208ddea00 flushing  nmethod 0x000001320cff5310
Event: 424.657 Thread 0x0000013208ddea00 flushing  nmethod 0x000001320d003b90
Event: 424.657 Thread 0x0000013208ddea00 flushing  nmethod 0x000001320d007890
Event: 424.657 Thread 0x0000013208ddea00 flushing  nmethod 0x000001320d008b10
Event: 424.657 Thread 0x0000013208ddea00 flushing  nmethod 0x000001320d04a410
Event: 424.657 Thread 0x0000013208ddea00 flushing  nmethod 0x000001320d0da890
Event: 424.657 Thread 0x0000013208ddea00 flushing  nmethod 0x000001320d0dc390
Event: 424.657 Thread 0x0000013208ddea00 flushing  nmethod 0x000001320d0dd010
Event: 424.657 Thread 0x0000013208ddea00 flushing  nmethod 0x000001320d12f010

Events (20 events):
Event: 1431.702 Thread 0x000001326a479fa0 Thread exited: 0x000001326a479fa0
Event: 1491.706 Thread 0x000001326a47cd90 Thread exited: 0x000001326a47cd90
Event: 1551.717 Thread 0x000001326a47d420 Thread exited: 0x000001326a47d420
Event: 1611.746 Thread 0x000001326a478bf0 Thread exited: 0x000001326a478bf0
Event: 2122.128 Thread 0x000001326a572550 Thread added: 0x000001326a478bf0
Event: 2123.165 Thread 0x000001326a478bf0 Thread added: 0x000001326a47cd90
Event: 2123.167 Thread 0x000001326a478bf0 Thread added: 0x000001326a479fa0
Event: 2123.168 Thread 0x000001326a47cd90 Thread added: 0x000001326a47e7d0
Event: 2123.168 Thread 0x000001326a479fa0 Thread added: 0x000001326a47dab0
Event: 2123.170 Thread 0x000001326a478bf0 Thread added: 0x000001326a47ee60
Event: 2123.170 Thread 0x000001326a47dab0 Thread added: 0x000001326a47d420
Event: 2127.275 Thread 0x000001326a479280 Thread added: 0x000001326a47f4f0
Event: 2127.393 Thread 0x000001326a572550 Thread added: 0x000001326a47c070
Event: 2127.945 Thread 0x000001321f786270 Thread added: 0x000001326b0b2b40
Event: 2128.809 Thread 0x000001326b0b2b40 Thread exited: 0x000001326b0b2b40
Event: 2144.660 Thread 0x00000132621569c0 Thread added: 0x00000132623bbf20
Event: 2144.846 Thread 0x00000132623bbf20 Thread exited: 0x00000132623bbf20
Event: 2288.010 Thread 0x000001326a479fa0 Thread exited: 0x000001326a479fa0
Event: 2348.012 Thread 0x000001326a47cd90 Thread exited: 0x000001326a47cd90
Event: 2348.013 Thread 0x000001326a47f4f0 Thread exited: 0x000001326a47f4f0


Dynamic libraries:
0x00007ff705e50000 - 0x00007ff705e5e000 	c:\Users\gerar\.vscode\extensions\redhat.java-1.46.0-win32-x64\jre\21.0.8-win32-x86_64\bin\java.exe
0x00007ffad76c0000 - 0x00007ffad7928000 	C:\WINDOWS\SYSTEM32\ntdll.dll
0x00007ffad6930000 - 0x00007ffad69f9000 	C:\WINDOWS\System32\KERNEL32.DLL
0x00007ffad4f60000 - 0x00007ffad5352000 	C:\WINDOWS\System32\KERNELBASE.dll
0x00007ffad4b40000 - 0x00007ffad4c8b000 	C:\WINDOWS\System32\ucrtbase.dll
0x00007ffacf240000 - 0x00007ffacf258000 	c:\Users\gerar\.vscode\extensions\redhat.java-1.46.0-win32-x64\jre\21.0.8-win32-x86_64\bin\jli.dll
0x00007ffacdbe0000 - 0x00007ffacdbfe000 	c:\Users\gerar\.vscode\extensions\redhat.java-1.46.0-win32-x64\jre\21.0.8-win32-x86_64\bin\VCRUNTIME140.dll
0x00007ffad5640000 - 0x00007ffad5805000 	C:\WINDOWS\System32\USER32.dll
0x00007ffad4850000 - 0x00007ffad4877000 	C:\WINDOWS\System32\win32u.dll
0x00007ffabc210000 - 0x00007ffabc4a3000 	C:\WINDOWS\WinSxS\amd64_microsoft.windows.common-controls_6595b64144ccf1df_6.0.26100.6899_none_3e0efeeae32e88c1\COMCTL32.dll
0x00007ffad54a0000 - 0x00007ffad54cb000 	C:\WINDOWS\System32\GDI32.dll
0x00007ffad5360000 - 0x00007ffad548d000 	C:\WINDOWS\System32\gdi32full.dll
0x00007ffad63d0000 - 0x00007ffad6479000 	C:\WINDOWS\System32\msvcrt.dll
0x00007ffad4a90000 - 0x00007ffad4b33000 	C:\WINDOWS\System32\msvcp_win.dll
0x00007ffad6da0000 - 0x00007ffad6dcf000 	C:\WINDOWS\System32\IMM32.DLL
0x00007ffad12a0000 - 0x00007ffad12ac000 	c:\Users\gerar\.vscode\extensions\redhat.java-1.46.0-win32-x64\jre\21.0.8-win32-x86_64\bin\vcruntime140_1.dll
0x00007ffacbbe0000 - 0x00007ffacbc6d000 	c:\Users\gerar\.vscode\extensions\redhat.java-1.46.0-win32-x64\jre\21.0.8-win32-x86_64\bin\msvcp140.dll
0x00007ffa77630000 - 0x00007ffa783c7000 	c:\Users\gerar\.vscode\extensions\redhat.java-1.46.0-win32-x64\jre\21.0.8-win32-x86_64\bin\server\jvm.dll
0x00007ffad75c0000 - 0x00007ffad7674000 	C:\WINDOWS\System32\ADVAPI32.dll
0x00007ffad6110000 - 0x00007ffad61b6000 	C:\WINDOWS\System32\sechost.dll
0x00007ffad58a0000 - 0x00007ffad59b8000 	C:\WINDOWS\System32\RPCRT4.dll
0x00007ffad6330000 - 0x00007ffad63a4000 	C:\WINDOWS\System32\WS2_32.dll
0x00007ffac8820000 - 0x00007ffac8855000 	C:\WINDOWS\SYSTEM32\WINMM.dll
0x00007ffad46b0000 - 0x00007ffad470e000 	C:\WINDOWS\SYSTEM32\POWRPROF.dll
0x00007ffac82f0000 - 0x00007ffac82fb000 	C:\WINDOWS\SYSTEM32\VERSION.dll
0x00007ffad4690000 - 0x00007ffad46a4000 	C:\WINDOWS\SYSTEM32\UMPDC.dll
0x00007ffad3620000 - 0x00007ffad363b000 	C:\WINDOWS\SYSTEM32\kernel.appcore.dll
0x00007ffacf230000 - 0x00007ffacf23a000 	c:\Users\gerar\.vscode\extensions\redhat.java-1.46.0-win32-x64\jre\21.0.8-win32-x86_64\bin\jimage.dll
0x00007ffad2090000 - 0x00007ffad22d2000 	C:\WINDOWS\SYSTEM32\DBGHELP.DLL
0x00007ffad65b0000 - 0x00007ffad692b000 	C:\WINDOWS\System32\combase.dll
0x00007ffad6a00000 - 0x00007ffad6ad7000 	C:\WINDOWS\System32\OLEAUT32.dll
0x00007ffabecc0000 - 0x00007ffabecfc000 	C:\WINDOWS\SYSTEM32\dbgcore.DLL
0x00007ffad4d50000 - 0x00007ffad4de8000 	C:\WINDOWS\System32\bcryptPrimitives.dll
0x00007ffacace0000 - 0x00007ffacacef000 	c:\Users\gerar\.vscode\extensions\redhat.java-1.46.0-win32-x64\jre\21.0.8-win32-x86_64\bin\instrument.dll
0x00007ffacdbc0000 - 0x00007ffacdbdf000 	c:\Users\gerar\.vscode\extensions\redhat.java-1.46.0-win32-x64\jre\21.0.8-win32-x86_64\bin\java.dll
0x00007ffad59c0000 - 0x00007ffad610d000 	C:\WINDOWS\System32\SHELL32.dll
0x00007ffad4df0000 - 0x00007ffad4f5b000 	C:\WINDOWS\System32\wintypes.dll
0x00007ffad24a0000 - 0x00007ffad2cfd000 	C:\WINDOWS\SYSTEM32\windows.storage.dll
0x00007ffad61c0000 - 0x00007ffad62b2000 	C:\WINDOWS\System32\SHCORE.dll
0x00007ffad54d0000 - 0x00007ffad5532000 	C:\WINDOWS\System32\shlwapi.dll
0x00007ffad4770000 - 0x00007ffad4799000 	C:\WINDOWS\SYSTEM32\profapi.dll
0x00007ffacd590000 - 0x00007ffacd5a8000 	c:\Users\gerar\.vscode\extensions\redhat.java-1.46.0-win32-x64\jre\21.0.8-win32-x86_64\bin\zip.dll
0x00007ffacdbb0000 - 0x00007ffacdbc0000 	C:\Users\gerar\.vscode\extensions\redhat.java-1.46.0-win32-x64\jre\21.0.8-win32-x86_64\bin\net.dll
0x00007ffacd6f0000 - 0x00007ffacd80f000 	C:\WINDOWS\SYSTEM32\WINHTTP.dll
0x00007ffad3b90000 - 0x00007ffad3bfb000 	C:\WINDOWS\system32\mswsock.dll
0x00007ffad12b0000 - 0x00007ffad12c6000 	C:\Users\gerar\.vscode\extensions\redhat.java-1.46.0-win32-x64\jre\21.0.8-win32-x86_64\bin\nio.dll
0x00007ffac9ef0000 - 0x00007ffac9f00000 	c:\Users\gerar\.vscode\extensions\redhat.java-1.46.0-win32-x64\jre\21.0.8-win32-x86_64\bin\verify.dll
0x00007ffab70d0000 - 0x00007ffab7114000 	C:\Users\gerar\AppData\Roaming\Code\User\globalStorage\redhat.java\1.46.0\config_win\org.eclipse.equinox.launcher\org.eclipse.equinox.launcher.win32.win32.x86_64_1.2.1400.v20250801-0854\eclipse_11916.dll
0x00007ffad6c00000 - 0x00007ffad6d98000 	C:\WINDOWS\System32\ole32.dll
0x00007ffad3e40000 - 0x00007ffad3e5b000 	C:\WINDOWS\SYSTEM32\CRYPTSP.dll
0x00007ffad3580000 - 0x00007ffad35bb000 	C:\WINDOWS\system32\rsaenh.dll
0x00007ffad3c30000 - 0x00007ffad3c5b000 	C:\WINDOWS\SYSTEM32\USERENV.dll
0x00007ffad4740000 - 0x00007ffad4766000 	C:\WINDOWS\SYSTEM32\bcrypt.dll
0x00007ffad3e60000 - 0x00007ffad3e6c000 	C:\WINDOWS\SYSTEM32\CRYPTBASE.dll
0x00007ffad3070000 - 0x00007ffad30a4000 	C:\WINDOWS\SYSTEM32\IPHLPAPI.DLL
0x00007ffad6f40000 - 0x00007ffad6f4a000 	C:\WINDOWS\System32\NSI.dll
0x00007ffa96d90000 - 0x00007ffa96dd9000 	C:\Users\gerar\AppData\Local\Temp\jna-98244229\jna1446150593969641514.dll
0x00007ffad6320000 - 0x00007ffad6328000 	C:\WINDOWS\System32\PSAPI.DLL
0x00007ffacd940000 - 0x00007ffacd95e000 	C:\WINDOWS\SYSTEM32\dhcpcsvc6.DLL
0x00007ffacd8a0000 - 0x00007ffacd8c3000 	C:\WINDOWS\SYSTEM32\dhcpcsvc.DLL
0x00007ffac9c90000 - 0x00007ffac9c9e000 	C:\Users\gerar\.vscode\extensions\redhat.java-1.46.0-win32-x64\jre\21.0.8-win32-x86_64\bin\sunmscapi.dll
0x00007ffad4880000 - 0x00007ffad49f7000 	C:\WINDOWS\System32\CRYPT32.dll
0x00007ffad4060000 - 0x00007ffad4090000 	C:\WINDOWS\SYSTEM32\ncrypt.dll
0x00007ffad4010000 - 0x00007ffad404f000 	C:\WINDOWS\SYSTEM32\NTASN1.dll
0x00007ffac9b80000 - 0x00007ffac9b89000 	C:\Users\gerar\.vscode\extensions\redhat.java-1.46.0-win32-x64\jre\21.0.8-win32-x86_64\bin\extnet.dll

JVMTI agents:
c:\Users\gerar\.vscode\extensions\redhat.java-1.46.0-win32-x64\lombok\lombok-1.18.39-4050.jar path:c:\Users\gerar\.vscode\extensions\redhat.java-1.46.0-win32-x64\jre\21.0.8-win32-x86_64\bin\instrument.dll, loaded, initialized, instrumentlib options:none

dbghelp: loaded successfully - version: 4.0.5 - missing functions: none
symbol engine: initialized successfully - sym options: 0x614 - pdb path: .;c:\Users\gerar\.vscode\extensions\redhat.java-1.46.0-win32-x64\jre\21.0.8-win32-x86_64\bin;C:\WINDOWS\SYSTEM32;C:\WINDOWS\WinSxS\amd64_microsoft.windows.common-controls_6595b64144ccf1df_6.0.26100.6899_none_3e0efeeae32e88c1;c:\Users\gerar\.vscode\extensions\redhat.java-1.46.0-win32-x64\jre\21.0.8-win32-x86_64\bin\server;C:\Users\gerar\AppData\Roaming\Code\User\globalStorage\redhat.java\1.46.0\config_win\org.eclipse.equinox.launcher\org.eclipse.equinox.launcher.win32.win32.x86_64_1.2.1400.v20250801-0854;C:\Users\gerar\AppData\Local\Temp\jna-98244229

VM Arguments:
jvm_args: --add-modules=ALL-SYSTEM --add-opens=java.base/java.util=ALL-UNNAMED --add-opens=java.base/java.lang=ALL-UNNAMED --add-opens=java.base/sun.nio.fs=ALL-UNNAMED -Declipse.application=org.eclipse.jdt.ls.core.id1 -Dosgi.bundles.defaultStartLevel=4 -Declipse.product=org.eclipse.jdt.ls.core.product -Djava.import.generatesMetadataFilesAtProjectRoot=false -DDetectVMInstallationsJob.disabled=true -Dfile.encoding=utf8 -XX:+UseParallelGC -XX:GCTimeRatio=4 -XX:AdaptiveSizePolicyWeight=90 -Dsun.zip.disableMemoryMapping=true -Xmx2G -Xms100m -Xlog:disable -javaagent:c:\Users\gerar\.vscode\extensions\redhat.java-1.46.0-win32-x64\lombok\lombok-1.18.39-4050.jar -XX:+HeapDumpOnOutOfMemoryError -XX:HeapDumpPath=c:\Users\gerar\AppData\Roaming\Code\User\workspaceStorage\43662f2c530878c830368f2210583480\redhat.java -Daether.dependencyCollector.impl=bf 
java_command: c:\Users\gerar\.vscode\extensions\redhat.java-1.46.0-win32-x64\server\plugins\org.eclipse.equinox.launcher_1.7.0.v20250519-0528.jar -configuration c:\Users\gerar\AppData\Roaming\Code\User\globalStorage\redhat.java\1.46.0\config_win -data c:\Users\gerar\AppData\Roaming\Code\User\workspaceStorage\43662f2c530878c830368f2210583480\redhat.java\jdt_ws --pipe=\\.\pipe\lsp-8b358ce11f49b76a3930905eb68898e1-sock
java_class_path (initial): c:\Users\gerar\.vscode\extensions\redhat.java-1.46.0-win32-x64\server\plugins\org.eclipse.equinox.launcher_1.7.0.v20250519-0528.jar
Launcher Type: SUN_STANDARD

[Global flags]
    uintx AdaptiveSizePolicyWeight                 = 90                                        {product} {command line}
     intx CICompilerCount                          = 4                                         {product} {ergonomic}
    uintx GCTimeRatio                              = 4                                         {product} {command line}
     bool HeapDumpOnOutOfMemoryError               = true                                   {manageable} {command line}
    ccstr HeapDumpPath                             = c:\Users\gerar\AppData\Roaming\Code\User\workspaceStorage\43662f2c530878c830368f2210583480\redhat.java         {manageable} {command line}
   size_t InitialHeapSize                          = 104857600                                 {product} {command line}
   size_t MaxHeapSize                              = 2147483648                                {product} {command line}
   size_t MaxNewSize                               = 715653120                                 {product} {ergonomic}
   size_t MinHeapDeltaBytes                        = 524288                                    {product} {ergonomic}
   size_t MinHeapSize                              = 104857600                                 {product} {command line}
   size_t NewSize                                  = 34603008                                  {product} {ergonomic}
    uintx NonNMethodCodeHeapSize                   = 5839372                                {pd product} {ergonomic}
    uintx NonProfiledCodeHeapSize                  = 122909434                              {pd product} {ergonomic}
   size_t OldSize                                  = 70254592                                  {product} {ergonomic}
    uintx ProfiledCodeHeapSize                     = 122909434                              {pd product} {ergonomic}
    uintx ReservedCodeCacheSize                    = 251658240                              {pd product} {ergonomic}
     bool SegmentedCodeCache                       = true                                      {product} {ergonomic}
   size_t SoftMaxHeapSize                          = 2147483648                             {manageable} {ergonomic}
     bool UseCompressedOops                        = true                           {product lp64_product} {ergonomic}
     bool UseLargePagesIndividualAllocation        = false                                  {pd product} {ergonomic}
     bool UseParallelGC                            = true                                      {product} {command line}

Logging:
Log output configuration:
 #0: stdout all=off uptime,level,tags foldmultilines=false
 #1: stderr all=off uptime,level,tags foldmultilines=false

Environment Variables:
PATH=C:\Python313\Scripts\;C:\Python313\;C:\Program Files\Common Files\Oracle\Java\javapath;C:\WINDOWS\system32;C:\WINDOWS;C:\WINDOWS\System32\Wbem;C:\WINDOWS\System32\WindowsPowerShell\v1.0\;C:\WINDOWS\System32\OpenSSH\;C:\Program Files\Git\cmd;C:\Program Files\CMake\bin;C:\Program Files\dotnet\;C:\dev\apache-maven-3.9.9\bin;C:\Program Files (x86)\Windows Kits\10\Windows Performance Toolkit\;C:\xampp\php;C:\composer;C:\Program Files\nodejs\;C:\ProgramData\chocolatey\bin;C:\Program Files\Microsoft SQL Server\150\Tools\Binn\;C:\Program Files\Microsoft SQL Server\Client SDK\ODBC\170\Tools\Binn\;C:\Program Files\Microsoft SQL Server\160\Tools\Binn\;C:\Program Files (x86)\Microsoft SQL Server\160\DTS\Binn\;C:\Program Files (x86)\cloudflared\;C:\Program Files\MySQL\MySQL Shell 8.0\bin\;C:\Users\gerar\AppData\Local\Microsoft\WindowsApps;C:\Users\gerar\AppData\Local\Programs\Microsoft VS Code\bin;C:\dev\flutter\bin;C:\Users\gerar\.dotnet\tools;C:\Users\gerar\AppData\Roaming\Composer\vendor\bin;C:\Users\gerar\AppData\Roaming\npm;
USERNAME=gerar
OS=Windows_NT
PROCESSOR_IDENTIFIER=AMD64 Family 23 Model 160 Stepping 0, AuthenticAMD
TMP=C:\Users\gerar\AppData\Local\Temp
TEMP=C:\Users\gerar\AppData\Local\Temp




Periodic native trim disabled

---------------  S Y S T E M  ---------------

OS:
 Windows 11 , 64 bit Build 26100 (10.0.26100.6725)
OS uptime: 0 days 23:28 hours
Hyper-V role detected

CPU: total 8 (initial active 8) (8 cores per cpu, 2 threads per core) family 23 model 160 stepping 0 microcode 0x8a0000a, cx8, cmov, fxsr, ht, mmx, 3dnowpref, sse, sse2, sse3, ssse3, sse4a, sse4.1, sse4.2, popcnt, lzcnt, tsc, tscinvbit, avx, avx2, aes, clmul, bmi1, bmi2, adx, sha, fma, vzeroupper, clflush, clflushopt, hv, rdtscp, rdpid, f16c
Processor Information for the first 8 processors :
  Max Mhz: 2401, Current Mhz: 2401, Mhz Limit: 2401

Memory: 4k page, system-wide physical 5965M (930M free)
TotalPageFile size 24396M (AvailPageFile size 86M)
current process WorkingSet (physical memory assigned to process): 7M, peak: 517M
current process commit charge ("private bytes"): 1077M, peak: 1080M

vm_info: OpenJDK 64-Bit Server VM (21.0.8+9-LTS) for windows-amd64 JRE (21.0.8+9-LTS), built on 2025-07-15T00:00:00Z by "admin" with MS VC++ 17.7 (VS2022)

END.
