#
# There is insufficient memory for the Java Runtime Environment to continue.
# Native memory allocation (malloc) failed to allocate 196432 bytes. Error detail: Chunk::new
# Possible reasons:
#   The system is out of physical RAM or swap space
#   This process is running with CompressedOops enabled, and the Java Heap may be blocking the growth of the native heap
# Possible solutions:
#   Reduce memory load on the system
#   Increase physical memory or swap space
#   Check if swap backing store is full
#   Decrease Java heap size (-Xmx/-Xms)
#   Decrease number of Java threads
#   Decrease Java thread stack sizes (-Xss)
#   Set larger code cache with -XX:ReservedCodeCacheSize=
#   JVM is running with Unscaled Compressed Oops mode in which the Java heap is
#     placed in the first 4GB address space. The Java Heap base address is the
#     maximum limit for the native heap growth. Please use -XX:HeapBaseMinAddress
#     to set the Java Heap base and to place the Java Heap above 4GB virtual address.
# This output file may be truncated or incomplete.
#
#  Out of Memory Error (arena.cpp:168), pid=60056, tid=60820
#
# JRE version: OpenJDK Runtime Environment Temurin-21.0.8+9 (21.0.8+9) (build 21.0.8+9-LTS)
# Java VM: OpenJDK 64-Bit Server VM Temurin-21.0.8+9 (21.0.8+9-LTS, mixed mode, sharing, tiered, compressed oops, compressed class ptrs, parallel gc, windows-amd64)
# No core dump will be written. Minidumps are not enabled by default on client versions of Windows
#

---------------  S U M M A R Y ------------

Command Line: --add-modules=ALL-SYSTEM --add-opens=java.base/java.util=ALL-UNNAMED --add-opens=java.base/java.lang=ALL-UNNAMED --add-opens=java.base/sun.nio.fs=ALL-UNNAMED -Declipse.application=org.eclipse.jdt.ls.core.id1 -Dosgi.bundles.defaultStartLevel=4 -Declipse.product=org.eclipse.jdt.ls.core.product -Djava.import.generatesMetadataFilesAtProjectRoot=false -DDetectVMInstallationsJob.disabled=true -Dfile.encoding=utf8 -XX:+UseParallelGC -XX:GCTimeRatio=4 -XX:AdaptiveSizePolicyWeight=90 -Dsun.zip.disableMemoryMapping=true -Xmx2G -Xms100m -Xlog:disable -javaagent:c:\Users\gerar\.vscode\extensions\redhat.java-1.45.0-win32-x64\lombok\lombok-1.18.39-4050.jar c:\Users\gerar\.vscode\extensions\redhat.java-1.45.0-win32-x64\server\plugins\org.eclipse.equinox.launcher_1.7.0.v20250519-0528.jar -configuration c:\Users\gerar\AppData\Roaming\Code\User\globalStorage\redhat.java\1.45.0\config_ss_win -data c:\Users\gerar\AppData\Roaming\Code\User\workspaceStorage\43662f2c530878c830368f2210583480\redhat.java\ss_ws --pipe=\\.\pipe\lsp-71b0bfdfd2f71bd1bb25c05bd0b2b691-sock

Host: AMD Ryzen 3 7320U with Radeon Graphics         , 8 cores, 5G,  Windows 11 , 64 bit Build 22621 (10.0.22621.5415)
Time: Thu Sep 25 13:14:52 2025 Hora estándar central (México) elapsed time: 2.485147 seconds (0d 0h 0m 2s)

---------------  T H R E A D  ---------------

Current thread (0x0000026408611870):  JavaThread "C2 CompilerThread0" daemon [_thread_in_native, id=60820, stack(0x000000baf8c00000,0x000000baf8d00000) (1024K)]


Current CompileTask:
C2:2485 1650   !   4       lombok.patcher.ScriptManager$OurClassFileTransformer::transform (473 bytes)

Stack: [0x000000baf8c00000,0x000000baf8d00000]
Native frames: (J=compiled Java code, j=interpreted, Vv=VM code, C=native code)
V  [jvm.dll+0x6d2449]
V  [jvm.dll+0x8ae341]
V  [jvm.dll+0x8b08be]
V  [jvm.dll+0x8b0fa3]
V  [jvm.dll+0x280c96]
V  [jvm.dll+0xc581d]
V  [jvm.dll+0xc5d53]
V  [jvm.dll+0x3b919c]
V  [jvm.dll+0x1e1409]
V  [jvm.dll+0x249022]
V  [jvm.dll+0x2484af]
V  [jvm.dll+0x1c89ee]
V  [jvm.dll+0x257d4d]
V  [jvm.dll+0x2562ea]
V  [jvm.dll+0x3f2d16]
V  [jvm.dll+0x857e6b]
V  [jvm.dll+0x6d0b0d]
C  [ucrtbase.dll+0x29333]
C  [KERNEL32.DLL+0x1259d]
C  [ntdll.dll+0x5af78]


---------------  P R O C E S S  ---------------

Threads class SMR info:
_java_thread_list=0x000002646655eb40, length=12, elements={
0x000002640868cf90, 0x00000264085fdd30, 0x00000264085ffb40, 0x0000026408602f20,
0x0000026408604310, 0x0000026408608720, 0x000002640860e540, 0x0000026408611870,
0x000002640861f560, 0x0000026461a4fdf0, 0x0000026461a511a0, 0x0000026461a51830
}

Java Threads: ( => current thread )
  0x000002640868cf90 JavaThread "main"                              [_thread_in_native, id=44080, stack(0x000000baf8200000,0x000000baf8300000) (1024K)]
  0x00000264085fdd30 JavaThread "Reference Handler"          daemon [_thread_blocked, id=59900, stack(0x000000baf8600000,0x000000baf8700000) (1024K)]
  0x00000264085ffb40 JavaThread "Finalizer"                  daemon [_thread_blocked, id=16060, stack(0x000000baf8700000,0x000000baf8800000) (1024K)]
  0x0000026408602f20 JavaThread "Signal Dispatcher"          daemon [_thread_blocked, id=60876, stack(0x000000baf8800000,0x000000baf8900000) (1024K)]
  0x0000026408604310 JavaThread "Attach Listener"            daemon [_thread_blocked, id=60120, stack(0x000000baf8900000,0x000000baf8a00000) (1024K)]
  0x0000026408608720 JavaThread "Service Thread"             daemon [_thread_blocked, id=58268, stack(0x000000baf8a00000,0x000000baf8b00000) (1024K)]
  0x000002640860e540 JavaThread "Monitor Deflation Thread"   daemon [_thread_blocked, id=60096, stack(0x000000baf8b00000,0x000000baf8c00000) (1024K)]
=>0x0000026408611870 JavaThread "C2 CompilerThread0"         daemon [_thread_in_native, id=60820, stack(0x000000baf8c00000,0x000000baf8d00000) (1024K)]
  0x000002640861f560 JavaThread "C1 CompilerThread0"         daemon [_thread_blocked, id=60848, stack(0x000000baf8d00000,0x000000baf8e00000) (1024K)]
  0x0000026461a4fdf0 JavaThread "Common-Cleaner"             daemon [_thread_blocked, id=58932, stack(0x000000baf8e00000,0x000000baf8f00000) (1024K)]
  0x0000026461a511a0 JavaThread "Notification Thread"        daemon [_thread_blocked, id=60912, stack(0x000000baf8f00000,0x000000baf9000000) (1024K)]
  0x0000026461a51830 JavaThread "Active Thread: Equinox Container: 5945a40b-3e40-4e11-b787-f55cf3ce2fd4"        [_thread_blocked, id=60880, stack(0x000000baf9600000,0x000000baf9700000) (1024K)]
Total: 12

Other Threads:
  0x00000264085e3010 VMThread "VM Thread"                           [id=60644, stack(0x000000baf8500000,0x000000baf8600000) (1024K)]
  0x00000264086f88f0 WatcherThread "VM Periodic Task Thread"        [id=58720, stack(0x000000baf8400000,0x000000baf8500000) (1024K)]
  0x00000264086ab300 WorkerThread "GC Thread#0"                     [id=60972, stack(0x000000baf8300000,0x000000baf8400000) (1024K)]
  0x00000264660f9e20 WorkerThread "GC Thread#1"                     [id=8444, stack(0x000000baf9000000,0x000000baf9100000) (1024K)]
  0x0000026461d036d0 WorkerThread "GC Thread#2"                     [id=60464, stack(0x000000baf9100000,0x000000baf9200000) (1024K)]
  0x000002646649e6b0 WorkerThread "GC Thread#3"                     [id=43124, stack(0x000000baf9200000,0x000000baf9300000) (1024K)]
  0x000002646649ea50 WorkerThread "GC Thread#4"                     [id=60412, stack(0x000000baf9300000,0x000000baf9400000) (1024K)]
  0x000002646649edf0 WorkerThread "GC Thread#5"                     [id=61108, stack(0x000000baf9400000,0x000000baf9500000) (1024K)]
  0x000002646620fcf0 WorkerThread "GC Thread#6"                     [id=60516, stack(0x000000baf9500000,0x000000baf9600000) (1024K)]
Total: 9

Threads with active compile tasks:
C2 CompilerThread0  2528 1650   !   4       lombok.patcher.ScriptManager$OurClassFileTransformer::transform (473 bytes)
Total: 1

VM state: not at safepoint (normal execution)

VM Mutex/Monitor currently owned by a thread: None

Heap address: 0x0000000080000000, size: 2048 MB, Compressed Oops mode: 32-bit

CDS archive(s) mapped at: [0x000002641f000000-0x000002641fba0000-0x000002641fba0000), size 12189696, SharedBaseAddress: 0x000002641f000000, ArchiveRelocationMode: 1.
Compressed class space mapped at: 0x0000026420000000-0x0000026460000000, reserved size: 1073741824
Narrow klass base: 0x000002641f000000, Narrow klass shift: 0, Narrow klass range: 0x100000000

GC Precious Log:
 CardTable entry size: 512
 CPUs: 8 total, 8 available
 Memory: 5965M
 Large Page Support: Disabled
 NUMA Support: Disabled
 Compressed Oops: Enabled (32-bit)
 Alignments: Space 512K, Generation 512K, Heap 2M
 Heap Min Capacity: 100M
 Heap Initial Capacity: 100M
 Heap Max Capacity: 2G
 Pre-touch: Disabled
 Parallel Workers: 8

Heap:
 PSYoungGen      total 29696K, used 25877K [0x00000000d5580000, 0x00000000d7680000, 0x0000000100000000)
  eden space 25600K, 88% used [0x00000000d5580000,0x00000000d6b838a0,0x00000000d6e80000)
  from space 4096K, 81% used [0x00000000d6e80000,0x00000000d71c1e18,0x00000000d7280000)
  to   space 4096K, 0% used [0x00000000d7280000,0x00000000d7280000,0x00000000d7680000)
 ParOldGen       total 68608K, used 0K [0x0000000080000000, 0x0000000084300000, 0x00000000d5580000)
  object space 68608K, 0% used [0x0000000080000000,0x0000000080000000,0x0000000084300000)
 Metaspace       used 7858K, committed 8192K, reserved 1114112K
  class space    used 825K, committed 960K, reserved 1048576K

Card table byte_map: [0x0000026408030000,0x0000026408440000] _byte_map_base: 0x0000026407c30000

Marking Bits: (ParMarkBitMap*) 0x00007ffa1636a340
 Begin Bits: [0x000002641ab30000, 0x000002641cb30000)
 End Bits:   [0x000002641cb30000, 0x000002641eb30000)

Polling page: 0x0000026406510000

Metaspace:

Usage:
  Non-class:      6.87 MB used.
      Class:    825.48 KB used.
       Both:      7.67 MB used.

Virtual space:
  Non-class space:       64.00 MB reserved,       7.06 MB ( 11%) committed,  1 nodes.
      Class space:        1.00 GB reserved,     960.00 KB ( <1%) committed,  1 nodes.
             Both:        1.06 GB reserved,       8.00 MB ( <1%) committed. 

Chunk freelists:
   Non-Class:  8.86 MB
       Class:  14.91 MB
        Both:  23.77 MB

MaxMetaspaceSize: unlimited
CompressedClassSpaceSize: 1.00 GB
Initial GC threshold: 21.00 MB
Current GC threshold: 21.00 MB
CDS: on
 - commit_granule_bytes: 65536.
 - commit_granule_words: 8192.
 - virtual_space_node_default_size: 8388608.
 - enlarge_chunks_in_place: 1.
 - use_allocation_guard: 0.


Internal statistics:

num_allocs_failed_limit: 0.
num_arena_births: 228.
num_arena_deaths: 0.
num_vsnodes_births: 2.
num_vsnodes_deaths: 0.
num_space_committed: 128.
num_space_uncommitted: 0.
num_chunks_returned_to_freelist: 0.
num_chunks_taken_from_freelist: 417.
num_chunk_merges: 0.
num_chunk_splits: 268.
num_chunks_enlarged: 179.
num_inconsistent_stats: 0.

CodeHeap 'non-profiled nmethods': size=120000Kb used=665Kb max_used=665Kb free=119334Kb
 bounds [0x0000026413350000, 0x00000264135c0000, 0x000002641a880000]
CodeHeap 'profiled nmethods': size=120000Kb used=3048Kb max_used=3048Kb free=116951Kb
 bounds [0x000002640b880000, 0x000002640bb80000, 0x0000026412db0000]
CodeHeap 'non-nmethods': size=5760Kb used=1219Kb max_used=1232Kb free=4540Kb
 bounds [0x0000026412db0000, 0x0000026413020000, 0x0000026413350000]
CodeCache: size=245760Kb, used=4932Kb, max_used=4945Kb, free=240825Kb
 total_blobs=2178, nmethods=1695, adapters=390, full_count=0
Compilation: enabled, stopped_count=0, restarted_count=0

Compilation events (20 events):
Event: 2.476 Thread 0x000002640861f560 nmethod 1675 0x000002640bb63090 code [0x000002640bb63280, 0x000002640bb639d8]
Event: 2.476 Thread 0x000002640861f560 1676       3       java.util.Collections$UnmodifiableCollection::toArray (10 bytes)
Event: 2.476 Thread 0x000002640861f560 nmethod 1676 0x000002640bb63c10 code [0x000002640bb63dc0, 0x000002640bb63f98]
Event: 2.477 Thread 0x000002640861f560 1677       3       java.util.zip.CRC32::<init> (5 bytes)
Event: 2.477 Thread 0x000002640861f560 nmethod 1677 0x000002640bb64090 code [0x000002640bb64240, 0x000002640bb643a8]
Event: 2.477 Thread 0x000002640861f560 1678       3       java.util.zip.CRC32::update (38 bytes)
Event: 2.478 Thread 0x000002640861f560 nmethod 1678 0x000002640bb64490 code [0x000002640bb64680, 0x000002640bb64aa8]
Event: 2.478 Thread 0x000002640861f560 1679       3       java.util.zip.CRC32::updateBytes (14 bytes)
Event: 2.478 Thread 0x000002640861f560 nmethod 1679 0x000002640bb64c90 code [0x000002640bb64e60, 0x000002640bb65210]
Event: 2.478 Thread 0x000002640861f560 1684   !   3       jdk.internal.loader.Resource::getBytes (244 bytes)
Event: 2.480 Thread 0x000002640861f560 nmethod 1684 0x000002640bb65410 code [0x000002640bb65740, 0x000002640bb66e40]
Event: 2.480 Thread 0x000002640861f560 1685       3       java.util.zip.Checksum::update (11 bytes)
Event: 2.480 Thread 0x000002640861f560 nmethod 1685 0x000002640bb67890 code [0x000002640bb67a40, 0x000002640bb67be0]
Event: 2.480 Thread 0x000002640861f560 1680       3       java.util.zip.CRC32::updateBytesCheck (35 bytes)
Event: 2.481 Thread 0x000002640861f560 nmethod 1680 0x000002640bb67d10 code [0x000002640bb67ee0, 0x000002640bb68228]
Event: 2.481 Thread 0x000002640861f560 1682       3       java.util.jar.JavaUtilJarAccessImpl::getTrustedAttributes (6 bytes)
Event: 2.481 Thread 0x000002640861f560 nmethod 1682 0x000002640bb68410 code [0x000002640bb685c0, 0x000002640bb68720]
Event: 2.481 Thread 0x000002640861f560 1688       3       sun.security.util.ManifestEntryVerifier::verify (456 bytes)
Event: 2.483 Thread 0x000002640861f560 nmethod 1688 0x000002640bb68810 code [0x000002640bb68ca0, 0x000002640bb6af18]
Event: 2.483 Thread 0x000002640861f560 1681       3       java.util.zip.CRC32::getValue (10 bytes)

GC Heap History (2 events):
Event: 1.200 GC heap before
{Heap before GC invocations=1 (full 0):
 PSYoungGen      total 29696K, used 25600K [0x00000000d5580000, 0x00000000d7680000, 0x0000000100000000)
  eden space 25600K, 100% used [0x00000000d5580000,0x00000000d6e80000,0x00000000d6e80000)
  from space 4096K, 0% used [0x00000000d7280000,0x00000000d7280000,0x00000000d7680000)
  to   space 4096K, 0% used [0x00000000d6e80000,0x00000000d6e80000,0x00000000d7280000)
 ParOldGen       total 68608K, used 0K [0x0000000080000000, 0x0000000084300000, 0x00000000d5580000)
  object space 68608K, 0% used [0x0000000080000000,0x0000000080000000,0x0000000084300000)
 Metaspace       used 4305K, committed 4544K, reserved 1114112K
  class space    used 470K, committed 576K, reserved 1048576K
}
Event: 1.229 GC heap after
{Heap after GC invocations=1 (full 0):
 PSYoungGen      total 29696K, used 3335K [0x00000000d5580000, 0x00000000d7680000, 0x0000000100000000)
  eden space 25600K, 0% used [0x00000000d5580000,0x00000000d5580000,0x00000000d6e80000)
  from space 4096K, 81% used [0x00000000d6e80000,0x00000000d71c1e18,0x00000000d7280000)
  to   space 4096K, 0% used [0x00000000d7280000,0x00000000d7280000,0x00000000d7680000)
 ParOldGen       total 68608K, used 0K [0x0000000080000000, 0x0000000084300000, 0x00000000d5580000)
  object space 68608K, 0% used [0x0000000080000000,0x0000000080000000,0x0000000084300000)
 Metaspace       used 4305K, committed 4544K, reserved 1114112K
  class space    used 470K, committed 576K, reserved 1048576K
}

Dll operation events (8 events):
Event: 0.018 Loaded shared library c:\Users\gerar\.vscode\extensions\redhat.java-1.45.0-win32-x64\jre\21.0.8-win32-x86_64\bin\java.dll
Event: 0.112 Loaded shared library c:\Users\gerar\.vscode\extensions\redhat.java-1.45.0-win32-x64\jre\21.0.8-win32-x86_64\bin\zip.dll
Event: 0.144 Loaded shared library C:\Users\gerar\.vscode\extensions\redhat.java-1.45.0-win32-x64\jre\21.0.8-win32-x86_64\bin\instrument.dll
Event: 0.151 Loaded shared library C:\Users\gerar\.vscode\extensions\redhat.java-1.45.0-win32-x64\jre\21.0.8-win32-x86_64\bin\net.dll
Event: 0.154 Loaded shared library C:\Users\gerar\.vscode\extensions\redhat.java-1.45.0-win32-x64\jre\21.0.8-win32-x86_64\bin\nio.dll
Event: 0.160 Loaded shared library C:\Users\gerar\.vscode\extensions\redhat.java-1.45.0-win32-x64\jre\21.0.8-win32-x86_64\bin\zip.dll
Event: 0.188 Loaded shared library C:\Users\gerar\.vscode\extensions\redhat.java-1.45.0-win32-x64\jre\21.0.8-win32-x86_64\bin\jimage.dll
Event: 0.317 Loaded shared library c:\Users\gerar\.vscode\extensions\redhat.java-1.45.0-win32-x64\jre\21.0.8-win32-x86_64\bin\verify.dll

Deoptimization events (20 events):
Event: 2.396 Thread 0x000002640868cf90 Uncommon trap: trap_request=0xffffffde fr.pc=0x00000264133e038c relative=0x000000000000094c
Event: 2.396 Thread 0x000002640868cf90 Uncommon trap: reason=class_check action=maybe_recompile pc=0x00000264133e038c method=java.util.HashMap.putVal(ILjava/lang/Object;Ljava/lang/Object;ZZ)Ljava/lang/Object; @ 253 c2
Event: 2.396 Thread 0x000002640868cf90 DEOPT PACKING pc=0x00000264133e038c sp=0x000000baf82fe170
Event: 2.396 Thread 0x000002640868cf90 DEOPT UNPACKING pc=0x0000026412e03aa2 sp=0x000000baf82fe098 mode 2
Event: 2.397 Thread 0x000002640868cf90 Uncommon trap: trap_request=0xffffffde fr.pc=0x000002641335f628 relative=0x00000000000004e8
Event: 2.397 Thread 0x000002640868cf90 Uncommon trap: reason=class_check action=maybe_recompile pc=0x000002641335f628 method=java.util.HashMap.putVal(ILjava/lang/Object;Ljava/lang/Object;ZZ)Ljava/lang/Object; @ 253 c2
Event: 2.397 Thread 0x000002640868cf90 DEOPT PACKING pc=0x000002641335f628 sp=0x000000baf82fe0d0
Event: 2.397 Thread 0x000002640868cf90 DEOPT UNPACKING pc=0x0000026412e03aa2 sp=0x000000baf82fe090 mode 2
Event: 2.445 Thread 0x000002640868cf90 DEOPT PACKING pc=0x000002640b94bbbc sp=0x000000baf82fc080
Event: 2.445 Thread 0x000002640868cf90 DEOPT UNPACKING pc=0x0000026412e04242 sp=0x000000baf82fb5a0 mode 0
Event: 2.469 Thread 0x000002640868cf90 DEOPT PACKING pc=0x000002640ba04e08 sp=0x000000baf82fc420
Event: 2.469 Thread 0x000002640868cf90 DEOPT UNPACKING pc=0x0000026412e04242 sp=0x000000baf82fb8a0 mode 0
Event: 2.469 Thread 0x000002640868cf90 Uncommon trap: trap_request=0xffffff6e fr.pc=0x00000264133b6174 relative=0x0000000000000334
Event: 2.469 Thread 0x000002640868cf90 Uncommon trap: reason=loop_limit_check action=maybe_recompile pc=0x00000264133b6174 method=java.math.BigInteger.implMultiplyToLen([II[II[I)[I @ 135 c2
Event: 2.469 Thread 0x000002640868cf90 DEOPT PACKING pc=0x00000264133b6174 sp=0x000000baf82fc400
Event: 2.469 Thread 0x000002640868cf90 DEOPT UNPACKING pc=0x0000026412e03aa2 sp=0x000000baf82fc3b0 mode 2
Event: 2.471 Thread 0x000002640868cf90 Uncommon trap: trap_request=0xffffff45 fr.pc=0x00000264133f5bdc relative=0x000000000000087c
Event: 2.471 Thread 0x000002640868cf90 Uncommon trap: reason=unstable_if action=reinterpret pc=0x00000264133f5bdc method=java.util.HashMap.putVal(ILjava/lang/Object;Ljava/lang/Object;ZZ)Ljava/lang/Object; @ 81 c2
Event: 2.471 Thread 0x000002640868cf90 DEOPT PACKING pc=0x00000264133f5bdc sp=0x000000baf82fcdc0
Event: 2.471 Thread 0x000002640868cf90 DEOPT UNPACKING pc=0x0000026412e03aa2 sp=0x000000baf82fcd50 mode 2

Classes loaded (20 events):
Event: 2.330 Loading class java/net/ContentHandlerFactory
Event: 2.330 Loading class java/net/ContentHandlerFactory done
Event: 2.372 Loading class java/util/ConcurrentModificationException
Event: 2.372 Loading class java/util/ConcurrentModificationException done
Event: 2.387 Loading class java/util/LinkedList
Event: 2.388 Loading class java/util/AbstractSequentialList
Event: 2.388 Loading class java/util/AbstractSequentialList done
Event: 2.389 Loading class java/util/LinkedList done
Event: 2.399 Loading class java/net/ContentHandler
Event: 2.399 Loading class java/net/ContentHandler done
Event: 2.404 Loading class java/net/UrlDeserializedState
Event: 2.404 Loading class java/net/UrlDeserializedState done
Event: 2.404 Loading class java/lang/reflect/InaccessibleObjectException
Event: 2.405 Loading class java/lang/reflect/InaccessibleObjectException done
Event: 2.411 Loading class java/lang/StackWalker$Option
Event: 2.411 Loading class java/lang/StackWalker$Option done
Event: 2.449 Loading class javax/xml/parsers/ParserConfigurationException
Event: 2.450 Loading class javax/xml/parsers/ParserConfigurationException done
Event: 2.454 Loading class java/security/KeyStoreException
Event: 2.455 Loading class java/security/KeyStoreException done

Classes unloaded (0 events):
No events

Classes redefined (0 events):
No events

Internal exceptions (20 events):
Event: 0.867 Thread 0x000002640868cf90 Exception <a 'java/lang/NoSuchMethodError'{0x00000000d65fd288}: 'java.lang.Object java.lang.invoke.DirectMethodHandle$Holder.invokeInterface(java.lang.Object, java.lang.Object, int)'> (0x00000000d65fd288) 
thrown [s\src\hotspot\share\interpreter\linkResolver.cpp, line 773]
Event: 1.081 Thread 0x000002640868cf90 Exception <a 'java/lang/NoSuchMethodError'{0x00000000d6a86ed8}: 'java.lang.ClassLoader java.lang.ClassLoader.getPlatformClassLoader(java.lang.Class)'> (0x00000000d6a86ed8) 
thrown [s\src\hotspot\share\interpreter\linkResolver.cpp, line 773]
Event: 1.238 Thread 0x000002640868cf90 Exception <a 'java/lang/ClassNotFoundException'{0x00000000d55a1c50}: sun/net/www/protocol/c/Handler> (0x00000000d55a1c50) 
thrown [s\src\hotspot\share\classfile\systemDictionary.cpp, line 312]
Event: 1.238 Thread 0x000002640868cf90 Exception <a 'java/lang/ClassNotFoundException'{0x00000000d55a3050}: sun/net/www/protocol/c/Handler> (0x00000000d55a3050) 
thrown [s\src\hotspot\share\classfile\systemDictionary.cpp, line 312]
Event: 1.239 Thread 0x000002640868cf90 Exception <a 'java/lang/ClassNotFoundException'{0x00000000d55a42d8}: sun/net/www/protocol/c/Handler> (0x00000000d55a42d8) 
thrown [s\src\hotspot\share\classfile\systemDictionary.cpp, line 312]
Event: 1.272 Thread 0x000002640868cf90 Exception <a 'java/io/FileNotFoundException'{0x00000000d55c8dc8}> (0x00000000d55c8dc8) 
thrown [s\src\hotspot\share\prims\jni.cpp, line 520]
Event: 1.405 Thread 0x000002640868cf90 Implicit null exception at 0x00000264133b70a9 to 0x00000264133b791c
Event: 1.406 Thread 0x000002640868cf90 Implicit null exception at 0x00000264133bbc9a to 0x00000264133bbea0
Event: 1.414 Thread 0x000002640868cf90 Exception <a 'java/lang/NoSuchMethodError'{0x00000000d5774b78}: 'void java.lang.invoke.DirectMethodHandle$Holder.invokeStatic(java.lang.Object, java.lang.Object, java.lang.Object, java.lang.Object)'> (0x00000000d5774b78) 
thrown [s\src\hotspot\share\interpreter\linkResolver.cpp, line 773]
Event: 1.418 Thread 0x000002640868cf90 Implicit null exception at 0x00000264133b661a to 0x00000264133b6824
Event: 1.418 Thread 0x000002640868cf90 Implicit null exception at 0x00000264133a7f3d to 0x00000264133a7fc1
Event: 1.630 Thread 0x000002640868cf90 Exception <a 'java/lang/NoSuchMethodError'{0x00000000d59ebd10}: 'void java.lang.invoke.DirectMethodHandle$Holder.invokeSpecial(java.lang.Object, java.lang.Object, java.lang.Object)'> (0x00000000d59ebd10) 
thrown [s\src\hotspot\share\interpreter\linkResolver.cpp, line 773]
Event: 2.173 Thread 0x000002640868cf90 Exception <a 'java/lang/NoSuchMethodError'{0x00000000d629a828}: 'int java.lang.invoke.DirectMethodHandle$Holder.invokeVirtual(java.lang.Object, java.lang.Object)'> (0x00000000d629a828) 
thrown [s\src\hotspot\share\interpreter\linkResolver.cpp, line 773]
Event: 2.253 Thread 0x000002640868cf90 Exception <a 'java/lang/NoSuchMethodError'{0x00000000d640dc30}: 'int java.lang.invoke.DirectMethodHandle$Holder.invokeStaticInit(java.lang.Object, java.lang.Object, java.lang.Object, java.lang.Object)'> (0x00000000d640dc30) 
thrown [s\src\hotspot\share\interpreter\linkResolver.cpp, line 773]
Event: 2.255 Thread 0x000002640868cf90 Exception <a 'java/lang/IncompatibleClassChangeError'{0x00000000d64160b8}: Found class java.lang.Object, but interface was expected> (0x00000000d64160b8) 
thrown [s\src\hotspot\share\interpreter\linkResolver.cpp, line 840]
Event: 2.256 Thread 0x000002640868cf90 Exception <a 'java/lang/NoSuchMethodError'{0x00000000d641c6e8}: 'void java.lang.invoke.DirectMethodHandle$Holder.invokeStaticInit(java.lang.Object, java.lang.Object)'> (0x00000000d641c6e8) 
thrown [s\src\hotspot\share\interpreter\linkResolver.cpp, line 773]
Event: 2.259 Thread 0x000002640868cf90 Exception <a 'java/lang/NoSuchMethodError'{0x00000000d6425870}: 'int java.lang.invoke.DirectMethodHandle$Holder.invokeStaticInit(java.lang.Object, java.lang.Object)'> (0x00000000d6425870) 
thrown [s\src\hotspot\share\interpreter\linkResolver.cpp, line 773]
Event: 2.346 Thread 0x000002640868cf90 Exception <a 'java/lang/NoSuchMethodError'{0x00000000d6670988}: 'java.lang.Object java.lang.invoke.DirectMethodHandle$Holder.newInvokeSpecial(java.lang.Object, int, java.lang.Object)'> (0x00000000d6670988) 
thrown [s\src\hotspot\share\interpreter\linkResolver.cpp, line 773]
Event: 2.414 Thread 0x000002640868cf90 Exception <a 'java/lang/ClassNotFoundException'{0x00000000d688a008}: sun/net/www/protocol/plurl/Handler> (0x00000000d688a008) 
thrown [s\src\hotspot\share\classfile\systemDictionary.cpp, line 312]
Event: 2.414 Thread 0x000002640868cf90 Exception <a 'java/lang/ClassNotFoundException'{0x00000000d688ae88}: sun/net/www/protocol/plurl/Handler> (0x00000000d688ae88) 
thrown [s\src\hotspot\share\classfile\systemDictionary.cpp, line 312]

ZGC Phase Switch (0 events):
No events

VM Operations (20 events):
Event: 0.110 Executing VM operation: HandshakeAllThreads (Deoptimize)
Event: 0.110 Executing VM operation: HandshakeAllThreads (Deoptimize) done
Event: 0.215 Executing VM operation: HandshakeAllThreads (Deoptimize)
Event: 0.215 Executing VM operation: HandshakeAllThreads (Deoptimize) done
Event: 0.692 Executing VM operation: HandshakeAllThreads (Deoptimize)
Event: 0.692 Executing VM operation: HandshakeAllThreads (Deoptimize) done
Event: 0.724 Executing VM operation: HandshakeAllThreads (Deoptimize)
Event: 0.724 Executing VM operation: HandshakeAllThreads (Deoptimize) done
Event: 1.200 Executing VM operation: ParallelGCFailedAllocation (Allocation Failure)
Event: 1.230 Executing VM operation: ParallelGCFailedAllocation (Allocation Failure) done
Event: 2.232 Executing VM operation: Cleanup
Event: 2.232 Executing VM operation: Cleanup done
Event: 2.305 Executing VM operation: HandshakeAllThreads (Deoptimize)
Event: 2.305 Executing VM operation: HandshakeAllThreads (Deoptimize) done
Event: 2.323 Executing VM operation: HandshakeAllThreads (Deoptimize)
Event: 2.323 Executing VM operation: HandshakeAllThreads (Deoptimize) done
Event: 2.389 Executing VM operation: HandshakeAllThreads (Deoptimize)
Event: 2.389 Executing VM operation: HandshakeAllThreads (Deoptimize) done
Event: 2.406 Executing VM operation: HandshakeAllThreads (Deoptimize)
Event: 2.406 Executing VM operation: HandshakeAllThreads (Deoptimize) done

Memory protections (0 events):
No events

Nmethod flushes (0 events):
No events

Events (12 events):
Event: 0.040 Thread 0x000002640868cf90 Thread added: 0x000002640868cf90
Event: 0.062 Thread 0x000002640868cf90 Thread added: 0x00000264085fdd30
Event: 0.062 Thread 0x000002640868cf90 Thread added: 0x00000264085ffb40
Event: 0.063 Thread 0x000002640868cf90 Thread added: 0x0000026408602f20
Event: 0.063 Thread 0x000002640868cf90 Thread added: 0x0000026408604310
Event: 0.063 Thread 0x000002640868cf90 Thread added: 0x0000026408608720
Event: 0.063 Thread 0x000002640868cf90 Thread added: 0x000002640860e540
Event: 0.063 Thread 0x000002640868cf90 Thread added: 0x0000026408611870
Event: 0.063 Thread 0x000002640868cf90 Thread added: 0x000002640861f560
Event: 0.094 Thread 0x000002640868cf90 Thread added: 0x0000026461a4fdf0
Event: 0.456 Thread 0x000002640868cf90 Thread added: 0x0000026461a511a0
Event: 2.287 Thread 0x000002640868cf90 Thread added: 0x0000026461a51830


Dynamic libraries:
0x00007ff694580000 - 0x00007ff69458e000 	c:\Users\gerar\.vscode\extensions\redhat.java-1.45.0-win32-x64\jre\21.0.8-win32-x86_64\bin\java.exe
0x00007ffaa4710000 - 0x00007ffaa4927000 	C:\Windows\SYSTEM32\ntdll.dll
0x00007ffaa3120000 - 0x00007ffaa31e4000 	C:\Windows\System32\KERNEL32.DLL
0x00007ffaa1dc0000 - 0x00007ffaa2190000 	C:\Windows\System32\KERNELBASE.dll
0x00007ffaa2190000 - 0x00007ffaa22a1000 	C:\Windows\System32\ucrtbase.dll
0x00007ffa7dec0000 - 0x00007ffa7ded8000 	c:\Users\gerar\.vscode\extensions\redhat.java-1.45.0-win32-x64\jre\21.0.8-win32-x86_64\bin\jli.dll
0x00007ffa77750000 - 0x00007ffa7776e000 	c:\Users\gerar\.vscode\extensions\redhat.java-1.45.0-win32-x64\jre\21.0.8-win32-x86_64\bin\VCRUNTIME140.dll
0x00007ffaa4290000 - 0x00007ffaa4441000 	C:\Windows\System32\USER32.dll
0x00007ffaa22b0000 - 0x00007ffaa22d6000 	C:\Windows\System32\win32u.dll
0x00007ffaa3260000 - 0x00007ffaa3289000 	C:\Windows\System32\GDI32.dll
0x00007ffa88440000 - 0x00007ffa886dc000 	C:\Windows\WinSxS\amd64_microsoft.windows.common-controls_6595b64144ccf1df_6.0.22621.5840_none_2710ea077384a4fe\COMCTL32.dll
0x00007ffaa1a30000 - 0x00007ffaa1b53000 	C:\Windows\System32\gdi32full.dll
0x00007ffaa2450000 - 0x00007ffaa24f7000 	C:\Windows\System32\msvcrt.dll
0x00007ffaa1d20000 - 0x00007ffaa1dba000 	C:\Windows\System32\msvcp_win.dll
0x00007ffaa4690000 - 0x00007ffaa46c1000 	C:\Windows\System32\IMM32.DLL
0x00007ffa9b850000 - 0x00007ffa9b85c000 	c:\Users\gerar\.vscode\extensions\redhat.java-1.45.0-win32-x64\jre\21.0.8-win32-x86_64\bin\vcruntime140_1.dll
0x00007ffa56130000 - 0x00007ffa561bd000 	c:\Users\gerar\.vscode\extensions\redhat.java-1.45.0-win32-x64\jre\21.0.8-win32-x86_64\bin\msvcp140.dll
0x00007ffa156b0000 - 0x00007ffa16447000 	c:\Users\gerar\.vscode\extensions\redhat.java-1.45.0-win32-x64\jre\21.0.8-win32-x86_64\bin\server\jvm.dll
0x00007ffaa3680000 - 0x00007ffaa3731000 	C:\Windows\System32\ADVAPI32.dll
0x00007ffaa4450000 - 0x00007ffaa44f8000 	C:\Windows\System32\sechost.dll
0x00007ffaa1a00000 - 0x00007ffaa1a28000 	C:\Windows\System32\bcrypt.dll
0x00007ffaa32a0000 - 0x00007ffaa33b8000 	C:\Windows\System32\RPCRT4.dll
0x00007ffaa2e30000 - 0x00007ffaa2ea1000 	C:\Windows\System32\WS2_32.dll
0x00007ffaa1460000 - 0x00007ffaa14ad000 	C:\Windows\SYSTEM32\POWRPROF.dll
0x00007ffa9bc70000 - 0x00007ffa9bca4000 	C:\Windows\SYSTEM32\WINMM.dll
0x00007ffa96000000 - 0x00007ffa9600a000 	C:\Windows\SYSTEM32\VERSION.dll
0x00007ffaa1440000 - 0x00007ffaa1453000 	C:\Windows\SYSTEM32\UMPDC.dll
0x00007ffaa07e0000 - 0x00007ffaa07f8000 	C:\Windows\SYSTEM32\kernel.appcore.dll
0x00007ffa9b3a0000 - 0x00007ffa9b3aa000 	c:\Users\gerar\.vscode\extensions\redhat.java-1.45.0-win32-x64\jre\21.0.8-win32-x86_64\bin\jimage.dll
0x00007ffa9f2a0000 - 0x00007ffa9f4d3000 	C:\Windows\SYSTEM32\DBGHELP.DLL
0x00007ffaa3ef0000 - 0x00007ffaa4281000 	C:\Windows\System32\combase.dll
0x00007ffaa45b0000 - 0x00007ffaa4688000 	C:\Windows\System32\OLEAUT32.dll
0x00007ffa96490000 - 0x00007ffa964c2000 	C:\Windows\SYSTEM32\dbgcore.DLL
0x00007ffaa1ca0000 - 0x00007ffaa1d1b000 	C:\Windows\System32\bcryptPrimitives.dll
0x00007ffa95ba0000 - 0x00007ffa95baf000 	c:\Users\gerar\.vscode\extensions\redhat.java-1.45.0-win32-x64\jre\21.0.8-win32-x86_64\bin\instrument.dll
0x00007ffa76550000 - 0x00007ffa7656f000 	c:\Users\gerar\.vscode\extensions\redhat.java-1.45.0-win32-x64\jre\21.0.8-win32-x86_64\bin\java.dll
0x00007ffaa2500000 - 0x00007ffaa2da1000 	C:\Windows\System32\SHELL32.dll
0x00007ffaa1b60000 - 0x00007ffaa1c9f000 	C:\Windows\System32\wintypes.dll
0x00007ffa9f6a0000 - 0x00007ffa9ffba000 	C:\Windows\SYSTEM32\windows.storage.dll
0x00007ffaa3560000 - 0x00007ffaa366a000 	C:\Windows\System32\SHCORE.dll
0x00007ffaa39e0000 - 0x00007ffaa3a49000 	C:\Windows\System32\shlwapi.dll
0x00007ffaa1740000 - 0x00007ffaa1765000 	C:\Windows\SYSTEM32\profapi.dll
0x00007ffa76530000 - 0x00007ffa76548000 	c:\Users\gerar\.vscode\extensions\redhat.java-1.45.0-win32-x64\jre\21.0.8-win32-x86_64\bin\zip.dll
0x00007ffa971d0000 - 0x00007ffa971e0000 	C:\Users\gerar\.vscode\extensions\redhat.java-1.45.0-win32-x64\jre\21.0.8-win32-x86_64\bin\net.dll
0x00007ffa9d3c0000 - 0x00007ffa9d4ec000 	C:\Windows\SYSTEM32\WINHTTP.dll
0x00007ffaa0cc0000 - 0x00007ffaa0d29000 	C:\Windows\system32\mswsock.dll
0x00007ffa754a0000 - 0x00007ffa754b6000 	C:\Users\gerar\.vscode\extensions\redhat.java-1.45.0-win32-x64\jre\21.0.8-win32-x86_64\bin\nio.dll
0x00007ffa94e70000 - 0x00007ffa94e80000 	c:\Users\gerar\.vscode\extensions\redhat.java-1.45.0-win32-x64\jre\21.0.8-win32-x86_64\bin\verify.dll

JVMTI agents:
c:\Users\gerar\.vscode\extensions\redhat.java-1.45.0-win32-x64\lombok\lombok-1.18.39-4050.jar path:c:\Users\gerar\.vscode\extensions\redhat.java-1.45.0-win32-x64\jre\21.0.8-win32-x86_64\bin\instrument.dll, loaded, initialized, instrumentlib options:none

dbghelp: loaded successfully - version: 4.0.5 - missing functions: none
symbol engine: initialized successfully - sym options: 0x614 - pdb path: .;c:\Users\gerar\.vscode\extensions\redhat.java-1.45.0-win32-x64\jre\21.0.8-win32-x86_64\bin;C:\Windows\SYSTEM32;C:\Windows\WinSxS\amd64_microsoft.windows.common-controls_6595b64144ccf1df_6.0.22621.5840_none_2710ea077384a4fe;c:\Users\gerar\.vscode\extensions\redhat.java-1.45.0-win32-x64\jre\21.0.8-win32-x86_64\bin\server

VM Arguments:
jvm_args: --add-modules=ALL-SYSTEM --add-opens=java.base/java.util=ALL-UNNAMED --add-opens=java.base/java.lang=ALL-UNNAMED --add-opens=java.base/sun.nio.fs=ALL-UNNAMED -Declipse.application=org.eclipse.jdt.ls.core.id1 -Dosgi.bundles.defaultStartLevel=4 -Declipse.product=org.eclipse.jdt.ls.core.product -Djava.import.generatesMetadataFilesAtProjectRoot=false -DDetectVMInstallationsJob.disabled=true -Dfile.encoding=utf8 -XX:+UseParallelGC -XX:GCTimeRatio=4 -XX:AdaptiveSizePolicyWeight=90 -Dsun.zip.disableMemoryMapping=true -Xmx2G -Xms100m -Xlog:disable -javaagent:c:\Users\gerar\.vscode\extensions\redhat.java-1.45.0-win32-x64\lombok\lombok-1.18.39-4050.jar 
java_command: c:\Users\gerar\.vscode\extensions\redhat.java-1.45.0-win32-x64\server\plugins\org.eclipse.equinox.launcher_1.7.0.v20250519-0528.jar -configuration c:\Users\gerar\AppData\Roaming\Code\User\globalStorage\redhat.java\1.45.0\config_ss_win -data c:\Users\gerar\AppData\Roaming\Code\User\workspaceStorage\43662f2c530878c830368f2210583480\redhat.java\ss_ws --pipe=\\.\pipe\lsp-71b0bfdfd2f71bd1bb25c05bd0b2b691-sock
java_class_path (initial): c:\Users\gerar\.vscode\extensions\redhat.java-1.45.0-win32-x64\server\plugins\org.eclipse.equinox.launcher_1.7.0.v20250519-0528.jar
Launcher Type: SUN_STANDARD

[Global flags]
    uintx AdaptiveSizePolicyWeight                 = 90                                        {product} {command line}
     intx CICompilerCount                          = 4                                         {product} {ergonomic}
    uintx GCTimeRatio                              = 4                                         {product} {command line}
   size_t InitialHeapSize                          = 104857600                                 {product} {command line}
   size_t MaxHeapSize                              = 2147483648                                {product} {command line}
   size_t MaxNewSize                               = 715653120                                 {product} {ergonomic}
   size_t MinHeapDeltaBytes                        = 524288                                    {product} {ergonomic}
   size_t MinHeapSize                              = 104857600                                 {product} {command line}
   size_t NewSize                                  = 34603008                                  {product} {ergonomic}
    uintx NonNMethodCodeHeapSize                   = 5839372                                {pd product} {ergonomic}
    uintx NonProfiledCodeHeapSize                  = 122909434                              {pd product} {ergonomic}
   size_t OldSize                                  = 70254592                                  {product} {ergonomic}
    uintx ProfiledCodeHeapSize                     = 122909434                              {pd product} {ergonomic}
    uintx ReservedCodeCacheSize                    = 251658240                              {pd product} {ergonomic}
     bool SegmentedCodeCache                       = true                                      {product} {ergonomic}
   size_t SoftMaxHeapSize                          = 2147483648                             {manageable} {ergonomic}
     bool UseCompressedOops                        = true                           {product lp64_product} {ergonomic}
     bool UseLargePagesIndividualAllocation        = false                                  {pd product} {ergonomic}
     bool UseParallelGC                            = true                                      {product} {command line}

Logging:
Log output configuration:
 #0: stdout all=off uptime,level,tags foldmultilines=false
 #1: stderr all=off uptime,level,tags foldmultilines=false

Environment Variables:
PATH=C:\Python313\Scripts\;C:\Python313\;C:\Program Files\Common Files\Oracle\Java\javapath;C:\Windows\system32;C:\Windows;C:\Windows\System32\Wbem;C:\Windows\System32\WindowsPowerShell\v1.0\;C:\Windows\System32\OpenSSH\;C:\Program Files\Git\cmd;C:\Program Files\CMake\bin;C:\Program Files\dotnet\;C:\dev\apache-maven-3.9.9\bin;C:\Program Files (x86)\Windows Kits\10\Windows Performance Toolkit\;C:\xampp\php;C:\composer;C:\Program Files\nodejs\;C:\ProgramData\chocolatey\bin;C:\Program Files\Microsoft SQL Server\150\Tools\Binn\;C:\Program Files\Microsoft SQL Server\Client SDK\ODBC\170\Tools\Binn\;C:\Program Files\Microsoft SQL Server\160\Tools\Binn\;C:\Program Files (x86)\Microsoft SQL Server\160\DTS\Binn\;C:\Program Files (x86)\cloudflared\;C:\Program Files\MySQL\MySQL Shell 8.0\bin\;C:\Users\gerar\AppData\Local\Microsoft\WindowsApps;C:\Users\gerar\AppData\Local\Programs\Microsoft VS Code\bin;C:\dev\flutter\bin;C:\Users\gerar\.dotnet\tools;C:\Users\gerar\AppData\Roaming\Composer\vendor\bin;C:\Users\gerar\AppData\Roaming\npm
USERNAME=gerar
OS=Windows_NT
PROCESSOR_IDENTIFIER=AMD64 Family 23 Model 160 Stepping 0, AuthenticAMD
TMP=C:\Users\gerar\AppData\Local\Temp
TEMP=C:\Users\gerar\AppData\Local\Temp




Periodic native trim disabled

---------------  S Y S T E M  ---------------

OS:
 Windows 11 , 64 bit Build 22621 (10.0.22621.5415)
OS uptime: 1 days 3:19 hours
Hyper-V role detected

CPU: total 8 (initial active 8) (8 cores per cpu, 2 threads per core) family 23 model 160 stepping 0 microcode 0x0, cx8, cmov, fxsr, ht, mmx, 3dnowpref, sse, sse2, sse3, ssse3, sse4a, sse4.1, sse4.2, popcnt, lzcnt, tsc, tscinvbit, avx, avx2, aes, clmul, bmi1, bmi2, adx, sha, fma, vzeroupper, clflush, clflushopt, hv, rdtscp, rdpid, f16c
Processor Information for the first 8 processors :
  Max Mhz: 2401, Current Mhz: 2401, Mhz Limit: 2401

Memory: 4k page, system-wide physical 5965M (191M free)
TotalPageFile size 24397M (AvailPageFile size 0M)
current process WorkingSet (physical memory assigned to process): 85M, peak: 85M
current process commit charge ("private bytes"): 238M, peak: 239M

vm_info: OpenJDK 64-Bit Server VM (21.0.8+9-LTS) for windows-amd64 JRE (21.0.8+9-LTS), built on 2025-07-15T00:00:00Z by "admin" with MS VC++ 17.7 (VS2022)

END.
